#
# A fatal error has been detected by the Java Runtime Environment:
#
#  EXCEPTION_ACCESS_VIOLATION (0xc0000005) at pc=0x0000000004592e7d, pid=6576, tid=6564
#
# JRE version: Java(TM) SE Runtime Environment (8.0_25-b18) (build 1.8.0_25-b18)
# Java VM: Java HotSpot(TM) 64-Bit Server VM (25.25-b02 mixed mode windows-amd64 compressed oops)
# Problematic frame:
# J 11254 C1 java.io.ObjectStreamClass$FieldReflector.getObjFieldValues(Ljava/lang/Object;[Ljava/lang/Object;)V (99 bytes) @ 0x0000000004592e7d [0x0000000004592d40+0x13d]
#
# Failed to write core dump. Minidumps are not enabled by default on client versions of Windows
#
# If you would like to submit a bug report, please visit:
#   http://bugreport.sun.com/bugreport/crash.jsp
#

---------------  T H R E A D  ---------------

Current thread (0x000000005e93d800):  JavaThread "localhost-startStop-2" daemon [_thread_in_Java, id=6564, stack(0x000000006c630000,0x000000006c730000)]

siginfo: ExceptionCode=0xc0000005, reading address 0x0000000000000038

Registers:
RAX=0x0000000014604998, RBX=0x0000000000000010, RCX=0x00000000f5b5d268, RDX=0x00000000f5b4bf08
RSP=0x000000006c7286d0, RBP=0x000000006c728868, RSI=0x0000000000000000, RDI=0x0000000013e60f28
R8 =0x00000000f35778c0, R9 =0x00000000f5b5d258, R10=0x0000000013f798c8, R11=0x0000000000000028
R12=0x0000000000000000, R13=0x00000000f5022be0, R14=0x000000006c7288b8, R15=0x000000005e93d800
RIP=0x0000000004592e7d, EFLAGS=0x0000000000010297

Top of Stack: (sp=0x000000006c7286d0)
0x000000006c7286d0:   000000006c728e48 00000000f5b3c1d8
0x000000006c7286e0:   00000000f35778c0 00000000f5a7f850
0x000000006c7286f0:   00000000f5022d40 00000000f5a7f850
0x000000006c728700:   000000005e93d800 0000000000000000
0x000000006c728710:   000000006c728778 0000000002997790
0x000000006c728720:   000000006c728868 00000000047e187c
0x000000006c728730:   00000000f5b5d158 000000006c728738
0x000000006c728740:   000000005714b4c2 000000006c7287c8
0x000000006c728750:   0000000057150028 000000006c30a118
0x000000006c728760:   000000005714b508 0000000000000000
0x000000006c728770:   000000006c7287d0 000000006c728868
0x000000006c728780:   0000000003685d84 00000000d85bf2d0
0x000000006c728790:   00000000d85bf2d0 00000000f35778c0
0x000000006c7287a0:   00000000f5b3c1d8 00000000f5022be0
0x000000006c7287b0:   0000000100000000 00000000f5b5d258
0x000000006c7287c0:   0000000000000000 00000000f5b3f998 

Instructions: (pc=0x0000000004592e7d)
0x0000000004592e5d:   e9 db 00 00 00 41 8b 79 08 8b 58 08 48 8b bf f0
0x0000000004592e6d:   00 00 00 48 3b df 0f 84 2a 00 00 00 44 8b 5f 0c
0x0000000004592e7d:   4a 3b 3c 1b 0f 84 1c 00 00 00 41 83 fb 18 0f 85
0x0000000004592e8d:   95 00 00 00 53 57 e8 48 c5 46 fe 5b 5f 83 ff 00 


Register to memory mapping:

RAX=0x0000000014604998 is pointing into metadata
RBX=0x0000000000000010 is an unknown value
RCX=0x00000000f5b5d268 is an oop
java.lang.String 
 - klass: 'java/lang/String'
RDX=0x00000000f5b4bf08 is an oop
java.io.ObjectStreamClass$FieldReflector 
 - klass: 'java/io/ObjectStreamClass$FieldReflector'
RSP=0x000000006c7286d0 is pointing into the stack for thread: 0x000000005e93d800
RBP=0x000000006c728868 is pointing into the stack for thread: 0x000000005e93d800
RSI=0x0000000000000000 is an unknown value
RDI=0x0000000013e60f28 is pointing into metadata
R8 =0x00000000f35778c0 is an oop
latihan.MyUI$MainView$3 
 - klass: 'latihan/MyUI$MainView$3'
R9 =0x00000000f5b5d258 is an oop
[Ljava.lang.Object; 
 - klass: 'java/lang/Object'[]
 - length: 1
R10=0x0000000013f798c8 is pointing into metadata
R11=0x0000000000000028 is an unknown value
R12=0x0000000000000000 is an unknown value
R13=0x00000000f5022be0 is an oop
java.io.ObjectOutputStream 
 - klass: 'java/io/ObjectOutputStream'
R14=0x000000006c7288b8 is pointing into the stack for thread: 0x000000005e93d800
R15=0x000000005e93d800 is a thread


Stack: [0x000000006c630000,0x000000006c730000],  sp=0x000000006c7286d0,  free space=993k
Native frames: (J=compiled Java code, j=interpreted, Vv=VM code, C=native code)
C  0x0000000004592e7d


---------------  P R O C E S S  ---------------

Java Threads: ( => current thread )
=>0x000000005e93d800 JavaThread "localhost-startStop-2" daemon [_thread_in_Java, id=6564, stack(0x000000006c630000,0x000000006c730000)]
  0x000000005e93e800 JavaThread "Tomcat-startStop-2" daemon [_thread_blocked, id=7148, stack(0x00000000670a0000,0x00000000671a0000)]
  0x000000005e949000 JavaThread "http-bio-8080-exec-10" daemon [_thread_blocked, id=4140, stack(0x000000006b790000,0x000000006b890000)]
  0x000000005e948000 JavaThread "http-bio-8080-exec-9" daemon [_thread_blocked, id=5244, stack(0x000000005d100000,0x000000005d200000)]
  0x000000005e947800 JavaThread "http-bio-8080-exec-8" daemon [_thread_blocked, id=6240, stack(0x000000006b620000,0x000000006b720000)]
  0x000000005e946800 JavaThread "http-bio-8080-exec-7" daemon [_thread_in_native, id=6720, stack(0x000000006b280000,0x000000006b380000)]
  0x000000005e946000 JavaThread "http-bio-8080-exec-6" daemon [_thread_blocked, id=7136, stack(0x000000006b3c0000,0x000000006b4c0000)]
  0x000000005e945000 JavaThread "http-bio-8080-exec-5" daemon [_thread_blocked, id=4864, stack(0x000000006ad80000,0x000000006ae80000)]
  0x000000005e944800 JavaThread "http-bio-8080-exec-4" daemon [_thread_blocked, id=5940, stack(0x000000006a370000,0x000000006a470000)]
  0x000000005e93a800 JavaThread "Thread-10" daemon [_thread_in_native, id=5124, stack(0x000000006af70000,0x000000006b070000)]
  0x000000005e943800 JavaThread "http-bio-8080-exec-3" daemon [_thread_blocked, id=5596, stack(0x000000006abb0000,0x000000006acb0000)]
  0x000000005e943000 JavaThread "DestroyJavaVM" [_thread_blocked, id=1124, stack(0x00000000023f0000,0x00000000024f0000)]
  0x000000005e942000 JavaThread "Thread-8" [_thread_blocked, id=5412, stack(0x000000006a810000,0x000000006a910000)]
  0x000000005e941800 JavaThread "http-bio-8080-exec-2" daemon [_thread_blocked, id=5220, stack(0x000000006a6a0000,0x000000006a7a0000)]
  0x000000005e940800 JavaThread "http-bio-8080-exec-1" daemon [_thread_blocked, id=6592, stack(0x000000006a4a0000,0x000000006a5a0000)]
  0x000000005e940000 JavaThread "http-bio-8080-AsyncTimeout" daemon [_thread_blocked, id=6364, stack(0x0000000066be0000,0x0000000066ce0000)]
  0x000000005e93f000 JavaThread "http-bio-8080-Acceptor-0" daemon [_thread_blocked, id=7120, stack(0x00000000671d0000,0x00000000672d0000)]
  0x0000000056096000 JavaThread "FileSystemWatcher: files=#139 cl=groovy.lang.GroovyClassLoader@2f1de2d6" daemon [_thread_blocked, id=6260, stack(0x000000005a7e0000,0x000000005a8e0000)]
  0x0000000057420800 JavaThread "Thread-3" [_thread_blocked, id=5224, stack(0x0000000059f60000,0x000000005a060000)]
  0x000000005757f000 JavaThread "Thread-2" [_thread_blocked, id=7072, stack(0x0000000059a10000,0x0000000059b10000)]
  0x0000000056a89800 JavaThread "NonBlockingInputStreamThread" daemon [_thread_blocked, id=6264, stack(0x0000000056d60000,0x0000000056e60000)]
  0x0000000055f9e800 JavaThread "Service Thread" daemon [_thread_blocked, id=6552, stack(0x0000000055410000,0x0000000055510000)]
  0x0000000055f01000 JavaThread "C1 CompilerThread1" daemon [_thread_blocked, id=4540, stack(0x0000000056460000,0x0000000056560000)]
  0x0000000055f0b000 JavaThread "C2 CompilerThread0" daemon [_thread_in_native, id=2316, stack(0x00000000562b0000,0x00000000563b0000)]
  0x0000000054827800 JavaThread "Attach Listener" daemon [_thread_blocked, id=4308, stack(0x0000000055cb0000,0x0000000055db0000)]
  0x0000000054826000 JavaThread "Signal Dispatcher" daemon [_thread_blocked, id=2824, stack(0x0000000055b40000,0x0000000055c40000)]
  0x00000000547c9000 JavaThread "Finalizer" daemon [_thread_blocked, id=7004, stack(0x0000000055880000,0x0000000055980000)]
  0x00000000547c0000 JavaThread "Reference Handler" daemon [_thread_blocked, id=6184, stack(0x00000000556d0000,0x00000000557d0000)]

Other Threads:
  0x00000000547b8000 VMThread [stack: 0x0000000055510000,0x0000000055610000] [id=6604]
  0x0000000055fa0800 WatcherThread [stack: 0x0000000055a00000,0x0000000055b00000] [id=4844]

VM state:not at safepoint (normal execution)

VM Mutex/Monitor currently owned by a thread: None

Heap:
 PSYoungGen      total 205824K, used 105755K [0x00000000f0000000, 0x00000000fe800000, 0x0000000100000000)
  eden space 179200K, 52% used [0x00000000f0000000,0x00000000f5b8cf98,0x00000000faf00000)
  from space 26624K, 45% used [0x00000000fce00000,0x00000000fd9b9cb0,0x00000000fe800000)
  to   space 29184K, 0% used [0x00000000faf00000,0x00000000faf00000,0x00000000fcb80000)
 ParOldGen       total 208896K, used 146326K [0x00000000d0000000, 0x00000000dcc00000, 0x00000000f0000000)
  object space 208896K, 70% used [0x00000000d0000000,0x00000000d8ee5958,0x00000000dcc00000)
 Metaspace       used 83656K, capacity 86730K, committed 86872K, reserved 1126400K
  class space    used 9116K, capacity 9993K, committed 10112K, reserved 1048576K

Card table byte_map: [0x0000000011d50000,0x0000000011ee0000] byte_map_base: 0x00000000116d0000

Marking Bits: (ParMarkBitMap*) 0x000000005cabd490
 Begin Bits: [0x00000000124e0000, 0x00000000130e0000)
 End Bits:   [0x00000000130e0000, 0x0000000013ce0000)

Polling page: 0x00000000001c0000

CodeCache: size=245760Kb used=33387Kb max_used=33387Kb free=212372Kb
 bounds [0x0000000002990000, 0x0000000004aa0000, 0x0000000011990000]
 total_blobs=9178 nmethods=8411 adapters=678
 compilation: enabled

Compilation events (10 events):
Event: 3095.788 Thread 0x0000000055f01000 nmethod 11250 0x000000000356b410 code [0x000000000356b580, 0x000000000356baf0]
Event: 3095.792 Thread 0x0000000055f01000 11251       1       java.io.ObjectStreamClass::getSuperDesc (5 bytes)
Event: 3095.793 Thread 0x0000000055f01000 nmethod 11251 0x0000000003042cd0 code [0x0000000003042e20, 0x0000000003042f30]
Event: 3095.793 Thread 0x0000000055f01000 11252       1       java.lang.Enum::name (5 bytes)
Event: 3095.793 Thread 0x0000000055f01000 nmethod 11252 0x0000000003856d10 code [0x0000000003856e60, 0x0000000003856f70]
Event: 3095.794 Thread 0x0000000055f01000 11253       1       java.io.ObjectStreamClass::access$400 (5 bytes)
Event: 3095.795 Thread 0x0000000055f01000 nmethod 11253 0x000000000310cbd0 code [0x000000000310cd20, 0x000000000310ce10]
Event: 3095.795 Thread 0x0000000055f01000 11254       3       java.io.ObjectStreamClass$FieldReflector::getObjFieldValues (99 bytes)
Event: 3095.795 Thread 0x0000000055f01000 nmethod 11254 0x0000000004592b90 code [0x0000000004592d40, 0x0000000004593278]
Event: 3095.803 Thread 0x0000000055f0b000 11255       4       java.io.ObjectStreamClass::getClassSignature (242 bytes)

GC Heap History (10 events):
Event: 2540.527 GC heap before
{Heap before GC invocations=73 (full 5):
 PSYoungGen      total 190464K, used 168596K [0x00000000f0000000, 0x00000000fe500000, 0x0000000100000000)
  eden space 156160K, 100% used [0x00000000f0000000,0x00000000f9880000,0x00000000f9880000)
  from space 34304K, 36% used [0x00000000f9880000,0x00000000fa4a5098,0x00000000fba00000)
  to   space 33280K, 0% used [0x00000000fc480000,0x00000000fc480000,0x00000000fe500000)
 ParOldGen       total 208896K, used 144686K [0x00000000d0000000, 0x00000000dcc00000, 0x00000000f0000000)
  object space 208896K, 69% used [0x00000000d0000000,0x00000000d8d4b838,0x00000000dcc00000)
 Metaspace       used 80296K, capacity 82916K, committed 83160K, reserved 1122304K
  class space    used 8859K, capacity 9623K, committed 9728K, reserved 1048576K
Event: 2540.554 GC heap after
Heap after GC invocations=73 (full 5):
 PSYoungGen      total 196096K, used 12845K [0x00000000f0000000, 0x00000000fe180000, 0x0000000100000000)
  eden space 166400K, 0% used [0x00000000f0000000,0x00000000f0000000,0x00000000fa280000)
  from space 29696K, 43% used [0x00000000fc480000,0x00000000fd10b568,0x00000000fe180000)
  to   space 32256K, 0% used [0x00000000fa280000,0x00000000fa280000,0x00000000fc200000)
 ParOldGen       total 208896K, used 145014K [0x00000000d0000000, 0x00000000dcc00000, 0x00000000f0000000)
  object space 208896K, 69% used [0x00000000d0000000,0x00000000d8d9d878,0x00000000dcc00000)
 Metaspace       used 80296K, capacity 82916K, committed 83160K, reserved 1122304K
  class space    used 8859K, capacity 9623K, committed 9728K, reserved 1048576K
}
Event: 2577.168 GC heap before
{Heap before GC invocations=74 (full 5):
 PSYoungGen      total 196096K, used 179245K [0x00000000f0000000, 0x00000000fe180000, 0x0000000100000000)
  eden space 166400K, 100% used [0x00000000f0000000,0x00000000fa280000,0x00000000fa280000)
  from space 29696K, 43% used [0x00000000fc480000,0x00000000fd10b568,0x00000000fe180000)
  to   space 32256K, 0% used [0x00000000fa280000,0x00000000fa280000,0x00000000fc200000)
 ParOldGen       total 208896K, used 145014K [0x00000000d0000000, 0x00000000dcc00000, 0x00000000f0000000)
  object space 208896K, 69% used [0x00000000d0000000,0x00000000d8d9d878,0x00000000dcc00000)
 Metaspace       used 80833K, capacity 83432K, committed 83672K, reserved 1124352K
  class space    used 8888K, capacity 9663K, committed 9728K, reserved 1048576K
Event: 2577.185 GC heap after
Heap after GC invocations=74 (full 5):
 PSYoungGen      total 198656K, used 11490K [0x00000000f0000000, 0x00000000fe900000, 0x0000000100000000)
  eden space 166400K, 0% used [0x00000000f0000000,0x00000000f0000000,0x00000000fa280000)
  from space 32256K, 35% used [0x00000000fa280000,0x00000000fadb8ae0,0x00000000fc200000)
  to   space 31744K, 0% used [0x00000000fca00000,0x00000000fca00000,0x00000000fe900000)
 ParOldGen       total 208896K, used 145334K [0x00000000d0000000, 0x00000000dcc00000, 0x00000000f0000000)
  object space 208896K, 69% used [0x00000000d0000000,0x00000000d8ded8b8,0x00000000dcc00000)
 Metaspace       used 80833K, capacity 83432K, committed 83672K, reserved 1124352K
  class space    used 8888K, capacity 9663K, committed 9728K, reserved 1048576K
}
Event: 2831.734 GC heap before
{Heap before GC invocations=75 (full 5):
 PSYoungGen      total 198656K, used 177890K [0x00000000f0000000, 0x00000000fe900000, 0x0000000100000000)
  eden space 166400K, 100% used [0x00000000f0000000,0x00000000fa280000,0x00000000fa280000)
  from space 32256K, 35% used [0x00000000fa280000,0x00000000fadb8ae0,0x00000000fc200000)
  to   space 31744K, 0% used [0x00000000fca00000,0x00000000fca00000,0x00000000fe900000)
 ParOldGen       total 208896K, used 145334K [0x00000000d0000000, 0x00000000dcc00000, 0x00000000f0000000)
  object space 208896K, 69% used [0x00000000d0000000,0x00000000d8ded8b8,0x00000000dcc00000)
 Metaspace       used 81662K, capacity 84346K, committed 84568K, reserved 1124352K
  class space    used 8935K, capacity 9733K, committed 9856K, reserved 1048576K
Event: 2831.762 GC heap after
Heap after GC invocations=75 (full 5):
 PSYoungGen      total 201728K, used 10094K [0x00000000f0000000, 0x00000000fe580000, 0x0000000100000000)
  eden space 173568K, 0% used [0x00000000f0000000,0x00000000f0000000,0x00000000fa980000)
  from space 28160K, 35% used [0x00000000fca00000,0x00000000fd3dbbd8,0x00000000fe580000)
  to   space 30720K, 0% used [0x00000000fa980000,0x00000000fa980000,0x00000000fc780000)
 ParOldGen       total 208896K, used 145806K [0x00000000d0000000, 0x00000000dcc00000, 0x00000000f0000000)
  object space 208896K, 69% used [0x00000000d0000000,0x00000000d8e63908,0x00000000dcc00000)
 Metaspace       used 81662K, capacity 84346K, committed 84568K, reserved 1124352K
  class space    used 8935K, capacity 9733K, committed 9856K, reserved 1048576K
}
Event: 2834.406 GC heap before
{Heap before GC invocations=76 (full 5):
 PSYoungGen      total 201728K, used 183662K [0x00000000f0000000, 0x00000000fe580000, 0x0000000100000000)
  eden space 173568K, 100% used [0x00000000f0000000,0x00000000fa980000,0x00000000fa980000)
  from space 28160K, 35% used [0x00000000fca00000,0x00000000fd3dbbd8,0x00000000fe580000)
  to   space 30720K, 0% used [0x00000000fa980000,0x00000000fa980000,0x00000000fc780000)
 ParOldGen       total 208896K, used 145806K [0x00000000d0000000, 0x00000000dcc00000, 0x00000000f0000000)
  object space 208896K, 69% used [0x00000000d0000000,0x00000000d8e63908,0x00000000dcc00000)
 Metaspace       used 81887K, capacity 84538K, committed 84824K, reserved 1124352K
  class space    used 8946K, capacity 9733K, committed 9856K, reserved 1048576K
Event: 2834.433 GC heap after
Heap after GC invocations=76 (full 5):
 PSYoungGen      total 204288K, used 10803K [0x00000000f0000000, 0x00000000feb80000, 0x0000000100000000)
  eden space 173568K, 0% used [0x00000000f0000000,0x00000000f0000000,0x00000000fa980000)
  from space 30720K, 35% used [0x00000000fa980000,0x00000000fb40cf48,0x00000000fc780000)
  to   space 30208K, 0% used [0x00000000fce00000,0x00000000fce00000,0x00000000feb80000)
 ParOldGen       total 208896K, used 146150K [0x00000000d0000000, 0x00000000dcc00000, 0x00000000f0000000)
  object space 208896K, 69% used [0x00000000d0000000,0x00000000d8eb9948,0x00000000dcc00000)
 Metaspace       used 81887K, capacity 84538K, committed 84824K, reserved 1124352K
  class space    used 8946K, capacity 9733K, committed 9856K, reserved 1048576K
}
Event: 2999.211 GC heap before
{Heap before GC invocations=77 (full 5):
 PSYoungGen      total 204288K, used 184371K [0x00000000f0000000, 0x00000000feb80000, 0x0000000100000000)
  eden space 173568K, 100% used [0x00000000f0000000,0x00000000fa980000,0x00000000fa980000)
  from space 30720K, 35% used [0x00000000fa980000,0x00000000fb40cf48,0x00000000fc780000)
  to   space 30208K, 0% used [0x00000000fce00000,0x00000000fce00000,0x00000000feb80000)
 ParOldGen       total 208896K, used 146150K [0x00000000d0000000, 0x00000000dcc00000, 0x00000000f0000000)
  object space 208896K, 69% used [0x00000000d0000000,0x00000000d8eb9948,0x00000000dcc00000)
 Metaspace       used 82425K, capacity 85214K, committed 85336K, reserved 1124352K
  class space    used 8990K, capacity 9786K, committed 9856K, reserved 1048576K
Event: 2999.332 GC heap after
Heap after GC invocations=77 (full 5):
 PSYoungGen      total 205824K, used 12007K [0x00000000f0000000, 0x00000000fe800000, 0x0000000100000000)
  eden space 179200K, 0% used [0x00000000f0000000,0x00000000f0000000,0x00000000faf00000)
  from space 26624K, 45% used [0x00000000fce00000,0x00000000fd9b9cb0,0x00000000fe800000)
  to   space 29184K, 0% used [0x00000000faf00000,0x00000000faf00000,0x00000000fcb80000)
 ParOldGen       total 208896K, used 146326K [0x00000000d0000000, 0x00000000dcc00000, 0x00000000f0000000)
  object space 208896K, 70% used [0x00000000d0000000,0x00000000d8ee5958,0x00000000dcc00000)
 Metaspace       used 82425K, capacity 85214K, committed 85336K, reserved 1124352K
  class space    used 8990K, capacity 9786K, committed 9856K, reserved 1048576K
}

Deoptimization events (10 events):
Event: 3095.093 Thread 0x000000005e93d800 Uncommon trap: reason=class_check action=maybe_recompile pc=0x0000000003650d40 method=groovy.lang.MetaClassImpl.getProperty(Ljava/lang/Class;Ljava/lang/Object;Ljava/lang/String;ZZ)Ljava/lang/Object; @ 425
Event: 3095.111 Thread 0x000000005e93d800 Uncommon trap: reason=class_check action=maybe_recompile pc=0x0000000003650d40 method=groovy.lang.MetaClassImpl.getProperty(Ljava/lang/Class;Ljava/lang/Object;Ljava/lang/String;ZZ)Ljava/lang/Object; @ 425
Event: 3095.112 Thread 0x000000005e93d800 Uncommon trap: reason=class_check action=maybe_recompile pc=0x0000000003650d40 method=groovy.lang.MetaClassImpl.getProperty(Ljava/lang/Class;Ljava/lang/Object;Ljava/lang/String;ZZ)Ljava/lang/Object; @ 425
Event: 3095.161 Thread 0x000000005e93d800 Uncommon trap: reason=speculate_class_check action=maybe_recompile pc=0x0000000003d3b2ac method=java.util.concurrent.locks.ReentrantReadWriteLock$Sync.tryAcquireShared(I)I @ 33
Event: 3095.161 Thread 0x000000005e93d800 Uncommon trap: reason=speculate_class_check action=maybe_recompile pc=0x0000000003d3b2ac method=java.util.concurrent.locks.ReentrantReadWriteLock$Sync.tryAcquireShared(I)I @ 33
Event: 3095.388 Thread 0x000000005e93d800 Uncommon trap: reason=class_check action=maybe_recompile pc=0x0000000003012bd4 method=groovy.lang.MetaClassImpl.invokeMethod(Ljava/lang/Class;Ljava/lang/Object;Ljava/lang/String;[Ljava/lang/Object;ZZ)Ljava/lang/Object; @ 799
Event: 3095.390 Thread 0x000000005e93d800 Uncommon trap: reason=class_check action=maybe_recompile pc=0x0000000003012bd4 method=groovy.lang.MetaClassImpl.invokeMethod(Ljava/lang/Class;Ljava/lang/Object;Ljava/lang/String;[Ljava/lang/Object;ZZ)Ljava/lang/Object; @ 799
Event: 3095.429 Thread 0x000000005e93d800 Uncommon trap: reason=speculate_class_check action=maybe_recompile pc=0x0000000003ac91bc method=java.util.concurrent.locks.ReentrantReadWriteLock$Sync.tryAcquireShared(I)I @ 33
Event: 3095.429 Thread 0x000000005e93d800 Uncommon trap: reason=speculate_class_check action=maybe_recompile pc=0x0000000003ac91bc method=java.util.concurrent.locks.ReentrantReadWriteLock$Sync.tryAcquireShared(I)I @ 33
Event: 3095.790 Thread 0x000000005e93d800 Uncommon trap: reason=null_check action=make_not_entrant pc=0x00000000035fbf04 method=java.lang.reflect.Proxy.isProxyClass(Ljava/lang/Class;)Z @ 3

Internal exceptions (10 events):
Event: 3095.790 Thread 0x000000005e93d800 Exception <a 'java/lang/NoSuchMethodError': <clinit>> (0x00000000f5a5c278) thrown at [D:\re\workspace\8-2-build-windows-amd64-cygwin\jdk8u25\1677\hotspot\src\share\vm\prims\jni.cpp, line 1603]
Event: 3095.790 Thread 0x000000005e93d800 Exception <a 'java/security/PrivilegedActionException'> (0x00000000f5a60cf0) thrown at [D:\re\workspace\8-2-build-windows-amd64-cygwin\jdk8u25\1677\hotspot\src\share\vm\prims\jvm.cpp, line 1312]
Event: 3095.790 Thread 0x000000005e93d800 Exception <a 'java/security/PrivilegedActionException'> (0x00000000f5a645c8) thrown at [D:\re\workspace\8-2-build-windows-amd64-cygwin\jdk8u25\1677\hotspot\src\share\vm\prims\jvm.cpp, line 1312]
Event: 3095.794 Thread 0x000000005e93d800 Exception <a 'java/lang/NoSuchMethodError': <clinit>> (0x00000000f5a94bd0) thrown at [D:\re\workspace\8-2-build-windows-amd64-cygwin\jdk8u25\1677\hotspot\src\share\vm\prims\jni.cpp, line 1603]
Event: 3095.794 Thread 0x000000005e93d800 Exception <a 'java/lang/NoSuchMethodError': <clinit>> (0x00000000f5a96af8) thrown at [D:\re\workspace\8-2-build-windows-amd64-cygwin\jdk8u25\1677\hotspot\src\share\vm\prims\jni.cpp, line 1603]
Event: 3095.797 Thread 0x000000005e93d800 Exception <a 'java/lang/NoSuchMethodError': <clinit>> (0x00000000f5aba6b8) thrown at [D:\re\workspace\8-2-build-windows-amd64-cygwin\jdk8u25\1677\hotspot\src\share\vm\prims\jni.cpp, line 1603]
Event: 3095.803 Thread 0x000000005e93d800 Exception <a 'java/lang/NoSuchMethodError': <clinit>> (0x00000000f5b328e0) thrown at [D:\re\workspace\8-2-build-windows-amd64-cygwin\jdk8u25\1677\hotspot\src\share\vm\prims\jni.cpp, line 1603]
Event: 3095.803 Thread 0x000000005e93d800 Exception <a 'java/lang/NoSuchMethodError': <clinit>> (0x00000000f5b36fe0) thrown at [D:\re\workspace\8-2-build-windows-amd64-cygwin\jdk8u25\1677\hotspot\src\share\vm\prims\jni.cpp, line 1603]
Event: 3095.803 Thread 0x000000005e93d800 Exception <a 'java/lang/NoSuchMethodError': <clinit>> (0x00000000f5b39ce0) thrown at [D:\re\workspace\8-2-build-windows-amd64-cygwin\jdk8u25\1677\hotspot\src\share\vm\prims\jni.cpp, line 1603]
Event: 3095.826 Thread 0x000000005e93d800 Implicit null exception at 0x0000000004592e7d to 0x0000000000000000

Events (10 events):
Event: 3095.646 loading class com/vaadin/shared/ui/dd/DragEventType done
Event: 3095.649 Executing VM operation: RevokeBias
Event: 3095.650 Executing VM operation: RevokeBias done
Event: 3095.725 loading class com/vaadin/data/util/BeanItemContainer$1
Event: 3095.725 loading class com/vaadin/data/util/BeanItemContainer$1 done
Event: 3095.790 Thread 0x000000005e93d800 Uncommon trap: trap_request=0xfffffff4 fr.pc=0x00000000035fbf04
Event: 3095.790 Thread 0x000000005e93d800 DEOPT PACKING pc=0x00000000035fbf04 sp=0x000000006c7278c0
Event: 3095.790 Thread 0x000000005e93d800 DEOPT UNPACKING pc=0x00000000029d556a sp=0x000000006c727860 mode 2
Event: 3095.790 loading class com/vaadin/util/SerializerHelper
Event: 3095.790 loading class com/vaadin/util/SerializerHelper done


Dynamic libraries:
0x000000013faa0000 - 0x000000013fad4000 	C:\Program Files\Java\jdk1.8.0_25\bin\java.exe
0x0000000077550000 - 0x00000000776fb000 	C:\Windows\SYSTEM32\ntdll.dll
0x0000000077330000 - 0x000000007744f000 	C:\Windows\system32\kernel32.dll
0x000007fefc820000 - 0x000007fefc88b000 	C:\Windows\system32\KERNELBASE.dll
0x000007fefddc0000 - 0x000007fefde9b000 	C:\Windows\system32\ADVAPI32.dll
0x000007fefe6d0000 - 0x000007fefe76f000 	C:\Windows\system32\msvcrt.dll
0x000007fefe220000 - 0x000007fefe23f000 	C:\Windows\SYSTEM32\sechost.dll
0x000007fefdc90000 - 0x000007fefddbe000 	C:\Windows\system32\RPCRT4.dll
0x0000000077450000 - 0x000000007754a000 	C:\Windows\system32\USER32.dll
0x000007fefe660000 - 0x000007fefe6c7000 	C:\Windows\system32\GDI32.dll
0x000007fefdc80000 - 0x000007fefdc8e000 	C:\Windows\system32\LPK.dll
0x000007fefe770000 - 0x000007fefe83a000 	C:\Windows\system32\USP10.dll
0x000007fefafa0000 - 0x000007fefb194000 	C:\Windows\WinSxS\amd64_microsoft.windows.common-controls_6595b64144ccf1df_6.0.7600.16385_none_fa645303170382f6\COMCTL32.dll
0x000007fefcaf0000 - 0x000007fefcb61000 	C:\Windows\system32\SHLWAPI.dll
0x000007fefe100000 - 0x000007fefe12e000 	C:\Windows\system32\IMM32.DLL
0x000007fefe550000 - 0x000007fefe659000 	C:\Windows\system32\MSCTF.dll
0x0000000067310000 - 0x00000000673e2000 	C:\Program Files\Java\jdk1.8.0_25\jre\bin\msvcr100.dll
0x000000005c2e0000 - 0x000000005cb3a000 	C:\Program Files\Java\jdk1.8.0_25\jre\bin\server\jvm.dll
0x000007fef39e0000 - 0x000007fef39e9000 	C:\Windows\system32\WSOCK32.dll
0x000007fefcb70000 - 0x000007fefcbbd000 	C:\Windows\system32\WS2_32.dll
0x000007fefe9c0000 - 0x000007fefe9c8000 	C:\Windows\system32\NSI.dll
0x000007fef6ba0000 - 0x000007fef6bdb000 	C:\Windows\system32\WINMM.dll
0x0000000077710000 - 0x0000000077717000 	C:\Windows\system32\PSAPI.DLL
0x0000000074990000 - 0x000000007499f000 	C:\Program Files\Java\jdk1.8.0_25\jre\bin\verify.dll
0x0000000074890000 - 0x00000000748b8000 	C:\Program Files\Java\jdk1.8.0_25\jre\bin\java.dll
0x0000000074750000 - 0x0000000074773000 	C:\Program Files\Java\jdk1.8.0_25\jre\bin\instrument.dll
0x0000000074900000 - 0x0000000074916000 	C:\Program Files\Java\jdk1.8.0_25\jre\bin\zip.dll
0x000007fefcef0000 - 0x000007fefdc76000 	C:\Windows\system32\SHELL32.dll
0x000007fefcce0000 - 0x000007fefcee1000 	C:\Windows\system32\ole32.dll
0x000007fefc4c0000 - 0x000007fefc4cf000 	C:\Windows\system32\profapi.dll
0x000007fefbd90000 - 0x000007fefbda7000 	C:\Windows\system32\CRYPTSP.dll
0x000007fefba90000 - 0x000007fefbad7000 	C:\Windows\system32\rsaenh.dll
0x000007fefb810000 - 0x000007fefb82e000 	C:\Windows\system32\USERENV.dll
0x000007fefc3f0000 - 0x000007fefc3ff000 	C:\Windows\system32\CRYPTBASE.dll
0x0000000074870000 - 0x000000007488a000 	C:\Program Files\Java\jdk1.8.0_25\jre\bin\net.dll
0x000007fefbd30000 - 0x000007fefbd84000 	C:\Windows\system32\mswsock.dll
0x000007fefbd20000 - 0x000007fefbd27000 	C:\Windows\System32\wship6.dll
0x000007fef9ff0000 - 0x000007fefa017000 	C:\Windows\system32\IPHLPAPI.DLL
0x000007fef9fe0000 - 0x000007fef9feb000 	C:\Windows\system32\WINNSI.DLL
0x000007fef9c00000 - 0x000007fef9c18000 	C:\Windows\system32\dhcpcsvc.DLL
0x000007fef9be0000 - 0x000007fef9bf1000 	C:\Windows\system32\dhcpcsvc6.DLL
0x0000000074850000 - 0x0000000074861000 	C:\Program Files\Java\jdk1.8.0_25\jre\bin\nio.dll
0x000007fefa4b0000 - 0x000007fefa4ba000 	C:\Users\Alfa\AppData\Local\Temp\jansi-64-7348131513546622675.dll
0x0000000074340000 - 0x000000007434d000 	C:\Program Files\Java\jdk1.8.0_25\jre\bin\management.dll
0x000007fefb700000 - 0x000007fefb707000 	C:\Windows\System32\wshtcpip.dll
0x000007fefbbb0000 - 0x000007fefbc0b000 	C:\Windows\system32\DNSAPI.dll
0x000007fef9420000 - 0x000007fef9428000 	C:\Windows\system32\rasadhlp.dll
0x000007fef9cd0000 - 0x000007fef9d23000 	C:\Windows\System32\fwpuclnt.dll
0x000007fefa5e0000 - 0x000007fefa5f5000 	C:\Windows\system32\NLAapi.dll
0x000007fef8850000 - 0x000007fef885b000 	C:\Windows\System32\winrnr.dll
0x000007fef8830000 - 0x000007fef8845000 	C:\Windows\system32\napinsp.dll
0x000007fef8810000 - 0x000007fef8829000 	C:\Windows\system32\pnrpnsp.dll
0x000007fef17d0000 - 0x000007fef18f5000 	C:\Windows\system32\dbghelp.dll

VM Arguments:
jvm_args: -Dfile.encoding=UTF-8 -Xmx768M -Xms64M -Dgrails.fork.parent.process.port=51876 -Dgrails.fork.active=true -Dgrails.build.execution.context=C:\Users\Alfa\AppData\Local\Temp\latihan2862579171224457239grails-execution-context -Dgrails.home=D:\grails-2.4.4 -javaagent:D:\grails-2.4.4\lib\org.springframework\springloaded\jars\springloaded-1.2.1.RELEASE.jar -Xverify:none -Dspringloaded.synchronize=true -Djdk.reflect.allowGetCallerClass=true -Dspringloaded=profile=grails;cacheDir=C:\Users\Alfa\.grails\2.4.4 
java_command: org.grails.plugins.tomcat.fork.ForkedTomcatServer
java_class_path (initial): C:\Program Files\Java\jdk1.8.0_25\lib\tools.jar;D:\grails-2.4.4\lib\org.codehaus.groovy\groovy-all\jars\groovy-all-2.3.7.jar;D:\grails-2.4.4\lib\org.slf4j\jcl-over-slf4j\jars\jcl-over-slf4j-1.7.5.jar;D:\grails-2.4.4\lib\org.codehaus.gant\gant_groovy1.8\jars\gant_groovy1.8-1.9.6.jar;D:\grails-2.4.4\lib\org.apache.tomcat.embed\tomcat-embed-logging-log4j\jars\tomcat-embed-logging-log4j-7.0.50.jar;D:\grails-2.4.4\dist\grails-plugin-log4j-2.4.4.jar;D:\grails-2.4.4\lib\log4j\log4j\jars\log4j-1.2.17.jar;D:\grails-2.4.4\dist\grails-bootstrap-2.4.4.jar;D:\grails-2.4.4\lib\org.slf4j\slf4j-api\jars\slf4j-api-1.7.5.jar;D:\grails-2.4.4\lib\jline\jline\jars\jline-2.12.jar;D:\grails-2.4.4\lib\org.apache.ant\ant\jars\ant-1.8.4.jar;D:\grails-2.4.4\lib\org.apache.ant\ant-launcher\jars\ant-launcher-1.8.4.jar;D:\grails-2.4.4\lib\org.apache.ant\ant-trax\jars\ant-trax-1.7.1.jar;D:\grails-2.4.4\lib\org.apache.ant\ant-junit\jars\ant-junit-1.8.4.jar;D:\grails-2.4.4\lib\org.apache.ivy\ivy\jars\ivy-2.3.0.jar;D:\grails-2.4.4\lib\org.fusesource.jansi\jansi\jars\jansi-1.11.jar;C:\Users\Alfa\.m2\repository\org\apache\tomcat\tomcat-catalina-ant\7.0.55\tomcat-catalina-ant-7.0.55.jar;C:\Users\Alfa\.m2\repository\org\apache\tomcat\embed\tomcat-embed-jasper\7.0.55\tomcat-embed-jasper-7.0.55.jar;C:\Users\Alfa\.m2\repository\org\apache\tomcat\embed\tomcat-embed-el\7.0.55\tomcat-embed-el-7.0.55.jar;C:\Users\Alfa\.m2\repository\org\apache\tomcat\embed\tomcat-embed-logging-log4j\7.0.55\tomcat-embed-logging-log4j-7.0.55.jar;C:\Users\Alfa\.m2\repository\org\apache\tomcat\embed\tomcat-embed-websocket\7.0.55\tomcat-embed-websocket-7.0.55.jar;C:\Users\Alfa\.m2\repository\org\apache\tomcat\embed\tomcat-embed-core\7.0.55\tomcat-embed-core-7.0.55.jar;C:\Users\Alfa\.m2\repository\org\eclipse\jdt\core\compiler\ecj\3.7.2\ecj-3.7.2.jar;C:\Users\Alfa\Documents\workspace\latihan\target\work\plugins\tomcat-7.0.55\grails-plugin-tomcat-7.0.55.jar;;D:\grails-2.4.4\lib\org.springframework\springl
Launcher Type: SUN_STANDARD

Environment Variables:
JAVA_HOME=C:\Program Files\Java\jdk1.8.0_25
PATH=C:/Program Files/Java/jre1.8.0_25/bin/server;C:/Program Files/Java/jre1.8.0_25/bin;C:/Program Files/Java/jre1.8.0_25/lib/amd64;C:\ProgramData\Oracle\Java\javapath;C:\Inprise\vbroker\bin;C:\Program Files (x86)\Borland\Delphi7\Bin;C:\Program Files (x86)\Borland\Delphi7\Projects\Bpl\;C:\Windows\system32;C:\Windows;C:\Windows\System32\Wbem;C:\Windows\System32\WindowsPowerShell\v1.0\;C:\Program Files (x86)\Toshiba\Bluetooth Toshiba Stack\sys\;C:\Program Files (x86)\Toshiba\Bluetooth Toshiba Stack\sys\x64\;C:\Users\Alfa\Desktop\eclipse\eclipse;
USERNAME=Alfa
OS=Windows_NT
PROCESSOR_IDENTIFIER=Intel64 Family 6 Model 42 Stepping 7, GenuineIntel



---------------  S Y S T E M  ---------------

OS: Windows 7 , 64 bit Build 7600 

CPU:total 3 (2 cores per cpu, 2 threads per core) family 6 model 42 stepping 7, cmov, cx8, fxsr, mmx, sse, sse2, sse3, ssse3, sse4.1, sse4.2, popcnt, clmul, ht, tsc, tscinvbit

Memory: 4k page, physical 4140912k(1350800k free), swap 8279928k(3962052k free)

vm_info: Java HotSpot(TM) 64-Bit Server VM (25.25-b02) for windows-amd64 JRE (1.8.0_25-b18), built on Oct  7 2014 14:25:37 by "java_re" with MS VC++ 10.0 (VS2010)

time: Mon Mar 23 15:55:42 2015
elapsed time: 3095 seconds (0d 0h 51m 35s)

