#
# A fatal error has been detected by the Java Runtime Environment:
#
#  EXCEPTION_ACCESS_VIOLATION (0xc0000005) at pc=0x0000000005d1bd2a, pid=1008, tid=488
#
# JRE version: Java(TM) SE Runtime Environment (8.0_25-b18) (build 1.8.0_25-b18)
# Java VM: Java HotSpot(TM) 64-Bit Server VM (25.25-b02 mixed mode windows-amd64 compressed oops)
# Problematic frame:
# J 16802 C1 java.io.ObjectStreamClass$FieldReflector.getObjFieldValues(Ljava/lang/Object;[Ljava/lang/Object;)V (99 bytes) @ 0x0000000005d1bd2a [0x0000000005d1bc00+0x12a]
#
# Failed to write core dump. Minidumps are not enabled by default on client versions of Windows
#
# If you would like to submit a bug report, please visit:
#   http://bugreport.sun.com/bugreport/crash.jsp
#

---------------  T H R E A D  ---------------

Current thread (0x000000001a30e800):  JavaThread "localhost-startStop-2" daemon [_thread_in_Java, id=488, stack(0x000000002aa60000,0x000000002ab60000)]

siginfo: ExceptionCode=0xc0000005, reading address 0x0000000000000109

Registers:
RAX=0x0000000000000101, RBX=0x0000000000000060, RCX=0x00000000f7626fe8, RDX=0x00000000f76108a8
RSP=0x000000002ab57e20, RBP=0x000000002ab58628, RSI=0x0000000000000000, RDI=0x000000010000f280
R8 =0x00000000ff6f9068, R9 =0x00000000f7626fd8, R10=0x00000000f6722220, R11=0x00000000f7603e98
R12=0x0000000000000000, R13=0x0000000000000002, R14=0x000000002ab57f48, R15=0x000000001a30e800
RIP=0x0000000005d1bd2a, EFLAGS=0x0000000000010202

Top of Stack: (sp=0x000000002ab57e20)
0x000000002ab57e20:   000000010011acf0 00000000f76006d8
0x000000002ab57e30:   00000000ff6f9068 00000000f7569ba0
0x000000002ab57e40:   00000000f67261b0 00000000f7569ba0
0x000000002ab57e50:   000000002ab5c808 0000000000000000
0x000000002ab57e60:   0000000016c494bf 0000000000000030
0x000000002ab57e70:   000000002ab58628 0000000005d1cd04
0x000000002ab57e80:   000000001a30e800 00000000000000bd
0x000000002ab57e90:   000000002ab57ef8 00000000026a77b0
0x000000002ab57ea0:   00000000026a77b0 00000000f7626fc0
0x000000002ab57eb0:   00000000f7626ed8 000000002ab57eb8
0x000000002ab57ec0:   0000000016c494c2 000000002ab57f48
0x000000002ab57ed0:   0000000016c4ca90 000000001842f970
0x000000002ab57ee0:   0000000016c49508 00000000ff6f9068
0x000000002ab57ef0:   00000000f76006d8 00000000f6724338
0x000000002ab57f00:   0000000100000000 00000000f7626fd8
0x000000002ab57f10:   0000000000000000 00000000f7603e98 

Instructions: (pc=0x0000000005d1bd2a)
0x0000000005d1bd0a:   bb 90 4c 8b 1f 00 00 00 00 81 8b c0 01 00 00 00
0x0000000005d1bd1a:   01 00 00 e9 e7 00 00 00 41 8b 79 08 48 c1 e7 03
0x0000000005d1bd2a:   8b 58 08 48 c1 e3 03 48 8b bf f0 00 00 00 48 3b
0x0000000005d1bd3a:   df 0f 84 2a 00 00 00 44 8b 5f 0c 4a 3b 3c 1b 0f 


Register to memory mapping:

RAX=0x0000000000000101 is an unknown value
RBX=0x0000000000000060 is an unknown value
RCX=0x00000000f7626fe8 is an oop

[error occurred during error reporting (printing register info), id 0xc0000005]

Stack: [0x000000002aa60000,0x000000002ab60000],  sp=0x000000002ab57e20,  free space=991k
Native frames: (J=compiled Java code, j=interpreted, Vv=VM code, C=native code)
C  0x0000000005d1bd2a


---------------  P R O C E S S  ---------------

Java Threads: ( => current thread )
=>0x000000001a30e800 JavaThread "localhost-startStop-2" daemon [_thread_in_Java, id=488, stack(0x000000002aa60000,0x000000002ab60000)]
  0x000000001a30d800 JavaThread "Tomcat-startStop-2" daemon [_thread_blocked, id=6220, stack(0x000000002a960000,0x000000002aa60000)]
  0x00000000189d7800 JavaThread "http-bio-8080-exec-10" daemon [_thread_blocked, id=5176, stack(0x000000002bd50000,0x000000002be50000)]
  0x00000000189d2800 JavaThread "Thread-10" daemon [_thread_in_native, id=3168, stack(0x000000002b740000,0x000000002b840000)]
  0x00000000189d1800 JavaThread "http-bio-8080-exec-9" daemon [_thread_blocked, id=4560, stack(0x000000002bc50000,0x000000002bd50000)]
  0x00000000189d4800 JavaThread "http-bio-8080-exec-8" daemon [_thread_blocked, id=9132, stack(0x000000002bb50000,0x000000002bc50000)]
  0x00000000189d4000 JavaThread "http-bio-8080-exec-7" daemon [_thread_blocked, id=1620, stack(0x000000002ba50000,0x000000002bb50000)]
  0x00000000189d1000 JavaThread "http-bio-8080-exec-6" daemon [_thread_blocked, id=3128, stack(0x000000002b950000,0x000000002ba50000)]
  0x00000000189d0000 JavaThread "http-bio-8080-exec-5" daemon [_thread_blocked, id=3100, stack(0x000000002b850000,0x000000002b950000)]
  0x00000000189d3000 JavaThread "http-bio-8080-exec-4" daemon [_thread_blocked, id=3236, stack(0x000000002b330000,0x000000002b430000)]
  0x00000000189cd000 JavaThread "http-bio-8080-exec-3" daemon [_thread_in_native, id=8536, stack(0x000000002b440000,0x000000002b540000)]
  0x00000000189ce000 JavaThread "DestroyJavaVM" [_thread_blocked, id=8068, stack(0x00000000022d0000,0x00000000023d0000)]
  0x00000000189cc800 JavaThread "Thread-8" [_thread_blocked, id=5040, stack(0x000000002b020000,0x000000002b120000)]
  0x00000000189ce800 JavaThread "http-bio-8080-exec-2" daemon [_thread_blocked, id=7696, stack(0x000000002af20000,0x000000002b020000)]
  0x00000000189cf800 JavaThread "http-bio-8080-exec-1" daemon [_thread_blocked, id=3208, stack(0x000000002ae20000,0x000000002af20000)]
  0x000000001a16b000 JavaThread "http-bio-8080-AsyncTimeout" daemon [_thread_blocked, id=6624, stack(0x000000002ad20000,0x000000002ae20000)]
  0x000000001a16d000 JavaThread "http-bio-8080-Acceptor-0" daemon [_thread_blocked, id=3668, stack(0x000000002ac20000,0x000000002ad20000)]
  0x000000001a155800 JavaThread "FileSystemWatcher: files=#226 cl=groovy.lang.GroovyClassLoader@1b835480" daemon [_thread_blocked, id=8552, stack(0x000000001b760000,0x000000001b860000)]
  0x0000000015bf2800 JavaThread "Thread-3" [_thread_blocked, id=7260, stack(0x000000001b060000,0x000000001b160000)]
  0x0000000017668000 JavaThread "Thread-2" [_thread_blocked, id=7612, stack(0x0000000018610000,0x0000000018710000)]
  0x000000001667a000 JavaThread "NonBlockingInputStreamThread" daemon [_thread_blocked, id=7720, stack(0x0000000017340000,0x0000000017440000)]
  0x0000000015c2f000 JavaThread "Service Thread" daemon [_thread_blocked, id=612, stack(0x0000000016070000,0x0000000016170000)]
  0x0000000015acb000 JavaThread "C1 CompilerThread2" daemon [_thread_blocked, id=896, stack(0x0000000015f70000,0x0000000016070000)]
  0x0000000015acf800 JavaThread "C2 CompilerThread1" daemon [_thread_blocked, id=1828, stack(0x0000000015e70000,0x0000000015f70000)]
  0x0000000015ad9000 JavaThread "C2 CompilerThread0" daemon [_thread_blocked, id=720, stack(0x0000000015d70000,0x0000000015e70000)]
  0x000000001440e800 JavaThread "Attach Listener" daemon [_thread_blocked, id=9004, stack(0x0000000015870000,0x0000000015970000)]
  0x000000001440d800 JavaThread "Signal Dispatcher" daemon [_thread_blocked, id=4216, stack(0x0000000015770000,0x0000000015870000)]
  0x0000000002697800 JavaThread "Finalizer" daemon [_thread_blocked, id=9180, stack(0x0000000015670000,0x0000000015770000)]
  0x000000000268d800 JavaThread "Reference Handler" daemon [_thread_blocked, id=9008, stack(0x0000000015570000,0x0000000015670000)]

Other Threads:
  0x00000000143d5800 VMThread [stack: 0x0000000015470000,0x0000000015570000] [id=3968]
  0x0000000015c31800 WatcherThread [stack: 0x0000000016170000,0x0000000016270000] [id=6176]

VM state:not at safepoint (normal execution)

VM Mutex/Monitor currently owned by a thread: None

Heap:
 PSYoungGen      total 247296K, used 131683K [0x00000000f0000000, 0x00000000fff00000, 0x0000000100000000)
  eden space 233472K, 52% used [0x00000000f0000000,0x00000000f76b30f0,0x00000000fe400000)
  from space 13824K, 73% used [0x00000000ff180000,0x00000000ffb65ee8,0x00000000fff00000)
  to   space 13824K, 0% used [0x00000000fe400000,0x00000000fe400000,0x00000000ff180000)
 ParOldGen       total 207360K, used 193791K [0x00000000d0000000, 0x00000000dca80000, 0x00000000f0000000)
  object space 207360K, 93% used [0x00000000d0000000,0x00000000dbd3fe18,0x00000000dca80000)
 Metaspace       used 119487K, capacity 123534K, committed 123852K, reserved 1161216K
  class space    used 11119K, capacity 12312K, committed 12492K, reserved 1048576K

Card table byte_map: [0x0000000011a60000,0x0000000011bf0000] byte_map_base: 0x00000000113e0000

Marking Bits: (ParMarkBitMap*) 0x000000007330d490
 Begin Bits: [0x00000000120f0000, 0x0000000012cf0000)
 End Bits:   [0x0000000012cf0000, 0x00000000138f0000)

Polling page: 0x0000000000cd0000

CodeCache: size=245760Kb used=55822Kb max_used=55842Kb free=189937Kb
 bounds [0x00000000026a0000, 0x0000000005d90000, 0x00000000116a0000]
 total_blobs=13396 nmethods=12615 adapters=691
 compilation: enabled

Compilation events (10 events):
Event: 10298.144 Thread 0x0000000015acb000 nmethod 16829 0x0000000005d64790 code [0x0000000005d649e0, 0x0000000005d65788]
Event: 10298.144 Thread 0x0000000015acb000 16830   !   3       sun.reflect.GeneratedMethodAccessor346::invoke (57 bytes)
Event: 10298.145 Thread 0x0000000015acb000 nmethod 16830 0x0000000005d684d0 code [0x0000000005d686a0, 0x0000000005d68ca8]
Event: 10298.146 Thread 0x0000000015acb000 16831   !   3       java.io.ObjectStreamClass::computeDefaultSUID (701 bytes)
Event: 10298.157 Thread 0x0000000015acb000 nmethod 16831 0x0000000005d68f90 code [0x0000000005d698a0, 0x0000000005d70718]
Event: 10298.157 Thread 0x0000000015acb000 16832  s    3       java.security.Provider::getService (92 bytes)
Event: 10298.158 Thread 0x0000000015acb000 nmethod 16832 0x0000000005d77450 code [0x0000000005d77640, 0x0000000005d781a8]
Event: 10298.158 Thread 0x0000000015acb000 16833       3       java.security.Provider$ServiceKey::matches (22 bytes)
Event: 10298.158 Thread 0x0000000015acb000 nmethod 16833 0x0000000005d56110 code [0x0000000005d56260, 0x0000000005d56450]
Event: 10298.160 Thread 0x0000000015acf800 nmethod 16787 0x0000000005d7c150 code [0x0000000005d7c3c0, 0x0000000005d7e7c0]

GC Heap History (10 events):
Event: 9643.284 GC heap before
{Heap before GC invocations=209 (full 5):
 PSYoungGen      total 209920K, used 201763K [0x00000000f0000000, 0x00000000fe000000, 0x0000000100000000)
  eden space 194560K, 100% used [0x00000000f0000000,0x00000000fbe00000,0x00000000fbe00000)
  from space 15360K, 46% used [0x00000000fbe00000,0x00000000fc508e10,0x00000000fcd00000)
  to   space 15360K, 0% used [0x00000000fd100000,0x00000000fd100000,0x00000000fe000000)
 ParOldGen       total 207360K, used 191795K [0x00000000d0000000, 0x00000000dca80000, 0x00000000f0000000)
  object space 207360K, 92% used [0x00000000d0000000,0x00000000dbb4cd88,0x00000000dca80000)
 Metaspace       used 117698K, capacity 121376K, committed 121804K, reserved 1159168K
  class space    used 10962K, capacity 12086K, committed 12236K, reserved 1048576K
Event: 9643.303 GC heap after
Heap after GC invocations=209 (full 5):
 PSYoungGen      total 211968K, used 10319K [0x00000000f0000000, 0x00000000fde80000, 0x0000000100000000)
  eden space 198144K, 0% used [0x00000000f0000000,0x00000000f0000000,0x00000000fc180000)
  from space 13824K, 74% used [0x00000000fd100000,0x00000000fdb13ed8,0x00000000fde80000)
  to   space 14848K, 0% used [0x00000000fc180000,0x00000000fc180000,0x00000000fd000000)
 ParOldGen       total 207360K, used 191875K [0x00000000d0000000, 0x00000000dca80000, 0x00000000f0000000)
  object space 207360K, 92% used [0x00000000d0000000,0x00000000dbb60d88,0x00000000dca80000)
 Metaspace       used 117698K, capacity 121376K, committed 121804K, reserved 1159168K
  class space    used 10962K, capacity 12086K, committed 12236K, reserved 1048576K
}
Event: 9984.119 GC heap before
{Heap before GC invocations=210 (full 5):
 PSYoungGen      total 211968K, used 208463K [0x00000000f0000000, 0x00000000fde80000, 0x0000000100000000)
  eden space 198144K, 100% used [0x00000000f0000000,0x00000000fc180000,0x00000000fc180000)
  from space 13824K, 74% used [0x00000000fd100000,0x00000000fdb13ed8,0x00000000fde80000)
  to   space 14848K, 0% used [0x00000000fc180000,0x00000000fc180000,0x00000000fd000000)
 ParOldGen       total 207360K, used 191875K [0x00000000d0000000, 0x00000000dca80000, 0x00000000f0000000)
  object space 207360K, 92% used [0x00000000d0000000,0x00000000dbb60d88,0x00000000dca80000)
 Metaspace       used 117974K, capacity 121578K, committed 122060K, reserved 1159168K
  class space    used 10972K, capacity 12088K, committed 12236K, reserved 1048576K
Event: 9984.138 GC heap after
Heap after GC invocations=210 (full 5):
 PSYoungGen      total 212992K, used 8496K [0x00000000f0000000, 0x00000000fe180000, 0x0000000100000000)
  eden space 198144K, 0% used [0x00000000f0000000,0x00000000f0000000,0x00000000fc180000)
  from space 14848K, 57% used [0x00000000fc180000,0x00000000fc9cc278,0x00000000fd000000)
  to   space 14848K, 0% used [0x00000000fd300000,0x00000000fd300000,0x00000000fe180000)
 ParOldGen       total 207360K, used 191947K [0x00000000d0000000, 0x00000000dca80000, 0x00000000f0000000)
  object space 207360K, 92% used [0x00000000d0000000,0x00000000dbb72d88,0x00000000dca80000)
 Metaspace       used 117974K, capacity 121578K, committed 122060K, reserved 1159168K
  class space    used 10972K, capacity 12088K, committed 12236K, reserved 1048576K
}
Event: 9985.986 GC heap before
{Heap before GC invocations=211 (full 5):
 PSYoungGen      total 212992K, used 206640K [0x00000000f0000000, 0x00000000fe180000, 0x0000000100000000)
  eden space 198144K, 100% used [0x00000000f0000000,0x00000000fc180000,0x00000000fc180000)
  from space 14848K, 57% used [0x00000000fc180000,0x00000000fc9cc278,0x00000000fd000000)
  to   space 14848K, 0% used [0x00000000fd300000,0x00000000fd300000,0x00000000fe180000)
 ParOldGen       total 207360K, used 191950K [0x00000000d0000000, 0x00000000dca80000, 0x00000000f0000000)
  object space 207360K, 92% used [0x00000000d0000000,0x00000000dbb73a98,0x00000000dca80000)
 Metaspace       used 118011K, capacity 121650K, committed 122060K, reserved 1159168K
  class space    used 10973K, capacity 12088K, committed 12236K, reserved 1048576K
Event: 9986.006 GC heap after
Heap after GC invocations=211 (full 5):
 PSYoungGen      total 216576K, used 9146K [0x00000000f0000000, 0x00000000fe200000, 0x0000000100000000)
  eden space 201728K, 0% used [0x00000000f0000000,0x00000000f0000000,0x00000000fc500000)
  from space 14848K, 61% used [0x00000000fd300000,0x00000000fdbee950,0x00000000fe180000)
  to   space 14336K, 0% used [0x00000000fc500000,0x00000000fc500000,0x00000000fd300000)
 ParOldGen       total 207360K, used 192062K [0x00000000d0000000, 0x00000000dca80000, 0x00000000f0000000)
  object space 207360K, 92% used [0x00000000d0000000,0x00000000dbb8fa98,0x00000000dca80000)
 Metaspace       used 118011K, capacity 121650K, committed 122060K, reserved 1159168K
  class space    used 10973K, capacity 12088K, committed 12236K, reserved 1048576K
}
Event: 9986.007 GC heap before
{Heap before GC invocations=212 (full 5):
 PSYoungGen      total 216576K, used 9148K [0x00000000f0000000, 0x00000000fe200000, 0x0000000100000000)
  eden space 201728K, 0% used [0x00000000f0000000,0x00000000f0000858,0x00000000fc500000)
  from space 14848K, 61% used [0x00000000fd300000,0x00000000fdbee950,0x00000000fe180000)
  to   space 14336K, 0% used [0x00000000fc500000,0x00000000fc500000,0x00000000fd300000)
 ParOldGen       total 207360K, used 192062K [0x00000000d0000000, 0x00000000dca80000, 0x00000000f0000000)
  object space 207360K, 92% used [0x00000000d0000000,0x00000000dbb8fa98,0x00000000dca80000)
 Metaspace       used 118011K, capacity 121650K, committed 122060K, reserved 1159168K
  class space    used 10973K, capacity 12088K, committed 12236K, reserved 1048576K
Event: 9986.019 GC heap after
Heap after GC invocations=212 (full 5):
 PSYoungGen      total 216064K, used 8403K [0x00000000f0000000, 0x00000000fff80000, 0x0000000100000000)
  eden space 201728K, 0% used [0x00000000f0000000,0x00000000f0000000,0x00000000fc500000)
  from space 14336K, 58% used [0x00000000fc500000,0x00000000fcd34c60,0x00000000fd300000)
  to   space 14336K, 0% used [0x00000000ff180000,0x00000000ff180000,0x00000000fff80000)
 ParOldGen       total 207360K, used 192775K [0x00000000d0000000, 0x00000000dca80000, 0x00000000f0000000)
  object space 207360K, 92% used [0x00000000d0000000,0x00000000dbc41d98,0x00000000dca80000)
 Metaspace       used 118011K, capacity 121650K, committed 122060K, reserved 1159168K
  class space    used 10973K, capacity 12088K, committed 12236K, reserved 1048576K
}
Event: 9990.297 GC heap before
{Heap before GC invocations=213 (full 5):
 PSYoungGen      total 216064K, used 210131K [0x00000000f0000000, 0x00000000fff80000, 0x0000000100000000)
  eden space 201728K, 100% used [0x00000000f0000000,0x00000000fc500000,0x00000000fc500000)
  from space 14336K, 58% used [0x00000000fc500000,0x00000000fcd34c60,0x00000000fd300000)
  to   space 14336K, 0% used [0x00000000ff180000,0x00000000ff180000,0x00000000fff80000)
 ParOldGen       total 207360K, used 192775K [0x00000000d0000000, 0x00000000dca80000, 0x00000000f0000000)
  object space 207360K, 92% used [0x00000000d0000000,0x00000000dbc41d98,0x00000000dca80000)
 Metaspace       used 118218K, capacity 121842K, committed 122316K, reserved 1159168K
  class space    used 10983K, capacity 12088K, committed 12236K, reserved 1048576K
Event: 9990.334 GC heap after
Heap after GC invocations=213 (full 5):
 PSYoungGen      total 247296K, used 10135K [0x00000000f0000000, 0x00000000fff00000, 0x0000000100000000)
  eden space 233472K, 0% used [0x00000000f0000000,0x00000000f0000000,0x00000000fe400000)
  from space 13824K, 73% used [0x00000000ff180000,0x00000000ffb65ee8,0x00000000fff00000)
  to   space 13824K, 0% used [0x00000000fe400000,0x00000000fe400000,0x00000000ff180000)
 ParOldGen       total 207360K, used 193791K [0x00000000d0000000, 0x00000000dca80000, 0x00000000f0000000)
  object space 207360K, 93% used [0x00000000d0000000,0x00000000dbd3fe18,0x00000000dca80000)
 Metaspace       used 118218K, capacity 121842K, committed 122316K, reserved 1159168K
  class space    used 10983K, capacity 12088K, committed 12236K, reserved 1048576K
}

Deoptimization events (10 events):
Event: 10297.729 Thread 0x000000001a30e800 Uncommon trap: reason=unreached action=reinterpret pc=0x0000000002bb777c method=java.util.concurrent.ConcurrentLinkedQueue.first()Ljava/util/concurrent/ConcurrentLinkedQueue$Node; @ 32
Event: 10297.730 Thread 0x000000001a30e800 Uncommon trap: reason=null_check action=make_not_entrant pc=0x0000000003848e24 method=org.codehaus.groovy.reflection.ClassInfo.getWeakMetaClass()Lgroovy/lang/MetaClass; @ 17
Event: 10297.755 Thread 0x00000000189d8800 Uncommon trap: reason=unreached action=reinterpret pc=0x0000000005c49bd8 method=java.util.concurrent.locks.AbstractQueuedSynchronizer.acquireQueued(Ljava/util/concurrent/locks/AbstractQueuedSynchronizer$Node;I)Z @ 17
Event: 10297.755 Thread 0x000000001a167000 Uncommon trap: reason=unreached action=reinterpret pc=0x0000000005c49bd8 method=java.util.concurrent.locks.AbstractQueuedSynchronizer.acquireQueued(Ljava/util/concurrent/locks/AbstractQueuedSynchronizer$Node;I)Z @ 17
Event: 10297.755 Thread 0x00000000189d6000 Uncommon trap: reason=unreached action=reinterpret pc=0x0000000005c49bd8 method=java.util.concurrent.locks.AbstractQueuedSynchronizer.acquireQueued(Ljava/util/concurrent/locks/AbstractQueuedSynchronizer$Node;I)Z @ 17
Event: 10297.757 Thread 0x000000001a30e800 Uncommon trap: reason=unreached action=reinterpret pc=0x0000000005d0b598 method=java.util.concurrent.ConcurrentHashMap.replaceNode(Ljava/lang/Object;Ljava/lang/Object;Ljava/lang/Object;)Ljava/lang/Object; @ 161
Event: 10297.772 Thread 0x000000001a30e800 Uncommon trap: reason=unreached action=reinterpret pc=0x00000000036e8590 method=java.lang.ref.SoftReference.get()Ljava/lang/Object; @ 6
Event: 10297.782 Thread 0x000000001a30e800 Uncommon trap: reason=unreached action=reinterpret pc=0x000000000401c13c method=java.lang.ref.SoftReference.get()Ljava/lang/Object; @ 6
Event: 10297.925 Thread 0x000000001a30e800 Uncommon trap: reason=array_check action=maybe_recompile pc=0x0000000004459730 method=java.util.ComparableTimSort.mergeLo(IIII)V @ 240
Event: 10298.153 Thread 0x000000001a30e800 Uncommon trap: reason=unreached action=reinterpret pc=0x0000000003bf41a4 method=java.lang.ref.SoftReference.get()Ljava/lang/Object; @ 6

Internal exceptions (10 events):
Event: 10298.150 Thread 0x000000001a30e800 Exception <a 'java/lang/reflect/InvocationTargetException'> (0x00000000f75e5700) thrown at [D:\re\workspace\8-2-build-windows-amd64-cygwin\jdk8u25\1677\hotspot\src\share\vm\runtime\reflection.cpp, line 1080]
Event: 10298.150 Thread 0x000000001a30e800 Exception <a 'java/lang/reflect/InvocationTargetException'> (0x00000000f75e74c8) thrown at [D:\re\workspace\8-2-build-windows-amd64-cygwin\jdk8u25\1677\hotspot\src\share\vm\runtime\reflection.cpp, line 1080]
Event: 10298.150 Thread 0x000000001a30e800 Exception <a 'java/lang/reflect/InvocationTargetException'> (0x00000000f75e9290) thrown at [D:\re\workspace\8-2-build-windows-amd64-cygwin\jdk8u25\1677\hotspot\src\share\vm\runtime\reflection.cpp, line 1080]
Event: 10298.150 Thread 0x000000001a30e800 Exception <a 'java/lang/reflect/InvocationTargetException'> (0x00000000f75eb058) thrown at [D:\re\workspace\8-2-build-windows-amd64-cygwin\jdk8u25\1677\hotspot\src\share\vm\runtime\reflection.cpp, line 1080]
Event: 10298.151 Thread 0x000000001a30e800 Exception <a 'java/lang/reflect/InvocationTargetException'> (0x00000000f75efb18) thrown at [D:\re\workspace\8-2-build-windows-amd64-cygwin\jdk8u25\1677\hotspot\src\share\vm\runtime\reflection.cpp, line 1080]
Event: 10298.152 Thread 0x000000001a30e800 Exception <a 'java/lang/reflect/InvocationTargetException'> (0x00000000f75f36b8) thrown at [D:\re\workspace\8-2-build-windows-amd64-cygwin\jdk8u25\1677\hotspot\src\share\vm\runtime\reflection.cpp, line 1080]
Event: 10298.152 Thread 0x000000001a30e800 Exception <a 'java/lang/reflect/InvocationTargetException'> (0x00000000f75f9020) thrown at [D:\re\workspace\8-2-build-windows-amd64-cygwin\jdk8u25\1677\hotspot\src\share\vm\runtime\reflection.cpp, line 1080]
Event: 10298.153 Thread 0x000000001a30e800 Implicit null exception at 0x0000000003bf32c5 to 0x0000000003bf417d
Event: 10298.153 Thread 0x000000001a30e800 Exception <a 'java/lang/NoSuchMethodError': <clinit>> (0x00000000f75fd7b0) thrown at [D:\re\workspace\8-2-build-windows-amd64-cygwin\jdk8u25\1677\hotspot\src\share\vm\prims\jni.cpp, line 1603]
Event: 10298.156 Thread 0x000000001a30e800 Implicit null exception at 0x0000000005d1bd2a to 0x0000000000000000

Events (10 events):
Event: 10297.987 Executing VM operation: RevokeBias done
Event: 10298.067 loading class java/io/NotSerializableException
Event: 10298.067 loading class java/io/NotSerializableException done
Event: 10298.104 loading class com/vaadin/data/util/BeanItemContainer$1
Event: 10298.104 loading class com/vaadin/data/util/BeanItemContainer$1 done
Event: 10298.113 loading class com/vaadin/util/SerializerHelper
Event: 10298.113 loading class com/vaadin/util/SerializerHelper done
Event: 10298.153 Thread 0x000000001a30e800 Uncommon trap: trap_request=0xffffffad fr.pc=0x0000000003bf41a4
Event: 10298.153 Thread 0x000000001a30e800 DEOPT PACKING pc=0x0000000003bf41a4 sp=0x000000002ab58310
Event: 10298.153 Thread 0x000000001a30e800 DEOPT UNPACKING pc=0x00000000026e556a sp=0x000000002ab581f8 mode 2


Dynamic libraries:
0x00007ff720f60000 - 0x00007ff720f94000 	C:\Program Files\Java\jdk1.8.0_25\bin\java.exe
0x00007ffa43f30000 - 0x00007ffa440dc000 	C:\WINDOWS\SYSTEM32\ntdll.dll
0x00007ffa42130000 - 0x00007ffa4226e000 	C:\WINDOWS\system32\KERNEL32.DLL
0x00007ffa41330000 - 0x00007ffa41445000 	C:\WINDOWS\system32\KERNELBASE.dll
0x00007ffa3fa60000 - 0x00007ffa3faee000 	C:\WINDOWS\system32\apphelp.dll
0x00007ffa202b0000 - 0x00007ffa20303000 	C:\WINDOWS\AppPatch\AppPatch64\AcGenral.DLL
0x00007ffa41610000 - 0x00007ffa416ba000 	C:\WINDOWS\system32\msvcrt.dll
0x00007ffa40e50000 - 0x00007ffa40e7e000 	C:\WINDOWS\SYSTEM32\SspiCli.dll
0x00007ffa43cd0000 - 0x00007ffa43d24000 	C:\WINDOWS\system32\SHLWAPI.dll
0x00007ffa416c0000 - 0x00007ffa41837000 	C:\WINDOWS\system32\USER32.dll
0x00007ffa43d30000 - 0x00007ffa43ec4000 	C:\WINDOWS\system32\ole32.dll
0x00007ffa427b0000 - 0x00007ffa43cc8000 	C:\WINDOWS\system32\SHELL32.dll
0x00007ffa40620000 - 0x00007ffa40641000 	C:\WINDOWS\SYSTEM32\USERENV.dll
0x00007ffa42270000 - 0x00007ffa4231a000 	C:\WINDOWS\system32\ADVAPI32.dll
0x00007ffa38780000 - 0x00007ffa3879e000 	C:\WINDOWS\SYSTEM32\MPR.dll
0x00007ffa42480000 - 0x00007ffa425c1000 	C:\WINDOWS\system32\RPCRT4.dll
0x00007ffa415b0000 - 0x00007ffa41609000 	C:\WINDOWS\SYSTEM32\sechost.dll
0x00007ffa41840000 - 0x00007ffa41a51000 	C:\WINDOWS\SYSTEM32\combase.dll
0x00007ffa42320000 - 0x00007ffa42471000 	C:\WINDOWS\system32\GDI32.dll
0x00007ffa41080000 - 0x00007ffa41095000 	C:\WINDOWS\SYSTEM32\profapi.dll
0x00007ffa3f390000 - 0x00007ffa3f442000 	C:\WINDOWS\SYSTEM32\SHCORE.dll
0x00007ffa41a70000 - 0x00007ffa41aa6000 	C:\WINDOWS\system32\IMM32.DLL
0x00007ffa41b90000 - 0x00007ffa41ce1000 	C:\WINDOWS\system32\MSCTF.dll
0x00007ffa3ec80000 - 0x00007ffa3eefb000 	C:\WINDOWS\WinSxS\amd64_microsoft.windows.common-controls_6595b64144ccf1df_6.0.9600.17415_none_6240486fecbd8abb\COMCTL32.dll
0x0000000073390000 - 0x0000000073462000 	C:\Program Files\Java\jdk1.8.0_25\jre\bin\msvcr100.dll
0x0000000072b30000 - 0x000000007338a000 	C:\Program Files\Java\jdk1.8.0_25\jre\bin\server\jvm.dll
0x00007ffa38610000 - 0x00007ffa38619000 	C:\WINDOWS\SYSTEM32\WSOCK32.dll
0x00007ffa3b7c0000 - 0x00007ffa3b7e2000 	C:\WINDOWS\SYSTEM32\WINMM.dll
0x00007ffa41ab0000 - 0x00007ffa41ab7000 	C:\WINDOWS\system32\PSAPI.DLL
0x00007ffa42060000 - 0x00007ffa420ba000 	C:\WINDOWS\system32\WS2_32.dll
0x00007ffa3b790000 - 0x00007ffa3b7ba000 	C:\WINDOWS\SYSTEM32\WINMMBASE.dll
0x00007ffa41db0000 - 0x00007ffa41db9000 	C:\WINDOWS\system32\NSI.dll
0x00007ffa41500000 - 0x00007ffa4154f000 	C:\WINDOWS\SYSTEM32\cfgmgr32.dll
0x00007ffa3fe70000 - 0x00007ffa3fe98000 	C:\WINDOWS\SYSTEM32\DEVOBJ.dll
0x0000000072b20000 - 0x0000000072b2f000 	C:\Program Files\Java\jdk1.8.0_25\jre\bin\verify.dll
0x0000000072af0000 - 0x0000000072b18000 	C:\Program Files\Java\jdk1.8.0_25\jre\bin\java.dll
0x0000000072ac0000 - 0x0000000072ae3000 	C:\Program Files\Java\jdk1.8.0_25\jre\bin\instrument.dll
0x0000000072aa0000 - 0x0000000072ab6000 	C:\Program Files\Java\jdk1.8.0_25\jre\bin\zip.dll
0x00007ffa408f0000 - 0x00007ffa40910000 	C:\WINDOWS\SYSTEM32\CRYPTSP.dll
0x00007ffa40510000 - 0x00007ffa40546000 	C:\WINDOWS\system32\rsaenh.dll
0x00007ffa40b40000 - 0x00007ffa40b66000 	C:\WINDOWS\SYSTEM32\bcrypt.dll
0x00007ffa40e80000 - 0x00007ffa40ee3000 	C:\WINDOWS\system32\bcryptprimitives.dll
0x00007ffa40ef0000 - 0x00007ffa40efb000 	C:\WINDOWS\SYSTEM32\CRYPTBASE.dll
0x0000000072a80000 - 0x0000000072a9a000 	C:\Program Files\Java\jdk1.8.0_25\jre\bin\net.dll
0x00007ffa40890000 - 0x00007ffa408e9000 	C:\WINDOWS\system32\mswsock.dll
0x00007ffa3c150000 - 0x00007ffa3c17a000 	C:\WINDOWS\SYSTEM32\IPHLPAPI.DLL
0x00007ffa3c130000 - 0x00007ffa3c13a000 	C:\WINDOWS\SYSTEM32\WINNSI.DLL
0x00007ffa3bd60000 - 0x00007ffa3bd76000 	C:\WINDOWS\SYSTEM32\dhcpcsvc6.DLL
0x00007ffa3bf60000 - 0x00007ffa3bf7a000 	C:\WINDOWS\SYSTEM32\dhcpcsvc.DLL
0x0000000072a60000 - 0x0000000072a71000 	C:\Program Files\Java\jdk1.8.0_25\jre\bin\nio.dll
0x00007ffa3e3f0000 - 0x00007ffa3e3fa000 	C:\Users\Willy\AppData\Local\Temp\jansi-64-6163496360638655029.dll
0x0000000072a10000 - 0x0000000072a1d000 	C:\Program Files\Java\jdk1.8.0_25\jre\bin\management.dll
0x00007ffa40690000 - 0x00007ffa40734000 	C:\WINDOWS\SYSTEM32\DNSAPI.dll
0x00007ffa372f0000 - 0x00007ffa372fa000 	C:\Windows\System32\rasadhlp.dll
0x00007ffa3bd80000 - 0x00007ffa3bdeb000 	C:\WINDOWS\System32\fwpuclnt.dll
0x00007ffa38b50000 - 0x00007ffa38b65000 	C:\WINDOWS\system32\napinsp.dll
0x00007ffa37300000 - 0x00007ffa3731a000 	C:\WINDOWS\system32\pnrpnsp.dll
0x00007ffa3e6e0000 - 0x00007ffa3e6fb000 	C:\WINDOWS\system32\NLAapi.dll
0x00007ffa38ba0000 - 0x00007ffa38bad000 	C:\WINDOWS\System32\winrnr.dll
0x00007ffa36dc0000 - 0x00007ffa36dd4000 	C:\WINDOWS\system32\wshbth.dll
0x00007ffa29960000 - 0x00007ffa29aea000 	C:\WINDOWS\SYSTEM32\dbghelp.dll

VM Arguments:
jvm_args: -Dfile.encoding=UTF-8 -Xmx768M -Xms64M -Dgrails.fork.parent.process.port=64130 -Dgrails.fork.active=true -Dgrails.build.execution.context=C:\Users\Willy\AppData\Local\Temp\latihan599769467747124876grails-execution-context -Dgrails.home=C:\grails-2.4.4 -javaagent:C:\grails-2.4.4\lib\org.springframework\springloaded\jars\springloaded-1.2.1.RELEASE.jar -Xverify:none -Dspringloaded.synchronize=true -Djdk.reflect.allowGetCallerClass=true -Dspringloaded=profile=grails;cacheDir=C:\Users\Willy\.grails\2.4.4 
java_command: org.grails.plugins.tomcat.fork.ForkedTomcatServer
java_class_path (initial): C:\Program Files\Java\jdk1.8.0_25\lib\tools.jar;C:\grails-2.4.4\lib\org.codehaus.groovy\groovy-all\jars\groovy-all-2.3.7.jar;C:\grails-2.4.4\lib\org.slf4j\jcl-over-slf4j\jars\jcl-over-slf4j-1.7.5.jar;C:\grails-2.4.4\lib\org.codehaus.gant\gant_groovy1.8\jars\gant_groovy1.8-1.9.6.jar;C:\grails-2.4.4\lib\org.apache.tomcat.embed\tomcat-embed-logging-log4j\jars\tomcat-embed-logging-log4j-7.0.50.jar;C:\grails-2.4.4\dist\grails-plugin-log4j-2.4.4.jar;C:\grails-2.4.4\lib\log4j\log4j\jars\log4j-1.2.17.jar;C:\grails-2.4.4\dist\grails-bootstrap-2.4.4.jar;C:\grails-2.4.4\lib\org.slf4j\slf4j-api\jars\slf4j-api-1.7.5.jar;C:\grails-2.4.4\lib\jline\jline\jars\jline-2.12.jar;C:\grails-2.4.4\lib\org.apache.ant\ant\jars\ant-1.8.4.jar;C:\grails-2.4.4\lib\org.apache.ant\ant-launcher\jars\ant-launcher-1.8.4.jar;C:\grails-2.4.4\lib\org.apache.ant\ant-trax\jars\ant-trax-1.7.1.jar;C:\grails-2.4.4\lib\org.apache.ant\ant-junit\jars\ant-junit-1.8.4.jar;C:\grails-2.4.4\lib\org.apache.ivy\ivy\jars\ivy-2.3.0.jar;C:\grails-2.4.4\lib\org.fusesource.jansi\jansi\jars\jansi-1.11.jar;C:\Users\Willy\.m2\repository\org\apache\tomcat\tomcat-catalina-ant\7.0.55\tomcat-catalina-ant-7.0.55.jar;C:\Users\Willy\.m2\repository\org\apache\tomcat\embed\tomcat-embed-jasper\7.0.55\tomcat-embed-jasper-7.0.55.jar;C:\Users\Willy\.m2\repository\org\apache\tomcat\embed\tomcat-embed-el\7.0.55\tomcat-embed-el-7.0.55.jar;C:\Users\Willy\.m2\repository\org\apache\tomcat\embed\tomcat-embed-logging-log4j\7.0.55\tomcat-embed-logging-log4j-7.0.55.jar;C:\Users\Willy\.m2\repository\org\apache\tomcat\embed\tomcat-embed-websocket\7.0.55\tomcat-embed-websocket-7.0.55.jar;C:\Users\Willy\.m2\repository\org\apache\tomcat\embed\tomcat-embed-core\7.0.55\tomcat-embed-core-7.0.55.jar;C:\Users\Willy\.m2\repository\org\eclipse\jdt\core\compiler\ecj\3.7.2\ecj-3.7.2.jar;C:\Users\Willy\workspace\latihan\target\work\plugins\tomcat-7.0.55\grails-plugin-tomcat-7.0.55.jar;;C:\grails-2.4.4\lib\org.springframework\springloa
Launcher Type: SUN_STANDARD

Environment Variables:
JAVA_HOME=C:\Program Files\Java\jdk1.8.0_25
PATH=C:\ProgramData\Oracle\Java\javapath;C:\Program Files (x86)\Intel\iCLS Client\;C:\Program Files\Intel\iCLS Client\;C:\Program Files\Broadcom\Broadcom 802.11 Network Adapter;C:\WINDOWS\system32;C:\WINDOWS;C:\WINDOWS\System32\Wbem;C:\WINDOWS\System32\WindowsPowerShell\v1.0\;C:\Program Files\Intel\Intel(R) Management Engine Components\DAL;C:\Program Files\Intel\Intel(R) Management Engine Components\IPT;C:\Program Files (x86)\Intel\Intel(R) Management Engine Components\DAL;C:\Program Files (x86)\Intel\Intel(R) Management Engine Components\IPT;C:\Program Files\WIDCOMM\Bluetooth Software\;C:\Program Files\WIDCOMM\Bluetooth Software\syswow64;C:\Program Files (x86)\Intel\OpenCL SDK\2.0\bin\x86;C:\Program Files (x86)\Intel\OpenCL SDK\2.0\bin\x64;C:\Program Files\Sony\VAIO Improvement;C:\Program Files (x86)\Sony\VAIO BIOS Data Transfer Utility\;C:\Program Files (x86)\Sony\VAIO Startup Setting Tool;C:\Program Files\Microsoft SQL Server\110\Tools\Binn\;C:\Program Files\TortoiseSVN\bin;C:\Program Files (x86)\Microsoft ASP.NET\ASP.NET Web Pages\v1.0\;C:\Program Files (x86)\Windows Kits\8.0\Windows Performance Toolkit\;c:\Program Files (x86)\Microsoft SQL Server\110\Tools\Binn\;c:\Program Files\Microsoft SQL Server\110\DTS\Binn\;C:\Program Files (x86)\Microsoft SQL Server\110\Tools\Binn\ManagementStudio\;C:\Program Files (x86)\Microsoft SQL Server\110\DTS\Binn\;C:\Program Files\TortoiseGit\bin;C:\Program Files\Microsoft\Web Platform Installer\
USERNAME=Willy
OS=Windows_NT
PROCESSOR_IDENTIFIER=Intel64 Family 6 Model 58 Stepping 9, GenuineIntel



---------------  S Y S T E M  ---------------

OS: Windows 8.1 , 64 bit Build 9600 

CPU:total 4 (2 cores per cpu, 2 threads per core) family 6 model 58 stepping 9, cmov, cx8, fxsr, mmx, sse, sse2, sse3, ssse3, sse4.1, sse4.2, popcnt, avx, clmul, erms, ht, tsc, tscinvbit, tscinv

Memory: 4k page, physical 12458804k(6639340k free), swap 14359348k(6577364k free)

vm_info: Java HotSpot(TM) 64-Bit Server VM (25.25-b02) for windows-amd64 JRE (1.8.0_25-b18), built on Oct  7 2014 14:25:37 by "java_re" with MS VC++ 10.0 (VS2010)

time: Fri Mar 27 12:53:33 2015
elapsed time: 10298 seconds (0d 2h 51m 38s)

