#
# A fatal error has been detected by the Java Runtime Environment:
#
#  EXCEPTION_ACCESS_VIOLATION (0xc0000005) at pc=0x00000000039282aa, pid=4308, tid=8472
#
# JRE version: Java(TM) SE Runtime Environment (8.0_25-b18) (build 1.8.0_25-b18)
# Java VM: Java HotSpot(TM) 64-Bit Server VM (25.25-b02 mixed mode windows-amd64 compressed oops)
# Problematic frame:
# J 11076 C1 java.io.ObjectStreamClass$FieldReflector.getObjFieldValues(Ljava/lang/Object;[Ljava/lang/Object;)V (99 bytes) @ 0x00000000039282aa [0x0000000003928180+0x12a]
#
# Failed to write core dump. Minidumps are not enabled by default on client versions of Windows
#
# If you would like to submit a bug report, please visit:
#   http://bugreport.sun.com/bugreport/crash.jsp
#

---------------  T H R E A D  ---------------

Current thread (0x000000001a3fd800):  JavaThread "localhost-startStop-2" daemon [_thread_in_Java, id=8472, stack(0x000000002b880000,0x000000002b980000)]

siginfo: ExceptionCode=0xc0000005, reading address 0x000000002001aa30

Registers:
RAX=0x000000002001aa28, RBX=0x0000000000000060, RCX=0x00000000f4831218, RDX=0x00000000f48199a8
RSP=0x000000002b977ae0, RBP=0x000000002b977c78, RSI=0x0000000000000000, RDI=0x000000010000f280
R8 =0x00000000f25a7ad8, R9 =0x00000000f4831208, R10=0x00000001001198c8, R11=0x00000000f480a7c8
R12=0x0000000000000000, R13=0x00000000f3e734b8, R14=0x000000002b977cc8, R15=0x000000001a3fd800
RIP=0x00000000039282aa, EFLAGS=0x0000000000010202

Top of Stack: (sp=0x000000002b977ae0)
0x000000002b977ae0:   0000000000000038 00000000f47f8178
0x000000002b977af0:   00000000f25a7ad8 00000000f4013e58
0x000000002b977b00:   00000000f3e75330 00000000f4013e58
0x000000002b977b10:   000000001a3fd800 0000000000000000
0x000000002b977b20:   000000002b977b88 00000000020477b0
0x000000002b977b30:   000000002b977c78 0000000003561b44
0x000000002b977b40:   00000000f48310c0 000000002b977b48
0x000000002b977b50:   00000000168e2a6a 000000002b977bd8
0x000000002b977b60:   00000000168e6038 0000000017de3e98
0x000000002b977b70:   00000000168e2ab0 0000000000000000
0x000000002b977b80:   000000002b977be0 000000002b977c78
0x000000002b977b90:   000000000254ba44 00000000fdb21948
0x000000002b977ba0:   00000000fdb21948 00000000f25a7ad8
0x000000002b977bb0:   00000000f47f8178 00000000f3e734b8
0x000000002b977bc0:   0000000100000000 00000000f4831208
0x000000002b977bd0:   0000000000000000 00000000f480a7c8 

Instructions: (pc=0x00000000039282aa)
0x000000000392828a:   bb 10 11 99 2b 00 00 00 00 81 8b c0 01 00 00 00
0x000000000392829a:   01 00 00 e9 e7 00 00 00 41 8b 79 08 48 c1 e7 03
0x00000000039282aa:   8b 58 08 48 c1 e3 03 48 8b bf f0 00 00 00 48 3b
0x00000000039282ba:   df 0f 84 2a 00 00 00 44 8b 5f 0c 4a 3b 3c 1b 0f 


Register to memory mapping:

RAX=0x000000002001aa28 is an unknown value
RBX=0x0000000000000060 is an unknown value
RCX=0x00000000f4831218 is an oop

[error occurred during error reporting (printing register info), id 0xc0000005]

Stack: [0x000000002b880000,0x000000002b980000],  sp=0x000000002b977ae0,  free space=990k
Native frames: (J=compiled Java code, j=interpreted, Vv=VM code, C=native code)
C  0x00000000039282aa


---------------  P R O C E S S  ---------------

Java Threads: ( => current thread )
=>0x000000001a3fd800 JavaThread "localhost-startStop-2" daemon [_thread_in_Java, id=8472, stack(0x000000002b880000,0x000000002b980000)]
  0x000000001a3fc000 JavaThread "Tomcat-startStop-2" daemon [_thread_blocked, id=7264, stack(0x000000002a750000,0x000000002a850000)]
  0x000000001a3f6000 JavaThread "http-bio-8080-exec-10" daemon [_thread_in_native, id=8992, stack(0x000000002af50000,0x000000002b050000)]
  0x000000001a3f3800 JavaThread "http-bio-8080-exec-9" daemon [_thread_blocked, id=6924, stack(0x000000002ae50000,0x000000002af50000)]
  0x000000001a3f5000 JavaThread "http-bio-8080-exec-8" daemon [_thread_blocked, id=8132, stack(0x000000002a250000,0x000000002a350000)]
  0x000000001a3f0000 JavaThread "http-bio-8080-exec-7" daemon [_thread_blocked, id=2904, stack(0x000000001ff10000,0x0000000020010000)]
  0x000000001a3ef000 JavaThread "http-bio-8080-exec-6" daemon [_thread_blocked, id=4128, stack(0x000000001fe10000,0x000000001ff10000)]
  0x000000001a3f0800 JavaThread "http-bio-8080-exec-5" daemon [_thread_in_native, id=6100, stack(0x000000001dcb0000,0x000000001ddb0000)]
  0x000000001a3f1800 JavaThread "http-bio-8080-exec-4" daemon [_thread_blocked, id=2944, stack(0x000000001ae50000,0x000000001af50000)]
  0x0000000018872000 JavaThread "Thread-10" daemon [_thread_in_native, id=4196, stack(0x000000001c450000,0x000000001c550000)]
  0x000000001886e800 JavaThread "http-bio-8080-exec-3" daemon [_thread_blocked, id=564, stack(0x000000002ad50000,0x000000002ae50000)]
  0x0000000018871800 JavaThread "DestroyJavaVM" [_thread_blocked, id=9872, stack(0x0000000001c70000,0x0000000001d70000)]
  0x000000001886d800 JavaThread "Thread-8" [_thread_blocked, id=8748, stack(0x000000002ac50000,0x000000002ad50000)]
  0x0000000018870800 JavaThread "http-bio-8080-exec-2" daemon [_thread_blocked, id=6380, stack(0x000000002ab50000,0x000000002ac50000)]
  0x000000001886d000 JavaThread "http-bio-8080-exec-1" daemon [_thread_in_native, id=5044, stack(0x000000002aa50000,0x000000002ab50000)]
  0x0000000018870000 JavaThread "http-bio-8080-AsyncTimeout" daemon [_thread_blocked, id=96, stack(0x000000002a950000,0x000000002aa50000)]
  0x000000001886c000 JavaThread "http-bio-8080-Acceptor-0" daemon [_thread_blocked, id=1820, stack(0x000000002a850000,0x000000002a950000)]
  0x00000000172b2800 JavaThread "FileSystemWatcher: files=#206 cl=groovy.lang.GroovyClassLoader@3e7dd664" daemon [_thread_blocked, id=6952, stack(0x000000001b150000,0x000000001b250000)]
  0x0000000015d1c800 JavaThread "Thread-3" [_thread_blocked, id=6052, stack(0x000000001aa50000,0x000000001ab50000)]
  0x00000000171a4000 JavaThread "Thread-2" [_thread_blocked, id=10144, stack(0x0000000018fa0000,0x00000000190a0000)]
  0x000000001604d800 JavaThread "NonBlockingInputStreamThread" daemon [_thread_blocked, id=4812, stack(0x0000000016d00000,0x0000000016e00000)]
  0x00000000155e9000 JavaThread "Service Thread" daemon [_thread_blocked, id=8884, stack(0x0000000015a30000,0x0000000015b30000)]
  0x000000001548b000 JavaThread "C1 CompilerThread2" daemon [_thread_blocked, id=4816, stack(0x0000000015930000,0x0000000015a30000)]
  0x000000001548f800 JavaThread "C2 CompilerThread1" daemon [_thread_blocked, id=1392, stack(0x0000000015830000,0x0000000015930000)]
  0x0000000015499000 JavaThread "C2 CompilerThread0" daemon [_thread_blocked, id=9024, stack(0x0000000015730000,0x0000000015830000)]
  0x0000000013dae800 JavaThread "Attach Listener" daemon [_thread_blocked, id=5324, stack(0x0000000015230000,0x0000000015330000)]
  0x0000000013dad800 JavaThread "Signal Dispatcher" daemon [_thread_blocked, id=2772, stack(0x0000000015130000,0x0000000015230000)]
  0x0000000002037800 JavaThread "Finalizer" daemon [_thread_blocked, id=784, stack(0x0000000015030000,0x0000000015130000)]
  0x000000000202c800 JavaThread "Reference Handler" daemon [_thread_blocked, id=8464, stack(0x0000000014f30000,0x0000000015030000)]

Other Threads:
  0x0000000013d75800 VMThread [stack: 0x0000000014e30000,0x0000000014f30000] [id=7616]
  0x00000000155ed000 WatcherThread [stack: 0x0000000015b30000,0x0000000015c30000] [id=6416]

VM state:not at safepoint (normal execution)

VM Mutex/Monitor currently owned by a thread: None

Heap:
 PSYoungGen      total 218624K, used 96650K [0x00000000f0000000, 0x00000000ffb80000, 0x0000000100000000)
  eden space 181760K, 40% used [0x00000000f0000000,0x00000000f4863e98,0x00000000fb180000)
  from space 36864K, 61% used [0x00000000fd780000,0x00000000fed7eac0,0x00000000ffb80000)
  to   space 37888K, 0% used [0x00000000fb180000,0x00000000fb180000,0x00000000fd680000)
 ParOldGen       total 184320K, used 123639K [0x00000000d0000000, 0x00000000db400000, 0x00000000f0000000)
  object space 184320K, 67% used [0x00000000d0000000,0x00000000d78bdc98,0x00000000db400000)
 Metaspace       used 83517K, capacity 86798K, committed 86988K, reserved 1126400K
  class space    used 9410K, capacity 10365K, committed 10444K, reserved 1048576K

Card table byte_map: [0x0000000011400000,0x0000000011590000] byte_map_base: 0x0000000010d80000

Marking Bits: (ParMarkBitMap*) 0x000000007330d490
 Begin Bits: [0x0000000011a90000, 0x0000000012690000)
 End Bits:   [0x0000000012690000, 0x0000000013290000)

Polling page: 0x0000000000410000

CodeCache: size=245760Kb used=32746Kb max_used=32754Kb free=213014Kb
 bounds [0x0000000002040000, 0x0000000004070000, 0x0000000011040000]
 total_blobs=9513 nmethods=8739 adapters=686
 compilation: enabled

Compilation events (10 events):
Event: 535.265 Thread 0x000000001548b000 nmethod 11089 0x0000000002c388d0 code [0x0000000002c38a80, 0x0000000002c38ff8]
Event: 535.265 Thread 0x000000001548b000 11090       3       sun.reflect.ClassDefiner$1::run (12 bytes)
Event: 535.266 Thread 0x000000001548b000 nmethod 11090 0x0000000002705610 code [0x00000000027057c0, 0x0000000002705c58]
Event: 535.266 Thread 0x000000001548b000 11091       3       sun.security.provider.ByteArrayAccess::i2bBig4 (111 bytes)
Event: 535.266 Thread 0x000000001548f800 11092       4       java.io.DataOutputStream::writeUTF (7 bytes)
Event: 535.266 Thread 0x000000001548b000 nmethod 11091 0x000000000404a790 code [0x000000000404a900, 0x000000000404abe8]
Event: 535.267 Thread 0x000000001548f800 nmethod 11092 0x0000000002bbf450 code [0x0000000002bbf5a0, 0x0000000002bbf628]
Event: 535.270 Thread 0x000000001548b000 11093       3       java.lang.reflect.InvocationTargetException::<init> (14 bytes)
Event: 535.271 Thread 0x000000001548b000 nmethod 11093 0x000000000404a250 code [0x000000000404a3c0, 0x000000000404a648]
Event: 535.278 Thread 0x000000001548b000 11094       3       java.util.Collections::swap (25 bytes)

GC Heap History (10 events):
Event: 200.706 GC heap before
{Heap before GC invocations=62 (full 4):
 PSYoungGen      total 218112K, used 202640K [0x00000000f0000000, 0x0000000100000000, 0x0000000100000000)
  eden space 175616K, 100% used [0x00000000f0000000,0x00000000fab80000,0x00000000fab80000)
  from space 42496K, 63% used [0x00000000fab80000,0x00000000fc5e42b0,0x00000000fd500000)
  to   space 43008K, 0% used [0x00000000fd600000,0x00000000fd600000,0x0000000100000000)
 ParOldGen       total 184320K, used 119220K [0x00000000d0000000, 0x00000000db400000, 0x00000000f0000000)
  object space 184320K, 64% used [0x00000000d0000000,0x00000000d746d3d0,0x00000000db400000)
 Metaspace       used 81018K, capacity 83752K, committed 84044K, reserved 1124352K
  class space    used 9209K, capacity 10015K, committed 10060K, reserved 1048576K
Event: 200.741 GC heap after
Heap after GC invocations=62 (full 4):
 PSYoungGen      total 218112K, used 24644K [0x00000000f0000000, 0x00000000ffe80000, 0x0000000100000000)
  eden space 176640K, 0% used [0x00000000f0000000,0x00000000f0000000,0x00000000fac80000)
  from space 41472K, 59% used [0x00000000fd600000,0x00000000fee11018,0x00000000ffe80000)
  to   space 41984K, 0% used [0x00000000fac80000,0x00000000fac80000,0x00000000fd580000)
 ParOldGen       total 184320K, used 119228K [0x00000000d0000000, 0x00000000db400000, 0x00000000f0000000)
  object space 184320K, 64% used [0x00000000d0000000,0x00000000d746f3d0,0x00000000db400000)
 Metaspace       used 81018K, capacity 83752K, committed 84044K, reserved 1124352K
  class space    used 9209K, capacity 10015K, committed 10060K, reserved 1048576K
}
Event: 223.680 GC heap before
{Heap before GC invocations=63 (full 4):
 PSYoungGen      total 218112K, used 201284K [0x00000000f0000000, 0x00000000ffe80000, 0x0000000100000000)
  eden space 176640K, 100% used [0x00000000f0000000,0x00000000fac80000,0x00000000fac80000)
  from space 41472K, 59% used [0x00000000fd600000,0x00000000fee11018,0x00000000ffe80000)
  to   space 41984K, 0% used [0x00000000fac80000,0x00000000fac80000,0x00000000fd580000)
 ParOldGen       total 184320K, used 119228K [0x00000000d0000000, 0x00000000db400000, 0x00000000f0000000)
  object space 184320K, 64% used [0x00000000d0000000,0x00000000d746f3d0,0x00000000db400000)
 Metaspace       used 81484K, capacity 84328K, committed 84428K, reserved 1124352K
  class space    used 9246K, capacity 10088K, committed 10188K, reserved 1048576K
Event: 223.751 GC heap after
Heap after GC invocations=63 (full 4):
 PSYoungGen      total 218624K, used 27086K [0x00000000f0000000, 0x0000000100000000, 0x0000000100000000)
  eden space 176640K, 0% used [0x00000000f0000000,0x00000000f0000000,0x00000000fac80000)
  from space 41984K, 64% used [0x00000000fac80000,0x00000000fc6f38f0,0x00000000fd580000)
  to   space 41984K, 0% used [0x00000000fd700000,0x00000000fd700000,0x0000000100000000)
 ParOldGen       total 184320K, used 119753K [0x00000000d0000000, 0x00000000db400000, 0x00000000f0000000)
  object space 184320K, 64% used [0x00000000d0000000,0x00000000d74f24d8,0x00000000db400000)
 Metaspace       used 81484K, capacity 84328K, committed 84428K, reserved 1124352K
  class space    used 9246K, capacity 10088K, committed 10188K, reserved 1048576K
}
Event: 228.457 GC heap before
{Heap before GC invocations=64 (full 4):
 PSYoungGen      total 218624K, used 194263K [0x00000000f0000000, 0x0000000100000000, 0x0000000100000000)
  eden space 176640K, 94% used [0x00000000f0000000,0x00000000fa3423b8,0x00000000fac80000)
  from space 41984K, 64% used [0x00000000fac80000,0x00000000fc6f38f0,0x00000000fd580000)
  to   space 41984K, 0% used [0x00000000fd700000,0x00000000fd700000,0x0000000100000000)
 ParOldGen       total 184320K, used 119753K [0x00000000d0000000, 0x00000000db400000, 0x00000000f0000000)
  object space 184320K, 64% used [0x00000000d0000000,0x00000000d74f24d8,0x00000000db400000)
 Metaspace       used 82061K, capacity 84978K, committed 85196K, reserved 1124352K
  class space    used 9280K, capacity 10111K, committed 10188K, reserved 1048576K
Event: 228.499 GC heap after
Heap after GC invocations=64 (full 4):
 PSYoungGen      total 218112K, used 24109K [0x00000000f0000000, 0x00000000ffe00000, 0x0000000100000000)
  eden space 178176K, 0% used [0x00000000f0000000,0x00000000f0000000,0x00000000fae00000)
  from space 39936K, 60% used [0x00000000fd700000,0x00000000fee8b420,0x00000000ffe00000)
  to   space 40960K, 0% used [0x00000000fae00000,0x00000000fae00000,0x00000000fd600000)
 ParOldGen       total 184320K, used 121399K [0x00000000d0000000, 0x00000000db400000, 0x00000000f0000000)
  object space 184320K, 65% used [0x00000000d0000000,0x00000000d768dc08,0x00000000db400000)
 Metaspace       used 82061K, capacity 84978K, committed 85196K, reserved 1124352K
  class space    used 9280K, capacity 10111K, committed 10188K, reserved 1048576K
}
Event: 502.700 GC heap before
{Heap before GC invocations=65 (full 4):
 PSYoungGen      total 218112K, used 202285K [0x00000000f0000000, 0x00000000ffe00000, 0x0000000100000000)
  eden space 178176K, 100% used [0x00000000f0000000,0x00000000fae00000,0x00000000fae00000)
  from space 39936K, 60% used [0x00000000fd700000,0x00000000fee8b420,0x00000000ffe00000)
  to   space 40960K, 0% used [0x00000000fae00000,0x00000000fae00000,0x00000000fd600000)
 ParOldGen       total 184320K, used 121399K [0x00000000d0000000, 0x00000000db400000, 0x00000000f0000000)
  object space 184320K, 65% used [0x00000000d0000000,0x00000000d768dc08,0x00000000db400000)
 Metaspace       used 82288K, capacity 85160K, committed 85452K, reserved 1124352K
  class space    used 9290K, capacity 10122K, committed 10188K, reserved 1048576K
Event: 502.741 GC heap after
Heap after GC invocations=65 (full 4):
 PSYoungGen      total 219136K, used 24073K [0x00000000f0000000, 0x00000000ffe00000, 0x0000000100000000)
  eden space 178176K, 0% used [0x00000000f0000000,0x00000000f0000000,0x00000000fae00000)
  from space 40960K, 58% used [0x00000000fae00000,0x00000000fc5825c0,0x00000000fd600000)
  to   space 39424K, 0% used [0x00000000fd780000,0x00000000fd780000,0x00000000ffe00000)
 ParOldGen       total 184320K, used 122911K [0x00000000d0000000, 0x00000000db400000, 0x00000000f0000000)
  object space 184320K, 66% used [0x00000000d0000000,0x00000000d7807c88,0x00000000db400000)
 Metaspace       used 82288K, capacity 85160K, committed 85452K, reserved 1124352K
  class space    used 9290K, capacity 10122K, committed 10188K, reserved 1048576K
}
Event: 504.458 GC heap before
{Heap before GC invocations=66 (full 4):
 PSYoungGen      total 219136K, used 202249K [0x00000000f0000000, 0x00000000ffe00000, 0x0000000100000000)
  eden space 178176K, 100% used [0x00000000f0000000,0x00000000fae00000,0x00000000fae00000)
  from space 40960K, 58% used [0x00000000fae00000,0x00000000fc5825c0,0x00000000fd600000)
  to   space 39424K, 0% used [0x00000000fd780000,0x00000000fd780000,0x00000000ffe00000)
 ParOldGen       total 184320K, used 122911K [0x00000000d0000000, 0x00000000db400000, 0x00000000f0000000)
  object space 184320K, 66% used [0x00000000d0000000,0x00000000d7807c88,0x00000000db400000)
 Metaspace       used 82645K, capacity 85602K, committed 85708K, reserved 1124352K
  class space    used 9311K, capacity 10169K, committed 10188K, reserved 1048576K
Event: 504.502 GC heap after
Heap after GC invocations=66 (full 4):
 PSYoungGen      total 218624K, used 22522K [0x00000000f0000000, 0x00000000ffb80000, 0x0000000100000000)
  eden space 181760K, 0% used [0x00000000f0000000,0x00000000f0000000,0x00000000fb180000)
  from space 36864K, 61% used [0x00000000fd780000,0x00000000fed7eac0,0x00000000ffb80000)
  to   space 37888K, 0% used [0x00000000fb180000,0x00000000fb180000,0x00000000fd680000)
 ParOldGen       total 184320K, used 123639K [0x00000000d0000000, 0x00000000db400000, 0x00000000f0000000)
  object space 184320K, 67% used [0x00000000d0000000,0x00000000d78bdc98,0x00000000db400000)
 Metaspace       used 82645K, capacity 85602K, committed 85708K, reserved 1124352K
  class space    used 9311K, capacity 10169K, committed 10188K, reserved 1048576K
}

Deoptimization events (10 events):
Event: 228.384 Thread 0x000000001886d000 Uncommon trap: reason=unreached action=reinterpret pc=0x00000000028320d4 method=java.util.concurrent.locks.ReentrantReadWriteLock$Sync.tryReleaseShared(I)Z @ 9
Event: 508.072 Thread 0x000000001a3f6000 Uncommon trap: reason=unreached action=reinterpret pc=0x0000000003ea1210 method=java.util.concurrent.locks.ReentrantReadWriteLock$Sync.tryAcquireShared(I)I @ 105
Event: 508.072 Thread 0x000000001a3f0800 Uncommon trap: reason=unreached action=reinterpret pc=0x0000000003ea11ec method=java.util.concurrent.locks.ReentrantReadWriteLock$Sync.tryAcquireShared(I)I @ 105
Event: 534.842 Thread 0x000000001a3fd800 Uncommon trap: reason=bimorphic action=maybe_recompile pc=0x00000000025567d8 method=java.util.Hashtable.put(Ljava/lang/Object;Ljava/lang/Object;)Ljava/lang/Object; @ 60
Event: 534.842 Thread 0x000000001a3fd800 Uncommon trap: reason=bimorphic action=maybe_recompile pc=0x00000000025567d8 method=java.util.Hashtable.put(Ljava/lang/Object;Ljava/lang/Object;)Ljava/lang/Object; @ 60
Event: 535.182 Thread 0x000000001a3fd800 Uncommon trap: reason=predicate action=maybe_recompile pc=0x0000000002dc7810 method=java.util.TimSort.binarySort([Ljava/lang/Object;IIILjava/util/Comparator;)V @ 37
Event: 535.228 Thread 0x000000001a3fd800 Uncommon trap: reason=array_check action=maybe_recompile pc=0x000000000308e2bc method=java.util.TimSort.binarySort([Ljava/lang/Object;IIILjava/util/Comparator;)V @ 215
Event: 535.230 Thread 0x000000001a3fd800 Uncommon trap: reason=array_check action=maybe_recompile pc=0x000000000308e2bc method=java.util.TimSort.binarySort([Ljava/lang/Object;IIILjava/util/Comparator;)V @ 215
Event: 535.236 Thread 0x000000001a3fd800 Uncommon trap: reason=array_check action=maybe_recompile pc=0x000000000308e370 method=java.util.TimSort.binarySort([Ljava/lang/Object;IIILjava/util/Comparator;)V @ 193
Event: 535.243 Thread 0x000000001a3fd800 Uncommon trap: reason=array_check action=maybe_recompile pc=0x000000000308e370 method=java.util.TimSort.binarySort([Ljava/lang/Object;IIILjava/util/Comparator;)V @ 193

Internal exceptions (10 events):
Event: 535.249 Thread 0x000000001a3fd800 Exception <a 'java/lang/NoSuchMethodError': <clinit>> (0x00000000f4742bd0) thrown at [D:\re\workspace\8-2-build-windows-amd64-cygwin\jdk8u25\1677\hotspot\src\share\vm\prims\jni.cpp, line 1603]
Event: 535.250 Thread 0x000000001a3fd800 Exception <a 'java/lang/NoSuchMethodError': <clinit>> (0x00000000f474f6d0) thrown at [D:\re\workspace\8-2-build-windows-amd64-cygwin\jdk8u25\1677\hotspot\src\share\vm\prims\jni.cpp, line 1603]
Event: 535.265 Thread 0x000000001a3fd800 Exception <a 'java/lang/NoSuchMethodError': <clinit>> (0x00000000f47badf0) thrown at [D:\re\workspace\8-2-build-windows-amd64-cygwin\jdk8u25\1677\hotspot\src\share\vm\prims\jni.cpp, line 1603]
Event: 535.266 Thread 0x000000001a3fd800 Exception <a 'java/lang/NoSuchMethodError': <clinit>> (0x00000000f47bdd40) thrown at [D:\re\workspace\8-2-build-windows-amd64-cygwin\jdk8u25\1677\hotspot\src\share\vm\prims\jni.cpp, line 1603]
Event: 535.266 Thread 0x000000001a3fd800 Exception <a 'java/lang/NoSuchMethodError': <clinit>> (0x00000000f47c1268) thrown at [D:\re\workspace\8-2-build-windows-amd64-cygwin\jdk8u25\1677\hotspot\src\share\vm\prims\jni.cpp, line 1603]
Event: 535.267 Thread 0x000000001a3fd800 Exception <a 'java/lang/NoSuchMethodError': <clinit>> (0x00000000f47c4278) thrown at [D:\re\workspace\8-2-build-windows-amd64-cygwin\jdk8u25\1677\hotspot\src\share\vm\prims\jni.cpp, line 1603]
Event: 535.269 Thread 0x000000001a3fd800 Exception <a 'java/lang/NoSuchMethodError': <clinit>> (0x00000000f47d68f8) thrown at [D:\re\workspace\8-2-build-windows-amd64-cygwin\jdk8u25\1677\hotspot\src\share\vm\prims\jni.cpp, line 1603]
Event: 535.270 Thread 0x000000001a3fd800 Exception <a 'java/lang/NoSuchMethodError': <clinit>> (0x00000000f47da948) thrown at [D:\re\workspace\8-2-build-windows-amd64-cygwin\jdk8u25\1677\hotspot\src\share\vm\prims\jni.cpp, line 1603]
Event: 535.273 Thread 0x000000001a3fd800 Exception <a 'java/lang/NoSuchMethodError': <clinit>> (0x00000000f47f6d70) thrown at [D:\re\workspace\8-2-build-windows-amd64-cygwin\jdk8u25\1677\hotspot\src\share\vm\prims\jni.cpp, line 1603]
Event: 535.278 Thread 0x000000001a3fd800 Exception <a 'java/lang/NoSuchMethodError': <clinit>> (0x00000000f482e818) thrown at [D:\re\workspace\8-2-build-windows-amd64-cygwin\jdk8u25\1677\hotspot\src\share\vm\prims\jni.cpp, line 1603]

Events (10 events):
Event: 535.228 Thread 0x000000001a3fd800 DEOPT UNPACKING pc=0x000000000208556a sp=0x000000002b97c1a0 mode 2
Event: 535.230 Thread 0x000000001a3fd800 Uncommon trap: trap_request=0xffffffd6 fr.pc=0x000000000308e2bc
Event: 535.230 Thread 0x000000001a3fd800 DEOPT PACKING pc=0x000000000308e2bc sp=0x000000002b97c200
Event: 535.230 Thread 0x000000001a3fd800 DEOPT UNPACKING pc=0x000000000208556a sp=0x000000002b97c1a0 mode 2
Event: 535.236 Thread 0x000000001a3fd800 Uncommon trap: trap_request=0xffffffd6 fr.pc=0x000000000308e370
Event: 535.236 Thread 0x000000001a3fd800 DEOPT PACKING pc=0x000000000308e370 sp=0x000000002b97c200
Event: 535.236 Thread 0x000000001a3fd800 DEOPT UNPACKING pc=0x000000000208556a sp=0x000000002b97c1a0 mode 2
Event: 535.243 Thread 0x000000001a3fd800 Uncommon trap: trap_request=0xffffffd6 fr.pc=0x000000000308e370
Event: 535.243 Thread 0x000000001a3fd800 DEOPT PACKING pc=0x000000000308e370 sp=0x000000002b97a0a0
Event: 535.243 Thread 0x000000001a3fd800 DEOPT UNPACKING pc=0x000000000208556a sp=0x000000002b97a040 mode 2


Dynamic libraries:
0x00007ff7cc8e0000 - 0x00007ff7cc914000 	C:\Program Files\Java\jdk1.8.0_25\bin\java.exe
0x00007ffa43f30000 - 0x00007ffa440dc000 	C:\WINDOWS\SYSTEM32\ntdll.dll
0x00007ffa42130000 - 0x00007ffa4226e000 	C:\WINDOWS\system32\KERNEL32.DLL
0x00007ffa41330000 - 0x00007ffa41445000 	C:\WINDOWS\system32\KERNELBASE.dll
0x00007ffa3fa60000 - 0x00007ffa3faee000 	C:\WINDOWS\system32\apphelp.dll
0x00007ffa3a840000 - 0x00007ffa3a893000 	C:\WINDOWS\AppPatch\AppPatch64\AcGenral.DLL
0x00007ffa41610000 - 0x00007ffa416ba000 	C:\WINDOWS\system32\msvcrt.dll
0x00007ffa40e50000 - 0x00007ffa40e7e000 	C:\WINDOWS\SYSTEM32\SspiCli.dll
0x00007ffa43cd0000 - 0x00007ffa43d24000 	C:\WINDOWS\system32\SHLWAPI.dll
0x00007ffa416c0000 - 0x00007ffa41837000 	C:\WINDOWS\system32\USER32.dll
0x00007ffa43d30000 - 0x00007ffa43ec4000 	C:\WINDOWS\system32\ole32.dll
0x00007ffa427b0000 - 0x00007ffa43cc8000 	C:\WINDOWS\system32\SHELL32.dll
0x00007ffa40620000 - 0x00007ffa40641000 	C:\WINDOWS\SYSTEM32\USERENV.dll
0x00007ffa42270000 - 0x00007ffa4231a000 	C:\WINDOWS\system32\ADVAPI32.dll
0x00007ffa38780000 - 0x00007ffa3879e000 	C:\WINDOWS\SYSTEM32\MPR.dll
0x00007ffa42480000 - 0x00007ffa425c1000 	C:\WINDOWS\system32\RPCRT4.dll
0x00007ffa415b0000 - 0x00007ffa41609000 	C:\WINDOWS\SYSTEM32\sechost.dll
0x00007ffa41840000 - 0x00007ffa41a51000 	C:\WINDOWS\SYSTEM32\combase.dll
0x00007ffa42320000 - 0x00007ffa42471000 	C:\WINDOWS\system32\GDI32.dll
0x00007ffa41080000 - 0x00007ffa41095000 	C:\WINDOWS\SYSTEM32\profapi.dll
0x00007ffa3f390000 - 0x00007ffa3f442000 	C:\WINDOWS\SYSTEM32\SHCORE.dll
0x00007ffa41a70000 - 0x00007ffa41aa6000 	C:\WINDOWS\system32\IMM32.DLL
0x00007ffa41b90000 - 0x00007ffa41ce1000 	C:\WINDOWS\system32\MSCTF.dll
0x00007ffa3ec80000 - 0x00007ffa3eefb000 	C:\WINDOWS\WinSxS\amd64_microsoft.windows.common-controls_6595b64144ccf1df_6.0.9600.17415_none_6240486fecbd8abb\COMCTL32.dll
0x0000000073390000 - 0x0000000073462000 	C:\Program Files\Java\jdk1.8.0_25\jre\bin\msvcr100.dll
0x0000000072b30000 - 0x000000007338a000 	C:\Program Files\Java\jdk1.8.0_25\jre\bin\server\jvm.dll
0x00007ffa38610000 - 0x00007ffa38619000 	C:\WINDOWS\SYSTEM32\WSOCK32.dll
0x00007ffa3b7c0000 - 0x00007ffa3b7e2000 	C:\WINDOWS\SYSTEM32\WINMM.dll
0x00007ffa41ab0000 - 0x00007ffa41ab7000 	C:\WINDOWS\system32\PSAPI.DLL
0x00007ffa42060000 - 0x00007ffa420ba000 	C:\WINDOWS\system32\WS2_32.dll
0x00007ffa3b790000 - 0x00007ffa3b7ba000 	C:\WINDOWS\SYSTEM32\WINMMBASE.dll
0x00007ffa41db0000 - 0x00007ffa41db9000 	C:\WINDOWS\system32\NSI.dll
0x00007ffa41500000 - 0x00007ffa4154f000 	C:\WINDOWS\SYSTEM32\cfgmgr32.dll
0x00007ffa3fe70000 - 0x00007ffa3fe98000 	C:\WINDOWS\SYSTEM32\DEVOBJ.dll
0x0000000072b20000 - 0x0000000072b2f000 	C:\Program Files\Java\jdk1.8.0_25\jre\bin\verify.dll
0x0000000072af0000 - 0x0000000072b18000 	C:\Program Files\Java\jdk1.8.0_25\jre\bin\java.dll
0x0000000072a60000 - 0x0000000072a83000 	C:\Program Files\Java\jdk1.8.0_25\jre\bin\instrument.dll
0x0000000072ad0000 - 0x0000000072ae6000 	C:\Program Files\Java\jdk1.8.0_25\jre\bin\zip.dll
0x00007ffa408f0000 - 0x00007ffa40910000 	C:\WINDOWS\SYSTEM32\CRYPTSP.dll
0x00007ffa40510000 - 0x00007ffa40546000 	C:\WINDOWS\system32\rsaenh.dll
0x00007ffa40b40000 - 0x00007ffa40b66000 	C:\WINDOWS\SYSTEM32\bcrypt.dll
0x00007ffa40e80000 - 0x00007ffa40ee3000 	C:\WINDOWS\system32\bcryptprimitives.dll
0x00007ffa40ef0000 - 0x00007ffa40efb000 	C:\WINDOWS\SYSTEM32\CRYPTBASE.dll
0x0000000072ab0000 - 0x0000000072aca000 	C:\Program Files\Java\jdk1.8.0_25\jre\bin\net.dll
0x00007ffa40890000 - 0x00007ffa408e9000 	C:\WINDOWS\system32\mswsock.dll
0x00007ffa3c150000 - 0x00007ffa3c17a000 	C:\WINDOWS\SYSTEM32\IPHLPAPI.DLL
0x00007ffa3c130000 - 0x00007ffa3c13a000 	C:\WINDOWS\SYSTEM32\WINNSI.DLL
0x00007ffa3bd60000 - 0x00007ffa3bd76000 	C:\WINDOWS\SYSTEM32\dhcpcsvc6.DLL
0x00007ffa3bf60000 - 0x00007ffa3bf7a000 	C:\WINDOWS\SYSTEM32\dhcpcsvc.DLL
0x0000000072a90000 - 0x0000000072aa1000 	C:\Program Files\Java\jdk1.8.0_25\jre\bin\nio.dll
0x00007ffa3e9f0000 - 0x00007ffa3e9fa000 	C:\Users\Willy\AppData\Local\Temp\jansi-64-2785406082103425373.dll
0x0000000072a10000 - 0x0000000072a1d000 	C:\Program Files\Java\jdk1.8.0_25\jre\bin\management.dll
0x00007ffa40690000 - 0x00007ffa40734000 	C:\WINDOWS\SYSTEM32\DNSAPI.dll
0x00007ffa372f0000 - 0x00007ffa372fa000 	C:\Windows\System32\rasadhlp.dll
0x00007ffa3bd80000 - 0x00007ffa3bdeb000 	C:\WINDOWS\System32\fwpuclnt.dll
0x00007ffa38b50000 - 0x00007ffa38b65000 	C:\WINDOWS\system32\napinsp.dll
0x00007ffa37300000 - 0x00007ffa3731a000 	C:\WINDOWS\system32\pnrpnsp.dll
0x00007ffa3e6e0000 - 0x00007ffa3e6fb000 	C:\WINDOWS\system32\NLAapi.dll
0x00007ffa38ba0000 - 0x00007ffa38bad000 	C:\WINDOWS\System32\winrnr.dll
0x00007ffa36dc0000 - 0x00007ffa36dd4000 	C:\WINDOWS\system32\wshbth.dll
0x00007ffa29960000 - 0x00007ffa29aea000 	C:\WINDOWS\SYSTEM32\dbghelp.dll

VM Arguments:
jvm_args: -Dfile.encoding=UTF-8 -Xmx768M -Xms64M -Dgrails.fork.parent.process.port=59694 -Dgrails.fork.active=true -Dgrails.build.execution.context=C:\Users\Willy\AppData\Local\Temp\latihan8744961865122139620grails-execution-context -Dgrails.home=C:\grails-2.4.4 -javaagent:C:\grails-2.4.4\lib\org.springframework\springloaded\jars\springloaded-1.2.1.RELEASE.jar -Xverify:none -Dspringloaded.synchronize=true -Djdk.reflect.allowGetCallerClass=true -Dspringloaded=profile=grails;cacheDir=C:\Users\Willy\.grails\2.4.4 
java_command: org.grails.plugins.tomcat.fork.ForkedTomcatServer
java_class_path (initial): C:\Program Files\Java\jdk1.8.0_25\lib\tools.jar;C:\grails-2.4.4\lib\org.codehaus.groovy\groovy-all\jars\groovy-all-2.3.7.jar;C:\grails-2.4.4\lib\org.slf4j\jcl-over-slf4j\jars\jcl-over-slf4j-1.7.5.jar;C:\grails-2.4.4\lib\org.codehaus.gant\gant_groovy1.8\jars\gant_groovy1.8-1.9.6.jar;C:\grails-2.4.4\lib\org.apache.tomcat.embed\tomcat-embed-logging-log4j\jars\tomcat-embed-logging-log4j-7.0.50.jar;C:\grails-2.4.4\dist\grails-plugin-log4j-2.4.4.jar;C:\grails-2.4.4\lib\log4j\log4j\jars\log4j-1.2.17.jar;C:\grails-2.4.4\dist\grails-bootstrap-2.4.4.jar;C:\grails-2.4.4\lib\org.slf4j\slf4j-api\jars\slf4j-api-1.7.5.jar;C:\grails-2.4.4\lib\jline\jline\jars\jline-2.12.jar;C:\grails-2.4.4\lib\org.apache.ant\ant\jars\ant-1.8.4.jar;C:\grails-2.4.4\lib\org.apache.ant\ant-launcher\jars\ant-launcher-1.8.4.jar;C:\grails-2.4.4\lib\org.apache.ant\ant-trax\jars\ant-trax-1.7.1.jar;C:\grails-2.4.4\lib\org.apache.ant\ant-junit\jars\ant-junit-1.8.4.jar;C:\grails-2.4.4\lib\org.apache.ivy\ivy\jars\ivy-2.3.0.jar;C:\grails-2.4.4\lib\org.fusesource.jansi\jansi\jars\jansi-1.11.jar;C:\Users\Willy\.m2\repository\org\apache\tomcat\tomcat-catalina-ant\7.0.55\tomcat-catalina-ant-7.0.55.jar;C:\Users\Willy\.m2\repository\org\apache\tomcat\embed\tomcat-embed-jasper\7.0.55\tomcat-embed-jasper-7.0.55.jar;C:\Users\Willy\.m2\repository\org\apache\tomcat\embed\tomcat-embed-el\7.0.55\tomcat-embed-el-7.0.55.jar;C:\Users\Willy\.m2\repository\org\apache\tomcat\embed\tomcat-embed-logging-log4j\7.0.55\tomcat-embed-logging-log4j-7.0.55.jar;C:\Users\Willy\.m2\repository\org\apache\tomcat\embed\tomcat-embed-websocket\7.0.55\tomcat-embed-websocket-7.0.55.jar;C:\Users\Willy\.m2\repository\org\apache\tomcat\embed\tomcat-embed-core\7.0.55\tomcat-embed-core-7.0.55.jar;C:\Users\Willy\.m2\repository\org\eclipse\jdt\core\compiler\ecj\3.7.2\ecj-3.7.2.jar;C:\Users\Willy\workspace\latihan\target\work\plugins\tomcat-7.0.55\grails-plugin-tomcat-7.0.55.jar;;C:\grails-2.4.4\lib\org.springframework\springloa
Launcher Type: SUN_STANDARD

Environment Variables:
JAVA_HOME=C:\Program Files\Java\jdk1.8.0_25
PATH=C:\ProgramData\Oracle\Java\javapath;C:\Program Files (x86)\Intel\iCLS Client\;C:\Program Files\Intel\iCLS Client\;C:\Program Files\Broadcom\Broadcom 802.11 Network Adapter;C:\WINDOWS\system32;C:\WINDOWS;C:\WINDOWS\System32\Wbem;C:\WINDOWS\System32\WindowsPowerShell\v1.0\;C:\Program Files\Intel\Intel(R) Management Engine Components\DAL;C:\Program Files\Intel\Intel(R) Management Engine Components\IPT;C:\Program Files (x86)\Intel\Intel(R) Management Engine Components\DAL;C:\Program Files (x86)\Intel\Intel(R) Management Engine Components\IPT;C:\Program Files\WIDCOMM\Bluetooth Software\;C:\Program Files\WIDCOMM\Bluetooth Software\syswow64;C:\Program Files (x86)\Intel\OpenCL SDK\2.0\bin\x86;C:\Program Files (x86)\Intel\OpenCL SDK\2.0\bin\x64;C:\Program Files\Sony\VAIO Improvement;C:\Program Files (x86)\Sony\VAIO BIOS Data Transfer Utility\;C:\Program Files (x86)\Sony\VAIO Startup Setting Tool;C:\Program Files\Microsoft SQL Server\110\Tools\Binn\;C:\Program Files\TortoiseSVN\bin;C:\Program Files (x86)\Microsoft ASP.NET\ASP.NET Web Pages\v1.0\;C:\Program Files (x86)\Windows Kits\8.0\Windows Performance Toolkit\;c:\Program Files (x86)\Microsoft SQL Server\110\Tools\Binn\;c:\Program Files\Microsoft SQL Server\110\DTS\Binn\;C:\Program Files (x86)\Microsoft SQL Server\110\Tools\Binn\ManagementStudio\;C:\Program Files (x86)\Microsoft SQL Server\110\DTS\Binn\;C:\Program Files\TortoiseGit\bin;C:\Program Files\Microsoft\Web Platform Installer\
USERNAME=Willy
OS=Windows_NT
PROCESSOR_IDENTIFIER=Intel64 Family 6 Model 58 Stepping 9, GenuineIntel



---------------  S Y S T E M  ---------------

OS: Windows 8.1 , 64 bit Build 9600 

CPU:total 4 (2 cores per cpu, 2 threads per core) family 6 model 58 stepping 9, cmov, cx8, fxsr, mmx, sse, sse2, sse3, ssse3, sse4.1, sse4.2, popcnt, avx, clmul, erms, ht, tsc, tscinvbit, tscinv

Memory: 4k page, physical 12458804k(7103500k free), swap 14359348k(7430300k free)

vm_info: Java HotSpot(TM) 64-Bit Server VM (25.25-b02) for windows-amd64 JRE (1.8.0_25-b18), built on Oct  7 2014 14:25:37 by "java_re" with MS VC++ 10.0 (VS2010)

time: Mon Mar 30 11:09:38 2015
elapsed time: 535 seconds (0d 0h 8m 55s)

