#
# A fatal error has been detected by the Java Runtime Environment:
#
#  EXCEPTION_ACCESS_VIOLATION (0xc0000005) at pc=0x000000000518ea6a, pid=6352, tid=8968
#
# JRE version: Java(TM) SE Runtime Environment (8.0_25-b18) (build 1.8.0_25-b18)
# Java VM: Java HotSpot(TM) 64-Bit Server VM (25.25-b02 mixed mode windows-amd64 compressed oops)
# Problematic frame:
# J 10853 C1 java.io.ObjectStreamClass$FieldReflector.getObjFieldValues(Ljava/lang/Object;[Ljava/lang/Object;)V (99 bytes) @ 0x000000000518ea6a [0x000000000518e940+0x12a]
#
# Failed to write core dump. Minidumps are not enabled by default on client versions of Windows
#
# If you would like to submit a bug report, please visit:
#   http://bugreport.sun.com/bugreport/crash.jsp
#

---------------  T H R E A D  ---------------

Current thread (0x000000002afee800):  JavaThread "localhost-startStop-2" daemon [_thread_in_Java, id=8968, stack(0x000000002e620000,0x000000002e720000)]

siginfo: ExceptionCode=0xc0000005, reading address 0x0000000020106769

Registers:
RAX=0x0000000020106761, RBX=0x0000000000000060, RCX=0x00000000f730d558, RDX=0x00000000f72fc3e0
RSP=0x000000002e7175b0, RBP=0x000000002e717748, RSI=0x0000000000000000, RDI=0x000000010000f280
R8 =0x00000000fe7b07b8, R9 =0x00000000f730d548, R10=0x0000000100119ab8, R11=0x00000000f72efe98
R12=0x0000000000000000, R13=0x00000000f6848098, R14=0x000000002e717798, R15=0x000000002afee800
RIP=0x000000000518ea6a, EFLAGS=0x0000000000010202

Top of Stack: (sp=0x000000002e7175b0)
0x000000002e7175b0:   0000000000000038 00000000f72ec6f0
0x000000002e7175c0:   00000000fe7b07b8 00000000f6992e78
0x000000002e7175d0:   00000000f6849f10 00000000f6992e78
0x000000002e7175e0:   000000002afee800 0000000000000000
0x000000002e7175f0:   000000002e717658 0000000002f477b0
0x000000002e717600:   000000002e717748 0000000004744584
0x000000002e717610:   00000000f730d448 000000002e717618
0x000000002e717620:   00000000177c480a 000000002e7176a8
0x000000002e717630:   00000000177c7dd8 0000000018cc5e98
0x000000002e717640:   00000000177c4850 0000000000000000
0x000000002e717650:   000000002e7176b0 000000002e717748
0x000000002e717660:   0000000003449444 00000000d83c4ce8
0x000000002e717670:   00000000d83c4ce8 00000000fe7b07b8
0x000000002e717680:   00000000f72ec6f0 00000000f6848098
0x000000002e717690:   0000000100000000 00000000f730d548
0x000000002e7176a0:   0000000000000000 00000000f72efe98 

Instructions: (pc=0x000000000518ea6a)
0x000000000518ea4a:   bb d0 39 8d 2e 00 00 00 00 81 8b c0 01 00 00 00
0x000000000518ea5a:   01 00 00 e9 e7 00 00 00 41 8b 79 08 48 c1 e7 03
0x000000000518ea6a:   8b 58 08 48 c1 e3 03 48 8b bf f0 00 00 00 48 3b
0x000000000518ea7a:   df 0f 84 2a 00 00 00 44 8b 5f 0c 4a 3b 3c 1b 0f 


Register to memory mapping:

RAX=0x0000000020106761 is an unknown value
RBX=0x0000000000000060 is an unknown value
RCX=0x00000000f730d558 is an oop

[error occurred during error reporting (printing register info), id 0xc0000005]

Stack: [0x000000002e620000,0x000000002e720000],  sp=0x000000002e7175b0,  free space=989k
Native frames: (J=compiled Java code, j=interpreted, Vv=VM code, C=native code)
C  0x000000000518ea6a


---------------  P R O C E S S  ---------------

Java Threads: ( => current thread )
=>0x000000002afee800 JavaThread "localhost-startStop-2" daemon [_thread_in_Java, id=8968, stack(0x000000002e620000,0x000000002e720000)]
  0x000000002afed800 JavaThread "Tomcat-startStop-2" daemon [_thread_blocked, id=6808, stack(0x000000002d020000,0x000000002d120000)]
  0x000000001958f800 JavaThread "http-bio-8080-exec-10" daemon [_thread_in_native, id=10140, stack(0x000000002df20000,0x000000002e020000)]
  0x0000000019592800 JavaThread "http-bio-8080-exec-9" daemon [_thread_blocked, id=10008, stack(0x000000002dc20000,0x000000002dd20000)]
  0x0000000019591000 JavaThread "http-bio-8080-exec-8" daemon [_thread_in_native, id=9672, stack(0x000000002db20000,0x000000002dc20000)]
  0x0000000019590800 JavaThread "http-bio-8080-exec-7" daemon [_thread_in_native, id=9048, stack(0x000000002da20000,0x000000002db20000)]
  0x0000000019592000 JavaThread "http-bio-8080-exec-6" daemon [_thread_blocked, id=5176, stack(0x000000001f880000,0x000000001f980000)]
  0x000000001958c000 JavaThread "http-bio-8080-exec-5" daemon [_thread_blocked, id=9260, stack(0x000000001e3c0000,0x000000001e4c0000)]
  0x000000001958f000 JavaThread "http-bio-8080-exec-4" daemon [_thread_in_native, id=3684, stack(0x000000001e2c0000,0x000000001e3c0000)]
  0x000000001958d800 JavaThread "Thread-10" daemon [_thread_in_native, id=396, stack(0x000000002d920000,0x000000002da20000)]
  0x0000000019588800 JavaThread "http-bio-8080-exec-3" daemon [_thread_in_native, id=7844, stack(0x000000002d620000,0x000000002d720000)]
  0x000000001958b000 JavaThread "DestroyJavaVM" [_thread_blocked, id=4700, stack(0x0000000002ab0000,0x0000000002bb0000)]
  0x0000000019587000 JavaThread "Thread-8" [_thread_blocked, id=3304, stack(0x000000002d520000,0x000000002d620000)]
  0x000000001958a800 JavaThread "http-bio-8080-exec-2" daemon [_thread_blocked, id=6744, stack(0x000000002d420000,0x000000002d520000)]
  0x0000000019589800 JavaThread "http-bio-8080-exec-1" daemon [_thread_blocked, id=2640, stack(0x000000002d320000,0x000000002d420000)]
  0x0000000019585800 JavaThread "http-bio-8080-AsyncTimeout" daemon [_thread_blocked, id=7392, stack(0x000000002d220000,0x000000002d320000)]
  0x0000000019586800 JavaThread "http-bio-8080-Acceptor-0" daemon [_thread_blocked, id=6128, stack(0x000000002d120000,0x000000002d220000)]
  0x0000000019ab9800 JavaThread "FileSystemWatcher: files=#200 cl=groovy.lang.GroovyClassLoader@1b835480" daemon [_thread_blocked, id=10232, stack(0x000000001aea0000,0x000000001afa0000)]
  0x0000000016ca5000 JavaThread "Thread-3" [_thread_blocked, id=4132, stack(0x000000001a7a0000,0x000000001a8a0000)]
  0x000000001848c800 JavaThread "Thread-2" [_thread_blocked, id=6220, stack(0x000000001a080000,0x000000001a180000)]
  0x0000000016f37000 JavaThread "NonBlockingInputStreamThread" daemon [_thread_blocked, id=5544, stack(0x0000000017be0000,0x0000000017ce0000)]
  0x000000001652a800 JavaThread "Service Thread" daemon [_thread_blocked, id=9692, stack(0x0000000016910000,0x0000000016a10000)]
  0x000000001636b000 JavaThread "C1 CompilerThread2" daemon [_thread_blocked, id=9788, stack(0x0000000016810000,0x0000000016910000)]
  0x0000000016370800 JavaThread "C2 CompilerThread1" daemon [_thread_blocked, id=8504, stack(0x0000000016710000,0x0000000016810000)]
  0x000000001636f800 JavaThread "C2 CompilerThread0" daemon [_thread_blocked, id=1744, stack(0x0000000016610000,0x0000000016710000)]
  0x0000000014caf800 JavaThread "Attach Listener" daemon [_thread_blocked, id=8360, stack(0x0000000016110000,0x0000000016210000)]
  0x0000000014cae800 JavaThread "Signal Dispatcher" daemon [_thread_blocked, id=1724, stack(0x0000000016010000,0x0000000016110000)]
  0x0000000002f37800 JavaThread "Finalizer" daemon [_thread_blocked, id=8988, stack(0x0000000015f10000,0x0000000016010000)]
  0x0000000002f2d800 JavaThread "Reference Handler" daemon [_thread_blocked, id=9560, stack(0x0000000015e10000,0x0000000015f10000)]

Other Threads:
  0x0000000014c75800 VMThread [stack: 0x0000000015d10000,0x0000000015e10000] [id=7284]
  0x000000001652e800 WatcherThread [stack: 0x0000000016a10000,0x0000000016b10000] [id=10072]

VM state:not at safepoint (normal execution)

VM Mutex/Monitor currently owned by a thread: None

Heap:
 PSYoungGen      total 226816K, used 129166K [0x00000000f0000000, 0x0000000100000000, 0x0000000100000000)
  eden space 192512K, 61% used [0x00000000f0000000,0x00000000f7327a20,0x00000000fbc00000)
  from space 34304K, 32% used [0x00000000fde80000,0x00000000fe97bf58,0x0000000100000000)
  to   space 34816K, 0% used [0x00000000fbc00000,0x00000000fbc00000,0x00000000fde00000)
 ParOldGen       total 183808K, used 137255K [0x00000000d0000000, 0x00000000db380000, 0x00000000f0000000)
  object space 183808K, 74% used [0x00000000d0000000,0x00000000d8609fa0,0x00000000db380000)
 Metaspace       used 84844K, capacity 87972K, committed 88268K, reserved 1126400K
  class space    used 9442K, capacity 10338K, committed 10444K, reserved 1048576K

Card table byte_map: [0x0000000012300000,0x0000000012490000] byte_map_base: 0x0000000011c80000

Marking Bits: (ParMarkBitMap*) 0x000000007330d490
 Begin Bits: [0x0000000012990000, 0x0000000013590000)
 End Bits:   [0x0000000013590000, 0x0000000014190000)

Polling page: 0x00000000011e0000

CodeCache: size=245760Kb used=34974Kb max_used=34978Kb free=210785Kb
 bounds [0x0000000002f40000, 0x00000000051a0000, 0x0000000011f40000]
 total_blobs=8985 nmethods=8211 adapters=685
 compilation: enabled

Compilation events (10 events):
Event: 631.056 Thread 0x000000001636b000 nmethod 10850 0x0000000005191f50 code [0x00000000051920c0, 0x00000000051923a8]
Event: 631.056 Thread 0x000000001636b000 10856       1       java.io.ObjectStreamClass::access$400 (5 bytes)
Event: 631.057 Thread 0x000000001636b000 nmethod 10856 0x0000000004741750 code [0x00000000047418a0, 0x0000000004741990]
Event: 631.063 Thread 0x000000001636b000 10857       1       java.io.ObjectStreamClass::getSuperDesc (5 bytes)
Event: 631.063 Thread 0x000000001636b000 nmethod 10857 0x00000000051924d0 code [0x0000000005192620, 0x0000000005192730]
Event: 631.064 Thread 0x000000001636f800 10858       4       org.springsource.loaded.ri.ReloadedTypeInvoker::getName (8 bytes)
Event: 631.065 Thread 0x000000001636f800 nmethod 10858 0x000000000427b410 code [0x000000000427b540, 0x000000000427b5b8]
Event: 631.065 Thread 0x000000001636b000 10859       3       java.io.ObjectStreamClass::checkSerialize (16 bytes)
Event: 631.065 Thread 0x000000001636b000 nmethod 10859 0x0000000005194ed0 code [0x0000000005195040, 0x00000000051952e8]
Event: 631.066 Thread 0x000000001636b000 10860   !   3       java.io.ObjectOutputStream::writeSerialData (221 bytes)

GC Heap History (10 events):
Event: 564.389 GC heap before
{Heap before GC invocations=68 (full 4):
 PSYoungGen      total 222208K, used 206863K [0x00000000f0000000, 0x0000000100000000, 0x0000000100000000)
  eden space 185344K, 100% used [0x00000000f0000000,0x00000000fb500000,0x00000000fb500000)
  from space 36864K, 58% used [0x00000000fb500000,0x00000000fca03dc8,0x00000000fd900000)
  to   space 35840K, 0% used [0x00000000fdd00000,0x00000000fdd00000,0x0000000100000000)
 ParOldGen       total 183808K, used 125558K [0x00000000d0000000, 0x00000000db380000, 0x00000000f0000000)
  object space 183808K, 68% used [0x00000000d0000000,0x00000000d7a9da00,0x00000000db380000)
 Metaspace       used 82806K, capacity 85552K, committed 85708K, reserved 1124352K
  class space    used 9274K, capacity 10111K, committed 10188K, reserved 1048576K
Event: 564.457 GC heap after
Heap after GC invocations=68 (full 4):
 PSYoungGen      total 222208K, used 19762K [0x00000000f0000000, 0x00000000ffd00000, 0x0000000100000000)
  eden space 189440K, 0% used [0x00000000f0000000,0x00000000f0000000,0x00000000fb900000)
  from space 32768K, 60% used [0x00000000fdd00000,0x00000000ff04c9e0,0x00000000ffd00000)
  to   space 34816K, 0% used [0x00000000fb900000,0x00000000fb900000,0x00000000fdb00000)
 ParOldGen       total 183808K, used 128497K [0x00000000d0000000, 0x00000000db380000, 0x00000000f0000000)
  object space 183808K, 69% used [0x00000000d0000000,0x00000000d7d7c4d0,0x00000000db380000)
 Metaspace       used 82806K, capacity 85552K, committed 85708K, reserved 1124352K
  class space    used 9274K, capacity 10111K, committed 10188K, reserved 1048576K
}
Event: 567.981 GC heap before
{Heap before GC invocations=69 (full 4):
 PSYoungGen      total 222208K, used 209202K [0x00000000f0000000, 0x00000000ffd00000, 0x0000000100000000)
  eden space 189440K, 100% used [0x00000000f0000000,0x00000000fb900000,0x00000000fb900000)
  from space 32768K, 60% used [0x00000000fdd00000,0x00000000ff04c9e0,0x00000000ffd00000)
  to   space 34816K, 0% used [0x00000000fb900000,0x00000000fb900000,0x00000000fdb00000)
 ParOldGen       total 183808K, used 128497K [0x00000000d0000000, 0x00000000db380000, 0x00000000f0000000)
  object space 183808K, 69% used [0x00000000d0000000,0x00000000d7d7c4d0,0x00000000db380000)
 Metaspace       used 83039K, capacity 85744K, committed 85964K, reserved 1124352K
  class space    used 9286K, capacity 10111K, committed 10188K, reserved 1048576K
Event: 568.007 GC heap after
Heap after GC invocations=69 (full 4):
 PSYoungGen      total 224256K, used 15650K [0x00000000f0000000, 0x0000000100000000, 0x0000000100000000)
  eden space 189440K, 0% used [0x00000000f0000000,0x00000000f0000000,0x00000000fb900000)
  from space 34816K, 44% used [0x00000000fb900000,0x00000000fc848860,0x00000000fdb00000)
  to   space 34816K, 0% used [0x00000000fde00000,0x00000000fde00000,0x0000000100000000)
 ParOldGen       total 183808K, used 131111K [0x00000000d0000000, 0x00000000db380000, 0x00000000f0000000)
  object space 183808K, 71% used [0x00000000d0000000,0x00000000d8009d30,0x00000000db380000)
 Metaspace       used 83039K, capacity 85744K, committed 85964K, reserved 1124352K
  class space    used 9286K, capacity 10111K, committed 10188K, reserved 1048576K
}
Event: 596.405 GC heap before
{Heap before GC invocations=70 (full 4):
 PSYoungGen      total 224256K, used 205090K [0x00000000f0000000, 0x0000000100000000, 0x0000000100000000)
  eden space 189440K, 100% used [0x00000000f0000000,0x00000000fb900000,0x00000000fb900000)
  from space 34816K, 44% used [0x00000000fb900000,0x00000000fc848860,0x00000000fdb00000)
  to   space 34816K, 0% used [0x00000000fde00000,0x00000000fde00000,0x0000000100000000)
 ParOldGen       total 183808K, used 131111K [0x00000000d0000000, 0x00000000db380000, 0x00000000f0000000)
  object space 183808K, 71% used [0x00000000d0000000,0x00000000d8009d30,0x00000000db380000)
 Metaspace       used 83388K, capacity 86118K, committed 86476K, reserved 1126400K
  class space    used 9302K, capacity 10120K, committed 10188K, reserved 1048576K
Event: 596.436 GC heap after
Heap after GC invocations=70 (full 4):
 PSYoungGen      total 226304K, used 16314K [0x00000000f0000000, 0x00000000fff00000, 0x0000000100000000)
  eden space 192512K, 0% used [0x00000000f0000000,0x00000000f0000000,0x00000000fbc00000)
  from space 33792K, 48% used [0x00000000fde00000,0x00000000fedeeba0,0x00000000fff00000)
  to   space 34304K, 0% used [0x00000000fbc00000,0x00000000fbc00000,0x00000000fdd80000)
 ParOldGen       total 183808K, used 133709K [0x00000000d0000000, 0x00000000db380000, 0x00000000f0000000)
  object space 183808K, 72% used [0x00000000d0000000,0x00000000d8293518,0x00000000db380000)
 Metaspace       used 83388K, capacity 86118K, committed 86476K, reserved 1126400K
  class space    used 9302K, capacity 10120K, committed 10188K, reserved 1048576K
}
Event: 620.281 GC heap before
{Heap before GC invocations=71 (full 4):
 PSYoungGen      total 226304K, used 208826K [0x00000000f0000000, 0x00000000fff00000, 0x0000000100000000)
  eden space 192512K, 100% used [0x00000000f0000000,0x00000000fbc00000,0x00000000fbc00000)
  from space 33792K, 48% used [0x00000000fde00000,0x00000000fedeeba0,0x00000000fff00000)
  to   space 34304K, 0% used [0x00000000fbc00000,0x00000000fbc00000,0x00000000fdd80000)
 ParOldGen       total 183808K, used 133709K [0x00000000d0000000, 0x00000000db380000, 0x00000000f0000000)
  object space 183808K, 72% used [0x00000000d0000000,0x00000000d8293518,0x00000000db380000)
 Metaspace       used 83779K, capacity 86584K, committed 86732K, reserved 1126400K
  class space    used 9329K, capacity 10171K, committed 10188K, reserved 1048576K
Event: 620.338 GC heap after
Heap after GC invocations=71 (full 4):
 PSYoungGen      total 226816K, used 13530K [0x00000000f0000000, 0x0000000100000000, 0x0000000100000000)
  eden space 192512K, 0% used [0x00000000f0000000,0x00000000f0000000,0x00000000fbc00000)
  from space 34304K, 39% used [0x00000000fbc00000,0x00000000fc9368e8,0x00000000fdd80000)
  to   space 34304K, 0% used [0x00000000fde80000,0x00000000fde80000,0x0000000100000000)
 ParOldGen       total 183808K, used 134875K [0x00000000d0000000, 0x00000000db380000, 0x00000000f0000000)
  object space 183808K, 73% used [0x00000000d0000000,0x00000000d83b6c78,0x00000000db380000)
 Metaspace       used 83779K, capacity 86584K, committed 86732K, reserved 1126400K
  class space    used 9329K, capacity 10171K, committed 10188K, reserved 1048576K
}
Event: 622.519 GC heap before
{Heap before GC invocations=72 (full 4):
 PSYoungGen      total 226816K, used 206042K [0x00000000f0000000, 0x0000000100000000, 0x0000000100000000)
  eden space 192512K, 100% used [0x00000000f0000000,0x00000000fbc00000,0x00000000fbc00000)
  from space 34304K, 39% used [0x00000000fbc00000,0x00000000fc9368e8,0x00000000fdd80000)
  to   space 34304K, 0% used [0x00000000fde80000,0x00000000fde80000,0x0000000100000000)
 ParOldGen       total 183808K, used 134875K [0x00000000d0000000, 0x00000000db380000, 0x00000000f0000000)
  object space 183808K, 73% used [0x00000000d0000000,0x00000000d83b6c78,0x00000000db380000)
 Metaspace       used 83859K, capacity 86660K, committed 86732K, reserved 1126400K
  class space    used 9335K, capacity 10173K, committed 10188K, reserved 1048576K
Event: 622.540 GC heap after
Heap after GC invocations=72 (full 4):
 PSYoungGen      total 226816K, used 11247K [0x00000000f0000000, 0x0000000100000000, 0x0000000100000000)
  eden space 192512K, 0% used [0x00000000f0000000,0x00000000f0000000,0x00000000fbc00000)
  from space 34304K, 32% used [0x00000000fde80000,0x00000000fe97bf58,0x0000000100000000)
  to   space 34816K, 0% used [0x00000000fbc00000,0x00000000fbc00000,0x00000000fde00000)
 ParOldGen       total 183808K, used 137255K [0x00000000d0000000, 0x00000000db380000, 0x00000000f0000000)
  object space 183808K, 74% used [0x00000000d0000000,0x00000000d8609fa0,0x00000000db380000)
 Metaspace       used 83859K, capacity 86660K, committed 86732K, reserved 1126400K
  class space    used 9335K, capacity 10173K, committed 10188K, reserved 1048576K
}

Deoptimization events (10 events):
Event: 630.464 Thread 0x000000002afee800 Uncommon trap: reason=class_check action=maybe_recompile pc=0x0000000004ef0e68 method=groovy.lang.MetaClassImpl.getProperty(Ljava/lang/Class;Ljava/lang/Object;Ljava/lang/String;ZZ)Ljava/lang/Object; @ 425
Event: 630.468 Thread 0x000000002afee800 Uncommon trap: reason=class_check action=maybe_recompile pc=0x0000000004ef0e68 method=groovy.lang.MetaClassImpl.getProperty(Ljava/lang/Class;Ljava/lang/Object;Ljava/lang/String;ZZ)Ljava/lang/Object; @ 425
Event: 630.474 Thread 0x000000002afee800 Uncommon trap: reason=class_check action=maybe_recompile pc=0x0000000004ef0e68 method=groovy.lang.MetaClassImpl.getProperty(Ljava/lang/Class;Ljava/lang/Object;Ljava/lang/String;ZZ)Ljava/lang/Object; @ 425
Event: 630.862 Thread 0x000000002afee800 Uncommon trap: reason=predicate action=maybe_recompile pc=0x0000000004742590 method=java.util.TimSort.binarySort([Ljava/lang/Object;IIILjava/util/Comparator;)V @ 37
Event: 630.881 Thread 0x000000002afee800 Uncommon trap: reason=array_check action=maybe_recompile pc=0x0000000005122d28 method=java.util.TimSort.binarySort([Ljava/lang/Object;IIILjava/util/Comparator;)V @ 183
Event: 630.881 Thread 0x000000002afee800 Uncommon trap: reason=array_check action=maybe_recompile pc=0x0000000005122c70 method=java.util.TimSort.binarySort([Ljava/lang/Object;IIILjava/util/Comparator;)V @ 193
Event: 630.882 Thread 0x000000002afee800 Uncommon trap: reason=array_check action=maybe_recompile pc=0x0000000005122c70 method=java.util.TimSort.binarySort([Ljava/lang/Object;IIILjava/util/Comparator;)V @ 193
Event: 630.882 Thread 0x000000002afee800 Uncommon trap: reason=array_check action=maybe_recompile pc=0x0000000005122d28 method=java.util.TimSort.binarySort([Ljava/lang/Object;IIILjava/util/Comparator;)V @ 183
Event: 630.923 Thread 0x000000002afee800 Uncommon trap: reason=array_check action=maybe_recompile pc=0x000000000512b2f8 method=java.util.TimSort.binarySort([Ljava/lang/Object;IIILjava/util/Comparator;)V @ 215
Event: 630.931 Thread 0x000000002afee800 Uncommon trap: reason=array_check action=maybe_recompile pc=0x000000000512b2f8 method=java.util.TimSort.binarySort([Ljava/lang/Object;IIILjava/util/Comparator;)V @ 215

Internal exceptions (10 events):
Event: 631.032 Thread 0x000000002afee800 Exception <a 'java/lang/NoSuchMethodError': <clinit>> (0x00000000f7201e38) thrown at [D:\re\workspace\8-2-build-windows-amd64-cygwin\jdk8u25\1677\hotspot\src\share\vm\prims\jni.cpp, line 1603]
Event: 631.035 Thread 0x000000002afee800 Exception <a 'java/lang/NoSuchMethodError': <clinit>> (0x00000000f721ec90) thrown at [D:\re\workspace\8-2-build-windows-amd64-cygwin\jdk8u25\1677\hotspot\src\share\vm\prims\jni.cpp, line 1603]
Event: 631.038 Thread 0x000000002afee800 Exception <a 'java/lang/NoSuchMethodError': <clinit>> (0x00000000f7230de8) thrown at [D:\re\workspace\8-2-build-windows-amd64-cygwin\jdk8u25\1677\hotspot\src\share\vm\prims\jni.cpp, line 1603]
Event: 631.041 Thread 0x000000002afee800 Exception <a 'java/lang/NoSuchMethodError': <clinit>> (0x00000000f724fa30) thrown at [D:\re\workspace\8-2-build-windows-amd64-cygwin\jdk8u25\1677\hotspot\src\share\vm\prims\jni.cpp, line 1603]
Event: 631.043 Thread 0x000000002afee800 Exception <a 'java/lang/NoSuchMethodError': <clinit>> (0x00000000f7261d80) thrown at [D:\re\workspace\8-2-build-windows-amd64-cygwin\jdk8u25\1677\hotspot\src\share\vm\prims\jni.cpp, line 1603]
Event: 631.050 Thread 0x000000002afee800 Exception <a 'java/lang/NoSuchMethodError': <clinit>> (0x00000000f7285648) thrown at [D:\re\workspace\8-2-build-windows-amd64-cygwin\jdk8u25\1677\hotspot\src\share\vm\prims\jni.cpp, line 1603]
Event: 631.052 Thread 0x000000002afee800 Exception <a 'java/lang/NoSuchMethodError': <clinit>> (0x00000000f72988a8) thrown at [D:\re\workspace\8-2-build-windows-amd64-cygwin\jdk8u25\1677\hotspot\src\share\vm\prims\jni.cpp, line 1603]
Event: 631.058 Thread 0x000000002afee800 Exception <a 'java/lang/NoSuchMethodError': <clinit>> (0x00000000f72b8f28) thrown at [D:\re\workspace\8-2-build-windows-amd64-cygwin\jdk8u25\1677\hotspot\src\share\vm\prims\jni.cpp, line 1603]
Event: 631.060 Thread 0x000000002afee800 Exception <a 'java/lang/NoSuchMethodError': <clinit>> (0x00000000f72cd158) thrown at [D:\re\workspace\8-2-build-windows-amd64-cygwin\jdk8u25\1677\hotspot\src\share\vm\prims\jni.cpp, line 1603]
Event: 631.063 Thread 0x000000002afee800 Exception <a 'java/lang/NoSuchMethodError': <clinit>> (0x00000000f72eb268) thrown at [D:\re\workspace\8-2-build-windows-amd64-cygwin\jdk8u25\1677\hotspot\src\share\vm\prims\jni.cpp, line 1603]

Events (10 events):
Event: 630.914 loading class com/vaadin/shared/ui/dd/DragEventType
Event: 630.914 loading class com/vaadin/shared/ui/dd/DragEventType done
Event: 630.923 Thread 0x000000002afee800 Uncommon trap: trap_request=0xffffffd6 fr.pc=0x000000000512b2f8
Event: 630.923 Thread 0x000000002afee800 DEOPT PACKING pc=0x000000000512b2f8 sp=0x000000002e71d6b0
Event: 630.923 Thread 0x000000002afee800 DEOPT UNPACKING pc=0x0000000002f8556a sp=0x000000002e71d650 mode 2
Event: 630.931 Thread 0x000000002afee800 Uncommon trap: trap_request=0xffffffd6 fr.pc=0x000000000512b2f8
Event: 630.931 Thread 0x000000002afee800 DEOPT PACKING pc=0x000000000512b2f8 sp=0x000000002e71d6b0
Event: 630.931 Thread 0x000000002afee800 DEOPT UNPACKING pc=0x0000000002f8556a sp=0x000000002e71d650 mode 2
Event: 630.933 Executing VM operation: RevokeBias
Event: 630.933 Executing VM operation: RevokeBias done


Dynamic libraries:
0x00007ff720f60000 - 0x00007ff720f94000 	C:\Program Files\Java\jdk1.8.0_25\bin\java.exe
0x00007ffa43f30000 - 0x00007ffa440dc000 	C:\WINDOWS\SYSTEM32\ntdll.dll
0x00007ffa42130000 - 0x00007ffa4226e000 	C:\WINDOWS\system32\KERNEL32.DLL
0x00007ffa41330000 - 0x00007ffa41445000 	C:\WINDOWS\system32\KERNELBASE.dll
0x00007ffa3fa60000 - 0x00007ffa3faee000 	C:\WINDOWS\system32\apphelp.dll
0x00007ffa3c760000 - 0x00007ffa3c7b3000 	C:\WINDOWS\AppPatch\AppPatch64\AcGenral.DLL
0x00007ffa41610000 - 0x00007ffa416ba000 	C:\WINDOWS\system32\msvcrt.dll
0x00007ffa40e50000 - 0x00007ffa40e7e000 	C:\WINDOWS\SYSTEM32\SspiCli.dll
0x00007ffa43cd0000 - 0x00007ffa43d24000 	C:\WINDOWS\system32\SHLWAPI.dll
0x00007ffa416c0000 - 0x00007ffa41837000 	C:\WINDOWS\system32\USER32.dll
0x00007ffa43d30000 - 0x00007ffa43ec4000 	C:\WINDOWS\system32\ole32.dll
0x00007ffa427b0000 - 0x00007ffa43cc8000 	C:\WINDOWS\system32\SHELL32.dll
0x00007ffa40620000 - 0x00007ffa40641000 	C:\WINDOWS\SYSTEM32\USERENV.dll
0x00007ffa42270000 - 0x00007ffa4231a000 	C:\WINDOWS\system32\ADVAPI32.dll
0x00007ffa38780000 - 0x00007ffa3879e000 	C:\WINDOWS\SYSTEM32\MPR.dll
0x00007ffa42480000 - 0x00007ffa425c1000 	C:\WINDOWS\system32\RPCRT4.dll
0x00007ffa415b0000 - 0x00007ffa41609000 	C:\WINDOWS\SYSTEM32\sechost.dll
0x00007ffa41840000 - 0x00007ffa41a51000 	C:\WINDOWS\SYSTEM32\combase.dll
0x00007ffa42320000 - 0x00007ffa42471000 	C:\WINDOWS\system32\GDI32.dll
0x00007ffa41080000 - 0x00007ffa41095000 	C:\WINDOWS\SYSTEM32\profapi.dll
0x00007ffa3f390000 - 0x00007ffa3f442000 	C:\WINDOWS\SYSTEM32\SHCORE.dll
0x00007ffa41a70000 - 0x00007ffa41aa6000 	C:\WINDOWS\system32\IMM32.DLL
0x00007ffa41b90000 - 0x00007ffa41ce1000 	C:\WINDOWS\system32\MSCTF.dll
0x00007ffa3ec80000 - 0x00007ffa3eefb000 	C:\WINDOWS\WinSxS\amd64_microsoft.windows.common-controls_6595b64144ccf1df_6.0.9600.17415_none_6240486fecbd8abb\COMCTL32.dll
0x0000000073390000 - 0x0000000073462000 	C:\Program Files\Java\jdk1.8.0_25\jre\bin\msvcr100.dll
0x0000000072b30000 - 0x000000007338a000 	C:\Program Files\Java\jdk1.8.0_25\jre\bin\server\jvm.dll
0x00007ffa38610000 - 0x00007ffa38619000 	C:\WINDOWS\SYSTEM32\WSOCK32.dll
0x00007ffa3b7c0000 - 0x00007ffa3b7e2000 	C:\WINDOWS\SYSTEM32\WINMM.dll
0x00007ffa41ab0000 - 0x00007ffa41ab7000 	C:\WINDOWS\system32\PSAPI.DLL
0x00007ffa42060000 - 0x00007ffa420ba000 	C:\WINDOWS\system32\WS2_32.dll
0x00007ffa3b790000 - 0x00007ffa3b7ba000 	C:\WINDOWS\SYSTEM32\WINMMBASE.dll
0x00007ffa41db0000 - 0x00007ffa41db9000 	C:\WINDOWS\system32\NSI.dll
0x00007ffa41500000 - 0x00007ffa4154f000 	C:\WINDOWS\SYSTEM32\cfgmgr32.dll
0x00007ffa3fe70000 - 0x00007ffa3fe98000 	C:\WINDOWS\SYSTEM32\DEVOBJ.dll
0x0000000072b20000 - 0x0000000072b2f000 	C:\Program Files\Java\jdk1.8.0_25\jre\bin\verify.dll
0x0000000072af0000 - 0x0000000072b18000 	C:\Program Files\Java\jdk1.8.0_25\jre\bin\java.dll
0x0000000072ac0000 - 0x0000000072ae3000 	C:\Program Files\Java\jdk1.8.0_25\jre\bin\instrument.dll
0x0000000072aa0000 - 0x0000000072ab6000 	C:\Program Files\Java\jdk1.8.0_25\jre\bin\zip.dll
0x00007ffa408f0000 - 0x00007ffa40910000 	C:\WINDOWS\SYSTEM32\CRYPTSP.dll
0x00007ffa40510000 - 0x00007ffa40546000 	C:\WINDOWS\system32\rsaenh.dll
0x00007ffa40b40000 - 0x00007ffa40b66000 	C:\WINDOWS\SYSTEM32\bcrypt.dll
0x00007ffa40e80000 - 0x00007ffa40ee3000 	C:\WINDOWS\system32\bcryptprimitives.dll
0x00007ffa40ef0000 - 0x00007ffa40efb000 	C:\WINDOWS\SYSTEM32\CRYPTBASE.dll
0x0000000072a80000 - 0x0000000072a9a000 	C:\Program Files\Java\jdk1.8.0_25\jre\bin\net.dll
0x00007ffa40890000 - 0x00007ffa408e9000 	C:\WINDOWS\system32\mswsock.dll
0x00007ffa3c150000 - 0x00007ffa3c17a000 	C:\WINDOWS\SYSTEM32\IPHLPAPI.DLL
0x00007ffa3c130000 - 0x00007ffa3c13a000 	C:\WINDOWS\SYSTEM32\WINNSI.DLL
0x00007ffa3bd60000 - 0x00007ffa3bd76000 	C:\WINDOWS\SYSTEM32\dhcpcsvc6.DLL
0x00007ffa3bf60000 - 0x00007ffa3bf7a000 	C:\WINDOWS\SYSTEM32\dhcpcsvc.DLL
0x0000000072a60000 - 0x0000000072a71000 	C:\Program Files\Java\jdk1.8.0_25\jre\bin\nio.dll
0x00007ffa3e3f0000 - 0x00007ffa3e3fa000 	C:\Users\Willy\AppData\Local\Temp\jansi-64-1685381717916772960.dll
0x0000000072a10000 - 0x0000000072a1d000 	C:\Program Files\Java\jdk1.8.0_25\jre\bin\management.dll
0x00007ffa40690000 - 0x00007ffa40734000 	C:\WINDOWS\SYSTEM32\DNSAPI.dll
0x00007ffa372f0000 - 0x00007ffa372fa000 	C:\Windows\System32\rasadhlp.dll
0x00007ffa3bd80000 - 0x00007ffa3bdeb000 	C:\WINDOWS\System32\fwpuclnt.dll
0x00007ffa38b50000 - 0x00007ffa38b65000 	C:\WINDOWS\system32\napinsp.dll
0x00007ffa37300000 - 0x00007ffa3731a000 	C:\WINDOWS\system32\pnrpnsp.dll
0x00007ffa3e6e0000 - 0x00007ffa3e6fb000 	C:\WINDOWS\system32\NLAapi.dll
0x00007ffa38ba0000 - 0x00007ffa38bad000 	C:\WINDOWS\System32\winrnr.dll
0x00007ffa36dc0000 - 0x00007ffa36dd4000 	C:\WINDOWS\system32\wshbth.dll
0x00007ffa29960000 - 0x00007ffa29aea000 	C:\WINDOWS\SYSTEM32\dbghelp.dll

VM Arguments:
jvm_args: -Dfile.encoding=UTF-8 -Xmx768M -Xms64M -Dgrails.fork.parent.process.port=54723 -Dgrails.fork.active=true -Dgrails.build.execution.context=C:\Users\Willy\AppData\Local\Temp\latihan1937940006737745250grails-execution-context -Dgrails.home=C:\grails-2.4.4 -javaagent:C:\grails-2.4.4\lib\org.springframework\springloaded\jars\springloaded-1.2.1.RELEASE.jar -Xverify:none -Dspringloaded.synchronize=true -Djdk.reflect.allowGetCallerClass=true -Dspringloaded=profile=grails;cacheDir=C:\Users\Willy\.grails\2.4.4 
java_command: org.grails.plugins.tomcat.fork.ForkedTomcatServer
java_class_path (initial): C:\Program Files\Java\jdk1.8.0_25\lib\tools.jar;C:\grails-2.4.4\lib\org.codehaus.groovy\groovy-all\jars\groovy-all-2.3.7.jar;C:\grails-2.4.4\lib\org.slf4j\jcl-over-slf4j\jars\jcl-over-slf4j-1.7.5.jar;C:\grails-2.4.4\lib\org.codehaus.gant\gant_groovy1.8\jars\gant_groovy1.8-1.9.6.jar;C:\grails-2.4.4\lib\org.apache.tomcat.embed\tomcat-embed-logging-log4j\jars\tomcat-embed-logging-log4j-7.0.50.jar;C:\grails-2.4.4\dist\grails-plugin-log4j-2.4.4.jar;C:\grails-2.4.4\lib\log4j\log4j\jars\log4j-1.2.17.jar;C:\grails-2.4.4\dist\grails-bootstrap-2.4.4.jar;C:\grails-2.4.4\lib\org.slf4j\slf4j-api\jars\slf4j-api-1.7.5.jar;C:\grails-2.4.4\lib\jline\jline\jars\jline-2.12.jar;C:\grails-2.4.4\lib\org.apache.ant\ant\jars\ant-1.8.4.jar;C:\grails-2.4.4\lib\org.apache.ant\ant-launcher\jars\ant-launcher-1.8.4.jar;C:\grails-2.4.4\lib\org.apache.ant\ant-trax\jars\ant-trax-1.7.1.jar;C:\grails-2.4.4\lib\org.apache.ant\ant-junit\jars\ant-junit-1.8.4.jar;C:\grails-2.4.4\lib\org.apache.ivy\ivy\jars\ivy-2.3.0.jar;C:\grails-2.4.4\lib\org.fusesource.jansi\jansi\jars\jansi-1.11.jar;C:\Users\Willy\.m2\repository\org\apache\tomcat\tomcat-catalina-ant\7.0.55\tomcat-catalina-ant-7.0.55.jar;C:\Users\Willy\.m2\repository\org\apache\tomcat\embed\tomcat-embed-jasper\7.0.55\tomcat-embed-jasper-7.0.55.jar;C:\Users\Willy\.m2\repository\org\apache\tomcat\embed\tomcat-embed-el\7.0.55\tomcat-embed-el-7.0.55.jar;C:\Users\Willy\.m2\repository\org\apache\tomcat\embed\tomcat-embed-logging-log4j\7.0.55\tomcat-embed-logging-log4j-7.0.55.jar;C:\Users\Willy\.m2\repository\org\apache\tomcat\embed\tomcat-embed-websocket\7.0.55\tomcat-embed-websocket-7.0.55.jar;C:\Users\Willy\.m2\repository\org\apache\tomcat\embed\tomcat-embed-core\7.0.55\tomcat-embed-core-7.0.55.jar;C:\Users\Willy\.m2\repository\org\eclipse\jdt\core\compiler\ecj\3.7.2\ecj-3.7.2.jar;C:\Users\Willy\workspace\latihan\target\work\plugins\tomcat-7.0.55\grails-plugin-tomcat-7.0.55.jar;;C:\grails-2.4.4\lib\org.springframework\springloa
Launcher Type: SUN_STANDARD

Environment Variables:
JAVA_HOME=C:\Program Files\Java\jdk1.8.0_25
PATH=C:\ProgramData\Oracle\Java\javapath;C:\Program Files (x86)\Intel\iCLS Client\;C:\Program Files\Intel\iCLS Client\;C:\Program Files\Broadcom\Broadcom 802.11 Network Adapter;C:\WINDOWS\system32;C:\WINDOWS;C:\WINDOWS\System32\Wbem;C:\WINDOWS\System32\WindowsPowerShell\v1.0\;C:\Program Files\Intel\Intel(R) Management Engine Components\DAL;C:\Program Files\Intel\Intel(R) Management Engine Components\IPT;C:\Program Files (x86)\Intel\Intel(R) Management Engine Components\DAL;C:\Program Files (x86)\Intel\Intel(R) Management Engine Components\IPT;C:\Program Files\WIDCOMM\Bluetooth Software\;C:\Program Files\WIDCOMM\Bluetooth Software\syswow64;C:\Program Files (x86)\Intel\OpenCL SDK\2.0\bin\x86;C:\Program Files (x86)\Intel\OpenCL SDK\2.0\bin\x64;C:\Program Files\Sony\VAIO Improvement;C:\Program Files (x86)\Sony\VAIO BIOS Data Transfer Utility\;C:\Program Files (x86)\Sony\VAIO Startup Setting Tool;C:\Program Files\Microsoft SQL Server\110\Tools\Binn\;C:\Program Files\TortoiseSVN\bin;C:\Program Files (x86)\Microsoft ASP.NET\ASP.NET Web Pages\v1.0\;C:\Program Files (x86)\Windows Kits\8.0\Windows Performance Toolkit\;c:\Program Files (x86)\Microsoft SQL Server\110\Tools\Binn\;c:\Program Files\Microsoft SQL Server\110\DTS\Binn\;C:\Program Files (x86)\Microsoft SQL Server\110\Tools\Binn\ManagementStudio\;C:\Program Files (x86)\Microsoft SQL Server\110\DTS\Binn\;C:\Program Files\TortoiseGit\bin;C:\Program Files\Microsoft\Web Platform Installer\
USERNAME=Willy
OS=Windows_NT
PROCESSOR_IDENTIFIER=Intel64 Family 6 Model 58 Stepping 9, GenuineIntel



---------------  S Y S T E M  ---------------

OS: Windows 8.1 , 64 bit Build 9600 

CPU:total 4 (2 cores per cpu, 2 threads per core) family 6 model 58 stepping 9, cmov, cx8, fxsr, mmx, sse, sse2, sse3, ssse3, sse4.1, sse4.2, popcnt, avx, clmul, erms, ht, tsc, tscinvbit, tscinv

Memory: 4k page, physical 12458804k(5883656k free), swap 14359348k(5346824k free)

vm_info: Java HotSpot(TM) 64-Bit Server VM (25.25-b02) for windows-amd64 JRE (1.8.0_25-b18), built on Oct  7 2014 14:25:37 by "java_re" with MS VC++ 10.0 (VS2010)

time: Fri Mar 27 16:53:33 2015
elapsed time: 631 seconds (0d 0h 10m 31s)

