#
# A fatal error has been detected by the Java Runtime Environment:
#
#  EXCEPTION_ACCESS_VIOLATION (0xc0000005) at pc=0x00000000026e9694, pid=7760, tid=4844
#
# JRE version: Java(TM) SE Runtime Environment (8.0_25-b18) (build 1.8.0_25-b18)
# Java VM: Java HotSpot(TM) 64-Bit Server VM (25.25-b02 mixed mode windows-amd64 compressed oops)
# Problematic frame:
# j  java.io.ObjectStreamClass$FieldReflector.getObjFieldValues(Ljava/lang/Object;[Ljava/lang/Object;)V+77
#
# Failed to write core dump. Minidumps are not enabled by default on client versions of Windows
#
# If you would like to submit a bug report, please visit:
#   http://bugreport.sun.com/bugreport/crash.jsp
#

---------------  T H R E A D  ---------------

Current thread (0x00000000169b9000):  JavaThread "localhost-startStop-2" daemon [_thread_in_Java, id=4844, stack(0x000000002b6a0000,0x000000002b7a0000)]

siginfo: ExceptionCode=0xc0000005, reading address 0x00000000200035f6

Registers:
RAX=0x00000000200035ee, RBX=0x0000000000000000, RCX=0x0000000000000000, RDX=0x00000000f8b04d30
RSP=0x000000002b799a68, RBP=0x000000002b799ac0, RSI=0x000000001843db68, RDI=0x0000000000000108
R8 =0x000000002b7999f8, R9 =0x0000000000000060, R10=0x000000007328e2b0, R11=0x0000000002b99ad8
R12=0x0000000000000000, R13=0x0000000016f5cdc8, R14=0x000000002b799ae8, R15=0x00000000169b9000
RIP=0x00000000026e9694, EFLAGS=0x0000000000010206

Top of Stack: (sp=0x000000002b799a68)
0x000000002b799a68:   00000000200035ee 0000000000000000
0x000000002b799a78:   00000000f8b04d30 000000002b799a80
0x000000002b799a88:   0000000016f5cdc5 000000002b799ae8
0x000000002b799a98:   0000000016f5d098 0000000000000000
0x000000002b799aa8:   0000000016f5cdf0 0000000000000000
0x000000002b799ab8:   000000002b799ad8 000000002b799b30
0x000000002b799ac8:   00000000026d7a2d 0000000000000000
0x000000002b799ad8:   00000000f8b04d30 00000000f6251cc0
0x000000002b799ae8:   00000000f8af45c8 000000002b799af0
0x000000002b799af8:   0000000016f411a6 000000002b799b50
0x000000002b799b08:   0000000016f44440 0000000000000000
0x000000002b799b18:   0000000016f411b0 000000002b799ad8
0x000000002b799b28:   000000002b799b40 000000002b799b98
0x000000002b799b38:   00000000026d7a2d 00000000f8b04d30
0x000000002b799b48:   00000000f6251cc0 00000000f8ae80f8
0x000000002b799b58:   000000002b799b58 0000000013dbc4ad 

Instructions: (pc=0x00000000026e9694)
0x00000000026e9674:   8b 4c 24 08 48 8b 54 24 10 48 63 c9 3b 4a 0c 8b
0x00000000026e9684:   d9 0f 83 35 73 ff ff 48 85 c0 0f 84 2b 01 00 00
0x00000000026e9694:   8b 58 08 48 c1 e3 03 8b 42 08 48 c1 e0 03 48 8b
0x00000000026e96a4:   80 f0 00 00 00 48 8d 54 8a 10 48 8b 4d e0 48 85 


Register to memory mapping:

RAX=0x00000000200035ee is pointing into the stack for thread: 0x0000000016803000
RBX=0x0000000000000000 is an unknown value
RCX=0x0000000000000000 is an unknown value
RDX=0x00000000f8b04d30 is an oop
[Ljava.lang.Object; 
 - klass: 'java/lang/Object'[]
 - length: 1
RSP=0x000000002b799a68 is pointing into the stack for thread: 0x00000000169b9000
RBP=0x000000002b799ac0 is pointing into the stack for thread: 0x00000000169b9000
RSI=0x000000001843db68 is pointing into metadata
RDI=0x0000000000000108 is an unknown value
R8 =0x000000002b7999f8 is pointing into the stack for thread: 0x00000000169b9000
R9 =0x0000000000000060 is an unknown value
R10=0x000000007328e2b0 is an unknown value
R11=0x0000000002b99ad8 is at entry_point+24 in (nmethod*)0x0000000002b99950
R12=0x0000000000000000 is an unknown value
R13=0x0000000016f5cdc8 is pointing into metadata
R14=0x000000002b799ae8 is pointing into the stack for thread: 0x00000000169b9000
R15=0x00000000169b9000 is a thread


Stack: [0x000000002b6a0000,0x000000002b7a0000],  sp=0x000000002b799a68,  free space=998k
Native frames: (J=compiled Java code, j=interpreted, Vv=VM code, C=native code)
C  0x00000000026e9694


---------------  P R O C E S S  ---------------

Java Threads: ( => current thread )
=>0x00000000169b9000 JavaThread "localhost-startStop-2" daemon [_thread_in_Java, id=4844, stack(0x000000002b6a0000,0x000000002b7a0000)]
  0x0000000016801800 JavaThread "Tomcat-startStop-2" daemon [_thread_blocked, id=5440, stack(0x000000002aaa0000,0x000000002aba0000)]
  0x0000000016804000 JavaThread "http-bio-8080-exec-10" daemon [_thread_in_native, id=5312, stack(0x000000002a5a0000,0x000000002a6a0000)]
  0x0000000016807000 JavaThread "http-bio-8080-exec-9" daemon [_thread_blocked, id=9516, stack(0x0000000020070000,0x0000000020170000)]
  0x0000000016803000 JavaThread "http-bio-8080-exec-8" daemon [_thread_in_native, id=6104, stack(0x000000001ff70000,0x0000000020070000)]
  0x0000000016806000 JavaThread "http-bio-8080-exec-7" daemon [_thread_blocked, id=7556, stack(0x000000001dea0000,0x000000001dfa0000)]
  0x0000000016804800 JavaThread "http-bio-8080-exec-6" daemon [_thread_in_native, id=896, stack(0x000000001dda0000,0x000000001dea0000)]
  0x00000000167ff800 JavaThread "http-bio-8080-exec-5" daemon [_thread_in_native, id=5256, stack(0x000000001cf90000,0x000000001d090000)]
  0x00000000167fe800 JavaThread "http-bio-8080-exec-4" daemon [_thread_blocked, id=8632, stack(0x000000001b910000,0x000000001ba10000)]
  0x00000000167fe000 JavaThread "Thread-10" daemon [_thread_in_native, id=8408, stack(0x000000002b3a0000,0x000000002b4a0000)]
  0x0000000016801000 JavaThread "http-bio-8080-exec-3" daemon [_thread_blocked, id=8764, stack(0x000000002b0a0000,0x000000002b1a0000)]
  0x0000000016800000 JavaThread "DestroyJavaVM" [_thread_blocked, id=3124, stack(0x00000000022d0000,0x00000000023d0000)]
  0x00000000167fb000 JavaThread "Thread-8" [_thread_blocked, id=4252, stack(0x000000002afa0000,0x000000002b0a0000)]
  0x00000000167fa000 JavaThread "http-bio-8080-exec-2" daemon [_thread_in_native, id=6312, stack(0x000000002aea0000,0x000000002afa0000)]
  0x00000000167fc800 JavaThread "http-bio-8080-exec-1" daemon [_thread_in_native, id=1612, stack(0x000000002ada0000,0x000000002aea0000)]
  0x00000000167fb800 JavaThread "http-bio-8080-AsyncTimeout" daemon [_thread_blocked, id=8048, stack(0x000000002aca0000,0x000000002ada0000)]
  0x00000000167fd000 JavaThread "http-bio-8080-Acceptor-0" daemon [_thread_blocked, id=7484, stack(0x000000002aba0000,0x000000002aca0000)]
  0x0000000017c13000 JavaThread "FileSystemWatcher: files=#222 cl=groovy.lang.GroovyClassLoader@6e950bcf" daemon [_thread_blocked, id=3160, stack(0x000000001b510000,0x000000001b610000)]
  0x0000000015cb6000 JavaThread "Thread-3" [_thread_blocked, id=4864, stack(0x0000000019fa0000,0x000000001a0a0000)]
  0x00000000179cc800 JavaThread "Thread-2" [_thread_blocked, id=192, stack(0x0000000018630000,0x0000000018730000)]
  0x00000000165ac800 JavaThread "NonBlockingInputStreamThread" daemon [_thread_blocked, id=6816, stack(0x0000000017360000,0x0000000017460000)]
  0x0000000015caa000 JavaThread "Service Thread" daemon [_thread_blocked, id=10056, stack(0x0000000016090000,0x0000000016190000)]
  0x0000000015aee000 JavaThread "C1 CompilerThread2" daemon [_thread_blocked, id=5032, stack(0x0000000015f90000,0x0000000016090000)]
  0x0000000015aed000 JavaThread "C2 CompilerThread1" daemon [_thread_blocked, id=6496, stack(0x0000000015e90000,0x0000000015f90000)]
  0x0000000015af7800 JavaThread "C2 CompilerThread0" daemon [_thread_in_native, id=5796, stack(0x0000000015d90000,0x0000000015e90000)]
  0x000000001443e000 JavaThread "Attach Listener" daemon [_thread_blocked, id=7400, stack(0x0000000015890000,0x0000000015990000)]
  0x000000001443c800 JavaThread "Signal Dispatcher" daemon [_thread_blocked, id=7116, stack(0x0000000015790000,0x0000000015890000)]
  0x00000000026c6800 JavaThread "Finalizer" daemon [_thread_blocked, id=9612, stack(0x0000000015690000,0x0000000015790000)]
  0x00000000026bc800 JavaThread "Reference Handler" daemon [_thread_blocked, id=8368, stack(0x0000000015590000,0x0000000015690000)]

Other Threads:
  0x0000000014405800 VMThread [stack: 0x0000000015490000,0x0000000015590000] [id=4460]
  0x0000000015cae000 WatcherThread [stack: 0x0000000016190000,0x0000000016290000] [id=2512]

VM state:not at safepoint (normal execution)

VM Mutex/Monitor currently owned by a thread: None

Heap:
 PSYoungGen      total 215040K, used 174005K [0x00000000f0000000, 0x0000000100000000, 0x0000000100000000)
  eden space 172032K, 82% used [0x00000000f0000000,0x00000000f8b2d698,0x00000000fa800000)
  from space 43008K, 73% used [0x00000000fd600000,0x00000000ff4bfff8,0x0000000100000000)
  to   space 45056K, 0% used [0x00000000fa800000,0x00000000fa800000,0x00000000fd400000)
 ParOldGen       total 173056K, used 120308K [0x00000000d0000000, 0x00000000da900000, 0x00000000f0000000)
  object space 173056K, 69% used [0x00000000d0000000,0x00000000d757d360,0x00000000da900000)
 Metaspace       used 84446K, capacity 87712K, committed 87808K, reserved 1126400K
  class space    used 9499K, capacity 10478K, committed 10496K, reserved 1048576K

Card table byte_map: [0x0000000011a90000,0x0000000011c20000] byte_map_base: 0x0000000011410000

Marking Bits: (ParMarkBitMap*) 0x000000007329d490
 Begin Bits: [0x0000000012120000, 0x0000000012d20000)
 End Bits:   [0x0000000012d20000, 0x0000000013920000)

Polling page: 0x00000000023d0000

CodeCache: size=245760Kb used=32373Kb max_used=32373Kb free=213386Kb
 bounds [0x00000000026d0000, 0x00000000046b0000, 0x00000000116d0000]
 total_blobs=9011 nmethods=8236 adapters=685
 compilation: enabled

Compilation events (10 events):
Event: 1004.287 Thread 0x0000000015af7800 nmethod 10522 0x00000000030d5a90 code [0x00000000030d5ce0, 0x00000000030d7de0]
Event: 1004.287 Thread 0x0000000015af7800 10537       4       java.lang.Class::privateGetDeclaredFields (67 bytes)
Event: 1004.290 Thread 0x0000000015aed000 nmethod 10536 0x000000000425af10 code [0x000000000425b080, 0x000000000425b828]
Event: 1004.295 Thread 0x0000000015aee000 nmethod 10543 0x00000000030d0250 code [0x00000000030d0800, 0x00000000030d3d08]
Event: 1004.295 Thread 0x0000000015aee000 10544       3       java.io.ObjectOutputStream$ReplaceTable::lookup (24 bytes)
Event: 1004.296 Thread 0x0000000015aee000 nmethod 10544 0x00000000042a2510 code [0x00000000042a2680, 0x00000000042a28a8]
Event: 1004.296 Thread 0x0000000015aee000 10545       3       java.io.ObjectStreamClass::processQueue (21 bytes)
Event: 1004.296 Thread 0x0000000015aee000 nmethod 10545 0x000000000425a5d0 code [0x000000000425a760, 0x000000000425ad18]
Event: 1004.297 Thread 0x0000000015aee000 10546       3       sun.security.provider.ByteArrayAccess::i2bBig4 (111 bytes)
Event: 1004.297 Thread 0x0000000015aee000 nmethod 10546 0x00000000040e9550 code [0x00000000040e96c0, 0x00000000040e99a8]

GC Heap History (10 events):
Event: 176.236 GC heap before
{Heap before GC invocations=59 (full 5):
 PSYoungGen      total 213504K, used 179646K [0x00000000f0000000, 0x00000000ffb80000, 0x0000000100000000)
  eden space 169984K, 97% used [0x00000000f0000000,0x00000000fa1c3868,0x00000000fa600000)
  from space 43520K, 32% used [0x00000000fa600000,0x00000000fb3ac1e0,0x00000000fd080000)
  to   space 40960K, 0% used [0x00000000fd380000,0x00000000fd380000,0x00000000ffb80000)
 ParOldGen       total 173056K, used 120268K [0x00000000d0000000, 0x00000000da900000, 0x00000000f0000000)
  object space 173056K, 69% used [0x00000000d0000000,0x00000000d7573360,0x00000000da900000)
 Metaspace       used 76911K, capacity 79272K, committed 79488K, reserved 1120256K
  class space    used 8785K, capacity 9500K, committed 9600K, reserved 1048576K
Event: 176.275 GC heap after
Heap after GC invocations=59 (full 5):
 PSYoungGen      total 216576K, used 16930K [0x00000000f0000000, 0x00000000ff980000, 0x0000000100000000)
  eden space 177664K, 0% used [0x00000000f0000000,0x00000000f0000000,0x00000000fad80000)
  from space 38912K, 43% used [0x00000000fd380000,0x00000000fe408990,0x00000000ff980000)
  to   space 38912K, 0% used [0x00000000fad80000,0x00000000fad80000,0x00000000fd380000)
 ParOldGen       total 173056K, used 120276K [0x00000000d0000000, 0x00000000da900000, 0x00000000f0000000)
  object space 173056K, 69% used [0x00000000d0000000,0x00000000d7575360,0x00000000da900000)
 Metaspace       used 76911K, capacity 79272K, committed 79488K, reserved 1120256K
  class space    used 8785K, capacity 9500K, committed 9600K, reserved 1048576K
}
Event: 310.900 GC heap before
{Heap before GC invocations=60 (full 5):
 PSYoungGen      total 216576K, used 194594K [0x00000000f0000000, 0x00000000ff980000, 0x0000000100000000)
  eden space 177664K, 100% used [0x00000000f0000000,0x00000000fad80000,0x00000000fad80000)
  from space 38912K, 43% used [0x00000000fd380000,0x00000000fe408990,0x00000000ff980000)
  to   space 38912K, 0% used [0x00000000fad80000,0x00000000fad80000,0x00000000fd380000)
 ParOldGen       total 173056K, used 120276K [0x00000000d0000000, 0x00000000da900000, 0x00000000f0000000)
  object space 173056K, 69% used [0x00000000d0000000,0x00000000d7575360,0x00000000da900000)
 Metaspace       used 79046K, capacity 81556K, committed 81792K, reserved 1122304K
  class space    used 9050K, capacity 9800K, committed 9856K, reserved 1048576K
Event: 310.932 GC heap after
Heap after GC invocations=60 (full 5):
 PSYoungGen      total 216576K, used 22075K [0x00000000f0000000, 0x0000000100000000, 0x0000000100000000)
  eden space 177664K, 0% used [0x00000000f0000000,0x00000000f0000000,0x00000000fad80000)
  from space 38912K, 56% used [0x00000000fad80000,0x00000000fc30ec30,0x00000000fd380000)
  to   space 38912K, 0% used [0x00000000fda00000,0x00000000fda00000,0x0000000100000000)
 ParOldGen       total 173056K, used 120284K [0x00000000d0000000, 0x00000000da900000, 0x00000000f0000000)
  object space 173056K, 69% used [0x00000000d0000000,0x00000000d7577360,0x00000000da900000)
 Metaspace       used 79046K, capacity 81556K, committed 81792K, reserved 1122304K
  class space    used 9050K, capacity 9800K, committed 9856K, reserved 1048576K
}
Event: 432.398 GC heap before
{Heap before GC invocations=61 (full 5):
 PSYoungGen      total 216576K, used 199739K [0x00000000f0000000, 0x0000000100000000, 0x0000000100000000)
  eden space 177664K, 100% used [0x00000000f0000000,0x00000000fad80000,0x00000000fad80000)
  from space 38912K, 56% used [0x00000000fad80000,0x00000000fc30ec30,0x00000000fd380000)
  to   space 38912K, 0% used [0x00000000fda00000,0x00000000fda00000,0x0000000100000000)
 ParOldGen       total 173056K, used 120284K [0x00000000d0000000, 0x00000000da900000, 0x00000000f0000000)
  object space 173056K, 69% used [0x00000000d0000000,0x00000000d7577360,0x00000000da900000)
 Metaspace       used 80514K, capacity 83220K, committed 83584K, reserved 1122304K
  class space    used 9174K, capacity 9985K, committed 10112K, reserved 1048576K
Event: 432.653 GC heap after
Heap after GC invocations=61 (full 5):
 PSYoungGen      total 219136K, used 28092K [0x00000000f0000000, 0x0000000100000000, 0x0000000100000000)
  eden space 180224K, 0% used [0x00000000f0000000,0x00000000f0000000,0x00000000fb000000)
  from space 38912K, 72% used [0x00000000fda00000,0x00000000ff56f090,0x0000000100000000)
  to   space 40960K, 0% used [0x00000000fb000000,0x00000000fb000000,0x00000000fd800000)
 ParOldGen       total 173056K, used 120292K [0x00000000d0000000, 0x00000000da900000, 0x00000000f0000000)
  object space 173056K, 69% used [0x00000000d0000000,0x00000000d7579360,0x00000000da900000)
 Metaspace       used 80514K, capacity 83220K, committed 83584K, reserved 1122304K
  class space    used 9174K, capacity 9985K, committed 10112K, reserved 1048576K
}
Event: 470.252 GC heap before
{Heap before GC invocations=62 (full 5):
 PSYoungGen      total 219136K, used 208316K [0x00000000f0000000, 0x0000000100000000, 0x0000000100000000)
  eden space 180224K, 100% used [0x00000000f0000000,0x00000000fb000000,0x00000000fb000000)
  from space 38912K, 72% used [0x00000000fda00000,0x00000000ff56f090,0x0000000100000000)
  to   space 40960K, 0% used [0x00000000fb000000,0x00000000fb000000,0x00000000fd800000)
 ParOldGen       total 173056K, used 120292K [0x00000000d0000000, 0x00000000da900000, 0x00000000f0000000)
  object space 173056K, 69% used [0x00000000d0000000,0x00000000d7579360,0x00000000da900000)
 Metaspace       used 82162K, capacity 84968K, committed 85248K, reserved 1124352K
  class space    used 9316K, capacity 10200K, committed 10240K, reserved 1048576K
Event: 470.306 GC heap after
Heap after GC invocations=62 (full 5):
 PSYoungGen      total 209920K, used 29607K [0x00000000f0000000, 0x0000000100000000, 0x0000000100000000)
  eden space 180224K, 0% used [0x00000000f0000000,0x00000000f0000000,0x00000000fb000000)
  from space 29696K, 99% used [0x00000000fb000000,0x00000000fcce9f98,0x00000000fcd00000)
  to   space 43008K, 0% used [0x00000000fd600000,0x00000000fd600000,0x0000000100000000)
 ParOldGen       total 173056K, used 120300K [0x00000000d0000000, 0x00000000da900000, 0x00000000f0000000)
  object space 173056K, 69% used [0x00000000d0000000,0x00000000d757b360,0x00000000da900000)
 Metaspace       used 82162K, capacity 84968K, committed 85248K, reserved 1124352K
  class space    used 9316K, capacity 10200K, committed 10240K, reserved 1048576K
}
Event: 956.877 GC heap before
{Heap before GC invocations=63 (full 5):
 PSYoungGen      total 209920K, used 209831K [0x00000000f0000000, 0x0000000100000000, 0x0000000100000000)
  eden space 180224K, 100% used [0x00000000f0000000,0x00000000fb000000,0x00000000fb000000)
  from space 29696K, 99% used [0x00000000fb000000,0x00000000fcce9f98,0x00000000fcd00000)
  to   space 43008K, 0% used [0x00000000fd600000,0x00000000fd600000,0x0000000100000000)
 ParOldGen       total 173056K, used 120300K [0x00000000d0000000, 0x00000000da900000, 0x00000000f0000000)
  object space 173056K, 69% used [0x00000000d0000000,0x00000000d757b360,0x00000000da900000)
 Metaspace       used 82742K, capacity 85694K, committed 85888K, reserved 1124352K
  class space    used 9364K, capacity 10286K, committed 10368K, reserved 1048576K
Event: 956.969 GC heap after
Heap after GC invocations=63 (full 5):
 PSYoungGen      total 215040K, used 31487K [0x00000000f0000000, 0x0000000100000000, 0x0000000100000000)
  eden space 172032K, 0% used [0x00000000f0000000,0x00000000f0000000,0x00000000fa800000)
  from space 43008K, 73% used [0x00000000fd600000,0x00000000ff4bfff8,0x0000000100000000)
  to   space 45056K, 0% used [0x00000000fa800000,0x00000000fa800000,0x00000000fd400000)
 ParOldGen       total 173056K, used 120308K [0x00000000d0000000, 0x00000000da900000, 0x00000000f0000000)
  object space 173056K, 69% used [0x00000000d0000000,0x00000000d757d360,0x00000000da900000)
 Metaspace       used 82742K, capacity 85694K, committed 85888K, reserved 1124352K
  class space    used 9364K, capacity 10286K, committed 10368K, reserved 1048576K
}

Deoptimization events (10 events):
Event: 1003.512 Thread 0x00000000169b9000 Uncommon trap: reason=bimorphic action=maybe_recompile pc=0x0000000003769088 method=java.util.Hashtable.put(Ljava/lang/Object;Ljava/lang/Object;)Ljava/lang/Object; @ 60
Event: 1004.067 Thread 0x00000000169b9000 Uncommon trap: reason=array_check action=maybe_recompile pc=0x0000000003debcd0 method=java.util.ComparableTimSort.binarySort([Ljava/lang/Object;III)V @ 215
Event: 1004.094 Thread 0x00000000169b9000 Uncommon trap: reason=array_check action=maybe_recompile pc=0x000000000296f6e0 method=java.util.ComparableTimSort.binarySort([Ljava/lang/Object;III)V @ 183
Event: 1004.103 Thread 0x00000000169b9000 Uncommon trap: reason=predicate action=maybe_recompile pc=0x0000000003937290 method=java.util.TimSort.binarySort([Ljava/lang/Object;IIILjava/util/Comparator;)V @ 37
Event: 1004.104 Thread 0x00000000169b9000 Uncommon trap: reason=array_check action=maybe_recompile pc=0x000000000296f6e0 method=java.util.ComparableTimSort.binarySort([Ljava/lang/Object;III)V @ 183
Event: 1004.125 Thread 0x00000000169b9000 Uncommon trap: reason=array_check action=maybe_recompile pc=0x000000000298b5bc method=java.util.TimSort.binarySort([Ljava/lang/Object;IIILjava/util/Comparator;)V @ 215
Event: 1004.127 Thread 0x00000000169b9000 Uncommon trap: reason=array_check action=maybe_recompile pc=0x000000000298b670 method=java.util.TimSort.binarySort([Ljava/lang/Object;IIILjava/util/Comparator;)V @ 193
Event: 1004.128 Thread 0x00000000169b9000 Uncommon trap: reason=array_check action=maybe_recompile pc=0x000000000298b670 method=java.util.TimSort.binarySort([Ljava/lang/Object;IIILjava/util/Comparator;)V @ 193
Event: 1004.128 Thread 0x00000000169b9000 Uncommon trap: reason=array_check action=maybe_recompile pc=0x000000000298b728 method=java.util.TimSort.binarySort([Ljava/lang/Object;IIILjava/util/Comparator;)V @ 183
Event: 1004.128 Thread 0x00000000169b9000 Uncommon trap: reason=array_check action=maybe_recompile pc=0x000000000298b728 method=java.util.TimSort.binarySort([Ljava/lang/Object;IIILjava/util/Comparator;)V @ 183

Internal exceptions (10 events):
Event: 1004.280 Thread 0x00000000169b9000 Exception <a 'java/lang/NoSuchMethodError': <clinit>> (0x00000000f8a66110) thrown at [D:\re\workspace\8-2-build-windows-amd64-cygwin\jdk8u25\1677\hotspot\src\share\vm\prims\jni.cpp, line 1603]
Event: 1004.285 Thread 0x00000000169b9000 Exception <a 'java/lang/NoSuchMethodError': <clinit>> (0x00000000f8a71570) thrown at [D:\re\workspace\8-2-build-windows-amd64-cygwin\jdk8u25\1677\hotspot\src\share\vm\prims\jni.cpp, line 1603]
Event: 1004.287 Thread 0x00000000169b9000 Exception <a 'java/lang/NoSuchMethodError': <clinit>> (0x00000000f8a7d3b8) thrown at [D:\re\workspace\8-2-build-windows-amd64-cygwin\jdk8u25\1677\hotspot\src\share\vm\prims\jni.cpp, line 1603]
Event: 1004.292 Thread 0x00000000169b9000 Exception <a 'java/lang/NoSuchMethodError': <clinit>> (0x00000000f8a87f88) thrown at [D:\re\workspace\8-2-build-windows-amd64-cygwin\jdk8u25\1677\hotspot\src\share\vm\prims\jni.cpp, line 1603]
Event: 1004.294 Thread 0x00000000169b9000 Exception <a 'java/lang/NoSuchMethodError': <clinit>> (0x00000000f8a981e0) thrown at [D:\re\workspace\8-2-build-windows-amd64-cygwin\jdk8u25\1677\hotspot\src\share\vm\prims\jni.cpp, line 1603]
Event: 1004.296 Thread 0x00000000169b9000 Exception <a 'java/lang/NoSuchMethodError': <clinit>> (0x00000000f8a9fbb0) thrown at [D:\re\workspace\8-2-build-windows-amd64-cygwin\jdk8u25\1677\hotspot\src\share\vm\prims\jni.cpp, line 1603]
Event: 1004.299 Thread 0x00000000169b9000 Exception <a 'java/lang/NoSuchMethodError': <clinit>> (0x00000000f8ab7680) thrown at [D:\re\workspace\8-2-build-windows-amd64-cygwin\jdk8u25\1677\hotspot\src\share\vm\prims\jni.cpp, line 1603]
Event: 1004.300 Thread 0x00000000169b9000 Exception <a 'java/lang/NoSuchMethodError': <clinit>> (0x00000000f8ab8848) thrown at [D:\re\workspace\8-2-build-windows-amd64-cygwin\jdk8u25\1677\hotspot\src\share\vm\prims\jni.cpp, line 1603]
Event: 1004.303 Thread 0x00000000169b9000 Exception <a 'java/lang/NoSuchMethodError': <clinit>> (0x00000000f8acb3b0) thrown at [D:\re\workspace\8-2-build-windows-amd64-cygwin\jdk8u25\1677\hotspot\src\share\vm\prims\jni.cpp, line 1603]
Event: 1004.304 Thread 0x00000000169b9000 Exception <a 'java/lang/NoSuchMethodError': <clinit>> (0x00000000f8add2d0) thrown at [D:\re\workspace\8-2-build-windows-amd64-cygwin\jdk8u25\1677\hotspot\src\share\vm\prims\jni.cpp, line 1603]

Events (10 events):
Event: 1004.128 Thread 0x00000000169b9000 Uncommon trap: trap_request=0xffffffd6 fr.pc=0x000000000298b728
Event: 1004.128 Thread 0x00000000169b9000 DEOPT PACKING pc=0x000000000298b728 sp=0x000000002b79be90
Event: 1004.128 Thread 0x00000000169b9000 DEOPT UNPACKING pc=0x000000000271556a sp=0x000000002b79be30 mode 2
Event: 1004.128 Thread 0x00000000169b9000 Uncommon trap: trap_request=0xffffffd6 fr.pc=0x000000000298b728
Event: 1004.128 Thread 0x00000000169b9000 DEOPT PACKING pc=0x000000000298b728 sp=0x000000002b79be90
Event: 1004.128 Thread 0x00000000169b9000 DEOPT UNPACKING pc=0x000000000271556a sp=0x000000002b79be30 mode 2
Event: 1004.225 loading class com/vaadin/shared/ui/dd/DragEventType
Event: 1004.225 loading class com/vaadin/shared/ui/dd/DragEventType done
Event: 1004.233 Executing VM operation: RevokeBias
Event: 1004.233 Executing VM operation: RevokeBias done


Dynamic libraries:
0x00007ff6474b0000 - 0x00007ff6474e4000 	C:\Program Files\Java\jdk1.8.0_25\bin\java.exe
0x00007ffa43f30000 - 0x00007ffa440dc000 	C:\WINDOWS\SYSTEM32\ntdll.dll
0x00007ffa42130000 - 0x00007ffa4226e000 	C:\WINDOWS\system32\KERNEL32.DLL
0x00007ffa41330000 - 0x00007ffa41445000 	C:\WINDOWS\system32\KERNELBASE.dll
0x00007ffa3fa60000 - 0x00007ffa3faee000 	C:\WINDOWS\system32\apphelp.dll
0x00007ffa3e2a0000 - 0x00007ffa3e2f3000 	C:\WINDOWS\AppPatch\AppPatch64\AcGenral.DLL
0x00007ffa41610000 - 0x00007ffa416ba000 	C:\WINDOWS\system32\msvcrt.dll
0x00007ffa40e50000 - 0x00007ffa40e7e000 	C:\WINDOWS\SYSTEM32\SspiCli.dll
0x00007ffa43cd0000 - 0x00007ffa43d24000 	C:\WINDOWS\system32\SHLWAPI.dll
0x00007ffa416c0000 - 0x00007ffa41837000 	C:\WINDOWS\system32\USER32.dll
0x00007ffa43d30000 - 0x00007ffa43ec4000 	C:\WINDOWS\system32\ole32.dll
0x00007ffa427b0000 - 0x00007ffa43cc8000 	C:\WINDOWS\system32\SHELL32.dll
0x00007ffa40620000 - 0x00007ffa40641000 	C:\WINDOWS\SYSTEM32\USERENV.dll
0x00007ffa42270000 - 0x00007ffa4231a000 	C:\WINDOWS\system32\ADVAPI32.dll
0x00007ffa38780000 - 0x00007ffa3879e000 	C:\WINDOWS\SYSTEM32\MPR.dll
0x00007ffa42480000 - 0x00007ffa425c1000 	C:\WINDOWS\system32\RPCRT4.dll
0x00007ffa415b0000 - 0x00007ffa41609000 	C:\WINDOWS\SYSTEM32\sechost.dll
0x00007ffa41840000 - 0x00007ffa41a51000 	C:\WINDOWS\SYSTEM32\combase.dll
0x00007ffa42320000 - 0x00007ffa42471000 	C:\WINDOWS\system32\GDI32.dll
0x00007ffa41080000 - 0x00007ffa41095000 	C:\WINDOWS\SYSTEM32\profapi.dll
0x00007ffa3f390000 - 0x00007ffa3f442000 	C:\WINDOWS\SYSTEM32\SHCORE.dll
0x00007ffa41a70000 - 0x00007ffa41aa6000 	C:\WINDOWS\system32\IMM32.DLL
0x00007ffa41b90000 - 0x00007ffa41ce1000 	C:\WINDOWS\system32\MSCTF.dll
0x00007ffa3ec80000 - 0x00007ffa3eefb000 	C:\WINDOWS\WinSxS\amd64_microsoft.windows.common-controls_6595b64144ccf1df_6.0.9600.17415_none_6240486fecbd8abb\COMCTL32.dll
0x0000000073320000 - 0x00000000733f2000 	C:\Program Files\Java\jdk1.8.0_25\jre\bin\msvcr100.dll
0x0000000072ac0000 - 0x000000007331a000 	C:\Program Files\Java\jdk1.8.0_25\jre\bin\server\jvm.dll
0x00007ffa38610000 - 0x00007ffa38619000 	C:\WINDOWS\SYSTEM32\WSOCK32.dll
0x00007ffa3b7c0000 - 0x00007ffa3b7e2000 	C:\WINDOWS\SYSTEM32\WINMM.dll
0x00007ffa41ab0000 - 0x00007ffa41ab7000 	C:\WINDOWS\system32\PSAPI.DLL
0x00007ffa42060000 - 0x00007ffa420ba000 	C:\WINDOWS\system32\WS2_32.dll
0x00007ffa3b790000 - 0x00007ffa3b7ba000 	C:\WINDOWS\SYSTEM32\WINMMBASE.dll
0x00007ffa41db0000 - 0x00007ffa41db9000 	C:\WINDOWS\system32\NSI.dll
0x00007ffa41500000 - 0x00007ffa4154f000 	C:\WINDOWS\SYSTEM32\cfgmgr32.dll
0x00007ffa3fe70000 - 0x00007ffa3fe98000 	C:\WINDOWS\SYSTEM32\DEVOBJ.dll
0x0000000072ab0000 - 0x0000000072abf000 	C:\Program Files\Java\jdk1.8.0_25\jre\bin\verify.dll
0x0000000072a80000 - 0x0000000072aa8000 	C:\Program Files\Java\jdk1.8.0_25\jre\bin\java.dll
0x0000000072a50000 - 0x0000000072a73000 	C:\Program Files\Java\jdk1.8.0_25\jre\bin\instrument.dll
0x0000000072a30000 - 0x0000000072a46000 	C:\Program Files\Java\jdk1.8.0_25\jre\bin\zip.dll
0x00007ffa408f0000 - 0x00007ffa40910000 	C:\WINDOWS\SYSTEM32\CRYPTSP.dll
0x00007ffa40510000 - 0x00007ffa40546000 	C:\WINDOWS\system32\rsaenh.dll
0x00007ffa40b40000 - 0x00007ffa40b66000 	C:\WINDOWS\SYSTEM32\bcrypt.dll
0x00007ffa40e80000 - 0x00007ffa40ee3000 	C:\WINDOWS\system32\bcryptprimitives.dll
0x00007ffa40ef0000 - 0x00007ffa40efb000 	C:\WINDOWS\SYSTEM32\CRYPTBASE.dll
0x0000000072a10000 - 0x0000000072a2a000 	C:\Program Files\Java\jdk1.8.0_25\jre\bin\net.dll
0x00007ffa40890000 - 0x00007ffa408e9000 	C:\WINDOWS\system32\mswsock.dll
0x00007ffa3c150000 - 0x00007ffa3c17a000 	C:\WINDOWS\SYSTEM32\IPHLPAPI.DLL
0x00007ffa3c130000 - 0x00007ffa3c13a000 	C:\WINDOWS\SYSTEM32\WINNSI.DLL
0x00007ffa3bd60000 - 0x00007ffa3bd76000 	C:\WINDOWS\SYSTEM32\dhcpcsvc6.DLL
0x00007ffa3bf60000 - 0x00007ffa3bf7a000 	C:\WINDOWS\SYSTEM32\dhcpcsvc.DLL
0x00000000729f0000 - 0x0000000072a01000 	C:\Program Files\Java\jdk1.8.0_25\jre\bin\nio.dll
0x00007ffa3e3d0000 - 0x00007ffa3e3da000 	C:\Users\Willy\AppData\Local\Temp\jansi-64-1060517969645849417.dll
0x00000000729a0000 - 0x00000000729ad000 	C:\Program Files\Java\jdk1.8.0_25\jre\bin\management.dll
0x00007ffa40690000 - 0x00007ffa40734000 	C:\WINDOWS\SYSTEM32\DNSAPI.dll
0x00007ffa372f0000 - 0x00007ffa372fa000 	C:\Windows\System32\rasadhlp.dll
0x00007ffa3bd80000 - 0x00007ffa3bdeb000 	C:\WINDOWS\System32\fwpuclnt.dll
0x00007ffa38b50000 - 0x00007ffa38b65000 	C:\WINDOWS\system32\napinsp.dll
0x00007ffa37300000 - 0x00007ffa3731a000 	C:\WINDOWS\system32\pnrpnsp.dll
0x00007ffa3e6e0000 - 0x00007ffa3e6fb000 	C:\WINDOWS\system32\NLAapi.dll
0x00007ffa38ba0000 - 0x00007ffa38bad000 	C:\WINDOWS\System32\winrnr.dll
0x00007ffa36dc0000 - 0x00007ffa36dd4000 	C:\WINDOWS\system32\wshbth.dll
0x00007ffa29960000 - 0x00007ffa29aea000 	C:\WINDOWS\SYSTEM32\dbghelp.dll

VM Arguments:
jvm_args: -Dfile.encoding=UTF-8 -Xmx768M -Xms64M -Dgrails.fork.parent.process.port=51288 -Dgrails.fork.active=true -Dgrails.build.execution.context=C:\Users\Willy\AppData\Local\Temp\latihan4664781367305052040grails-execution-context -Dgrails.home=C:\grails-2.4.4 -javaagent:C:\grails-2.4.4\lib\org.springframework\springloaded\jars\springloaded-1.2.1.RELEASE.jar -Xverify:none -Dspringloaded.synchronize=true -Djdk.reflect.allowGetCallerClass=true -Dspringloaded=profile=grails;cacheDir=C:\Users\Willy\.grails\2.4.4 
java_command: org.grails.plugins.tomcat.fork.ForkedTomcatServer
java_class_path (initial): C:\Program Files\Java\jdk1.8.0_25\lib\tools.jar;C:\grails-2.4.4\lib\org.codehaus.groovy\groovy-all\jars\groovy-all-2.3.7.jar;C:\grails-2.4.4\lib\org.slf4j\jcl-over-slf4j\jars\jcl-over-slf4j-1.7.5.jar;C:\grails-2.4.4\lib\org.codehaus.gant\gant_groovy1.8\jars\gant_groovy1.8-1.9.6.jar;C:\grails-2.4.4\lib\org.apache.tomcat.embed\tomcat-embed-logging-log4j\jars\tomcat-embed-logging-log4j-7.0.50.jar;C:\grails-2.4.4\dist\grails-plugin-log4j-2.4.4.jar;C:\grails-2.4.4\lib\log4j\log4j\jars\log4j-1.2.17.jar;C:\grails-2.4.4\dist\grails-bootstrap-2.4.4.jar;C:\grails-2.4.4\lib\org.slf4j\slf4j-api\jars\slf4j-api-1.7.5.jar;C:\grails-2.4.4\lib\jline\jline\jars\jline-2.12.jar;C:\grails-2.4.4\lib\org.apache.ant\ant\jars\ant-1.8.4.jar;C:\grails-2.4.4\lib\org.apache.ant\ant-launcher\jars\ant-launcher-1.8.4.jar;C:\grails-2.4.4\lib\org.apache.ant\ant-trax\jars\ant-trax-1.7.1.jar;C:\grails-2.4.4\lib\org.apache.ant\ant-junit\jars\ant-junit-1.8.4.jar;C:\grails-2.4.4\lib\org.apache.ivy\ivy\jars\ivy-2.3.0.jar;C:\grails-2.4.4\lib\org.fusesource.jansi\jansi\jars\jansi-1.11.jar;C:\Users\Willy\.m2\repository\org\apache\tomcat\tomcat-catalina-ant\7.0.55\tomcat-catalina-ant-7.0.55.jar;C:\Users\Willy\.m2\repository\org\apache\tomcat\embed\tomcat-embed-jasper\7.0.55\tomcat-embed-jasper-7.0.55.jar;C:\Users\Willy\.m2\repository\org\apache\tomcat\embed\tomcat-embed-el\7.0.55\tomcat-embed-el-7.0.55.jar;C:\Users\Willy\.m2\repository\org\apache\tomcat\embed\tomcat-embed-logging-log4j\7.0.55\tomcat-embed-logging-log4j-7.0.55.jar;C:\Users\Willy\.m2\repository\org\apache\tomcat\embed\tomcat-embed-websocket\7.0.55\tomcat-embed-websocket-7.0.55.jar;C:\Users\Willy\.m2\repository\org\apache\tomcat\embed\tomcat-embed-core\7.0.55\tomcat-embed-core-7.0.55.jar;C:\Users\Willy\.m2\repository\org\eclipse\jdt\core\compiler\ecj\3.7.2\ecj-3.7.2.jar;C:\Users\Willy\workspace\latihan\target\work\plugins\tomcat-7.0.55\grails-plugin-tomcat-7.0.55.jar;;C:\grails-2.4.4\lib\org.springframework\springloa
Launcher Type: SUN_STANDARD

Environment Variables:
JAVA_HOME=C:\Program Files\Java\jdk1.8.0_25
PATH=C:\ProgramData\Oracle\Java\javapath;C:\Program Files (x86)\Intel\iCLS Client\;C:\Program Files\Intel\iCLS Client\;C:\Program Files\Broadcom\Broadcom 802.11 Network Adapter;C:\WINDOWS\system32;C:\WINDOWS;C:\WINDOWS\System32\Wbem;C:\WINDOWS\System32\WindowsPowerShell\v1.0\;C:\Program Files\Intel\Intel(R) Management Engine Components\DAL;C:\Program Files\Intel\Intel(R) Management Engine Components\IPT;C:\Program Files (x86)\Intel\Intel(R) Management Engine Components\DAL;C:\Program Files (x86)\Intel\Intel(R) Management Engine Components\IPT;C:\Program Files\WIDCOMM\Bluetooth Software\;C:\Program Files\WIDCOMM\Bluetooth Software\syswow64;C:\Program Files (x86)\Intel\OpenCL SDK\2.0\bin\x86;C:\Program Files (x86)\Intel\OpenCL SDK\2.0\bin\x64;C:\Program Files\Sony\VAIO Improvement;C:\Program Files (x86)\Sony\VAIO BIOS Data Transfer Utility\;C:\Program Files (x86)\Sony\VAIO Startup Setting Tool;C:\Program Files\Microsoft SQL Server\110\Tools\Binn\;C:\Program Files\TortoiseSVN\bin;C:\Program Files (x86)\Microsoft ASP.NET\ASP.NET Web Pages\v1.0\;C:\Program Files (x86)\Windows Kits\8.0\Windows Performance Toolkit\;c:\Program Files (x86)\Microsoft SQL Server\110\Tools\Binn\;c:\Program Files\Microsoft SQL Server\110\DTS\Binn\;C:\Program Files (x86)\Microsoft SQL Server\110\Tools\Binn\ManagementStudio\;C:\Program Files (x86)\Microsoft SQL Server\110\DTS\Binn\;C:\Program Files\TortoiseGit\bin;C:\Program Files\Microsoft\Web Platform Installer\
USERNAME=Willy
OS=Windows_NT
PROCESSOR_IDENTIFIER=Intel64 Family 6 Model 58 Stepping 9, GenuineIntel



---------------  S Y S T E M  ---------------

OS: Windows 8.1 , 64 bit Build 9600 

CPU:total 4 (2 cores per cpu, 2 threads per core) family 6 model 58 stepping 9, cmov, cx8, fxsr, mmx, sse, sse2, sse3, ssse3, sse4.1, sse4.2, popcnt, avx, clmul, erms, ht, tsc, tscinvbit, tscinv

Memory: 4k page, physical 12458804k(6638608k free), swap 14359348k(6942552k free)

vm_info: Java HotSpot(TM) 64-Bit Server VM (25.25-b02) for windows-amd64 JRE (1.8.0_25-b18), built on Oct  7 2014 14:25:37 by "java_re" with MS VC++ 10.0 (VS2010)

time: Tue Mar 31 15:06:37 2015
elapsed time: 1004 seconds (0d 0h 16m 44s)

