#
# A fatal error has been detected by the Java Runtime Environment:
#
#  EXCEPTION_ACCESS_VIOLATION (0xc0000005) at pc=0x0000000003f12d26, pid=2124, tid=5204
#
# JRE version: Java(TM) SE Runtime Environment (8.0_25-b18) (build 1.8.0_25-b18)
# Java VM: Java HotSpot(TM) 64-Bit Server VM (25.25-b02 mixed mode windows-amd64 compressed oops)
# Problematic frame:
# J 9457 C1 java.io.ObjectStreamClass$FieldReflector.getObjFieldValues(Ljava/lang/Object;[Ljava/lang/Object;)V (99 bytes) @ 0x0000000003f12d26 [0x0000000003f12c00+0x126]
#
# Failed to write core dump. Minidumps are not enabled by default on client versions of Windows
#
# If you would like to submit a bug report, please visit:
#   http://bugreport.sun.com/bugreport/crash.jsp
#

---------------  T H R E A D  ---------------

Current thread (0x000000005a9ba800):  JavaThread "localhost-startStop-2" daemon [_thread_in_Java, id=5204, stack(0x000000006aeb0000,0x000000006afb0000)]

siginfo: ExceptionCode=0xc0000005, reading address 0x0000000000000009

Registers:
RAX=0x0000000000000001, RBX=0x0000000000000060, RCX=0x00000000f5d27ac8, RDX=0x00000000f5d15a88
RSP=0x000000006afa9a80, RBP=0x000000006afa9c18, RSI=0x0000000000000000, RDI=0x0000000013e1f280
R8 =0x00000000f1b69828, R9 =0x00000000f5d27ab8, R10=0x0000000013f29410, R11=0x00000000f5d0c388
R12=0x0000000000000000, R13=0x00000000f5201aa8, R14=0x000000006afa9c68, R15=0x000000005a9ba800
RIP=0x0000000003f12d26, EFLAGS=0x0000000000010202

Top of Stack: (sp=0x000000006afa9a80)
0x000000006afa9a80:   0000000000000038 00000000f5d09970
0x000000006afa9a90:   00000000f1b69828 00000000f5311838
0x000000006afa9aa0:   00000000f5203900 00000000f5311838
0x000000006afa9ab0:   000000005a9ba800 0000000000000000
0x000000006afa9ac0:   000000006afa9b28 00000000028a7790
0x000000006afa9ad0:   000000006afa9c18 0000000002af7afc
0x000000006afa9ae0:   00000000f5d279b8 000000006afa9ae8
0x000000006afa9af0:   000000005819a1da 000000006afa9b78
0x000000006afa9b00:   000000005819d7a8 000000006aa51ff8
0x000000006afa9b10:   000000005819a220 0000000000000000
0x000000006afa9b20:   000000006afa9b80 000000006afa9c18
0x000000006afa9b30:   00000000031bef84 00000000fd03c580
0x000000006afa9b40:   00000000fd03c580 00000000f1b69828
0x000000006afa9b50:   00000000f5d09970 00000000f5201aa8
0x000000006afa9b60:   0000000100000000 00000000f5d27ab8
0x000000006afa9b70:   0000000000000000 00000000f5d0c388 

Instructions: (pc=0x0000000003f12d26)
0x0000000003f12d06:   00 75 19 48 bb 38 07 a5 6a 00 00 00 00 81 8b c0
0x0000000003f12d16:   01 00 00 00 01 00 00 e9 db 00 00 00 41 8b 79 08
0x0000000003f12d26:   8b 58 08 48 8b bf f0 00 00 00 48 3b df 0f 84 2a
0x0000000003f12d36:   00 00 00 44 8b 5f 0c 4a 3b 3c 1b 0f 84 1c 00 00 


Register to memory mapping:

RAX=0x0000000000000001 is an unknown value
RBX=0x0000000000000060 is an unknown value
RCX=0x00000000f5d27ac8 is an oop

[error occurred during error reporting (printing register info), id 0xc0000005]

Stack: [0x000000006aeb0000,0x000000006afb0000],  sp=0x000000006afa9a80,  free space=998k
Native frames: (J=compiled Java code, j=interpreted, Vv=VM code, C=native code)
C  0x0000000003f12d26


---------------  P R O C E S S  ---------------

Java Threads: ( => current thread )
=>0x000000005a9ba800 JavaThread "localhost-startStop-2" daemon [_thread_in_Java, id=5204, stack(0x000000006aeb0000,0x000000006afb0000)]
  0x00000000589be000 JavaThread "Tomcat-startStop-2" daemon [_thread_blocked, id=5276, stack(0x000000006ad10000,0x000000006ae10000)]
  0x0000000057b87000 JavaThread "http-bio-8080-exec-10" daemon [_thread_blocked, id=644, stack(0x000000006a520000,0x000000006a620000)]
  0x0000000057b86800 JavaThread "http-bio-8080-exec-9" daemon [_thread_blocked, id=6752, stack(0x0000000069f00000,0x000000006a000000)]
  0x0000000057b85800 JavaThread "http-bio-8080-exec-8" daemon [_thread_blocked, id=3000, stack(0x000000006a300000,0x000000006a400000)]
  0x0000000057b85000 JavaThread "http-bio-8080-exec-7" daemon [_thread_blocked, id=3908, stack(0x0000000069b30000,0x0000000069c30000)]
  0x0000000057b84000 JavaThread "http-bio-8080-exec-6" daemon [_thread_blocked, id=5144, stack(0x000000006a200000,0x000000006a300000)]
  0x0000000057b83800 JavaThread "http-bio-8080-exec-5" daemon [_thread_blocked, id=4360, stack(0x0000000069de0000,0x0000000069ee0000)]
  0x0000000057b82000 JavaThread "http-bio-8080-exec-4" daemon [_thread_blocked, id=4952, stack(0x0000000069550000,0x0000000069650000)]
  0x0000000057b82800 JavaThread "Thread-10" daemon [_thread_in_native, id=5612, stack(0x000000006a010000,0x000000006a110000)]
  0x0000000057b81000 JavaThread "http-bio-8080-exec-3" daemon [_thread_blocked, id=7048, stack(0x0000000069c30000,0x0000000069d30000)]
  0x0000000057b80000 JavaThread "DestroyJavaVM" [_thread_blocked, id=4884, stack(0x00000000024d0000,0x00000000025d0000)]
  0x00000000589c2000 JavaThread "Thread-8" [_thread_blocked, id=6120, stack(0x0000000069160000,0x0000000069260000)]
  0x00000000589c1000 JavaThread "http-bio-8080-exec-2" daemon [_thread_blocked, id=4924, stack(0x0000000069820000,0x0000000069920000)]
  0x00000000589c0800 JavaThread "http-bio-8080-exec-1" daemon [_thread_blocked, id=3376, stack(0x0000000069650000,0x0000000069750000)]
  0x00000000589bf800 JavaThread "http-bio-8080-AsyncTimeout" daemon [_thread_blocked, id=6964, stack(0x0000000069410000,0x0000000069510000)]
  0x00000000589bf000 JavaThread "http-bio-8080-Acceptor-0" daemon [_thread_blocked, id=6572, stack(0x0000000068f50000,0x0000000069050000)]
  0x0000000055e45800 JavaThread "FileSystemWatcher: files=#200 cl=groovy.lang.GroovyClassLoader@294a6b8e" daemon [_thread_blocked, id=6420, stack(0x000000005b560000,0x000000005b660000)]
  0x0000000056c6f800 JavaThread "Thread-3" [_thread_blocked, id=5908, stack(0x0000000059b50000,0x0000000059c50000)]
  0x000000005842c800 JavaThread "Thread-2" [_thread_blocked, id=1192, stack(0x0000000057c60000,0x0000000057d60000)]
  0x0000000056ab7000 JavaThread "NonBlockingInputStreamThread" daemon [_thread_blocked, id=5208, stack(0x0000000057ff0000,0x00000000580f0000)]
  0x0000000055e41800 JavaThread "Service Thread" daemon [_thread_blocked, id=2340, stack(0x0000000056330000,0x0000000056430000)]
  0x0000000055d0d000 JavaThread "C1 CompilerThread1" daemon [_thread_blocked, id=7000, stack(0x0000000056000000,0x0000000056100000)]
  0x0000000055d17000 JavaThread "C2 CompilerThread0" daemon [_thread_blocked, id=2432, stack(0x0000000056100000,0x0000000056200000)]
  0x00000000547d7800 JavaThread "Attach Listener" daemon [_thread_blocked, id=6948, stack(0x0000000055ac0000,0x0000000055bc0000)]
  0x00000000547d6000 JavaThread "Signal Dispatcher" daemon [_thread_blocked, id=5676, stack(0x0000000055960000,0x0000000055a60000)]
  0x0000000054779000 JavaThread "Finalizer" daemon [_thread_blocked, id=5464, stack(0x00000000553f0000,0x00000000554f0000)]
  0x0000000054770000 JavaThread "Reference Handler" daemon [_thread_blocked, id=2996, stack(0x0000000055730000,0x0000000055830000)]

Other Threads:
  0x0000000054768000 VMThread [stack: 0x0000000055510000,0x0000000055610000] [id=900]
  0x0000000055e44800 WatcherThread [stack: 0x0000000055830000,0x0000000055930000] [id=2772]

VM state:not at safepoint (normal execution)

VM Mutex/Monitor currently owned by a thread: None

Heap:
 PSYoungGen      total 201728K, used 116725K [0x00000000f0000000, 0x00000000ff800000, 0x0000000100000000)
  eden space 157696K, 60% used [0x00000000f0000000,0x00000000f5d689d0,0x00000000f9a00000)
  from space 44032K, 47% used [0x00000000fcd00000,0x00000000fe194bc0,0x00000000ff800000)
  to   space 48128K, 0% used [0x00000000f9a00000,0x00000000f9a00000,0x00000000fc900000)
 ParOldGen       total 227840K, used 134792K [0x00000000d0000000, 0x00000000dde80000, 0x00000000f0000000)
  object space 227840K, 59% used [0x00000000d0000000,0x00000000d83a2080,0x00000000dde80000)
 Metaspace       used 80520K, capacity 83274K, committed 83456K, reserved 1122304K
  class space    used 9118K, capacity 9938K, committed 9984K, reserved 1048576K

Card table byte_map: [0x0000000011c60000,0x0000000011df0000] byte_map_base: 0x00000000115e0000

Marking Bits: (ParMarkBitMap*) 0x0000000067eed490
 Begin Bits: [0x0000000012490000, 0x0000000013090000)
 End Bits:   [0x0000000013090000, 0x0000000013c90000)

Polling page: 0x0000000000330000

CodeCache: size=245760Kb used=26609Kb max_used=26628Kb free=219150Kb
 bounds [0x00000000028a0000, 0x00000000042d0000, 0x00000000118a0000]
 total_blobs=8058 nmethods=7284 adapters=686
 compilation: enabled

Compilation events (10 events):
Event: 634.196 Thread 0x0000000055d0d000 9470       3       java.io.ObjectStreamClass::access$1700 (8 bytes)
Event: 634.197 Thread 0x0000000055d0d000 nmethod 9470 0x0000000003632a50 code [0x0000000003632bc0, 0x0000000003632d28]
Event: 634.197 Thread 0x0000000055d0d000 9471   !   3       java.io.ObjectStreamClass::getPrivateMethod (56 bytes)
Event: 634.197 Thread 0x0000000055d17000 nmethod 9466 0x0000000003477850 code [0x00000000034779a0, 0x0000000003477d98]
Event: 634.197 Thread 0x0000000055d0d000 nmethod 9471 0x0000000003476dd0 code [0x0000000003476f80, 0x00000000034775a8]
Event: 634.197 Thread 0x0000000055d17000 9467       4       java.io.ObjectOutputStream$BlockDataOutputStream::writeBytes (144 bytes)
Event: 634.197 Thread 0x0000000055d0d000 9472       1       java.io.ObjectStreamClass::access$1600 (5 bytes)
Event: 634.197 Thread 0x0000000055d0d000 nmethod 9472 0x0000000003476b10 code [0x0000000003476c60, 0x0000000003476d50]
Event: 634.204 Thread 0x0000000055d17000 nmethod 9467 0x0000000003474d90 code [0x0000000003474ee0, 0x00000000034752c8]
Event: 634.204 Thread 0x0000000055d17000 9473       4       java.io.ObjectStreamClass::getClassSignature (242 bytes)

GC Heap History (10 events):
Event: 73.406 GC heap before
{Heap before GC invocations=34 (full 4):
 PSYoungGen      total 199168K, used 147527K [0x00000000f0000000, 0x0000000100000000, 0x0000000100000000)
  eden space 136192K, 100% used [0x00000000f0000000,0x00000000f8500000,0x00000000f8500000)
  from space 62976K, 17% used [0x00000000f8500000,0x00000000f9011e10,0x00000000fc280000)
  to   space 61440K, 0% used [0x00000000fc400000,0x00000000fc400000,0x0000000100000000)
 ParOldGen       total 227840K, used 134768K [0x00000000d0000000, 0x00000000dde80000, 0x00000000f0000000)
  object space 227840K, 59% used [0x00000000d0000000,0x00000000d839c080,0x00000000dde80000)
 Metaspace       used 74775K, capacity 76894K, committed 77056K, reserved 1118208K
  class space    used 8507K, capacity 9155K, committed 9216K, reserved 1048576K
Event: 73.464 GC heap after
Heap after GC invocations=34 (full 4):
 PSYoungGen      total 193536K, used 14316K [0x00000000f0000000, 0x00000000ffa80000, 0x0000000100000000)
  eden space 137728K, 0% used [0x00000000f0000000,0x00000000f0000000,0x00000000f8680000)
  from space 55808K, 25% used [0x00000000fc400000,0x00000000fd1fb210,0x00000000ffa80000)
  to   space 59392K, 0% used [0x00000000f8680000,0x00000000f8680000,0x00000000fc080000)
 ParOldGen       total 227840K, used 134776K [0x00000000d0000000, 0x00000000dde80000, 0x00000000f0000000)
  object space 227840K, 59% used [0x00000000d0000000,0x00000000d839e080,0x00000000dde80000)
 Metaspace       used 74775K, capacity 76894K, committed 77056K, reserved 1118208K
  class space    used 8507K, capacity 9155K, committed 9216K, reserved 1048576K
}
Event: 278.240 GC heap before
{Heap before GC invocations=35 (full 4):
 PSYoungGen      total 193536K, used 152044K [0x00000000f0000000, 0x00000000ffa80000, 0x0000000100000000)
  eden space 137728K, 100% used [0x00000000f0000000,0x00000000f8680000,0x00000000f8680000)
  from space 55808K, 25% used [0x00000000fc400000,0x00000000fd1fb210,0x00000000ffa80000)
  to   space 59392K, 0% used [0x00000000f8680000,0x00000000f8680000,0x00000000fc080000)
 ParOldGen       total 227840K, used 134776K [0x00000000d0000000, 0x00000000dde80000, 0x00000000f0000000)
  object space 227840K, 59% used [0x00000000d0000000,0x00000000d839e080,0x00000000dde80000)
 Metaspace       used 76560K, capacity 78768K, committed 78848K, reserved 1118208K
  class space    used 8734K, capacity 9455K, committed 9472K, reserved 1048576K
Event: 278.506 GC heap after
Heap after GC invocations=35 (full 4):
 PSYoungGen      total 197120K, used 19169K [0x00000000f0000000, 0x00000000ffd80000, 0x0000000100000000)
  eden space 137728K, 0% used [0x00000000f0000000,0x00000000f0000000,0x00000000f8680000)
  from space 59392K, 32% used [0x00000000f8680000,0x00000000f9938530,0x00000000fc080000)
  to   space 56320K, 0% used [0x00000000fc680000,0x00000000fc680000,0x00000000ffd80000)
 ParOldGen       total 227840K, used 134776K [0x00000000d0000000, 0x00000000dde80000, 0x00000000f0000000)
  object space 227840K, 59% used [0x00000000d0000000,0x00000000d839e080,0x00000000dde80000)
 Metaspace       used 76560K, capacity 78768K, committed 78848K, reserved 1118208K
  class space    used 8734K, capacity 9455K, committed 9472K, reserved 1048576K
}
Event: 281.539 GC heap before
{Heap before GC invocations=36 (full 4):
 PSYoungGen      total 197120K, used 156897K [0x00000000f0000000, 0x00000000ffd80000, 0x0000000100000000)
  eden space 137728K, 100% used [0x00000000f0000000,0x00000000f8680000,0x00000000f8680000)
  from space 59392K, 32% used [0x00000000f8680000,0x00000000f9938530,0x00000000fc080000)
  to   space 56320K, 0% used [0x00000000fc680000,0x00000000fc680000,0x00000000ffd80000)
 ParOldGen       total 227840K, used 134776K [0x00000000d0000000, 0x00000000dde80000, 0x00000000f0000000)
  object space 227840K, 59% used [0x00000000d0000000,0x00000000d839e080,0x00000000dde80000)
 Metaspace       used 77112K, capacity 79344K, committed 79616K, reserved 1120256K
  class space    used 8765K, capacity 9455K, committed 9472K, reserved 1048576K
Event: 281.653 GC heap after
Heap after GC invocations=36 (full 4):
 PSYoungGen      total 196096K, used 19891K [0x00000000f0000000, 0x00000000ff700000, 0x0000000100000000)
  eden space 146432K, 0% used [0x00000000f0000000,0x00000000f0000000,0x00000000f8f00000)
  from space 49664K, 40% used [0x00000000fc680000,0x00000000fd9ece48,0x00000000ff700000)
  to   space 53248K, 0% used [0x00000000f8f00000,0x00000000f8f00000,0x00000000fc300000)
 ParOldGen       total 227840K, used 134784K [0x00000000d0000000, 0x00000000dde80000, 0x00000000f0000000)
  object space 227840K, 59% used [0x00000000d0000000,0x00000000d83a0080,0x00000000dde80000)
 Metaspace       used 77112K, capacity 79344K, committed 79616K, reserved 1120256K
  class space    used 8765K, capacity 9455K, committed 9472K, reserved 1048576K
}
Event: 389.054 GC heap before
{Heap before GC invocations=37 (full 4):
 PSYoungGen      total 196096K, used 166323K [0x00000000f0000000, 0x00000000ff700000, 0x0000000100000000)
  eden space 146432K, 100% used [0x00000000f0000000,0x00000000f8f00000,0x00000000f8f00000)
  from space 49664K, 40% used [0x00000000fc680000,0x00000000fd9ece48,0x00000000ff700000)
  to   space 53248K, 0% used [0x00000000f8f00000,0x00000000f8f00000,0x00000000fc300000)
 ParOldGen       total 227840K, used 134784K [0x00000000d0000000, 0x00000000dde80000, 0x00000000f0000000)
  object space 227840K, 59% used [0x00000000d0000000,0x00000000d83a0080,0x00000000dde80000)
 Metaspace       used 78646K, capacity 80952K, committed 81152K, reserved 1120256K
  class space    used 8902K, capacity 9629K, committed 9728K, reserved 1048576K
Event: 389.617 GC heap after
Heap after GC invocations=37 (full 4):
 PSYoungGen      total 199680K, used 23404K [0x00000000f0000000, 0x00000000ffe80000, 0x0000000100000000)
  eden space 146432K, 0% used [0x00000000f0000000,0x00000000f0000000,0x00000000f8f00000)
  from space 53248K, 43% used [0x00000000f8f00000,0x00000000fa5db148,0x00000000fc300000)
  to   space 50688K, 0% used [0x00000000fcd00000,0x00000000fcd00000,0x00000000ffe80000)
 ParOldGen       total 227840K, used 134784K [0x00000000d0000000, 0x00000000dde80000, 0x00000000f0000000)
  object space 227840K, 59% used [0x00000000d0000000,0x00000000d83a0080,0x00000000dde80000)
 Metaspace       used 78646K, capacity 80952K, committed 81152K, reserved 1120256K
  class space    used 8902K, capacity 9629K, committed 9728K, reserved 1048576K
}
Event: 400.260 GC heap before
{Heap before GC invocations=38 (full 4):
 PSYoungGen      total 199680K, used 166344K [0x00000000f0000000, 0x00000000ffe80000, 0x0000000100000000)
  eden space 146432K, 97% used [0x00000000f0000000,0x00000000f8b96ee0,0x00000000f8f00000)
  from space 53248K, 43% used [0x00000000f8f00000,0x00000000fa5db148,0x00000000fc300000)
  to   space 50688K, 0% used [0x00000000fcd00000,0x00000000fcd00000,0x00000000ffe80000)
 ParOldGen       total 227840K, used 134784K [0x00000000d0000000, 0x00000000dde80000, 0x00000000f0000000)
  object space 227840K, 59% used [0x00000000d0000000,0x00000000d83a0080,0x00000000dde80000)
 Metaspace       used 79416K, capacity 81772K, committed 81920K, reserved 1122304K
  class space    used 8957K, capacity 9668K, committed 9728K, reserved 1048576K
Event: 400.352 GC heap after
Heap after GC invocations=38 (full 4):
 PSYoungGen      total 201728K, used 21074K [0x00000000f0000000, 0x00000000ff800000, 0x0000000100000000)
  eden space 157696K, 0% used [0x00000000f0000000,0x00000000f0000000,0x00000000f9a00000)
  from space 44032K, 47% used [0x00000000fcd00000,0x00000000fe194bc0,0x00000000ff800000)
  to   space 48128K, 0% used [0x00000000f9a00000,0x00000000f9a00000,0x00000000fc900000)
 ParOldGen       total 227840K, used 134792K [0x00000000d0000000, 0x00000000dde80000, 0x00000000f0000000)
  object space 227840K, 59% used [0x00000000d0000000,0x00000000d83a2080,0x00000000dde80000)
 Metaspace       used 79416K, capacity 81772K, committed 81920K, reserved 1122304K
  class space    used 8957K, capacity 9668K, committed 9728K, reserved 1048576K
}

Deoptimization events (10 events):
Event: 406.488 Thread 0x0000000057b82000 Uncommon trap: reason=null_check action=make_not_entrant pc=0x0000000003b0d180 method=groovy.lang.MetaClassImpl.retrieveStaticMethod(Ljava/lang/String;[Ljava/lang/Object;)Lgroovy/lang/MetaMethod; @ 38
Event: 499.618 Thread 0x0000000057b82800 Uncommon trap: reason=class_check action=maybe_recompile pc=0x0000000004248e68 method=java.util.HashMap.removeNode(ILjava/lang/Object;Ljava/lang/Object;ZZ)Ljava/util/HashMap$Node; @ 68
Event: 633.993 Thread 0x000000005a9ba800 Uncommon trap: reason=predicate action=maybe_recompile pc=0x0000000004134250 method=java.util.TimSort.binarySort([Ljava/lang/Object;IIILjava/util/Comparator;)V @ 37
Event: 634.077 Thread 0x000000005a9ba800 Uncommon trap: reason=array_check action=maybe_recompile pc=0x0000000002bdde78 method=java.util.TimSort.binarySort([Ljava/lang/Object;IIILjava/util/Comparator;)V @ 183
Event: 634.085 Thread 0x000000005a9ba800 Uncommon trap: reason=array_check action=maybe_recompile pc=0x0000000002bddd50 method=java.util.TimSort.binarySort([Ljava/lang/Object;IIILjava/util/Comparator;)V @ 215
Event: 634.090 Thread 0x000000005a9ba800 Uncommon trap: reason=array_check action=maybe_recompile pc=0x0000000002daf454 method=java.util.TimSort.binarySort([Ljava/lang/Object;IIILjava/util/Comparator;)V @ 215
Event: 634.090 Thread 0x000000005a9ba800 Uncommon trap: reason=array_check action=maybe_recompile pc=0x0000000002daf454 method=java.util.TimSort.binarySort([Ljava/lang/Object;IIILjava/util/Comparator;)V @ 215
Event: 634.090 Thread 0x000000005a9ba800 Uncommon trap: reason=array_check action=maybe_recompile pc=0x0000000002bddd50 method=java.util.TimSort.binarySort([Ljava/lang/Object;IIILjava/util/Comparator;)V @ 215
Event: 634.104 Thread 0x000000005a9ba800 Uncommon trap: reason=array_check action=maybe_recompile pc=0x0000000003f636e8 method=java.util.TimSort.binarySort([Ljava/lang/Object;IIILjava/util/Comparator;)V @ 193
Event: 634.104 Thread 0x000000005a9ba800 Uncommon trap: reason=array_check action=maybe_recompile pc=0x0000000003f636e8 method=java.util.TimSort.binarySort([Ljava/lang/Object;IIILjava/util/Comparator;)V @ 193

Internal exceptions (10 events):
Event: 634.186 Thread 0x000000005a9ba800 Exception <a 'java/lang/NoSuchMethodError': <clinit>> (0x00000000f5bf7560) thrown at [D:\re\workspace\8-2-build-windows-amd64-cygwin\jdk8u25\1677\hotspot\src\share\vm\prims\jni.cpp, line 1603]
Event: 634.188 Thread 0x000000005a9ba800 Exception <a 'java/lang/NoSuchMethodError': <clinit>> (0x00000000f5c30bf8) thrown at [D:\re\workspace\8-2-build-windows-amd64-cygwin\jdk8u25\1677\hotspot\src\share\vm\prims\jni.cpp, line 1603]
Event: 634.191 Thread 0x000000005a9ba800 Exception <a 'java/lang/NoSuchMethodError': <clinit>> (0x00000000f5c7e188) thrown at [D:\re\workspace\8-2-build-windows-amd64-cygwin\jdk8u25\1677\hotspot\src\share\vm\prims\jni.cpp, line 1603]
Event: 634.192 Thread 0x000000005a9ba800 Exception <a 'java/lang/NoSuchMethodError': <clinit>> (0x00000000f5c8ace0) thrown at [D:\re\workspace\8-2-build-windows-amd64-cygwin\jdk8u25\1677\hotspot\src\share\vm\prims\jni.cpp, line 1603]
Event: 634.193 Thread 0x000000005a9ba800 Exception <a 'java/lang/NoSuchMethodError': <clinit>> (0x00000000f5c97850) thrown at [D:\re\workspace\8-2-build-windows-amd64-cygwin\jdk8u25\1677\hotspot\src\share\vm\prims\jni.cpp, line 1603]
Event: 634.196 Thread 0x000000005a9ba800 Exception <a 'java/lang/NoSuchMethodError': <clinit>> (0x00000000f5ccb248) thrown at [D:\re\workspace\8-2-build-windows-amd64-cygwin\jdk8u25\1677\hotspot\src\share\vm\prims\jni.cpp, line 1603]
Event: 634.197 Thread 0x000000005a9ba800 Exception <a 'java/lang/NoSuchMethodError': <clinit>> (0x00000000f5cd8c70) thrown at [D:\re\workspace\8-2-build-windows-amd64-cygwin\jdk8u25\1677\hotspot\src\share\vm\prims\jni.cpp, line 1603]
Event: 634.198 Thread 0x000000005a9ba800 Exception <a 'java/lang/NoSuchMethodError': <clinit>> (0x00000000f5cec060) thrown at [D:\re\workspace\8-2-build-windows-amd64-cygwin\jdk8u25\1677\hotspot\src\share\vm\prims\jni.cpp, line 1603]
Event: 634.199 Thread 0x000000005a9ba800 Exception <a 'java/lang/NoSuchMethodError': <clinit>> (0x00000000f5d08088) thrown at [D:\re\workspace\8-2-build-windows-amd64-cygwin\jdk8u25\1677\hotspot\src\share\vm\prims\jni.cpp, line 1603]
Event: 634.201 Thread 0x000000005a9ba800 Implicit null exception at 0x0000000003f12d26 to 0x0000000000000000

Events (10 events):
Event: 634.104 Thread 0x000000005a9ba800 Uncommon trap: trap_request=0xffffffd6 fr.pc=0x0000000003f636e8
Event: 634.104 Thread 0x000000005a9ba800 DEOPT PACKING pc=0x0000000003f636e8 sp=0x000000006afac220
Event: 634.104 Thread 0x000000005a9ba800 DEOPT UNPACKING pc=0x00000000028e556a sp=0x000000006afac1c0 mode 2
Event: 634.104 Thread 0x000000005a9ba800 Uncommon trap: trap_request=0xffffffd6 fr.pc=0x0000000003f636e8
Event: 634.104 Thread 0x000000005a9ba800 DEOPT PACKING pc=0x0000000003f636e8 sp=0x000000006afac220
Event: 634.104 Thread 0x000000005a9ba800 DEOPT UNPACKING pc=0x00000000028e556a sp=0x000000006afac1c0 mode 2
Event: 634.131 loading class com/vaadin/shared/ui/dd/DragEventType
Event: 634.131 loading class com/vaadin/shared/ui/dd/DragEventType done
Event: 634.143 Executing VM operation: RevokeBias
Event: 634.143 Executing VM operation: RevokeBias done


Dynamic libraries:
0x000000013f480000 - 0x000000013f4b4000 	C:\Program Files\Java\jdk1.8.0_25\bin\java.exe
0x0000000077a10000 - 0x0000000077bbb000 	C:\Windows\SYSTEM32\ntdll.dll
0x00000000778f0000 - 0x0000000077a0f000 	C:\Windows\system32\kernel32.dll
0x000007fefcc30000 - 0x000007fefcc9b000 	C:\Windows\system32\KERNELBASE.dll
0x000007fefd340000 - 0x000007fefd41b000 	C:\Windows\system32\ADVAPI32.dll
0x000007fefcf50000 - 0x000007fefcfef000 	C:\Windows\system32\msvcrt.dll
0x000007fefdb20000 - 0x000007fefdb3f000 	C:\Windows\SYSTEM32\sechost.dll
0x000007fefd420000 - 0x000007fefd54e000 	C:\Windows\system32\RPCRT4.dll
0x00000000777f0000 - 0x00000000778ea000 	C:\Windows\system32\USER32.dll
0x000007fefd2d0000 - 0x000007fefd337000 	C:\Windows\system32\GDI32.dll
0x000007fefeef0000 - 0x000007fefeefe000 	C:\Windows\system32\LPK.dll
0x000007fefe970000 - 0x000007fefea3a000 	C:\Windows\system32\USP10.dll
0x000007fefb460000 - 0x000007fefb654000 	C:\Windows\WinSxS\amd64_microsoft.windows.common-controls_6595b64144ccf1df_6.0.7600.16385_none_fa645303170382f6\COMCTL32.dll
0x000007fefd550000 - 0x000007fefd5c1000 	C:\Windows\system32\SHLWAPI.dll
0x000007fefdad0000 - 0x000007fefdafe000 	C:\Windows\system32\IMM32.DLL
0x000007fefd5d0000 - 0x000007fefd6d9000 	C:\Windows\system32\MSCTF.dll
0x0000000071dd0000 - 0x0000000071ea2000 	C:\Program Files\Java\jdk1.8.0_25\jre\bin\msvcr100.dll
0x0000000067710000 - 0x0000000067f6a000 	C:\Program Files\Java\jdk1.8.0_25\jre\bin\server\jvm.dll
0x000007fefaad0000 - 0x000007fefaad9000 	C:\Windows\system32\WSOCK32.dll
0x000007fefda80000 - 0x000007fefdacd000 	C:\Windows\system32\WS2_32.dll
0x000007fefef00000 - 0x000007fefef08000 	C:\Windows\system32\NSI.dll
0x000007fef73d0000 - 0x000007fef740b000 	C:\Windows\system32\WINMM.dll
0x0000000077bd0000 - 0x0000000077bd7000 	C:\Windows\system32\PSAPI.DLL
0x0000000071f70000 - 0x0000000071f7f000 	C:\Program Files\Java\jdk1.8.0_25\jre\bin\verify.dll
0x0000000071b40000 - 0x0000000071b68000 	C:\Program Files\Java\jdk1.8.0_25\jre\bin\java.dll
0x00000000692a0000 - 0x00000000692c3000 	C:\Program Files\Java\jdk1.8.0_25\jre\bin\instrument.dll
0x0000000071db0000 - 0x0000000071dc6000 	C:\Program Files\Java\jdk1.8.0_25\jre\bin\zip.dll
0x000007fefdb40000 - 0x000007fefe8c6000 	C:\Windows\system32\SHELL32.dll
0x000007fefcd40000 - 0x000007fefcf41000 	C:\Windows\system32\ole32.dll
0x000007fefc980000 - 0x000007fefc98f000 	C:\Windows\system32\profapi.dll
0x000007fefc250000 - 0x000007fefc267000 	C:\Windows\system32\CRYPTSP.dll
0x000007fefbf50000 - 0x000007fefbf97000 	C:\Windows\system32\rsaenh.dll
0x000007fefbcd0000 - 0x000007fefbcee000 	C:\Windows\system32\USERENV.dll
0x000007fefc8b0000 - 0x000007fefc8bf000 	C:\Windows\system32\CRYPTBASE.dll
0x0000000071b20000 - 0x0000000071b3a000 	C:\Program Files\Java\jdk1.8.0_25\jre\bin\net.dll
0x000007fefc1f0000 - 0x000007fefc244000 	C:\Windows\system32\mswsock.dll
0x000007fefc1e0000 - 0x000007fefc1e7000 	C:\Windows\System32\wship6.dll
0x000007fefa4c0000 - 0x000007fefa4e7000 	C:\Windows\system32\IPHLPAPI.DLL
0x000007fefa4b0000 - 0x000007fefa4bb000 	C:\Windows\system32\WINNSI.DLL
0x000007fefa2b0000 - 0x000007fefa2c8000 	C:\Windows\system32\dhcpcsvc.DLL
0x000007fefa290000 - 0x000007fefa2a1000 	C:\Windows\system32\dhcpcsvc6.DLL
0x0000000071b00000 - 0x0000000071b11000 	C:\Program Files\Java\jdk1.8.0_25\jre\bin\nio.dll
0x000007feff770000 - 0x000007feff77a000 	C:\Users\Alfa\AppData\Local\Temp\jansi-64-4600971304248596571.dll
0x000000006f4b0000 - 0x000000006f4bd000 	C:\Program Files\Java\jdk1.8.0_25\jre\bin\management.dll
0x000007fefbbc0000 - 0x000007fefbbc7000 	C:\Windows\System32\wshtcpip.dll
0x000007fefc070000 - 0x000007fefc0cb000 	C:\Windows\system32\DNSAPI.dll
0x000007fef9850000 - 0x000007fef9858000 	C:\Windows\system32\rasadhlp.dll
0x000007fefa330000 - 0x000007fefa383000 	C:\Windows\System32\fwpuclnt.dll
0x000007fefa690000 - 0x000007fefa6a5000 	C:\Windows\system32\NLAapi.dll
0x000007fef8230000 - 0x000007fef823b000 	C:\Windows\System32\winrnr.dll
0x000007fef5f00000 - 0x000007fef5f15000 	C:\Windows\system32\napinsp.dll
0x000007fef5ee0000 - 0x000007fef5ef9000 	C:\Windows\system32\pnrpnsp.dll
0x000007fef0220000 - 0x000007fef0345000 	C:\Windows\system32\dbghelp.dll

VM Arguments:
jvm_args: -Dfile.encoding=UTF-8 -Xmx768M -Xms64M -Dgrails.fork.parent.process.port=58870 -Dgrails.fork.active=true -Dgrails.build.execution.context=C:\Users\Alfa\AppData\Local\Temp\latihan7020885731702529614grails-execution-context -Dgrails.home=D:\grails-2.4.4 -javaagent:D:\grails-2.4.4\lib\org.springframework\springloaded\jars\springloaded-1.2.1.RELEASE.jar -Xverify:none -Dspringloaded.synchronize=true -Djdk.reflect.allowGetCallerClass=true -Dspringloaded=profile=grails;cacheDir=C:\Users\Alfa\.grails\2.4.4 
java_command: org.grails.plugins.tomcat.fork.ForkedTomcatServer
java_class_path (initial): C:\Program Files\Java\jdk1.8.0_25\lib\tools.jar;D:\grails-2.4.4\lib\org.codehaus.groovy\groovy-all\jars\groovy-all-2.3.7.jar;D:\grails-2.4.4\lib\org.slf4j\jcl-over-slf4j\jars\jcl-over-slf4j-1.7.5.jar;D:\grails-2.4.4\lib\org.codehaus.gant\gant_groovy1.8\jars\gant_groovy1.8-1.9.6.jar;D:\grails-2.4.4\lib\org.apache.tomcat.embed\tomcat-embed-logging-log4j\jars\tomcat-embed-logging-log4j-7.0.50.jar;D:\grails-2.4.4\dist\grails-plugin-log4j-2.4.4.jar;D:\grails-2.4.4\lib\log4j\log4j\jars\log4j-1.2.17.jar;D:\grails-2.4.4\dist\grails-bootstrap-2.4.4.jar;D:\grails-2.4.4\lib\org.slf4j\slf4j-api\jars\slf4j-api-1.7.5.jar;D:\grails-2.4.4\lib\jline\jline\jars\jline-2.12.jar;D:\grails-2.4.4\lib\org.apache.ant\ant\jars\ant-1.8.4.jar;D:\grails-2.4.4\lib\org.apache.ant\ant-launcher\jars\ant-launcher-1.8.4.jar;D:\grails-2.4.4\lib\org.apache.ant\ant-trax\jars\ant-trax-1.7.1.jar;D:\grails-2.4.4\lib\org.apache.ant\ant-junit\jars\ant-junit-1.8.4.jar;D:\grails-2.4.4\lib\org.apache.ivy\ivy\jars\ivy-2.3.0.jar;D:\grails-2.4.4\lib\org.fusesource.jansi\jansi\jars\jansi-1.11.jar;C:\Users\Alfa\.m2\repository\org\apache\tomcat\tomcat-catalina-ant\7.0.55\tomcat-catalina-ant-7.0.55.jar;C:\Users\Alfa\.m2\repository\org\apache\tomcat\embed\tomcat-embed-jasper\7.0.55\tomcat-embed-jasper-7.0.55.jar;C:\Users\Alfa\.m2\repository\org\apache\tomcat\embed\tomcat-embed-el\7.0.55\tomcat-embed-el-7.0.55.jar;C:\Users\Alfa\.m2\repository\org\apache\tomcat\embed\tomcat-embed-logging-log4j\7.0.55\tomcat-embed-logging-log4j-7.0.55.jar;C:\Users\Alfa\.m2\repository\org\apache\tomcat\embed\tomcat-embed-websocket\7.0.55\tomcat-embed-websocket-7.0.55.jar;C:\Users\Alfa\.m2\repository\org\apache\tomcat\embed\tomcat-embed-core\7.0.55\tomcat-embed-core-7.0.55.jar;C:\Users\Alfa\.m2\repository\org\eclipse\jdt\core\compiler\ecj\3.7.2\ecj-3.7.2.jar;C:\Users\Alfa\Documents\workspace\latihan\target\work\plugins\tomcat-7.0.55\grails-plugin-tomcat-7.0.55.jar;;D:\grails-2.4.4\lib\org.springframework\springl
Launcher Type: SUN_STANDARD

Environment Variables:
JAVA_HOME=C:\Program Files\Java\jdk1.8.0_25
PATH=C:/Program Files/Java/jre1.8.0_25/bin/server;C:/Program Files/Java/jre1.8.0_25/bin;C:/Program Files/Java/jre1.8.0_25/lib/amd64;C:\ProgramData\Oracle\Java\javapath;C:\Inprise\vbroker\bin;C:\Program Files (x86)\Borland\Delphi7\Bin;C:\Program Files (x86)\Borland\Delphi7\Projects\Bpl\;C:\Windows\system32;C:\Windows;C:\Windows\System32\Wbem;C:\Windows\System32\WindowsPowerShell\v1.0\;C:\Program Files (x86)\Toshiba\Bluetooth Toshiba Stack\sys\;C:\Program Files (x86)\Toshiba\Bluetooth Toshiba Stack\sys\x64\;C:\Users\Alfa\Desktop\eclipse\eclipse;
USERNAME=Alfa
OS=Windows_NT
PROCESSOR_IDENTIFIER=Intel64 Family 6 Model 42 Stepping 7, GenuineIntel



---------------  S Y S T E M  ---------------

OS: Windows 7 , 64 bit Build 7600 

CPU:total 3 (2 cores per cpu, 2 threads per core) family 6 model 42 stepping 7, cmov, cx8, fxsr, mmx, sse, sse2, sse3, ssse3, sse4.1, sse4.2, popcnt, clmul, ht, tsc, tscinvbit

Memory: 4k page, physical 4140912k(772128k free), swap 8279928k(3407560k free)

vm_info: Java HotSpot(TM) 64-Bit Server VM (25.25-b02) for windows-amd64 JRE (1.8.0_25-b18), built on Oct  7 2014 14:25:37 by "java_re" with MS VC++ 10.0 (VS2010)

time: Wed Mar 25 11:35:51 2015
elapsed time: 634 seconds (0d 0h 10m 34s)

