#
# A fatal error has been detected by the Java Runtime Environment:
#
#  EXCEPTION_ACCESS_VIOLATION (0xc0000005) at pc=0x000000000440f1a6, pid=6408, tid=6476
#
# JRE version: Java(TM) SE Runtime Environment (8.0_25-b18) (build 1.8.0_25-b18)
# Java VM: Java HotSpot(TM) 64-Bit Server VM (25.25-b02 mixed mode windows-amd64 compressed oops)
# Problematic frame:
# J 9867 C1 java.io.ObjectStreamClass$FieldReflector.getObjFieldValues(Ljava/lang/Object;[Ljava/lang/Object;)V (99 bytes) @ 0x000000000440f1a6 [0x000000000440f080+0x126]
#
# Failed to write core dump. Minidumps are not enabled by default on client versions of Windows
#
# If you would like to submit a bug report, please visit:
#   http://bugreport.sun.com/bugreport/crash.jsp
#

---------------  T H R E A D  ---------------

Current thread (0x0000000064284800):  JavaThread "localhost-startStop-2" daemon [_thread_in_Java, id=6476, stack(0x0000000056220000,0x0000000056320000)]

siginfo: ExceptionCode=0xc0000005, reading address 0x000000004fe33274

Registers:
RAX=0x000000004fe3326c, RBX=0x0000000000000060, RCX=0x00000000fa5b5668, RDX=0x00000000f99156a8
RSP=0x000000005631dcb0, RBP=0x000000005631de40, RSI=0x0000000000000000, RDI=0x0000000013c1f280
R8 =0x00000000f5844998, R9 =0x00000000fa5b5658, R10=0x00000000f95d3c18, R11=0x00000000f9909da0
R12=0x0000000000000000, R13=0x00000000f95d5d30, R14=0x000000005631de90, R15=0x0000000064284800
RIP=0x000000000440f1a6, EFLAGS=0x0000000000010206

Top of Stack: (sp=0x000000005631dcb0)
0x000000005631dcb0:   00000000fa012620 00000000f9905a60
0x000000005631dcc0:   00000000f5844998 00000000f96615c8
0x000000005631dcd0:   00000000f95d7ba8 00000000f96615c8
0x000000005631dce0:   00000000fa260a78 0000000000000000
0x000000005631dcf0:   00000000f98d4340 000000005631dcf8
0x000000005631dd00:   000000005631de40 000000000440b4b4
0x000000005631dd10:   0000000056e10028 000000006c12ade8
0x000000005631dd20:   0000000056e0bf30 0000000000000000
0x000000005631dd30:   000000005631dda0 0000000002857a01
0x000000005631dd40:   0000000002857a01 0000000000000000
0x000000005631dd50:   00000000f5844b98 0000000000000011
0x000000005631dd60:   000000005631dd60 0000000053f2a922
0x000000005631dd70:   000000005631ddf8 00000000f5844998
0x000000005631dd80:   00000000f9905a60 00000000f95d5d30
0x000000005631dd90:   0000000900000000 00000000fa5b5658
0x000000005631dda0:   0000000000000000 00000000f9909da0 

Instructions: (pc=0x000000000440f1a6)
0x000000000440f186:   00 75 19 48 bb a0 40 12 6c 00 00 00 00 81 8b c0
0x000000000440f196:   01 00 00 00 01 00 00 e9 db 00 00 00 41 8b 79 08
0x000000000440f1a6:   8b 58 08 48 8b bf f0 00 00 00 48 3b df 0f 84 2a
0x000000000440f1b6:   00 00 00 44 8b 5f 0c 4a 3b 3c 1b 0f 84 1c 00 00 


Register to memory mapping:

RAX=0x000000004fe3326c is an unknown value
RBX=0x0000000000000060 is an unknown value
RCX=0x00000000fa5b5668 is an oop

[error occurred during error reporting (printing register info), id 0xc0000005]

Stack: [0x0000000056220000,0x0000000056320000],  sp=0x000000005631dcb0,  free space=1015k
Native frames: (J=compiled Java code, j=interpreted, Vv=VM code, C=native code)
C  0x000000000440f1a6


---------------  P R O C E S S  ---------------

Java Threads: ( => current thread )
=>0x0000000064284800 JavaThread "localhost-startStop-2" daemon [_thread_in_Java, id=6476, stack(0x0000000056220000,0x0000000056320000)]
  0x0000000058176000 JavaThread "Tomcat-startStop-2" daemon [_thread_blocked, id=4392, stack(0x000000005a410000,0x000000005a510000)]
  0x00000000631c9000 JavaThread "Thread-10" daemon [_thread_in_native, id=560, stack(0x000000006b5b0000,0x000000006b6b0000)]
  0x00000000631c7800 JavaThread "http-bio-8080-exec-10" daemon [_thread_blocked, id=1460, stack(0x000000006b490000,0x000000006b590000)]
  0x00000000631c7000 JavaThread "http-bio-8080-exec-9" daemon [_thread_blocked, id=5228, stack(0x000000006b6f0000,0x000000006b7f0000)]
  0x00000000631c5800 JavaThread "http-bio-8080-exec-8" daemon [_thread_blocked, id=396, stack(0x000000006aae0000,0x000000006abe0000)]
  0x00000000631c6000 JavaThread "http-bio-8080-exec-7" daemon [_thread_blocked, id=5772, stack(0x000000006af50000,0x000000006b050000)]
  0x00000000631c4800 JavaThread "http-bio-8080-exec-6" daemon [_thread_blocked, id=3668, stack(0x000000006b100000,0x000000006b200000)]
  0x00000000631c4000 JavaThread "DestroyJavaVM" [_thread_blocked, id=2772, stack(0x0000000002480000,0x0000000002580000)]
  0x00000000631c3000 JavaThread "Thread-8" [_thread_blocked, id=4928, stack(0x000000006ad00000,0x000000006ae00000)]
  0x00000000631c2800 JavaThread "http-bio-8080-exec-5" daemon [_thread_blocked, id=6548, stack(0x000000006ae50000,0x000000006af50000)]
  0x000000005817a800 JavaThread "http-bio-8080-exec-4" daemon [_thread_blocked, id=6404, stack(0x000000006abe0000,0x000000006ace0000)]
  0x0000000058179800 JavaThread "http-bio-8080-exec-3" daemon [_thread_blocked, id=6544, stack(0x000000006a9d0000,0x000000006aad0000)]
  0x0000000058179000 JavaThread "http-bio-8080-exec-2" daemon [_thread_blocked, id=6752, stack(0x000000006a800000,0x000000006a900000)]
  0x0000000058178000 JavaThread "http-bio-8080-exec-1" daemon [_thread_blocked, id=5008, stack(0x000000005fba0000,0x000000005fca0000)]
  0x0000000058177800 JavaThread "http-bio-8080-AsyncTimeout" daemon [_thread_blocked, id=6344, stack(0x000000006a600000,0x000000006a700000)]
  0x0000000058176800 JavaThread "http-bio-8080-Acceptor-0" daemon [_thread_blocked, id=5952, stack(0x000000006a460000,0x000000006a560000)]
  0x00000000575d5800 JavaThread "FileSystemWatcher: files=#207 cl=groovy.lang.GroovyClassLoader@3e7dd664" daemon [_thread_blocked, id=1956, stack(0x000000005a510000,0x000000005a610000)]
  0x0000000058fb9000 JavaThread "Thread-3" [_thread_blocked, id=5616, stack(0x0000000059ad0000,0x0000000059bd0000)]
  0x0000000057eb7000 JavaThread "Thread-2" [_thread_blocked, id=4768, stack(0x00000000587d0000,0x00000000588d0000)]
  0x000000005667a000 JavaThread "NonBlockingInputStreamThread" daemon [_thread_blocked, id=5600, stack(0x0000000056eb0000,0x0000000056fb0000)]
  0x0000000055d35800 JavaThread "Service Thread" daemon [_thread_blocked, id=6484, stack(0x00000000560f0000,0x00000000561f0000)]
  0x0000000055c6d000 JavaThread "C1 CompilerThread1" daemon [_thread_blocked, id=6556, stack(0x00000000558e0000,0x00000000559e0000)]
  0x0000000055c75000 JavaThread "C2 CompilerThread0" daemon [_thread_blocked, id=7108, stack(0x0000000055ff0000,0x00000000560f0000)]
  0x00000000545d7800 JavaThread "Attach Listener" daemon [_thread_blocked, id=6380, stack(0x0000000055a20000,0x0000000055b20000)]
  0x00000000545d6000 JavaThread "Signal Dispatcher" daemon [_thread_blocked, id=2648, stack(0x00000000557c0000,0x00000000558c0000)]
  0x0000000054579000 JavaThread "Finalizer" daemon [_thread_blocked, id=5252, stack(0x0000000055670000,0x0000000055770000)]
  0x0000000054570000 JavaThread "Reference Handler" daemon [_thread_blocked, id=6364, stack(0x00000000552d0000,0x00000000553d0000)]

Other Threads:
  0x0000000054568000 VMThread [stack: 0x0000000055470000,0x0000000055570000] [id=2632]
  0x0000000055d3d800 WatcherThread [stack: 0x0000000056340000,0x0000000056440000] [id=6552]

VM state:not at safepoint (normal execution)

VM Mutex/Monitor currently owned by a thread: None

Heap:
 PSYoungGen      total 218624K, used 197076K [0x00000000f0000000, 0x00000000ffe80000, 0x0000000100000000)
  eden space 178688K, 95% used [0x00000000f0000000,0x00000000fa5e4608,0x00000000fae80000)
  from space 39936K, 68% used [0x00000000fd780000,0x00000000ff210a20,0x00000000ffe80000)
  to   space 40960K, 0% used [0x00000000fae80000,0x00000000fae80000,0x00000000fd680000)
 ParOldGen       total 179712K, used 123734K [0x00000000d0000000, 0x00000000daf80000, 0x00000000f0000000)
  object space 179712K, 68% used [0x00000000d0000000,0x00000000d78d5908,0x00000000daf80000)
 Metaspace       used 83355K, capacity 86456K, committed 86644K, reserved 1126400K
  class space    used 9371K, capacity 10288K, committed 10412K, reserved 1048576K

Card table byte_map: [0x0000000011c10000,0x0000000011da0000] byte_map_base: 0x0000000011590000

Marking Bits: (ParMarkBitMap*) 0x000000005e93d490
 Begin Bits: [0x0000000012290000, 0x0000000012e90000)
 End Bits:   [0x0000000012e90000, 0x0000000013a90000)

Polling page: 0x0000000000340000

CodeCache: size=245760Kb used=28406Kb max_used=28425Kb free=217353Kb
 bounds [0x0000000002850000, 0x0000000004440000, 0x0000000011850000]
 total_blobs=8491 nmethods=7718 adapters=685
 compilation: enabled

Compilation events (10 events):
Event: 1321.257 Thread 0x0000000055c6d000 nmethod 9878 0x000000000442ff90 code [0x0000000004430100, 0x00000000044303e8]
Event: 1321.257 Thread 0x0000000055c6d000 9872  s!   3       sun.security.jca.ProviderConfig::getProvider (115 bytes)
Event: 1321.258 Thread 0x0000000055c6d000 nmethod 9872 0x0000000004430510 code [0x00000000044306c0, 0x0000000004430f28]
Event: 1321.258 Thread 0x0000000055c6d000 9873       3       sun.security.jca.ProviderList::getProvider (22 bytes)
Event: 1321.258 Thread 0x0000000055c6d000 nmethod 9873 0x00000000044311d0 code [0x0000000004431340, 0x00000000044315c8]
Event: 1321.258 Thread 0x0000000055c6d000 9879       1       java.io.ObjectStreamClass::access$000 (5 bytes)
Event: 1321.258 Thread 0x0000000055c6d000 nmethod 9879 0x0000000004431710 code [0x0000000004431860, 0x0000000004431950]
Event: 1321.321 Thread 0x0000000055c75000 nmethod 9870 0x0000000004436a50 code [0x0000000004436cc0, 0x00000000044390a0]
Event: 1321.321 Thread 0x0000000055c75000 9875       4       java.lang.ref.WeakReference::<init> (7 bytes)
Event: 1321.322 Thread 0x0000000055c75000 nmethod 9875 0x0000000003224690 code [0x00000000032247c0, 0x0000000003224858]

GC Heap History (10 events):
Event: 191.628 GC heap before
{Heap before GC invocations=56 (full 4):
 PSYoungGen      total 205312K, used 170133K [0x00000000f0000000, 0x00000000fff00000, 0x0000000100000000)
  eden space 155136K, 100% used [0x00000000f0000000,0x00000000f9780000,0x00000000f9780000)
  from space 50176K, 29% used [0x00000000f9780000,0x00000000fa625548,0x00000000fc880000)
  to   space 48640K, 0% used [0x00000000fcf80000,0x00000000fcf80000,0x00000000fff00000)
 ParOldGen       total 179712K, used 123294K [0x00000000d0000000, 0x00000000daf80000, 0x00000000f0000000)
  object space 179712K, 68% used [0x00000000d0000000,0x00000000d7867908,0x00000000daf80000)
 Metaspace       used 77273K, capacity 79644K, committed 79988K, reserved 1120256K
  class space    used 8854K, capacity 9579K, committed 9644K, reserved 1048576K
Event: 191.674 GC heap after
Heap after GC invocations=56 (full 4):
 PSYoungGen      total 208384K, used 18898K [0x00000000f0000000, 0x00000000ffb80000, 0x0000000100000000)
  eden space 163328K, 0% used [0x00000000f0000000,0x00000000f0000000,0x00000000f9f80000)
  from space 45056K, 41% used [0x00000000fcf80000,0x00000000fe1f4878,0x00000000ffb80000)
  to   space 47104K, 0% used [0x00000000f9f80000,0x00000000f9f80000,0x00000000fcd80000)
 ParOldGen       total 179712K, used 123702K [0x00000000d0000000, 0x00000000daf80000, 0x00000000f0000000)
  object space 179712K, 68% used [0x00000000d0000000,0x00000000d78cd908,0x00000000daf80000)
 Metaspace       used 77273K, capacity 79644K, committed 79988K, reserved 1120256K
  class space    used 8854K, capacity 9579K, committed 9644K, reserved 1048576K
}
Event: 240.019 GC heap before
{Heap before GC invocations=57 (full 4):
 PSYoungGen      total 208384K, used 182226K [0x00000000f0000000, 0x00000000ffb80000, 0x0000000100000000)
  eden space 163328K, 100% used [0x00000000f0000000,0x00000000f9f80000,0x00000000f9f80000)
  from space 45056K, 41% used [0x00000000fcf80000,0x00000000fe1f4878,0x00000000ffb80000)
  to   space 47104K, 0% used [0x00000000f9f80000,0x00000000f9f80000,0x00000000fcd80000)
 ParOldGen       total 179712K, used 123702K [0x00000000d0000000, 0x00000000daf80000, 0x00000000f0000000)
  object space 179712K, 68% used [0x00000000d0000000,0x00000000d78cd908,0x00000000daf80000)
 Metaspace       used 79810K, capacity 82288K, committed 82548K, reserved 1122304K
  class space    used 9067K, capacity 9835K, committed 9900K, reserved 1048576K
Event: 240.259 GC heap after
Heap after GC invocations=57 (full 4):
 PSYoungGen      total 210432K, used 20882K [0x00000000f0000000, 0x00000000ffe00000, 0x0000000100000000)
  eden space 163328K, 0% used [0x00000000f0000000,0x00000000f0000000,0x00000000f9f80000)
  from space 47104K, 44% used [0x00000000f9f80000,0x00000000fb3e4b58,0x00000000fcd80000)
  to   space 45056K, 0% used [0x00000000fd200000,0x00000000fd200000,0x00000000ffe00000)
 ParOldGen       total 179712K, used 123710K [0x00000000d0000000, 0x00000000daf80000, 0x00000000f0000000)
  object space 179712K, 68% used [0x00000000d0000000,0x00000000d78cf908,0x00000000daf80000)
 Metaspace       used 79810K, capacity 82288K, committed 82548K, reserved 1122304K
  class space    used 9067K, capacity 9835K, committed 9900K, reserved 1048576K
}
Event: 242.686 GC heap before
{Heap before GC invocations=58 (full 4):
 PSYoungGen      total 210432K, used 184210K [0x00000000f0000000, 0x00000000ffe00000, 0x0000000100000000)
  eden space 163328K, 100% used [0x00000000f0000000,0x00000000f9f80000,0x00000000f9f80000)
  from space 47104K, 44% used [0x00000000f9f80000,0x00000000fb3e4b58,0x00000000fcd80000)
  to   space 45056K, 0% used [0x00000000fd200000,0x00000000fd200000,0x00000000ffe00000)
 ParOldGen       total 179712K, used 123710K [0x00000000d0000000, 0x00000000daf80000, 0x00000000f0000000)
  object space 179712K, 68% used [0x00000000d0000000,0x00000000d78cf908,0x00000000daf80000)
 Metaspace       used 79971K, capacity 82452K, committed 82548K, reserved 1122304K
  class space    used 9071K, capacity 9841K, committed 9900K, reserved 1048576K
Event: 242.895 GC heap after
Heap after GC invocations=58 (full 4):
 PSYoungGen      total 209920K, used 21712K [0x00000000f0000000, 0x00000000ff900000, 0x0000000100000000)
  eden space 169984K, 0% used [0x00000000f0000000,0x00000000f0000000,0x00000000fa600000)
  from space 39936K, 54% used [0x00000000fd200000,0x00000000fe734310,0x00000000ff900000)
  to   space 42496K, 0% used [0x00000000fa600000,0x00000000fa600000,0x00000000fcf80000)
 ParOldGen       total 179712K, used 123718K [0x00000000d0000000, 0x00000000daf80000, 0x00000000f0000000)
  object space 179712K, 68% used [0x00000000d0000000,0x00000000d78d1908,0x00000000daf80000)
 Metaspace       used 79971K, capacity 82452K, committed 82548K, reserved 1122304K
  class space    used 9071K, capacity 9841K, committed 9900K, reserved 1048576K
}
Event: 255.591 GC heap before
{Heap before GC invocations=59 (full 4):
 PSYoungGen      total 209920K, used 191696K [0x00000000f0000000, 0x00000000ff900000, 0x0000000100000000)
  eden space 169984K, 100% used [0x00000000f0000000,0x00000000fa600000,0x00000000fa600000)
  from space 39936K, 54% used [0x00000000fd200000,0x00000000fe734310,0x00000000ff900000)
  to   space 42496K, 0% used [0x00000000fa600000,0x00000000fa600000,0x00000000fcf80000)
 ParOldGen       total 179712K, used 123718K [0x00000000d0000000, 0x00000000daf80000, 0x00000000f0000000)
  object space 179712K, 68% used [0x00000000d0000000,0x00000000d78d1908,0x00000000daf80000)
 Metaspace       used 81264K, capacity 83778K, committed 83956K, reserved 1124352K
  class space    used 9173K, capacity 9933K, committed 10028K, reserved 1048576K
Event: 255.622 GC heap after
Heap after GC invocations=59 (full 4):
 PSYoungGen      total 212480K, used 22357K [0x00000000f0000000, 0x00000000fff80000, 0x0000000100000000)
  eden space 169984K, 0% used [0x00000000f0000000,0x00000000f0000000,0x00000000fa600000)
  from space 42496K, 52% used [0x00000000fa600000,0x00000000fbbd54b0,0x00000000fcf80000)
  to   space 40960K, 0% used [0x00000000fd780000,0x00000000fd780000,0x00000000fff80000)
 ParOldGen       total 179712K, used 123726K [0x00000000d0000000, 0x00000000daf80000, 0x00000000f0000000)
  object space 179712K, 68% used [0x00000000d0000000,0x00000000d78d3908,0x00000000daf80000)
 Metaspace       used 81264K, capacity 83778K, committed 83956K, reserved 1124352K
  class space    used 9173K, capacity 9933K, committed 10028K, reserved 1048576K
}
Event: 1064.896 GC heap before
{Heap before GC invocations=60 (full 4):
 PSYoungGen      total 212480K, used 192341K [0x00000000f0000000, 0x00000000fff80000, 0x0000000100000000)
  eden space 169984K, 100% used [0x00000000f0000000,0x00000000fa600000,0x00000000fa600000)
  from space 42496K, 52% used [0x00000000fa600000,0x00000000fbbd54b0,0x00000000fcf80000)
  to   space 40960K, 0% used [0x00000000fd780000,0x00000000fd780000,0x00000000fff80000)
 ParOldGen       total 179712K, used 123726K [0x00000000d0000000, 0x00000000daf80000, 0x00000000f0000000)
  object space 179712K, 68% used [0x00000000d0000000,0x00000000d78d3908,0x00000000daf80000)
 Metaspace       used 81916K, capacity 84506K, committed 84724K, reserved 1124352K
  class space    used 9213K, capacity 10006K, committed 10028K, reserved 1048576K
Event: 1064.947 GC heap after
Heap after GC invocations=60 (full 4):
 PSYoungGen      total 218624K, used 27202K [0x00000000f0000000, 0x00000000ffe80000, 0x0000000100000000)
  eden space 178688K, 0% used [0x00000000f0000000,0x00000000f0000000,0x00000000fae80000)
  from space 39936K, 68% used [0x00000000fd780000,0x00000000ff210a20,0x00000000ffe80000)
  to   space 40960K, 0% used [0x00000000fae80000,0x00000000fae80000,0x00000000fd680000)
 ParOldGen       total 179712K, used 123734K [0x00000000d0000000, 0x00000000daf80000, 0x00000000f0000000)
  object space 179712K, 68% used [0x00000000d0000000,0x00000000d78d5908,0x00000000daf80000)
 Metaspace       used 81916K, capacity 84506K, committed 84724K, reserved 1124352K
  class space    used 9213K, capacity 10006K, committed 10028K, reserved 1048576K
}

Deoptimization events (10 events):
Event: 1073.661 Thread 0x00000000575d5800 Uncommon trap: reason=class_check action=maybe_recompile pc=0x00000000041c3918 method=org.springsource.loaded.TypeRegistry.getTypeRegistryFor(Ljava/lang/ClassLoader;)Lorg/springsource/loaded/TypeRegistry; @ 167
Event: 1073.677 Thread 0x00000000575d5800 Uncommon trap: reason=class_check action=maybe_recompile pc=0x00000000041c3918 method=org.springsource.loaded.TypeRegistry.getTypeRegistryFor(Ljava/lang/ClassLoader;)Lorg/springsource/loaded/TypeRegistry; @ 167
Event: 1073.678 Thread 0x00000000575d5800 Uncommon trap: reason=class_check action=maybe_recompile pc=0x00000000041c3918 method=org.springsource.loaded.TypeRegistry.getTypeRegistryFor(Ljava/lang/ClassLoader;)Lorg/springsource/loaded/TypeRegistry; @ 167
Event: 1074.620 Thread 0x000000005817a800 Uncommon trap: reason=unloaded action=reinterpret pc=0x00000000038aa47c method=org.codehaus.groovy.reflection.CachedMethod.invoke(Ljava/lang/Object;[Ljava/lang/Object;)Ljava/lang/Object; @ 30
Event: 1320.459 Thread 0x0000000064284800 Uncommon trap: reason=bimorphic action=maybe_recompile pc=0x00000000033bad40 method=java.util.Hashtable.put(Ljava/lang/Object;Ljava/lang/Object;)Ljava/lang/Object; @ 60
Event: 1320.459 Thread 0x0000000064284800 Uncommon trap: reason=bimorphic action=maybe_recompile pc=0x00000000033bad40 method=java.util.Hashtable.put(Ljava/lang/Object;Ljava/lang/Object;)Ljava/lang/Object; @ 60
Event: 1320.460 Thread 0x0000000064284800 Uncommon trap: reason=speculate_class_check action=maybe_recompile pc=0x000000000423c888 method=java.util.concurrent.locks.ReentrantReadWriteLock$Sync.tryAcquireShared(I)I @ 33
Event: 1320.460 Thread 0x0000000064284800 Uncommon trap: reason=speculate_class_check action=maybe_recompile pc=0x000000000423c888 method=java.util.concurrent.locks.ReentrantReadWriteLock$Sync.tryAcquireShared(I)I @ 33
Event: 1320.627 Thread 0x0000000064284800 Uncommon trap: reason=speculate_class_check action=maybe_recompile pc=0x000000000423c888 method=java.util.concurrent.locks.ReentrantReadWriteLock$Sync.tryAcquireShared(I)I @ 33
Event: 1320.627 Thread 0x0000000064284800 Uncommon trap: reason=speculate_class_check action=maybe_recompile pc=0x000000000423c888 method=java.util.concurrent.locks.ReentrantReadWriteLock$Sync.tryAcquireShared(I)I @ 33

Internal exceptions (10 events):
Event: 1321.241 Thread 0x0000000064284800 Exception <a 'java/lang/NoSuchMethodError': <clinit>> (0x00000000fa4ce848) thrown at [D:\re\workspace\8-2-build-windows-amd64-cygwin\jdk8u25\1677\hotspot\src\share\vm\prims\jni.cpp, line 1603]
Event: 1321.242 Thread 0x0000000064284800 Exception <a 'java/lang/NoSuchMethodError': <clinit>> (0x00000000fa4e1720) thrown at [D:\re\workspace\8-2-build-windows-amd64-cygwin\jdk8u25\1677\hotspot\src\share\vm\prims\jni.cpp, line 1603]
Event: 1321.243 Thread 0x0000000064284800 Exception <a 'java/lang/NoSuchMethodError': <clinit>> (0x00000000fa4ed1d8) thrown at [D:\re\workspace\8-2-build-windows-amd64-cygwin\jdk8u25\1677\hotspot\src\share\vm\prims\jni.cpp, line 1603]
Event: 1321.244 Thread 0x0000000064284800 Exception <a 'java/lang/NoSuchMethodError': <clinit>> (0x00000000fa5081e0) thrown at [D:\re\workspace\8-2-build-windows-amd64-cygwin\jdk8u25\1677\hotspot\src\share\vm\prims\jni.cpp, line 1603]
Event: 1321.246 Thread 0x0000000064284800 Exception <a 'java/lang/NoSuchMethodError': <clinit>> (0x00000000fa52d708) thrown at [D:\re\workspace\8-2-build-windows-amd64-cygwin\jdk8u25\1677\hotspot\src\share\vm\prims\jni.cpp, line 1603]
Event: 1321.251 Thread 0x0000000064284800 Exception <a 'java/lang/NoSuchMethodError': <clinit>> (0x00000000fa5818a0) thrown at [D:\re\workspace\8-2-build-windows-amd64-cygwin\jdk8u25\1677\hotspot\src\share\vm\prims\jni.cpp, line 1603]
Event: 1321.251 Thread 0x0000000064284800 Exception <a 'java/lang/NoSuchMethodError': <clinit>> (0x00000000fa5873f0) thrown at [D:\re\workspace\8-2-build-windows-amd64-cygwin\jdk8u25\1677\hotspot\src\share\vm\prims\jni.cpp, line 1603]
Event: 1321.251 Thread 0x0000000064284800 Exception <a 'java/lang/NoSuchMethodError': <clinit>> (0x00000000fa58c1b0) thrown at [D:\re\workspace\8-2-build-windows-amd64-cygwin\jdk8u25\1677\hotspot\src\share\vm\prims\jni.cpp, line 1603]
Event: 1321.251 Thread 0x0000000064284800 Exception <a 'java/lang/NoSuchMethodError': <clinit>> (0x00000000fa590dc8) thrown at [D:\re\workspace\8-2-build-windows-amd64-cygwin\jdk8u25\1677\hotspot\src\share\vm\prims\jni.cpp, line 1603]
Event: 1321.254 Thread 0x0000000064284800 Exception <a 'java/lang/NoSuchMethodError': <clinit>> (0x00000000fa5b29a0) thrown at [D:\re\workspace\8-2-build-windows-amd64-cygwin\jdk8u25\1677\hotspot\src\share\vm\prims\jni.cpp, line 1603]

Events (10 events):
Event: 1321.046 loading class java/io/NotSerializableException
Event: 1321.077 loading class java/io/NotSerializableException done
Event: 1321.086 loading class com/vaadin/data/Item$PropertySetChangeEvent
Event: 1321.086 loading class com/vaadin/data/Item$PropertySetChangeEvent done
Event: 1321.093 loading class com/vaadin/data/util/IndexedContainer$IndexedContainerProperty
Event: 1321.093 loading class com/vaadin/data/util/IndexedContainer$IndexedContainerProperty done
Event: 1321.134 Executing VM operation: RevokeBias
Event: 1321.134 Executing VM operation: RevokeBias done
Event: 1321.248 Thread 0x0000000064284800 DEOPT PACKING pc=0x00000000035b4ea8 sp=0x0000000056316420
Event: 1321.248 Thread 0x0000000064284800 DEOPT UNPACKING pc=0x00000000028971bf sp=0x00000000563161b8 mode 0


Dynamic libraries:
0x000000013fff0000 - 0x0000000140024000 	C:\Program Files\Java\jdk1.8.0_25\bin\java.exe
0x0000000077a10000 - 0x0000000077bbb000 	C:\Windows\SYSTEM32\ntdll.dll
0x00000000778f0000 - 0x0000000077a0f000 	C:\Windows\system32\kernel32.dll
0x000007fefcc30000 - 0x000007fefcc9b000 	C:\Windows\system32\KERNELBASE.dll
0x000007fefd340000 - 0x000007fefd41b000 	C:\Windows\system32\ADVAPI32.dll
0x000007fefcf50000 - 0x000007fefcfef000 	C:\Windows\system32\msvcrt.dll
0x000007fefdb20000 - 0x000007fefdb3f000 	C:\Windows\SYSTEM32\sechost.dll
0x000007fefd420000 - 0x000007fefd54e000 	C:\Windows\system32\RPCRT4.dll
0x00000000777f0000 - 0x00000000778ea000 	C:\Windows\system32\USER32.dll
0x000007fefd2d0000 - 0x000007fefd337000 	C:\Windows\system32\GDI32.dll
0x000007fefeef0000 - 0x000007fefeefe000 	C:\Windows\system32\LPK.dll
0x000007fefe970000 - 0x000007fefea3a000 	C:\Windows\system32\USP10.dll
0x000007fefb460000 - 0x000007fefb654000 	C:\Windows\WinSxS\amd64_microsoft.windows.common-controls_6595b64144ccf1df_6.0.7600.16385_none_fa645303170382f6\COMCTL32.dll
0x000007fefd550000 - 0x000007fefd5c1000 	C:\Windows\system32\SHLWAPI.dll
0x000007fefdad0000 - 0x000007fefdafe000 	C:\Windows\system32\IMM32.DLL
0x000007fefd5d0000 - 0x000007fefd6d9000 	C:\Windows\system32\MSCTF.dll
0x0000000067e90000 - 0x0000000067f62000 	C:\Program Files\Java\jdk1.8.0_25\jre\bin\msvcr100.dll
0x000000005e160000 - 0x000000005e9ba000 	C:\Program Files\Java\jdk1.8.0_25\jre\bin\server\jvm.dll
0x000007fefaad0000 - 0x000007fefaad9000 	C:\Windows\system32\WSOCK32.dll
0x000007fefda80000 - 0x000007fefdacd000 	C:\Windows\system32\WS2_32.dll
0x000007fefef00000 - 0x000007fefef08000 	C:\Windows\system32\NSI.dll
0x000007fef73d0000 - 0x000007fef740b000 	C:\Windows\system32\WINMM.dll
0x0000000077bd0000 - 0x0000000077bd7000 	C:\Windows\system32\PSAPI.DLL
0x0000000071ea0000 - 0x0000000071eaf000 	C:\Program Files\Java\jdk1.8.0_25\jre\bin\verify.dll
0x0000000071e70000 - 0x0000000071e98000 	C:\Program Files\Java\jdk1.8.0_25\jre\bin\java.dll
0x0000000071e40000 - 0x0000000071e63000 	C:\Program Files\Java\jdk1.8.0_25\jre\bin\instrument.dll
0x0000000071e20000 - 0x0000000071e36000 	C:\Program Files\Java\jdk1.8.0_25\jre\bin\zip.dll
0x000007fefdb40000 - 0x000007fefe8c6000 	C:\Windows\system32\SHELL32.dll
0x000007fefcd40000 - 0x000007fefcf41000 	C:\Windows\system32\ole32.dll
0x000007fefc980000 - 0x000007fefc98f000 	C:\Windows\system32\profapi.dll
0x000007fefc250000 - 0x000007fefc267000 	C:\Windows\system32\CRYPTSP.dll
0x000007fefbf50000 - 0x000007fefbf97000 	C:\Windows\system32\rsaenh.dll
0x000007fefbcd0000 - 0x000007fefbcee000 	C:\Windows\system32\USERENV.dll
0x000007fefc8b0000 - 0x000007fefc8bf000 	C:\Windows\system32\CRYPTBASE.dll
0x0000000071e00000 - 0x0000000071e1a000 	C:\Program Files\Java\jdk1.8.0_25\jre\bin\net.dll
0x000007fefc1f0000 - 0x000007fefc244000 	C:\Windows\system32\mswsock.dll
0x000007fefc1e0000 - 0x000007fefc1e7000 	C:\Windows\System32\wship6.dll
0x000007fefa4c0000 - 0x000007fefa4e7000 	C:\Windows\system32\IPHLPAPI.DLL
0x000007fefa4b0000 - 0x000007fefa4bb000 	C:\Windows\system32\WINNSI.DLL
0x000007fefa2b0000 - 0x000007fefa2c8000 	C:\Windows\system32\dhcpcsvc.DLL
0x000007fefa290000 - 0x000007fefa2a1000 	C:\Windows\system32\dhcpcsvc6.DLL
0x0000000071de0000 - 0x0000000071df1000 	C:\Program Files\Java\jdk1.8.0_25\jre\bin\nio.dll
0x000007feff790000 - 0x000007feff79a000 	C:\Users\Alfa\AppData\Local\Temp\jansi-64-2871404913442175354.dll
0x0000000071b60000 - 0x0000000071b6d000 	C:\Program Files\Java\jdk1.8.0_25\jre\bin\management.dll
0x000007fefbbc0000 - 0x000007fefbbc7000 	C:\Windows\System32\wshtcpip.dll
0x000007fefc070000 - 0x000007fefc0cb000 	C:\Windows\system32\DNSAPI.dll
0x000007fef9850000 - 0x000007fef9858000 	C:\Windows\system32\rasadhlp.dll
0x000007fefa330000 - 0x000007fefa383000 	C:\Windows\System32\fwpuclnt.dll
0x000007fefa690000 - 0x000007fefa6a5000 	C:\Windows\system32\NLAapi.dll
0x000007fef8230000 - 0x000007fef823b000 	C:\Windows\System32\winrnr.dll
0x000007fef5f00000 - 0x000007fef5f15000 	C:\Windows\system32\napinsp.dll
0x000007fef5ee0000 - 0x000007fef5ef9000 	C:\Windows\system32\pnrpnsp.dll
0x000007fef0220000 - 0x000007fef0345000 	C:\Windows\system32\dbghelp.dll

VM Arguments:
jvm_args: -Dfile.encoding=UTF-8 -Xmx768M -Xms64M -Dgrails.fork.parent.process.port=59962 -Dgrails.fork.active=true -Dgrails.build.execution.context=C:\Users\Alfa\AppData\Local\Temp\latihan4853353235798541498grails-execution-context -Dgrails.home=D:\grails-2.4.4 -javaagent:D:\grails-2.4.4\lib\org.springframework\springloaded\jars\springloaded-1.2.1.RELEASE.jar -Xverify:none -Dspringloaded.synchronize=true -Djdk.reflect.allowGetCallerClass=true -Dspringloaded=profile=grails;cacheDir=C:\Users\Alfa\.grails\2.4.4 
java_command: org.grails.plugins.tomcat.fork.ForkedTomcatServer
java_class_path (initial): C:\Program Files\Java\jdk1.8.0_25\lib\tools.jar;D:\grails-2.4.4\lib\org.codehaus.groovy\groovy-all\jars\groovy-all-2.3.7.jar;D:\grails-2.4.4\lib\org.slf4j\jcl-over-slf4j\jars\jcl-over-slf4j-1.7.5.jar;D:\grails-2.4.4\lib\org.codehaus.gant\gant_groovy1.8\jars\gant_groovy1.8-1.9.6.jar;D:\grails-2.4.4\lib\org.apache.tomcat.embed\tomcat-embed-logging-log4j\jars\tomcat-embed-logging-log4j-7.0.50.jar;D:\grails-2.4.4\dist\grails-plugin-log4j-2.4.4.jar;D:\grails-2.4.4\lib\log4j\log4j\jars\log4j-1.2.17.jar;D:\grails-2.4.4\dist\grails-bootstrap-2.4.4.jar;D:\grails-2.4.4\lib\org.slf4j\slf4j-api\jars\slf4j-api-1.7.5.jar;D:\grails-2.4.4\lib\jline\jline\jars\jline-2.12.jar;D:\grails-2.4.4\lib\org.apache.ant\ant\jars\ant-1.8.4.jar;D:\grails-2.4.4\lib\org.apache.ant\ant-launcher\jars\ant-launcher-1.8.4.jar;D:\grails-2.4.4\lib\org.apache.ant\ant-trax\jars\ant-trax-1.7.1.jar;D:\grails-2.4.4\lib\org.apache.ant\ant-junit\jars\ant-junit-1.8.4.jar;D:\grails-2.4.4\lib\org.apache.ivy\ivy\jars\ivy-2.3.0.jar;D:\grails-2.4.4\lib\org.fusesource.jansi\jansi\jars\jansi-1.11.jar;C:\Users\Alfa\.m2\repository\org\apache\tomcat\tomcat-catalina-ant\7.0.55\tomcat-catalina-ant-7.0.55.jar;C:\Users\Alfa\.m2\repository\org\apache\tomcat\embed\tomcat-embed-jasper\7.0.55\tomcat-embed-jasper-7.0.55.jar;C:\Users\Alfa\.m2\repository\org\apache\tomcat\embed\tomcat-embed-el\7.0.55\tomcat-embed-el-7.0.55.jar;C:\Users\Alfa\.m2\repository\org\apache\tomcat\embed\tomcat-embed-logging-log4j\7.0.55\tomcat-embed-logging-log4j-7.0.55.jar;C:\Users\Alfa\.m2\repository\org\apache\tomcat\embed\tomcat-embed-websocket\7.0.55\tomcat-embed-websocket-7.0.55.jar;C:\Users\Alfa\.m2\repository\org\apache\tomcat\embed\tomcat-embed-core\7.0.55\tomcat-embed-core-7.0.55.jar;C:\Users\Alfa\.m2\repository\org\eclipse\jdt\core\compiler\ecj\3.7.2\ecj-3.7.2.jar;C:\Users\Alfa\Documents\workspace\latihan\target\work\plugins\tomcat-7.0.55\grails-plugin-tomcat-7.0.55.jar;;D:\grails-2.4.4\lib\org.springframework\springl
Launcher Type: SUN_STANDARD

Environment Variables:
JAVA_HOME=C:\Program Files\Java\jdk1.8.0_25
PATH=C:/Program Files/Java/jre1.8.0_25/bin/server;C:/Program Files/Java/jre1.8.0_25/bin;C:/Program Files/Java/jre1.8.0_25/lib/amd64;C:\ProgramData\Oracle\Java\javapath;C:\Inprise\vbroker\bin;C:\Program Files (x86)\Borland\Delphi7\Bin;C:\Program Files (x86)\Borland\Delphi7\Projects\Bpl\;C:\Windows\system32;C:\Windows;C:\Windows\System32\Wbem;C:\Windows\System32\WindowsPowerShell\v1.0\;C:\Program Files (x86)\Toshiba\Bluetooth Toshiba Stack\sys\;C:\Program Files (x86)\Toshiba\Bluetooth Toshiba Stack\sys\x64\;C:\Users\Alfa\Desktop\eclipse\eclipse;
USERNAME=Alfa
OS=Windows_NT
PROCESSOR_IDENTIFIER=Intel64 Family 6 Model 42 Stepping 7, GenuineIntel



---------------  S Y S T E M  ---------------

OS: Windows 7 , 64 bit Build 7600 

CPU:total 3 (2 cores per cpu, 2 threads per core) family 6 model 42 stepping 7, cmov, cx8, fxsr, mmx, sse, sse2, sse3, ssse3, sse4.1, sse4.2, popcnt, clmul, ht, tsc, tscinvbit

Memory: 4k page, physical 4140912k(663356k free), swap 8279928k(2848164k free)

vm_info: Java HotSpot(TM) 64-Bit Server VM (25.25-b02) for windows-amd64 JRE (1.8.0_25-b18), built on Oct  7 2014 14:25:37 by "java_re" with MS VC++ 10.0 (VS2010)

time: Wed Mar 25 14:48:03 2015
elapsed time: 1321 seconds (0d 0h 22m 1s)

