#
# A fatal error has been detected by the Java Runtime Environment:
#
#  EXCEPTION_ACCESS_VIOLATION (0xc0000005) at pc=0x0000000002b79694, pid=9956, tid=6616
#
# JRE version: Java(TM) SE Runtime Environment (8.0_25-b18) (build 1.8.0_25-b18)
# Java VM: Java HotSpot(TM) 64-Bit Server VM (25.25-b02 mixed mode windows-amd64 compressed oops)
# Problematic frame:
# j  java.io.ObjectStreamClass$FieldReflector.getObjFieldValues(Ljava/lang/Object;[Ljava/lang/Object;)V+77
#
# Failed to write core dump. Minidumps are not enabled by default on client versions of Windows
#
# If you would like to submit a bug report, please visit:
#   http://bugreport.sun.com/bugreport/crash.jsp
#

---------------  T H R E A D  ---------------

Current thread (0x0000000017aaf000):  JavaThread "localhost-startStop-2" daemon [_thread_in_Java, id=6616, stack(0x000000002abc0000,0x000000002acc0000)]

siginfo: ExceptionCode=0xc0000005, reading address 0x000000002011d46b

Registers:
RAX=0x000000002011d463, RBX=0x0000000000000000, RCX=0x0000000000000000, RDX=0x00000000f7bc3d30
RSP=0x000000002acb7de8, RBP=0x000000002acb7e40, RSI=0x000000002cad4f90, RDI=0x0000000000000108
R8 =0x000000002acb7d78, R9 =0x0000000000000060, R10=0x00000000732fe2b0, R11=0x0000000002d9c0d8
R12=0x0000000000000000, R13=0x000000001740df70, R14=0x000000002acb7e68, R15=0x0000000017aaf000
RIP=0x0000000002b79694, EFLAGS=0x0000000000010206

Top of Stack: (sp=0x000000002acb7de8)
0x000000002acb7de8:   000000002011d463 0000000000000000
0x000000002acb7df8:   00000000f7bc3d30 000000002acb7e00
0x000000002acb7e08:   000000001740df6d 000000002acb7e68
0x000000002acb7e18:   000000001740e240 0000000000000000
0x000000002acb7e28:   000000001740df98 0000000000000000
0x000000002acb7e38:   000000002acb7e58 000000002acb7eb0
0x000000002acb7e48:   0000000002b67a2d 0000000000000000
0x000000002acb7e58:   00000000f7bc3d30 00000000f5c7c2f8
0x000000002acb7e68:   00000000f7bb2e88 000000002acb7e70
0x000000002acb7e78:   00000000173f244e 000000002acb7ed0
0x000000002acb7e88:   00000000173f56e8 0000000000000000
0x000000002acb7e98:   00000000173f2458 000000002acb7e58
0x000000002acb7ea8:   000000002acb7ec0 000000002acb7f18
0x000000002acb7eb8:   0000000002b67a2d 00000000f7bc3d30
0x000000002acb7ec8:   00000000f5c7c2f8 00000000f7ba1638
0x000000002acb7ed8:   000000002acb7ed8 000000001424c69d 

Instructions: (pc=0x0000000002b79694)
0x0000000002b79674:   8b 4c 24 08 48 8b 54 24 10 48 63 c9 3b 4a 0c 8b
0x0000000002b79684:   d9 0f 83 35 73 ff ff 48 85 c0 0f 84 2b 01 00 00
0x0000000002b79694:   8b 58 08 48 c1 e3 03 8b 42 08 48 c1 e0 03 48 8b
0x0000000002b796a4:   80 f0 00 00 00 48 8d 54 8a 10 48 8b 4d e0 48 85 


Register to memory mapping:

RAX=0x000000002011d463 is an unknown value
RBX=0x0000000000000000 is an unknown value
RCX=0x0000000000000000 is an unknown value
RDX=0x00000000f7bc3d30 is an oop
[Ljava.lang.Object; 
 - klass: 'java/lang/Object'[]
 - length: 1
RSP=0x000000002acb7de8 is pointing into the stack for thread: 0x0000000017aaf000
RBP=0x000000002acb7e40 is pointing into the stack for thread: 0x0000000017aaf000
RSI=0x000000002cad4f90 is pointing into metadata
RDI=0x0000000000000108 is an unknown value
R8 =0x000000002acb7d78 is pointing into the stack for thread: 0x0000000017aaf000
R9 =0x0000000000000060 is an unknown value
R10=0x00000000732fe2b0 is an unknown value
R11=0x0000000002d9c0d8 is at entry_point+24 in (nmethod*)0x0000000002d9bf50
R12=0x0000000000000000 is an unknown value
R13=0x000000001740df70 is pointing into metadata
R14=0x000000002acb7e68 is pointing into the stack for thread: 0x0000000017aaf000
R15=0x0000000017aaf000 is a thread


Stack: [0x000000002abc0000,0x000000002acc0000],  sp=0x000000002acb7de8,  free space=991k
Native frames: (J=compiled Java code, j=interpreted, Vv=VM code, C=native code)
C  0x0000000002b79694


---------------  P R O C E S S  ---------------

Java Threads: ( => current thread )
=>0x0000000017aaf000 JavaThread "localhost-startStop-2" daemon [_thread_in_Java, id=6616, stack(0x000000002abc0000,0x000000002acc0000)]
  0x0000000017aaa000 JavaThread "Tomcat-startStop-2" daemon [_thread_blocked, id=7696, stack(0x000000001e9b0000,0x000000001eab0000)]
  0x0000000019e3b800 JavaThread "http-bio-8080-exec-10" daemon [_thread_in_native, id=7248, stack(0x000000002baa0000,0x000000002bba0000)]
  0x0000000019e3d000 JavaThread "http-bio-8080-exec-9" daemon [_thread_in_native, id=6656, stack(0x000000002b9a0000,0x000000002baa0000)]
  0x0000000019e3c000 JavaThread "http-bio-8080-exec-8" daemon [_thread_in_native, id=6356, stack(0x000000002b8a0000,0x000000002b9a0000)]
  0x0000000019e37800 JavaThread "http-bio-8080-exec-7" daemon [_thread_in_native, id=8416, stack(0x000000002b7a0000,0x000000002b8a0000)]
  0x0000000019e37000 JavaThread "http-bio-8080-exec-6" daemon [_thread_blocked, id=10184, stack(0x000000002b6a0000,0x000000002b7a0000)]
  0x0000000019e39000 JavaThread "http-bio-8080-exec-5" daemon [_thread_in_native, id=7156, stack(0x000000001b840000,0x000000001b940000)]
  0x0000000019e3a000 JavaThread "http-bio-8080-exec-4" daemon [_thread_blocked, id=5056, stack(0x000000001b740000,0x000000001b840000)]
  0x0000000019e38800 JavaThread "Thread-10" daemon [_thread_in_native, id=2756, stack(0x000000002b2c0000,0x000000002b3c0000)]
  0x0000000019e36000 JavaThread "http-bio-8080-exec-3" daemon [_thread_blocked, id=9760, stack(0x000000002b1c0000,0x000000002b2c0000)]
  0x0000000019e35800 JavaThread "DestroyJavaVM" [_thread_blocked, id=10016, stack(0x0000000002860000,0x0000000002960000)]
  0x0000000019e32000 JavaThread "Thread-8" [_thread_blocked, id=9352, stack(0x000000002b0c0000,0x000000002b1c0000)]
  0x0000000019e2e800 JavaThread "http-bio-8080-exec-2" daemon [_thread_in_native, id=9228, stack(0x000000002afc0000,0x000000002b0c0000)]
  0x0000000019e31800 JavaThread "http-bio-8080-exec-1" daemon [_thread_blocked, id=2340, stack(0x000000002aec0000,0x000000002afc0000)]
  0x0000000019e30000 JavaThread "http-bio-8080-AsyncTimeout" daemon [_thread_blocked, id=5968, stack(0x000000002adc0000,0x000000002aec0000)]
  0x0000000019e30800 JavaThread "http-bio-8080-Acceptor-0" daemon [_thread_blocked, id=5632, stack(0x000000002acc0000,0x000000002adc0000)]
  0x0000000016d66000 JavaThread "FileSystemWatcher: files=#206 cl=groovy.lang.GroovyClassLoader@3e7dd664" daemon [_thread_blocked, id=9576, stack(0x000000001bb40000,0x000000001bc40000)]
  0x0000000019ac7000 JavaThread "Thread-3" [_thread_blocked, id=8036, stack(0x0000000018ee0000,0x0000000018fe0000)]
  0x0000000017eb9800 JavaThread "Thread-2" [_thread_blocked, id=5312, stack(0x00000000190a0000,0x00000000191a0000)]
  0x0000000016b88000 JavaThread "NonBlockingInputStreamThread" daemon [_thread_blocked, id=5672, stack(0x0000000017810000,0x0000000017910000)]
  0x00000000160f9800 JavaThread "Service Thread" daemon [_thread_blocked, id=7204, stack(0x0000000016540000,0x0000000016640000)]
  0x0000000015fed800 JavaThread "C1 CompilerThread2" daemon [_thread_in_vm, id=4884, stack(0x0000000016440000,0x0000000016540000)]
  0x0000000015feb000 JavaThread "C2 CompilerThread1" daemon [_thread_blocked, id=10220, stack(0x0000000016340000,0x0000000016440000)]
  0x0000000015f7d000 JavaThread "C2 CompilerThread0" daemon [_thread_blocked, id=9944, stack(0x0000000016240000,0x0000000016340000)]
  0x00000000148d0800 JavaThread "Attach Listener" daemon [_thread_blocked, id=4732, stack(0x0000000015d40000,0x0000000015e40000)]
  0x00000000148cf800 JavaThread "Signal Dispatcher" daemon [_thread_blocked, id=8764, stack(0x0000000015c40000,0x0000000015d40000)]
  0x0000000002b57800 JavaThread "Finalizer" daemon [_thread_blocked, id=6964, stack(0x0000000015b40000,0x0000000015c40000)]
  0x0000000002b4d800 JavaThread "Reference Handler" daemon [_thread_blocked, id=4504, stack(0x0000000015a40000,0x0000000015b40000)]

Other Threads:
  0x0000000014895800 VMThread [stack: 0x0000000015940000,0x0000000015a40000] [id=4192]
  0x00000000160fc800 WatcherThread [stack: 0x0000000016640000,0x0000000016740000] [id=9756]

VM state:not at safepoint (normal execution)

VM Mutex/Monitor currently owned by a thread:  ([mutex/lock_event])
[0x0000000002a61fd0] CompiledIC_lock - owner thread: 0x0000000000000000

Heap:
 PSYoungGen      total 238080K, used 134387K [0x00000000f0000000, 0x00000000ffe80000, 0x0000000100000000)
  eden space 217600K, 58% used [0x00000000f0000000,0x00000000f7bf63e0,0x00000000fd480000)
  from space 20480K, 36% used [0x00000000fea80000,0x00000000ff1c69d0,0x00000000ffe80000)
  to   space 21504K, 0% used [0x00000000fd480000,0x00000000fd480000,0x00000000fe980000)
 ParOldGen       total 190976K, used 147475K [0x00000000d0000000, 0x00000000dba80000, 0x00000000f0000000)
  object space 190976K, 77% used [0x00000000d0000000,0x00000000d9004e80,0x00000000dba80000)
 Metaspace       used 89819K, capacity 93454K, committed 93696K, reserved 1132544K
  class space    used 9753K, capacity 10743K, committed 10752K, reserved 1048576K

Card table byte_map: [0x0000000011f20000,0x00000000120b0000] byte_map_base: 0x00000000118a0000

Marking Bits: (ParMarkBitMap*) 0x000000007330d490
 Begin Bits: [0x00000000125b0000, 0x00000000131b0000)
 End Bits:   [0x00000000131b0000, 0x0000000013db0000)

Polling page: 0x0000000001030000

CodeCache: size=245760Kb used=39855Kb max_used=39856Kb free=205904Kb
 bounds [0x0000000002b60000, 0x00000000052a0000, 0x0000000011b60000]
 total_blobs=10346 nmethods=9570 adapters=686
 compilation: enabled

Compilation events (10 events):
Event: 1078.848 Thread 0x0000000015fed800 nmethod 12360 0x0000000002d6d590 code [0x0000000002d6d6e0, 0x0000000002d6d830]
Event: 1078.849 Thread 0x0000000015fed800 12363       3       java.lang.Class::searchFields (41 bytes)
Event: 1078.850 Thread 0x0000000015fed800 nmethod 12363 0x00000000044d9c10 code [0x00000000044d9e00, 0x00000000044da788]
Event: 1078.851 Thread 0x0000000015fed800 12365       3       sun.reflect.MethodAccessorGenerator::emitInvoke (1033 bytes)
Event: 1078.860 Thread 0x0000000015feb000 12371       4       java.util.concurrent.ConcurrentHashMap::putIfAbsent (8 bytes)
Event: 1078.861 Thread 0x0000000015feb000 nmethod 12371 0x0000000003c0e050 code [0x0000000003c0e1a0, 0x0000000003c0e228]
Event: 1078.872 Thread 0x0000000015f7d000 12373 %     4       sun.reflect.ClassFileAssembler::append @ 2 (30 bytes)
Event: 1078.879 Thread 0x0000000015feb000 12374       4       java.io.Bits::putInt (36 bytes)
Event: 1078.881 Thread 0x0000000015f7d000 nmethod 12373% 0x00000000044d9410 code [0x00000000044d9580, 0x00000000044d9878]
Event: 1078.881 Thread 0x0000000015feb000 nmethod 12374 0x00000000044d9110 code [0x00000000044d9240, 0x00000000044d9318]

GC Heap History (10 events):
Event: 1014.080 GC heap before
{Heap before GC invocations=84 (full 4):
 PSYoungGen      total 231936K, used 213927K [0x00000000f0000000, 0x0000000100000000, 0x0000000100000000)
  eden space 205824K, 100% used [0x00000000f0000000,0x00000000fc900000,0x00000000fc900000)
  from space 26112K, 31% used [0x00000000fc900000,0x00000000fd0e9de0,0x00000000fe280000)
  to   space 25088K, 0% used [0x00000000fe780000,0x00000000fe780000,0x0000000100000000)
 ParOldGen       total 190976K, used 145829K [0x00000000d0000000, 0x00000000dba80000, 0x00000000f0000000)
  object space 190976K, 76% used [0x00000000d0000000,0x00000000d8e69438,0x00000000dba80000)
 Metaspace       used 87678K, capacity 90980K, committed 91264K, reserved 1130496K
  class space    used 9595K, capacity 10522K, committed 10624K, reserved 1048576K
Event: 1014.112 GC heap after
Heap after GC invocations=84 (full 4):
 PSYoungGen      total 232960K, used 10516K [0x00000000f0000000, 0x00000000ffd00000, 0x0000000100000000)
  eden space 210944K, 0% used [0x00000000f0000000,0x00000000f0000000,0x00000000fce00000)
  from space 22016K, 47% used [0x00000000fe780000,0x00000000ff1c5140,0x00000000ffd00000)
  to   space 24064K, 0% used [0x00000000fce00000,0x00000000fce00000,0x00000000fe580000)
 ParOldGen       total 190976K, used 146181K [0x00000000d0000000, 0x00000000dba80000, 0x00000000f0000000)
  object space 190976K, 76% used [0x00000000d0000000,0x00000000d8ec1438,0x00000000dba80000)
 Metaspace       used 87678K, capacity 90980K, committed 91264K, reserved 1130496K
  class space    used 9595K, capacity 10522K, committed 10624K, reserved 1048576K
}
Event: 1015.894 GC heap before
{Heap before GC invocations=85 (full 4):
 PSYoungGen      total 232960K, used 221460K [0x00000000f0000000, 0x00000000ffd00000, 0x0000000100000000)
  eden space 210944K, 100% used [0x00000000f0000000,0x00000000fce00000,0x00000000fce00000)
  from space 22016K, 47% used [0x00000000fe780000,0x00000000ff1c5140,0x00000000ffd00000)
  to   space 24064K, 0% used [0x00000000fce00000,0x00000000fce00000,0x00000000fe580000)
 ParOldGen       total 190976K, used 146181K [0x00000000d0000000, 0x00000000dba80000, 0x00000000f0000000)
  object space 190976K, 76% used [0x00000000d0000000,0x00000000d8ec1438,0x00000000dba80000)
 Metaspace       used 87922K, capacity 91172K, committed 91520K, reserved 1130496K
  class space    used 9608K, capacity 10522K, committed 10624K, reserved 1048576K
Event: 1015.908 GC heap after
Heap after GC invocations=85 (full 4):
 PSYoungGen      total 235008K, used 6542K [0x00000000f0000000, 0x0000000100000000, 0x0000000100000000)
  eden space 210944K, 0% used [0x00000000f0000000,0x00000000f0000000,0x00000000fce00000)
  from space 24064K, 27% used [0x00000000fce00000,0x00000000fd463a28,0x00000000fe580000)
  to   space 23552K, 0% used [0x00000000fe900000,0x00000000fe900000,0x0000000100000000)
 ParOldGen       total 190976K, used 146675K [0x00000000d0000000, 0x00000000dba80000, 0x00000000f0000000)
  object space 190976K, 76% used [0x00000000d0000000,0x00000000d8f3ce30,0x00000000dba80000)
 Metaspace       used 87922K, capacity 91172K, committed 91520K, reserved 1130496K
  class space    used 9608K, capacity 10522K, committed 10624K, reserved 1048576K
}
Event: 1042.808 GC heap before
{Heap before GC invocations=86 (full 4):
 PSYoungGen      total 235008K, used 217486K [0x00000000f0000000, 0x0000000100000000, 0x0000000100000000)
  eden space 210944K, 100% used [0x00000000f0000000,0x00000000fce00000,0x00000000fce00000)
  from space 24064K, 27% used [0x00000000fce00000,0x00000000fd463a28,0x00000000fe580000)
  to   space 23552K, 0% used [0x00000000fe900000,0x00000000fe900000,0x0000000100000000)
 ParOldGen       total 190976K, used 146675K [0x00000000d0000000, 0x00000000dba80000, 0x00000000f0000000)
  object space 190976K, 76% used [0x00000000d0000000,0x00000000d8f3ce30,0x00000000dba80000)
 Metaspace       used 88309K, capacity 91626K, committed 91776K, reserved 1130496K
  class space    used 9626K, capacity 10560K, committed 10624K, reserved 1048576K
Event: 1042.822 GC heap after
Heap after GC invocations=86 (full 4):
 PSYoungGen      total 235520K, used 9572K [0x00000000f0000000, 0x00000000ffd80000, 0x0000000100000000)
  eden space 214528K, 0% used [0x00000000f0000000,0x00000000f0000000,0x00000000fd180000)
  from space 20992K, 45% used [0x00000000fe900000,0x00000000ff2592a8,0x00000000ffd80000)
  to   space 22528K, 0% used [0x00000000fd180000,0x00000000fd180000,0x00000000fe780000)
 ParOldGen       total 190976K, used 146883K [0x00000000d0000000, 0x00000000dba80000, 0x00000000f0000000)
  object space 190976K, 76% used [0x00000000d0000000,0x00000000d8f70e30,0x00000000dba80000)
 Metaspace       used 88309K, capacity 91626K, committed 91776K, reserved 1130496K
  class space    used 9626K, capacity 10560K, committed 10624K, reserved 1048576K
}
Event: 1048.865 GC heap before
{Heap before GC invocations=87 (full 4):
 PSYoungGen      total 235520K, used 224100K [0x00000000f0000000, 0x00000000ffd80000, 0x0000000100000000)
  eden space 214528K, 100% used [0x00000000f0000000,0x00000000fd180000,0x00000000fd180000)
  from space 20992K, 45% used [0x00000000fe900000,0x00000000ff2592a8,0x00000000ffd80000)
  to   space 22528K, 0% used [0x00000000fd180000,0x00000000fd180000,0x00000000fe780000)
 ParOldGen       total 190976K, used 146883K [0x00000000d0000000, 0x00000000dba80000, 0x00000000f0000000)
  object space 190976K, 76% used [0x00000000d0000000,0x00000000d8f70e30,0x00000000dba80000)
 Metaspace       used 88570K, capacity 91818K, committed 92032K, reserved 1130496K
  class space    used 9639K, capacity 10560K, committed 10624K, reserved 1048576K
Event: 1048.895 GC heap after
Heap after GC invocations=87 (full 4):
 PSYoungGen      total 237056K, used 8932K [0x00000000f0000000, 0x0000000100000000, 0x0000000100000000)
  eden space 214528K, 0% used [0x00000000f0000000,0x00000000f0000000,0x00000000fd180000)
  from space 22528K, 39% used [0x00000000fd180000,0x00000000fda39328,0x00000000fe780000)
  to   space 22016K, 0% used [0x00000000fea80000,0x00000000fea80000,0x0000000100000000)
 ParOldGen       total 190976K, used 147227K [0x00000000d0000000, 0x00000000dba80000, 0x00000000f0000000)
  object space 190976K, 77% used [0x00000000d0000000,0x00000000d8fc6e70,0x00000000dba80000)
 Metaspace       used 88570K, capacity 91818K, committed 92032K, reserved 1130496K
  class space    used 9639K, capacity 10560K, committed 10624K, reserved 1048576K
}
Event: 1050.593 GC heap before
{Heap before GC invocations=88 (full 4):
 PSYoungGen      total 237056K, used 223460K [0x00000000f0000000, 0x0000000100000000, 0x0000000100000000)
  eden space 214528K, 100% used [0x00000000f0000000,0x00000000fd180000,0x00000000fd180000)
  from space 22528K, 39% used [0x00000000fd180000,0x00000000fda39328,0x00000000fe780000)
  to   space 22016K, 0% used [0x00000000fea80000,0x00000000fea80000,0x0000000100000000)
 ParOldGen       total 190976K, used 147227K [0x00000000d0000000, 0x00000000dba80000, 0x00000000f0000000)
  object space 190976K, 77% used [0x00000000d0000000,0x00000000d8fc6e70,0x00000000dba80000)
 Metaspace       used 88570K, capacity 91818K, committed 92032K, reserved 1130496K
  class space    used 9639K, capacity 10560K, committed 10624K, reserved 1048576K
Event: 1050.608 GC heap after
Heap after GC invocations=88 (full 4):
 PSYoungGen      total 238080K, used 7450K [0x00000000f0000000, 0x00000000ffe80000, 0x0000000100000000)
  eden space 217600K, 0% used [0x00000000f0000000,0x00000000f0000000,0x00000000fd480000)
  from space 20480K, 36% used [0x00000000fea80000,0x00000000ff1c69d0,0x00000000ffe80000)
  to   space 21504K, 0% used [0x00000000fd480000,0x00000000fd480000,0x00000000fe980000)
 ParOldGen       total 190976K, used 147475K [0x00000000d0000000, 0x00000000dba80000, 0x00000000f0000000)
  object space 190976K, 77% used [0x00000000d0000000,0x00000000d9004e80,0x00000000dba80000)
 Metaspace       used 88570K, capacity 91818K, committed 92032K, reserved 1130496K
  class space    used 9639K, capacity 10560K, committed 10624K, reserved 1048576K
}

Deoptimization events (10 events):
Event: 447.429 Thread 0x0000000016d66000 Uncommon trap: reason=array_check action=maybe_recompile pc=0x0000000004eee6a4 method=java.util.TimSort.binarySort([Ljava/lang/Object;IIILjava/util/Comparator;)V @ 193
Event: 570.510 Thread 0x0000000019e31800 Uncommon trap: reason=array_check action=maybe_recompile pc=0x0000000004949858 method=java.util.TimSort.binarySort([Ljava/lang/Object;IIILjava/util/Comparator;)V @ 215
Event: 570.537 Thread 0x0000000019e31800 Uncommon trap: reason=array_check action=maybe_recompile pc=0x0000000003c32460 method=java.util.TimSort.binarySort([Ljava/lang/Object;IIILjava/util/Comparator;)V @ 183
Event: 760.744 Thread 0x0000000016d66000 Uncommon trap: reason=array_check action=maybe_recompile pc=0x0000000003c32460 method=java.util.TimSort.binarySort([Ljava/lang/Object;IIILjava/util/Comparator;)V @ 183
Event: 960.127 Thread 0x0000000016d66000 Uncommon trap: reason=array_check action=maybe_recompile pc=0x000000000315f310 method=java.util.TimSort.binarySort([Ljava/lang/Object;IIILjava/util/Comparator;)V @ 215
Event: 1051.027 Thread 0x0000000019e2e800 Uncommon trap: reason=null_check action=make_not_entrant pc=0x0000000005170690 method=org.springframework.beans.ExtendedBeanInfo.isCandidateWriteMethod(Ljava/lang/reflect/Method;)Z @ 47
Event: 1078.602 Thread 0x0000000017aaf000 Uncommon trap: reason=bimorphic action=maybe_recompile pc=0x0000000004097de8 method=java.util.Hashtable.put(Ljava/lang/Object;Ljava/lang/Object;)Ljava/lang/Object; @ 60
Event: 1078.602 Thread 0x0000000017aaf000 Uncommon trap: reason=bimorphic action=maybe_recompile pc=0x0000000004097de8 method=java.util.Hashtable.put(Ljava/lang/Object;Ljava/lang/Object;)Ljava/lang/Object; @ 60
Event: 1078.634 Thread 0x0000000017aaf000 Uncommon trap: reason=unreached action=reinterpret pc=0x0000000003680484 method=java.lang.reflect.Field.getFieldAccessor(Ljava/lang/Object;)Lsun/reflect/FieldAccessor; @ 22
Event: 1078.724 Thread 0x0000000017aaf000 Uncommon trap: reason=unreached action=reinterpret pc=0x00000000042fe354 method=java.lang.reflect.Field.getFieldAccessor(Ljava/lang/Object;)Lsun/reflect/FieldAccessor; @ 22

Internal exceptions (10 events):
Event: 1078.864 Thread 0x0000000017aaf000 Exception <a 'java/lang/NoSuchMethodError': <clinit>> (0x00000000f7ae78f0) thrown at [D:\re\workspace\8-2-build-windows-amd64-cygwin\jdk8u25\1677\hotspot\src\share\vm\prims\jni.cpp, line 1603]
Event: 1078.864 Thread 0x0000000017aaf000 Exception <a 'java/lang/NoSuchMethodError': <clinit>> (0x00000000f7aef350) thrown at [D:\re\workspace\8-2-build-windows-amd64-cygwin\jdk8u25\1677\hotspot\src\share\vm\prims\jni.cpp, line 1603]
Event: 1078.866 Thread 0x0000000017aaf000 Exception <a 'java/lang/NoSuchMethodError': <clinit>> (0x00000000f7b06e10) thrown at [D:\re\workspace\8-2-build-windows-amd64-cygwin\jdk8u25\1677\hotspot\src\share\vm\prims\jni.cpp, line 1603]
Event: 1078.866 Thread 0x0000000017aaf000 Exception <a 'java/lang/NoSuchMethodError': <clinit>> (0x00000000f7b07fd8) thrown at [D:\re\workspace\8-2-build-windows-amd64-cygwin\jdk8u25\1677\hotspot\src\share\vm\prims\jni.cpp, line 1603]
Event: 1078.868 Thread 0x0000000017aaf000 Exception <a 'java/lang/NoSuchMethodError': <clinit>> (0x00000000f7b1a8b0) thrown at [D:\re\workspace\8-2-build-windows-amd64-cygwin\jdk8u25\1677\hotspot\src\share\vm\prims\jni.cpp, line 1603]
Event: 1078.869 Thread 0x0000000017aaf000 Exception <a 'java/lang/NoSuchMethodError': <clinit>> (0x00000000f7b2c9c0) thrown at [D:\re\workspace\8-2-build-windows-amd64-cygwin\jdk8u25\1677\hotspot\src\share\vm\prims\jni.cpp, line 1603]
Event: 1078.873 Thread 0x0000000017aaf000 Exception <a 'java/lang/NoSuchMethodError': <clinit>> (0x00000000f7b73ee8) thrown at [D:\re\workspace\8-2-build-windows-amd64-cygwin\jdk8u25\1677\hotspot\src\share\vm\prims\jni.cpp, line 1603]
Event: 1078.876 Thread 0x0000000017aaf000 Exception <a 'java/lang/NoSuchMethodError': <clinit>> (0x00000000f7b824e8) thrown at [D:\re\workspace\8-2-build-windows-amd64-cygwin\jdk8u25\1677\hotspot\src\share\vm\prims\jni.cpp, line 1603]
Event: 1078.877 Thread 0x0000000017aaf000 Exception <a 'java/lang/NoSuchMethodError': <clinit>> (0x00000000f7b8aaf0) thrown at [D:\re\workspace\8-2-build-windows-amd64-cygwin\jdk8u25\1677\hotspot\src\share\vm\prims\jni.cpp, line 1603]
Event: 1078.879 Thread 0x0000000017aaf000 Exception <a 'java/lang/NoSuchMethodError': <clinit>> (0x00000000f7b9c220) thrown at [D:\re\workspace\8-2-build-windows-amd64-cygwin\jdk8u25\1677\hotspot\src\share\vm\prims\jni.cpp, line 1603]

Events (10 events):
Event: 1078.754 loading class java/util/Locale$FilteringMode done
Event: 1078.766 Executing VM operation: BulkRevokeBias
Event: 1078.767 Executing VM operation: BulkRevokeBias done
Event: 1078.793 Thread 0x0000000015fed800 flushing nmethod 0x0000000004b61810
Event: 1078.841 loading class com/vaadin/shared/ui/dd/DragEventType
Event: 1078.841 loading class com/vaadin/shared/ui/dd/DragEventType done
Event: 1078.845 Executing VM operation: RevokeBias
Event: 1078.845 Executing VM operation: RevokeBias done
Event: 1078.846 Thread 0x0000000015fed800 flushing nmethod 0x0000000002d6d3d0
Event: 1078.882 Thread 0x0000000015f7d000 flushing nmethod 0x0000000003576f90


Dynamic libraries:
0x00007ff7cc8e0000 - 0x00007ff7cc914000 	C:\Program Files\Java\jdk1.8.0_25\bin\java.exe
0x00007ffa43f30000 - 0x00007ffa440dc000 	C:\WINDOWS\SYSTEM32\ntdll.dll
0x00007ffa42130000 - 0x00007ffa4226e000 	C:\WINDOWS\system32\KERNEL32.DLL
0x00007ffa41330000 - 0x00007ffa41445000 	C:\WINDOWS\system32\KERNELBASE.dll
0x00007ffa3fa60000 - 0x00007ffa3faee000 	C:\WINDOWS\system32\apphelp.dll
0x00007ffa3a840000 - 0x00007ffa3a893000 	C:\WINDOWS\AppPatch\AppPatch64\AcGenral.DLL
0x00007ffa41610000 - 0x00007ffa416ba000 	C:\WINDOWS\system32\msvcrt.dll
0x00007ffa40e50000 - 0x00007ffa40e7e000 	C:\WINDOWS\SYSTEM32\SspiCli.dll
0x00007ffa43cd0000 - 0x00007ffa43d24000 	C:\WINDOWS\system32\SHLWAPI.dll
0x00007ffa416c0000 - 0x00007ffa41837000 	C:\WINDOWS\system32\USER32.dll
0x00007ffa43d30000 - 0x00007ffa43ec4000 	C:\WINDOWS\system32\ole32.dll
0x00007ffa427b0000 - 0x00007ffa43cc8000 	C:\WINDOWS\system32\SHELL32.dll
0x00007ffa40620000 - 0x00007ffa40641000 	C:\WINDOWS\SYSTEM32\USERENV.dll
0x00007ffa42270000 - 0x00007ffa4231a000 	C:\WINDOWS\system32\ADVAPI32.dll
0x00007ffa38780000 - 0x00007ffa3879e000 	C:\WINDOWS\SYSTEM32\MPR.dll
0x00007ffa42480000 - 0x00007ffa425c1000 	C:\WINDOWS\system32\RPCRT4.dll
0x00007ffa415b0000 - 0x00007ffa41609000 	C:\WINDOWS\SYSTEM32\sechost.dll
0x00007ffa41840000 - 0x00007ffa41a51000 	C:\WINDOWS\SYSTEM32\combase.dll
0x00007ffa42320000 - 0x00007ffa42471000 	C:\WINDOWS\system32\GDI32.dll
0x00007ffa41080000 - 0x00007ffa41095000 	C:\WINDOWS\SYSTEM32\profapi.dll
0x00007ffa3f390000 - 0x00007ffa3f442000 	C:\WINDOWS\SYSTEM32\SHCORE.dll
0x00007ffa41a70000 - 0x00007ffa41aa6000 	C:\WINDOWS\system32\IMM32.DLL
0x00007ffa41b90000 - 0x00007ffa41ce1000 	C:\WINDOWS\system32\MSCTF.dll
0x00007ffa3ec80000 - 0x00007ffa3eefb000 	C:\WINDOWS\WinSxS\amd64_microsoft.windows.common-controls_6595b64144ccf1df_6.0.9600.17415_none_6240486fecbd8abb\COMCTL32.dll
0x0000000073390000 - 0x0000000073462000 	C:\Program Files\Java\jdk1.8.0_25\jre\bin\msvcr100.dll
0x0000000072b30000 - 0x000000007338a000 	C:\Program Files\Java\jdk1.8.0_25\jre\bin\server\jvm.dll
0x00007ffa38610000 - 0x00007ffa38619000 	C:\WINDOWS\SYSTEM32\WSOCK32.dll
0x00007ffa3b7c0000 - 0x00007ffa3b7e2000 	C:\WINDOWS\SYSTEM32\WINMM.dll
0x00007ffa41ab0000 - 0x00007ffa41ab7000 	C:\WINDOWS\system32\PSAPI.DLL
0x00007ffa42060000 - 0x00007ffa420ba000 	C:\WINDOWS\system32\WS2_32.dll
0x00007ffa3b790000 - 0x00007ffa3b7ba000 	C:\WINDOWS\SYSTEM32\WINMMBASE.dll
0x00007ffa41db0000 - 0x00007ffa41db9000 	C:\WINDOWS\system32\NSI.dll
0x00007ffa41500000 - 0x00007ffa4154f000 	C:\WINDOWS\SYSTEM32\cfgmgr32.dll
0x00007ffa3fe70000 - 0x00007ffa3fe98000 	C:\WINDOWS\SYSTEM32\DEVOBJ.dll
0x0000000072b20000 - 0x0000000072b2f000 	C:\Program Files\Java\jdk1.8.0_25\jre\bin\verify.dll
0x0000000072af0000 - 0x0000000072b18000 	C:\Program Files\Java\jdk1.8.0_25\jre\bin\java.dll
0x0000000072a60000 - 0x0000000072a83000 	C:\Program Files\Java\jdk1.8.0_25\jre\bin\instrument.dll
0x0000000072ad0000 - 0x0000000072ae6000 	C:\Program Files\Java\jdk1.8.0_25\jre\bin\zip.dll
0x00007ffa408f0000 - 0x00007ffa40910000 	C:\WINDOWS\SYSTEM32\CRYPTSP.dll
0x00007ffa40510000 - 0x00007ffa40546000 	C:\WINDOWS\system32\rsaenh.dll
0x00007ffa40b40000 - 0x00007ffa40b66000 	C:\WINDOWS\SYSTEM32\bcrypt.dll
0x00007ffa40e80000 - 0x00007ffa40ee3000 	C:\WINDOWS\system32\bcryptprimitives.dll
0x00007ffa40ef0000 - 0x00007ffa40efb000 	C:\WINDOWS\SYSTEM32\CRYPTBASE.dll
0x0000000072ab0000 - 0x0000000072aca000 	C:\Program Files\Java\jdk1.8.0_25\jre\bin\net.dll
0x00007ffa40890000 - 0x00007ffa408e9000 	C:\WINDOWS\system32\mswsock.dll
0x00007ffa3c150000 - 0x00007ffa3c17a000 	C:\WINDOWS\SYSTEM32\IPHLPAPI.DLL
0x00007ffa3c130000 - 0x00007ffa3c13a000 	C:\WINDOWS\SYSTEM32\WINNSI.DLL
0x00007ffa3bd60000 - 0x00007ffa3bd76000 	C:\WINDOWS\SYSTEM32\dhcpcsvc6.DLL
0x00007ffa3bf60000 - 0x00007ffa3bf7a000 	C:\WINDOWS\SYSTEM32\dhcpcsvc.DLL
0x0000000072a90000 - 0x0000000072aa1000 	C:\Program Files\Java\jdk1.8.0_25\jre\bin\nio.dll
0x00007ffa3e9f0000 - 0x00007ffa3e9fa000 	C:\Users\Willy\AppData\Local\Temp\jansi-64-4843097983446800284.dll
0x0000000072a10000 - 0x0000000072a1d000 	C:\Program Files\Java\jdk1.8.0_25\jre\bin\management.dll
0x00007ffa40690000 - 0x00007ffa40734000 	C:\WINDOWS\SYSTEM32\DNSAPI.dll
0x00007ffa372f0000 - 0x00007ffa372fa000 	C:\Windows\System32\rasadhlp.dll
0x00007ffa3bd80000 - 0x00007ffa3bdeb000 	C:\WINDOWS\System32\fwpuclnt.dll
0x00007ffa38b50000 - 0x00007ffa38b65000 	C:\WINDOWS\system32\napinsp.dll
0x00007ffa37300000 - 0x00007ffa3731a000 	C:\WINDOWS\system32\pnrpnsp.dll
0x00007ffa3e6e0000 - 0x00007ffa3e6fb000 	C:\WINDOWS\system32\NLAapi.dll
0x00007ffa38ba0000 - 0x00007ffa38bad000 	C:\WINDOWS\System32\winrnr.dll
0x00007ffa36dc0000 - 0x00007ffa36dd4000 	C:\WINDOWS\system32\wshbth.dll
0x00007ffa29960000 - 0x00007ffa29aea000 	C:\WINDOWS\SYSTEM32\dbghelp.dll

VM Arguments:
jvm_args: -Dfile.encoding=UTF-8 -Xmx768M -Xms64M -Dgrails.fork.parent.process.port=59896 -Dgrails.fork.active=true -Dgrails.build.execution.context=C:\Users\Willy\AppData\Local\Temp\latihan5426210942849170726grails-execution-context -Dgrails.home=C:\grails-2.4.4 -javaagent:C:\grails-2.4.4\lib\org.springframework\springloaded\jars\springloaded-1.2.1.RELEASE.jar -Xverify:none -Dspringloaded.synchronize=true -Djdk.reflect.allowGetCallerClass=true -Dspringloaded=profile=grails;cacheDir=C:\Users\Willy\.grails\2.4.4 
java_command: org.grails.plugins.tomcat.fork.ForkedTomcatServer
java_class_path (initial): C:\Program Files\Java\jdk1.8.0_25\lib\tools.jar;C:\grails-2.4.4\lib\org.codehaus.groovy\groovy-all\jars\groovy-all-2.3.7.jar;C:\grails-2.4.4\lib\org.slf4j\jcl-over-slf4j\jars\jcl-over-slf4j-1.7.5.jar;C:\grails-2.4.4\lib\org.codehaus.gant\gant_groovy1.8\jars\gant_groovy1.8-1.9.6.jar;C:\grails-2.4.4\lib\org.apache.tomcat.embed\tomcat-embed-logging-log4j\jars\tomcat-embed-logging-log4j-7.0.50.jar;C:\grails-2.4.4\dist\grails-plugin-log4j-2.4.4.jar;C:\grails-2.4.4\lib\log4j\log4j\jars\log4j-1.2.17.jar;C:\grails-2.4.4\dist\grails-bootstrap-2.4.4.jar;C:\grails-2.4.4\lib\org.slf4j\slf4j-api\jars\slf4j-api-1.7.5.jar;C:\grails-2.4.4\lib\jline\jline\jars\jline-2.12.jar;C:\grails-2.4.4\lib\org.apache.ant\ant\jars\ant-1.8.4.jar;C:\grails-2.4.4\lib\org.apache.ant\ant-launcher\jars\ant-launcher-1.8.4.jar;C:\grails-2.4.4\lib\org.apache.ant\ant-trax\jars\ant-trax-1.7.1.jar;C:\grails-2.4.4\lib\org.apache.ant\ant-junit\jars\ant-junit-1.8.4.jar;C:\grails-2.4.4\lib\org.apache.ivy\ivy\jars\ivy-2.3.0.jar;C:\grails-2.4.4\lib\org.fusesource.jansi\jansi\jars\jansi-1.11.jar;C:\Users\Willy\.m2\repository\org\apache\tomcat\tomcat-catalina-ant\7.0.55\tomcat-catalina-ant-7.0.55.jar;C:\Users\Willy\.m2\repository\org\apache\tomcat\embed\tomcat-embed-jasper\7.0.55\tomcat-embed-jasper-7.0.55.jar;C:\Users\Willy\.m2\repository\org\apache\tomcat\embed\tomcat-embed-el\7.0.55\tomcat-embed-el-7.0.55.jar;C:\Users\Willy\.m2\repository\org\apache\tomcat\embed\tomcat-embed-logging-log4j\7.0.55\tomcat-embed-logging-log4j-7.0.55.jar;C:\Users\Willy\.m2\repository\org\apache\tomcat\embed\tomcat-embed-websocket\7.0.55\tomcat-embed-websocket-7.0.55.jar;C:\Users\Willy\.m2\repository\org\apache\tomcat\embed\tomcat-embed-core\7.0.55\tomcat-embed-core-7.0.55.jar;C:\Users\Willy\.m2\repository\org\eclipse\jdt\core\compiler\ecj\3.7.2\ecj-3.7.2.jar;C:\Users\Willy\workspace\latihan\target\work\plugins\tomcat-7.0.55\grails-plugin-tomcat-7.0.55.jar;;C:\grails-2.4.4\lib\org.springframework\springloa
Launcher Type: SUN_STANDARD

Environment Variables:
JAVA_HOME=C:\Program Files\Java\jdk1.8.0_25
PATH=C:\ProgramData\Oracle\Java\javapath;C:\Program Files (x86)\Intel\iCLS Client\;C:\Program Files\Intel\iCLS Client\;C:\Program Files\Broadcom\Broadcom 802.11 Network Adapter;C:\WINDOWS\system32;C:\WINDOWS;C:\WINDOWS\System32\Wbem;C:\WINDOWS\System32\WindowsPowerShell\v1.0\;C:\Program Files\Intel\Intel(R) Management Engine Components\DAL;C:\Program Files\Intel\Intel(R) Management Engine Components\IPT;C:\Program Files (x86)\Intel\Intel(R) Management Engine Components\DAL;C:\Program Files (x86)\Intel\Intel(R) Management Engine Components\IPT;C:\Program Files\WIDCOMM\Bluetooth Software\;C:\Program Files\WIDCOMM\Bluetooth Software\syswow64;C:\Program Files (x86)\Intel\OpenCL SDK\2.0\bin\x86;C:\Program Files (x86)\Intel\OpenCL SDK\2.0\bin\x64;C:\Program Files\Sony\VAIO Improvement;C:\Program Files (x86)\Sony\VAIO BIOS Data Transfer Utility\;C:\Program Files (x86)\Sony\VAIO Startup Setting Tool;C:\Program Files\Microsoft SQL Server\110\Tools\Binn\;C:\Program Files\TortoiseSVN\bin;C:\Program Files (x86)\Microsoft ASP.NET\ASP.NET Web Pages\v1.0\;C:\Program Files (x86)\Windows Kits\8.0\Windows Performance Toolkit\;c:\Program Files (x86)\Microsoft SQL Server\110\Tools\Binn\;c:\Program Files\Microsoft SQL Server\110\DTS\Binn\;C:\Program Files (x86)\Microsoft SQL Server\110\Tools\Binn\ManagementStudio\;C:\Program Files (x86)\Microsoft SQL Server\110\DTS\Binn\;C:\Program Files\TortoiseGit\bin;C:\Program Files\Microsoft\Web Platform Installer\
USERNAME=Willy
OS=Windows_NT
PROCESSOR_IDENTIFIER=Intel64 Family 6 Model 58 Stepping 9, GenuineIntel



---------------  S Y S T E M  ---------------

OS: Windows 8.1 , 64 bit Build 9600 

CPU:total 4 (2 cores per cpu, 2 threads per core) family 6 model 58 stepping 9, cmov, cx8, fxsr, mmx, sse, sse2, sse3, ssse3, sse4.1, sse4.2, popcnt, avx, clmul, erms, ht, tsc, tscinvbit, tscinv

Memory: 4k page, physical 12458804k(7384440k free), swap 14359348k(7898628k free)

vm_info: Java HotSpot(TM) 64-Bit Server VM (25.25-b02) for windows-amd64 JRE (1.8.0_25-b18), built on Oct  7 2014 14:25:37 by "java_re" with MS VC++ 10.0 (VS2010)

time: Mon Mar 30 11:28:34 2015
elapsed time: 1078 seconds (0d 0h 17m 58s)

