#
# A fatal error has been detected by the Java Runtime Environment:
#
#  EXCEPTION_ACCESS_VIOLATION (0xc0000005) at pc=0x0000000003ffe366, pid=6380, tid=6476
#
# JRE version: Java(TM) SE Runtime Environment (8.0_25-b18) (build 1.8.0_25-b18)
# Java VM: Java HotSpot(TM) 64-Bit Server VM (25.25-b02 mixed mode windows-amd64 compressed oops)
# Problematic frame:
# J 9413 C1 java.io.ObjectStreamClass$FieldReflector.getObjFieldValues(Ljava/lang/Object;[Ljava/lang/Object;)V (99 bytes) @ 0x0000000003ffe366 [0x0000000003ffe240+0x126]
#
# Failed to write core dump. Minidumps are not enabled by default on client versions of Windows
#
# If you would like to submit a bug report, please visit:
#   http://bugreport.sun.com/bugreport/crash.jsp
#

---------------  T H R E A D  ---------------

Current thread (0x00000000591d5000):  JavaThread "localhost-startStop-2" daemon [_thread_in_Java, id=6476, stack(0x0000000063e50000,0x0000000063f50000)]

siginfo: ExceptionCode=0xc0000005, reading address 0x000000000000004d

Registers:
RAX=0x0000000000000045, RBX=0x0000000000000060, RCX=0x00000000f17175e8, RDX=0x00000000f17066f0
RSP=0x0000000063f4a820, RBP=0x0000000063f4a9b8, RSI=0x0000000000000000, RDI=0x0000000013b3f280
R8 =0x00000000fbec7070, R9 =0x00000000f17175d8, R10=0x0000000013c498c8, R11=0x00000000f16fcd40
R12=0x0000000000000000, R13=0x00000000f0c3daa8, R14=0x0000000063f4aa08, R15=0x00000000591d5000
RIP=0x0000000003ffe366, EFLAGS=0x0000000000010202

Top of Stack: (sp=0x0000000063f4a820)
0x0000000063f4a820:   0000000063f4c528 00000000f16fa200
0x0000000063f4a830:   00000000fbec7070 00000000f0e9fde8
0x0000000063f4a840:   00000000f0c3f920 00000000f0e9fde8
0x0000000063f4a850:   00000000591d5000 0000000000000000
0x0000000063f4a860:   0000000063f4a8c8 0000000002857790
0x0000000063f4a870:   0000000063f4a9b8 00000000034988fc
0x0000000063f4a880:   00000000f17174d8 0000000063f4a888
0x0000000063f4a890:   0000000056eaf1da 0000000063f4a918
0x0000000063f4a8a0:   0000000056ec27e0 000000006b9969f8
0x0000000063f4a8b0:   0000000056eaf220 0000000000000000
0x0000000063f4a8c0:   0000000063f4a920 0000000063f4a9b8
0x0000000063f4a8d0:   000000000328bfc4 00000000fbaa4b78
0x0000000063f4a8e0:   00000000fbaa4b78 00000000fbec7070
0x0000000063f4a8f0:   00000000f16fa200 00000000f0c3daa8
0x0000000063f4a900:   0000000100000000 00000000f17175d8
0x0000000063f4a910:   0000000000000000 00000000f16fcd40 

Instructions: (pc=0x0000000003ffe366)
0x0000000003ffe346:   00 75 19 48 bb 98 09 95 6b 00 00 00 00 81 8b c0
0x0000000003ffe356:   01 00 00 00 01 00 00 e9 db 00 00 00 41 8b 79 08
0x0000000003ffe366:   8b 58 08 48 8b bf f0 00 00 00 48 3b df 0f 84 2a
0x0000000003ffe376:   00 00 00 44 8b 5f 0c 4a 3b 3c 1b 0f 84 1c 00 00 


Register to memory mapping:

RAX=0x0000000000000045 is an unknown value
RBX=0x0000000000000060 is an unknown value
RCX=0x00000000f17175e8 is an oop

[error occurred during error reporting (printing register info), id 0xc0000005]

Stack: [0x0000000063e50000,0x0000000063f50000],  sp=0x0000000063f4a820,  free space=1002k
Native frames: (J=compiled Java code, j=interpreted, Vv=VM code, C=native code)
C  0x0000000003ffe366


---------------  P R O C E S S  ---------------

Java Threads: ( => current thread )
=>0x00000000591d5000 JavaThread "localhost-startStop-2" daemon [_thread_in_Java, id=6476, stack(0x0000000063e50000,0x0000000063f50000)]
  0x00000000591d5800 JavaThread "Tomcat-startStop-2" daemon [_thread_blocked, id=5880, stack(0x000000006bc60000,0x000000006bd60000)]
  0x000000005a5c9000 JavaThread "http-bio-8080-exec-10" daemon [_thread_blocked, id=5720, stack(0x000000005b4f0000,0x000000005b5f0000)]
  0x000000005a5c8000 JavaThread "http-bio-8080-exec-9" daemon [_thread_in_native, id=1096, stack(0x000000006b2c0000,0x000000006b3c0000)]
  0x000000005a5c7800 JavaThread "http-bio-8080-exec-8" daemon [_thread_blocked, id=4432, stack(0x000000006b050000,0x000000006b150000)]
  0x00000000591de800 JavaThread "http-bio-8080-exec-7" daemon [_thread_blocked, id=6908, stack(0x000000006af50000,0x000000006b050000)]
  0x00000000591de000 JavaThread "http-bio-8080-exec-6" daemon [_thread_blocked, id=5696, stack(0x000000006ad60000,0x000000006ae60000)]
  0x00000000591dd000 JavaThread "http-bio-8080-exec-5" daemon [_thread_in_native, id=6276, stack(0x000000005f830000,0x000000005f930000)]
  0x00000000591dc800 JavaThread "http-bio-8080-exec-4" daemon [_thread_blocked, id=1232, stack(0x000000005a1b0000,0x000000005a2b0000)]
  0x00000000591db800 JavaThread "Thread-10" daemon [_thread_in_native, id=5368, stack(0x000000006a980000,0x000000006aa80000)]
  0x00000000591db000 JavaThread "http-bio-8080-exec-3" daemon [_thread_blocked, id=5572, stack(0x000000006a860000,0x000000006a960000)]
  0x00000000591da000 JavaThread "DestroyJavaVM" [_thread_blocked, id=6600, stack(0x0000000002480000,0x0000000002580000)]
  0x00000000591d9800 JavaThread "Thread-8" [_thread_blocked, id=4136, stack(0x0000000067090000,0x0000000067190000)]
  0x00000000591d8800 JavaThread "http-bio-8080-exec-2" daemon [_thread_blocked, id=7012, stack(0x000000006a450000,0x000000006a550000)]
  0x00000000591d8000 JavaThread "http-bio-8080-exec-1" daemon [_thread_blocked, id=4976, stack(0x00000000671a0000,0x00000000672a0000)]
  0x00000000591d7000 JavaThread "http-bio-8080-AsyncTimeout" daemon [_thread_blocked, id=6004, stack(0x000000005c1e0000,0x000000005c2e0000)]
  0x00000000591d6800 JavaThread "http-bio-8080-Acceptor-0" daemon [_thread_blocked, id=5668, stack(0x0000000063d20000,0x0000000063e20000)]
  0x00000000591cf800 JavaThread "FileSystemWatcher: files=#133 cl=groovy.lang.GroovyClassLoader@2f1de2d6" daemon [_thread_blocked, id=6360, stack(0x00000000587e0000,0x00000000588e0000)]
  0x00000000592a1800 JavaThread "Thread-3" [_thread_blocked, id=6020, stack(0x0000000059dc0000,0x0000000059ec0000)]
  0x0000000057a33000 JavaThread "Thread-2" [_thread_blocked, id=5160, stack(0x0000000056ef0000,0x0000000056ff0000)]
  0x000000005692c800 JavaThread "NonBlockingInputStreamThread" daemon [_thread_blocked, id=6924, stack(0x00000000570a0000,0x00000000571a0000)]
  0x0000000055d29000 JavaThread "Service Thread" daemon [_thread_blocked, id=6376, stack(0x0000000056220000,0x0000000056320000)]
  0x0000000055c61000 JavaThread "C1 CompilerThread1" daemon [_thread_blocked, id=6580, stack(0x0000000055fa0000,0x00000000560a0000)]
  0x0000000055c6a000 JavaThread "C2 CompilerThread0" daemon [_thread_blocked, id=6740, stack(0x0000000055240000,0x0000000055340000)]
  0x00000000544f7000 JavaThread "Attach Listener" daemon [_thread_blocked, id=6916, stack(0x0000000055a10000,0x0000000055b10000)]
  0x00000000544f5800 JavaThread "Signal Dispatcher" daemon [_thread_blocked, id=6404, stack(0x00000000558d0000,0x00000000559d0000)]
  0x000000005449a000 JavaThread "Finalizer" daemon [_thread_blocked, id=5344, stack(0x00000000556e0000,0x00000000557e0000)]
  0x0000000054491800 JavaThread "Reference Handler" daemon [_thread_blocked, id=184, stack(0x0000000055490000,0x0000000055590000)]

Other Threads:
  0x0000000054489000 VMThread [stack: 0x0000000055340000,0x0000000055440000] [id=5528]
  0x0000000055d2b000 WatcherThread [stack: 0x00000000563f0000,0x00000000564f0000] [id=6448]

VM state:not at safepoint (normal execution)

VM Mutex/Monitor currently owned by a thread: None

Heap:
 PSYoungGen      total 221696K, used 47934K [0x00000000f0000000, 0x0000000100000000, 0x0000000100000000)
  eden space 184832K, 12% used [0x00000000f0000000,0x00000000f1743fc8,0x00000000fb480000)
  from space 36864K, 65% used [0x00000000fb480000,0x00000000fcc0b840,0x00000000fd880000)
  to   space 35840K, 0% used [0x00000000fdd00000,0x00000000fdd00000,0x0000000100000000)
 ParOldGen       total 196096K, used 135009K [0x00000000d0000000, 0x00000000dbf80000, 0x00000000f0000000)
  object space 196096K, 68% used [0x00000000d0000000,0x00000000d83d8788,0x00000000dbf80000)
 Metaspace       used 76499K, capacity 79220K, committed 79320K, reserved 1120256K
  class space    used 8639K, capacity 9470K, committed 9472K, reserved 1048576K

Card table byte_map: [0x0000000011c10000,0x0000000011da0000] byte_map_base: 0x0000000011590000

Marking Bits: (ParMarkBitMap*) 0x000000005cabd490
 Begin Bits: [0x0000000012330000, 0x0000000012f30000)
 End Bits:   [0x0000000012f30000, 0x0000000013b30000)

Polling page: 0x0000000000430000

CodeCache: size=245760Kb used=27648Kb max_used=27922Kb free=218111Kb
 bounds [0x0000000002850000, 0x00000000043d0000, 0x0000000011850000]
 total_blobs=8129 nmethods=7366 adapters=675
 compilation: enabled

Compilation events (10 events):
Event: 333.722 Thread 0x0000000055c61000 9431   !   3       org.springsource.loaded.jvm.JVM::newField (101 bytes)
Event: 333.722 Thread 0x0000000055c6a000 9432       4       sun.reflect.ReflectionFactory::langReflectAccess (15 bytes)
Event: 333.723 Thread 0x0000000055c6a000 nmethod 9432 0x0000000002f97f10 code [0x0000000002f98040, 0x0000000002f980b8]
Event: 333.724 Thread 0x0000000055c61000 nmethod 9431 0x0000000002d8ae50 code [0x0000000002d8b160, 0x0000000002d8ccd8]
Event: 333.724 Thread 0x0000000055c6a000 9433       4       java.io.ObjectStreamClass$5::compare (13 bytes)
Event: 333.724 Thread 0x0000000055c61000 9434       3       sun.security.provider.ByteArrayAccess::b2iBig64 (614 bytes)
Event: 333.726 Thread 0x0000000055c61000 nmethod 9434 0x00000000032031d0 code [0x00000000032033e0, 0x0000000003204188]
Event: 333.726 Thread 0x0000000055c61000 9435       1       java.io.ObjectStreamClass::getSuperDesc (5 bytes)
Event: 333.726 Thread 0x0000000055c61000 nmethod 9435 0x000000000335fa50 code [0x000000000335fba0, 0x000000000335fcb0]
Event: 333.727 Thread 0x0000000055c6a000 nmethod 9433 0x0000000002d8a850 code [0x0000000002d8a9a0, 0x0000000002d8ac58]

GC Heap History (10 events):
Event: 161.313 GC heap before
{Heap before GC invocations=56 (full 5):
 PSYoungGen      total 214016K, used 192384K [0x00000000f0000000, 0x00000000ffc80000, 0x0000000100000000)
  eden space 173568K, 100% used [0x00000000f0000000,0x00000000fa980000,0x00000000fa980000)
  from space 40448K, 46% used [0x00000000fd500000,0x00000000fe7602f8,0x00000000ffc80000)
  to   space 42496K, 0% used [0x00000000fa980000,0x00000000fa980000,0x00000000fd300000)
 ParOldGen       total 196096K, used 132231K [0x00000000d0000000, 0x00000000dbf80000, 0x00000000f0000000)
  object space 196096K, 67% used [0x00000000d0000000,0x00000000d8121f58,0x00000000dbf80000)
 Metaspace       used 73730K, capacity 75994K, committed 76248K, reserved 1116160K
  class space    used 8380K, capacity 9101K, committed 9216K, reserved 1048576K
Event: 161.343 GC heap after
Heap after GC invocations=56 (full 5):
 PSYoungGen      total 216064K, used 19653K [0x00000000f0000000, 0x0000000100000000, 0x0000000100000000)
  eden space 173568K, 0% used [0x00000000f0000000,0x00000000f0000000,0x00000000fa980000)
  from space 42496K, 46% used [0x00000000fa980000,0x00000000fbcb1460,0x00000000fd300000)
  to   space 41472K, 0% used [0x00000000fd780000,0x00000000fd780000,0x0000000100000000)
 ParOldGen       total 196096K, used 132383K [0x00000000d0000000, 0x00000000dbf80000, 0x00000000f0000000)
  object space 196096K, 67% used [0x00000000d0000000,0x00000000d8147f88,0x00000000dbf80000)
 Metaspace       used 73730K, capacity 75994K, committed 76248K, reserved 1116160K
  class space    used 8380K, capacity 9101K, committed 9216K, reserved 1048576K
}
Event: 231.766 GC heap before
{Heap before GC invocations=57 (full 5):
 PSYoungGen      total 216064K, used 193221K [0x00000000f0000000, 0x0000000100000000, 0x0000000100000000)
  eden space 173568K, 100% used [0x00000000f0000000,0x00000000fa980000,0x00000000fa980000)
  from space 42496K, 46% used [0x00000000fa980000,0x00000000fbcb1460,0x00000000fd300000)
  to   space 41472K, 0% used [0x00000000fd780000,0x00000000fd780000,0x0000000100000000)
 ParOldGen       total 196096K, used 132383K [0x00000000d0000000, 0x00000000dbf80000, 0x00000000f0000000)
  object space 196096K, 67% used [0x00000000d0000000,0x00000000d8147f88,0x00000000dbf80000)
 Metaspace       used 74914K, capacity 77286K, committed 77656K, reserved 1118208K
  class space    used 8484K, capacity 9219K, committed 9344K, reserved 1048576K
Event: 231.801 GC heap after
Heap after GC invocations=57 (full 5):
 PSYoungGen      total 214528K, used 22537K [0x00000000f0000000, 0x00000000ffb00000, 0x0000000100000000)
  eden space 178176K, 0% used [0x00000000f0000000,0x00000000f0000000,0x00000000fae00000)
  from space 36352K, 61% used [0x00000000fd780000,0x00000000fed826e0,0x00000000ffb00000)
  to   space 39424K, 0% used [0x00000000fae00000,0x00000000fae00000,0x00000000fd480000)
 ParOldGen       total 196096K, used 132391K [0x00000000d0000000, 0x00000000dbf80000, 0x00000000f0000000)
  object space 196096K, 67% used [0x00000000d0000000,0x00000000d8149f88,0x00000000dbf80000)
 Metaspace       used 74914K, capacity 77286K, committed 77656K, reserved 1118208K
  class space    used 8484K, capacity 9219K, committed 9344K, reserved 1048576K
}
Event: 234.902 GC heap before
{Heap before GC invocations=58 (full 5):
 PSYoungGen      total 214528K, used 200713K [0x00000000f0000000, 0x00000000ffb00000, 0x0000000100000000)
  eden space 178176K, 100% used [0x00000000f0000000,0x00000000fae00000,0x00000000fae00000)
  from space 36352K, 61% used [0x00000000fd780000,0x00000000fed826e0,0x00000000ffb00000)
  to   space 39424K, 0% used [0x00000000fae00000,0x00000000fae00000,0x00000000fd480000)
 ParOldGen       total 196096K, used 132391K [0x00000000d0000000, 0x00000000dbf80000, 0x00000000f0000000)
  object space 196096K, 67% used [0x00000000d0000000,0x00000000d8149f88,0x00000000dbf80000)
 Metaspace       used 75215K, capacity 77554K, committed 77912K, reserved 1118208K
  class space    used 8509K, capacity 9221K, committed 9344K, reserved 1048576K
Event: 235.244 GC heap after
Heap after GC invocations=58 (full 5):
 PSYoungGen      total 217600K, used 22279K [0x00000000f0000000, 0x0000000100000000, 0x0000000100000000)
  eden space 178176K, 0% used [0x00000000f0000000,0x00000000f0000000,0x00000000fae00000)
  from space 39424K, 56% used [0x00000000fae00000,0x00000000fc3c1de0,0x00000000fd480000)
  to   space 37888K, 0% used [0x00000000fdb00000,0x00000000fdb00000,0x0000000100000000)
 ParOldGen       total 196096K, used 132391K [0x00000000d0000000, 0x00000000dbf80000, 0x00000000f0000000)
  object space 196096K, 67% used [0x00000000d0000000,0x00000000d8149f88,0x00000000dbf80000)
 Metaspace       used 75215K, capacity 77554K, committed 77912K, reserved 1118208K
  class space    used 8509K, capacity 9221K, committed 9344K, reserved 1048576K
}
Event: 265.697 GC heap before
{Heap before GC invocations=59 (full 5):
 PSYoungGen      total 217600K, used 200455K [0x00000000f0000000, 0x0000000100000000, 0x0000000100000000)
  eden space 178176K, 100% used [0x00000000f0000000,0x00000000fae00000,0x00000000fae00000)
  from space 39424K, 56% used [0x00000000fae00000,0x00000000fc3c1de0,0x00000000fd480000)
  to   space 37888K, 0% used [0x00000000fdb00000,0x00000000fdb00000,0x0000000100000000)
 ParOldGen       total 196096K, used 132391K [0x00000000d0000000, 0x00000000dbf80000, 0x00000000f0000000)
  object space 196096K, 67% used [0x00000000d0000000,0x00000000d8149f88,0x00000000dbf80000)
 Metaspace       used 75324K, capacity 77672K, committed 77912K, reserved 1118208K
  class space    used 8515K, capacity 9230K, committed 9344K, reserved 1048576K
Event: 265.764 GC heap after
Heap after GC invocations=59 (full 5):
 PSYoungGen      total 219136K, used 20992K [0x00000000f0000000, 0x00000000ffc80000, 0x0000000100000000)
  eden space 184832K, 0% used [0x00000000f0000000,0x00000000f0000000,0x00000000fb480000)
  from space 34304K, 61% used [0x00000000fdb00000,0x00000000fef802a8,0x00000000ffc80000)
  to   space 36864K, 0% used [0x00000000fb480000,0x00000000fb480000,0x00000000fd880000)
 ParOldGen       total 196096K, used 135001K [0x00000000d0000000, 0x00000000dbf80000, 0x00000000f0000000)
  object space 196096K, 68% used [0x00000000d0000000,0x00000000d83d6788,0x00000000dbf80000)
 Metaspace       used 75324K, capacity 77672K, committed 77912K, reserved 1118208K
  class space    used 8515K, capacity 9230K, committed 9344K, reserved 1048576K
}
Event: 333.022 GC heap before
{Heap before GC invocations=60 (full 5):
 PSYoungGen      total 219136K, used 205824K [0x00000000f0000000, 0x00000000ffc80000, 0x0000000100000000)
  eden space 184832K, 100% used [0x00000000f0000000,0x00000000fb480000,0x00000000fb480000)
  from space 34304K, 61% used [0x00000000fdb00000,0x00000000fef802a8,0x00000000ffc80000)
  to   space 36864K, 0% used [0x00000000fb480000,0x00000000fb480000,0x00000000fd880000)
 ParOldGen       total 196096K, used 135001K [0x00000000d0000000, 0x00000000dbf80000, 0x00000000f0000000)
  object space 196096K, 68% used [0x00000000d0000000,0x00000000d83d6788,0x00000000dbf80000)
 Metaspace       used 75870K, capacity 78306K, committed 78424K, reserved 1118208K
  class space    used 8558K, capacity 9295K, committed 9344K, reserved 1048576K
Event: 333.055 GC heap after
Heap after GC invocations=60 (full 5):
 PSYoungGen      total 221696K, used 24110K [0x00000000f0000000, 0x0000000100000000, 0x0000000100000000)
  eden space 184832K, 0% used [0x00000000f0000000,0x00000000f0000000,0x00000000fb480000)
  from space 36864K, 65% used [0x00000000fb480000,0x00000000fcc0b840,0x00000000fd880000)
  to   space 35840K, 0% used [0x00000000fdd00000,0x00000000fdd00000,0x0000000100000000)
 ParOldGen       total 196096K, used 135009K [0x00000000d0000000, 0x00000000dbf80000, 0x00000000f0000000)
  object space 196096K, 68% used [0x00000000d0000000,0x00000000d83d8788,0x00000000dbf80000)
 Metaspace       used 75870K, capacity 78306K, committed 78424K, reserved 1118208K
  class space    used 8558K, capacity 9295K, committed 9344K, reserved 1048576K
}

Deoptimization events (10 events):
Event: 332.345 Thread 0x00000000591cf800 Uncommon trap: reason=class_check action=maybe_recompile pc=0x0000000003c220f0 method=org.springsource.loaded.TypeRegistry.getTypeRegistryFor(Ljava/lang/ClassLoader;)Lorg/springsource/loaded/TypeRegistry; @ 167
Event: 332.353 Thread 0x00000000591cf800 Uncommon trap: reason=class_check action=maybe_recompile pc=0x0000000003c220f0 method=org.springsource.loaded.TypeRegistry.getTypeRegistryFor(Ljava/lang/ClassLoader;)Lorg/springsource/loaded/TypeRegistry; @ 167
Event: 332.354 Thread 0x00000000591cf800 Uncommon trap: reason=class_check action=maybe_recompile pc=0x0000000003c220f0 method=org.springsource.loaded.TypeRegistry.getTypeRegistryFor(Ljava/lang/ClassLoader;)Lorg/springsource/loaded/TypeRegistry; @ 167
Event: 332.607 Thread 0x00000000591cf800 Uncommon trap: reason=class_check action=maybe_recompile pc=0x000000000405d220 method=java.util.regex.Pattern$Curly.match1(Ljava/util/regex/Matcher;IILjava/lang/CharSequence;)Z @ 8
Event: 332.610 Thread 0x00000000591cf800 Uncommon trap: reason=class_check action=maybe_recompile pc=0x000000000405d220 method=java.util.regex.Pattern$Curly.match1(Ljava/util/regex/Matcher;IILjava/lang/CharSequence;)Z @ 8
Event: 332.950 Thread 0x00000000591d5000 Uncommon trap: reason=bimorphic action=maybe_recompile pc=0x0000000003882084 method=java.util.Hashtable.put(Ljava/lang/Object;Ljava/lang/Object;)Ljava/lang/Object; @ 60
Event: 332.950 Thread 0x00000000591d5000 Uncommon trap: reason=bimorphic action=maybe_recompile pc=0x0000000003882084 method=java.util.Hashtable.put(Ljava/lang/Object;Ljava/lang/Object;)Ljava/lang/Object; @ 60
Event: 333.585 Thread 0x00000000591d5000 Uncommon trap: reason=array_check action=maybe_recompile pc=0x00000000031de470 method=java.util.ComparableTimSort.binarySort([Ljava/lang/Object;III)V @ 215
Event: 333.714 Thread 0x00000000591d5000 Uncommon trap: reason=array_check action=maybe_recompile pc=0x0000000003d72430 method=java.util.ComparableTimSort.binarySort([Ljava/lang/Object;III)V @ 183
Event: 333.720 Thread 0x00000000591d5000 Uncommon trap: reason=array_check action=maybe_recompile pc=0x0000000003d72430 method=java.util.ComparableTimSort.binarySort([Ljava/lang/Object;III)V @ 183

Internal exceptions (10 events):
Event: 333.710 Thread 0x00000000591d5000 Exception <a 'java/lang/NoSuchMethodError': <clinit>> (0x00000000f1640ce8) thrown at [D:\re\workspace\8-2-build-windows-amd64-cygwin\jdk8u25\1677\hotspot\src\share\vm\prims\jni.cpp, line 1603]
Event: 333.710 Thread 0x00000000591d5000 Exception <a 'java/lang/NoSuchMethodError': <clinit>> (0x00000000f164e288) thrown at [D:\re\workspace\8-2-build-windows-amd64-cygwin\jdk8u25\1677\hotspot\src\share\vm\prims\jni.cpp, line 1603]
Event: 333.711 Thread 0x00000000591d5000 Exception <a 'java/lang/NoSuchMethodError': <clinit>> (0x00000000f166a5f8) thrown at [D:\re\workspace\8-2-build-windows-amd64-cygwin\jdk8u25\1677\hotspot\src\share\vm\prims\jni.cpp, line 1603]
Event: 333.711 Thread 0x00000000591d5000 Exception <a 'java/lang/NoSuchMethodError': <clinit>> (0x00000000f1682638) thrown at [D:\re\workspace\8-2-build-windows-amd64-cygwin\jdk8u25\1677\hotspot\src\share\vm\prims\jni.cpp, line 1603]
Event: 333.714 Thread 0x00000000591d5000 Exception <a 'java/lang/NoSuchMethodError': <clinit>> (0x00000000f16a2140) thrown at [D:\re\workspace\8-2-build-windows-amd64-cygwin\jdk8u25\1677\hotspot\src\share\vm\prims\jni.cpp, line 1603]
Event: 333.716 Thread 0x00000000591d5000 Exception <a 'java/lang/NoSuchMethodError': <clinit>> (0x00000000f16b8e90) thrown at [D:\re\workspace\8-2-build-windows-amd64-cygwin\jdk8u25\1677\hotspot\src\share\vm\prims\jni.cpp, line 1603]
Event: 333.718 Thread 0x00000000591d5000 Exception <a 'java/lang/NoSuchMethodError': <clinit>> (0x00000000f16caf80) thrown at [D:\re\workspace\8-2-build-windows-amd64-cygwin\jdk8u25\1677\hotspot\src\share\vm\prims\jni.cpp, line 1603]
Event: 333.720 Thread 0x00000000591d5000 Exception <a 'java/lang/NoSuchMethodError': <clinit>> (0x00000000f16dcca8) thrown at [D:\re\workspace\8-2-build-windows-amd64-cygwin\jdk8u25\1677\hotspot\src\share\vm\prims\jni.cpp, line 1603]
Event: 333.721 Thread 0x00000000591d5000 Exception <a 'java/lang/NoSuchMethodError': <clinit>> (0x00000000f16eeda8) thrown at [D:\re\workspace\8-2-build-windows-amd64-cygwin\jdk8u25\1677\hotspot\src\share\vm\prims\jni.cpp, line 1603]
Event: 333.726 Thread 0x00000000591d5000 Implicit null exception at 0x0000000003ffe366 to 0x0000000000000000

Events (10 events):
Event: 333.655 loading class com/vaadin/data/Item$PropertySetChangeEvent
Event: 333.655 loading class com/vaadin/data/Item$PropertySetChangeEvent done
Event: 333.662 loading class com/vaadin/data/util/IndexedContainer$IndexedContainerProperty
Event: 333.662 loading class com/vaadin/data/util/IndexedContainer$IndexedContainerProperty done
Event: 333.714 Thread 0x00000000591d5000 Uncommon trap: trap_request=0xffffffd6 fr.pc=0x0000000003d72430
Event: 333.714 Thread 0x00000000591d5000 DEOPT PACKING pc=0x0000000003d72430 sp=0x0000000063f48e60
Event: 333.714 Thread 0x00000000591d5000 DEOPT UNPACKING pc=0x000000000289556a sp=0x0000000063f48e08 mode 2
Event: 333.720 Thread 0x00000000591d5000 Uncommon trap: trap_request=0xffffffd6 fr.pc=0x0000000003d72430
Event: 333.720 Thread 0x00000000591d5000 DEOPT PACKING pc=0x0000000003d72430 sp=0x0000000063f4a700
Event: 333.720 Thread 0x00000000591d5000 DEOPT UNPACKING pc=0x000000000289556a sp=0x0000000063f4a6a8 mode 2


Dynamic libraries:
0x000000013f8d0000 - 0x000000013f904000 	C:\Program Files\Java\jdk1.8.0_25\bin\java.exe
0x0000000077550000 - 0x00000000776fb000 	C:\Windows\SYSTEM32\ntdll.dll
0x0000000077330000 - 0x000000007744f000 	C:\Windows\system32\kernel32.dll
0x000007fefc820000 - 0x000007fefc88b000 	C:\Windows\system32\KERNELBASE.dll
0x000007fefddc0000 - 0x000007fefde9b000 	C:\Windows\system32\ADVAPI32.dll
0x000007fefe6d0000 - 0x000007fefe76f000 	C:\Windows\system32\msvcrt.dll
0x000007fefe220000 - 0x000007fefe23f000 	C:\Windows\SYSTEM32\sechost.dll
0x000007fefdc90000 - 0x000007fefddbe000 	C:\Windows\system32\RPCRT4.dll
0x0000000077450000 - 0x000000007754a000 	C:\Windows\system32\USER32.dll
0x000007fefe660000 - 0x000007fefe6c7000 	C:\Windows\system32\GDI32.dll
0x000007fefdc80000 - 0x000007fefdc8e000 	C:\Windows\system32\LPK.dll
0x000007fefe770000 - 0x000007fefe83a000 	C:\Windows\system32\USP10.dll
0x000007fefafa0000 - 0x000007fefb194000 	C:\Windows\WinSxS\amd64_microsoft.windows.common-controls_6595b64144ccf1df_6.0.7600.16385_none_fa645303170382f6\COMCTL32.dll
0x000007fefcaf0000 - 0x000007fefcb61000 	C:\Windows\system32\SHLWAPI.dll
0x000007fefe100000 - 0x000007fefe12e000 	C:\Windows\system32\IMM32.DLL
0x000007fefe550000 - 0x000007fefe659000 	C:\Windows\system32\MSCTF.dll
0x0000000067310000 - 0x00000000673e2000 	C:\Program Files\Java\jdk1.8.0_25\jre\bin\msvcr100.dll
0x000000005c2e0000 - 0x000000005cb3a000 	C:\Program Files\Java\jdk1.8.0_25\jre\bin\server\jvm.dll
0x000007fef39e0000 - 0x000007fef39e9000 	C:\Windows\system32\WSOCK32.dll
0x000007fefcb70000 - 0x000007fefcbbd000 	C:\Windows\system32\WS2_32.dll
0x000007fefe9c0000 - 0x000007fefe9c8000 	C:\Windows\system32\NSI.dll
0x000007fef6ba0000 - 0x000007fef6bdb000 	C:\Windows\system32\WINMM.dll
0x0000000077710000 - 0x0000000077717000 	C:\Windows\system32\PSAPI.DLL
0x0000000074990000 - 0x000000007499f000 	C:\Program Files\Java\jdk1.8.0_25\jre\bin\verify.dll
0x0000000074890000 - 0x00000000748b8000 	C:\Program Files\Java\jdk1.8.0_25\jre\bin\java.dll
0x0000000063f70000 - 0x0000000063f93000 	C:\Program Files\Java\jdk1.8.0_25\jre\bin\instrument.dll
0x0000000074900000 - 0x0000000074916000 	C:\Program Files\Java\jdk1.8.0_25\jre\bin\zip.dll
0x000007fefcef0000 - 0x000007fefdc76000 	C:\Windows\system32\SHELL32.dll
0x000007fefcce0000 - 0x000007fefcee1000 	C:\Windows\system32\ole32.dll
0x000007fefc4c0000 - 0x000007fefc4cf000 	C:\Windows\system32\profapi.dll
0x000007fefbd90000 - 0x000007fefbda7000 	C:\Windows\system32\CRYPTSP.dll
0x000007fefba90000 - 0x000007fefbad7000 	C:\Windows\system32\rsaenh.dll
0x000007fefb810000 - 0x000007fefb82e000 	C:\Windows\system32\USERENV.dll
0x000007fefc3f0000 - 0x000007fefc3ff000 	C:\Windows\system32\CRYPTBASE.dll
0x0000000074870000 - 0x000000007488a000 	C:\Program Files\Java\jdk1.8.0_25\jre\bin\net.dll
0x000007fefbd30000 - 0x000007fefbd84000 	C:\Windows\system32\mswsock.dll
0x000007fefbd20000 - 0x000007fefbd27000 	C:\Windows\System32\wship6.dll
0x000007fef9ff0000 - 0x000007fefa017000 	C:\Windows\system32\IPHLPAPI.DLL
0x000007fef9fe0000 - 0x000007fef9feb000 	C:\Windows\system32\WINNSI.DLL
0x000007fef9c00000 - 0x000007fef9c18000 	C:\Windows\system32\dhcpcsvc.DLL
0x000007fef9be0000 - 0x000007fef9bf1000 	C:\Windows\system32\dhcpcsvc6.DLL
0x0000000074850000 - 0x0000000074861000 	C:\Program Files\Java\jdk1.8.0_25\jre\bin\nio.dll
0x000007fefa4b0000 - 0x000007fefa4ba000 	C:\Users\Alfa\AppData\Local\Temp\jansi-64-2533183219028755714.dll
0x0000000074770000 - 0x000000007477d000 	C:\Program Files\Java\jdk1.8.0_25\jre\bin\management.dll
0x000007fefb700000 - 0x000007fefb707000 	C:\Windows\System32\wshtcpip.dll
0x000007fefbbb0000 - 0x000007fefbc0b000 	C:\Windows\system32\DNSAPI.dll
0x000007fef9420000 - 0x000007fef9428000 	C:\Windows\system32\rasadhlp.dll
0x000007fef9cd0000 - 0x000007fef9d23000 	C:\Windows\System32\fwpuclnt.dll
0x000007fefa5e0000 - 0x000007fefa5f5000 	C:\Windows\system32\NLAapi.dll
0x000007fef8850000 - 0x000007fef885b000 	C:\Windows\System32\winrnr.dll
0x000007fef8830000 - 0x000007fef8845000 	C:\Windows\system32\napinsp.dll
0x000007fef8810000 - 0x000007fef8829000 	C:\Windows\system32\pnrpnsp.dll
0x000007fef17d0000 - 0x000007fef18f5000 	C:\Windows\system32\dbghelp.dll

VM Arguments:
jvm_args: -Dfile.encoding=UTF-8 -Xmx768M -Xms64M -Dgrails.fork.parent.process.port=51787 -Dgrails.fork.active=true -Dgrails.build.execution.context=C:\Users\Alfa\AppData\Local\Temp\latihan1797766838457608793grails-execution-context -Dgrails.home=D:\grails-2.4.4 -javaagent:D:\grails-2.4.4\lib\org.springframework\springloaded\jars\springloaded-1.2.1.RELEASE.jar -Xverify:none -Dspringloaded.synchronize=true -Djdk.reflect.allowGetCallerClass=true -Dspringloaded=profile=grails;cacheDir=C:\Users\Alfa\.grails\2.4.4 
java_command: org.grails.plugins.tomcat.fork.ForkedTomcatServer
java_class_path (initial): C:\Program Files\Java\jdk1.8.0_25\lib\tools.jar;D:\grails-2.4.4\lib\org.codehaus.groovy\groovy-all\jars\groovy-all-2.3.7.jar;D:\grails-2.4.4\lib\org.slf4j\jcl-over-slf4j\jars\jcl-over-slf4j-1.7.5.jar;D:\grails-2.4.4\lib\org.codehaus.gant\gant_groovy1.8\jars\gant_groovy1.8-1.9.6.jar;D:\grails-2.4.4\lib\org.apache.tomcat.embed\tomcat-embed-logging-log4j\jars\tomcat-embed-logging-log4j-7.0.50.jar;D:\grails-2.4.4\dist\grails-plugin-log4j-2.4.4.jar;D:\grails-2.4.4\lib\log4j\log4j\jars\log4j-1.2.17.jar;D:\grails-2.4.4\dist\grails-bootstrap-2.4.4.jar;D:\grails-2.4.4\lib\org.slf4j\slf4j-api\jars\slf4j-api-1.7.5.jar;D:\grails-2.4.4\lib\jline\jline\jars\jline-2.12.jar;D:\grails-2.4.4\lib\org.apache.ant\ant\jars\ant-1.8.4.jar;D:\grails-2.4.4\lib\org.apache.ant\ant-launcher\jars\ant-launcher-1.8.4.jar;D:\grails-2.4.4\lib\org.apache.ant\ant-trax\jars\ant-trax-1.7.1.jar;D:\grails-2.4.4\lib\org.apache.ant\ant-junit\jars\ant-junit-1.8.4.jar;D:\grails-2.4.4\lib\org.apache.ivy\ivy\jars\ivy-2.3.0.jar;D:\grails-2.4.4\lib\org.fusesource.jansi\jansi\jars\jansi-1.11.jar;C:\Users\Alfa\.m2\repository\org\apache\tomcat\tomcat-catalina-ant\7.0.55\tomcat-catalina-ant-7.0.55.jar;C:\Users\Alfa\.m2\repository\org\apache\tomcat\embed\tomcat-embed-jasper\7.0.55\tomcat-embed-jasper-7.0.55.jar;C:\Users\Alfa\.m2\repository\org\apache\tomcat\embed\tomcat-embed-el\7.0.55\tomcat-embed-el-7.0.55.jar;C:\Users\Alfa\.m2\repository\org\apache\tomcat\embed\tomcat-embed-logging-log4j\7.0.55\tomcat-embed-logging-log4j-7.0.55.jar;C:\Users\Alfa\.m2\repository\org\apache\tomcat\embed\tomcat-embed-websocket\7.0.55\tomcat-embed-websocket-7.0.55.jar;C:\Users\Alfa\.m2\repository\org\apache\tomcat\embed\tomcat-embed-core\7.0.55\tomcat-embed-core-7.0.55.jar;C:\Users\Alfa\.m2\repository\org\eclipse\jdt\core\compiler\ecj\3.7.2\ecj-3.7.2.jar;C:\Users\Alfa\Documents\workspace\latihan\target\work\plugins\tomcat-7.0.55\grails-plugin-tomcat-7.0.55.jar;;D:\grails-2.4.4\lib\org.springframework\springl
Launcher Type: SUN_STANDARD

Environment Variables:
JAVA_HOME=C:\Program Files\Java\jdk1.8.0_25
PATH=C:/Program Files/Java/jre1.8.0_25/bin/server;C:/Program Files/Java/jre1.8.0_25/bin;C:/Program Files/Java/jre1.8.0_25/lib/amd64;C:\ProgramData\Oracle\Java\javapath;C:\Inprise\vbroker\bin;C:\Program Files (x86)\Borland\Delphi7\Bin;C:\Program Files (x86)\Borland\Delphi7\Projects\Bpl\;C:\Windows\system32;C:\Windows;C:\Windows\System32\Wbem;C:\Windows\System32\WindowsPowerShell\v1.0\;C:\Program Files (x86)\Toshiba\Bluetooth Toshiba Stack\sys\;C:\Program Files (x86)\Toshiba\Bluetooth Toshiba Stack\sys\x64\;C:\Users\Alfa\Desktop\eclipse\eclipse;
USERNAME=Alfa
OS=Windows_NT
PROCESSOR_IDENTIFIER=Intel64 Family 6 Model 42 Stepping 7, GenuineIntel



---------------  S Y S T E M  ---------------

OS: Windows 7 , 64 bit Build 7600 

CPU:total 3 (2 cores per cpu, 2 threads per core) family 6 model 42 stepping 7, cmov, cx8, fxsr, mmx, sse, sse2, sse3, ssse3, sse4.1, sse4.2, popcnt, clmul, ht, tsc, tscinvbit

Memory: 4k page, physical 4140912k(683492k free), swap 8279928k(3359540k free)

vm_info: Java HotSpot(TM) 64-Bit Server VM (25.25-b02) for windows-amd64 JRE (1.8.0_25-b18), built on Oct  7 2014 14:25:37 by "java_re" with MS VC++ 10.0 (VS2010)

time: Mon Mar 23 15:03:36 2015
elapsed time: 334 seconds (0d 0h 5m 34s)

