#
# A fatal error has been detected by the Java Runtime Environment:
#
#  EXCEPTION_ACCESS_VIOLATION (0xc0000005) at pc=0x0000000004a2af2a, pid=8904, tid=7672
#
# JRE version: Java(TM) SE Runtime Environment (8.0_25-b18) (build 1.8.0_25-b18)
# Java VM: Java HotSpot(TM) 64-Bit Server VM (25.25-b02 mixed mode windows-amd64 compressed oops)
# Problematic frame:
# J 10848 C1 java.io.ObjectStreamClass$FieldReflector.getObjFieldValues(Ljava/lang/Object;[Ljava/lang/Object;)V (99 bytes) @ 0x0000000004a2af2a [0x0000000004a2ae00+0x12a]
#
# Failed to write core dump. Minidumps are not enabled by default on client versions of Windows
#
# If you would like to submit a bug report, please visit:
#   http://bugreport.sun.com/bugreport/crash.jsp
#

---------------  T H R E A D  ---------------

Current thread (0x000000001be26000):  JavaThread "localhost-startStop-2" daemon [_thread_in_Java, id=7672, stack(0x000000002be40000,0x000000002bf40000)]

siginfo: ExceptionCode=0xc0000005, reading address 0x000000002000de8c

Registers:
RAX=0x000000002000de84, RBX=0x0000000000000060, RCX=0x00000000f7c935f8, RDX=0x00000000f7c829b8
RSP=0x000000002bf382e0, RBP=0x000000002bf38478, RSI=0x0000000000000000, RDI=0x000000010000f280
R8 =0x00000000f4233d48, R9 =0x00000000f7c935e8, R10=0x00000001001198c8, R11=0x00000000f7c74eb0
R12=0x0000000000000000, R13=0x00000000f6d54998, R14=0x000000002bf384c8, R15=0x000000001be26000
RIP=0x0000000004a2af2a, EFLAGS=0x0000000000010202

Top of Stack: (sp=0x000000002bf382e0)
0x000000002bf382e0:   0000000000000038 00000000f7c710c8
0x000000002bf382f0:   00000000f4233d48 00000000f7b99548
0x000000002bf38300:   00000000f6d56810 00000000f7b99548
0x000000002bf38310:   000000001be26000 0000000000000000
0x000000002bf38320:   000000002bf38388 00000000029077b0
0x000000002bf38330:   000000002bf38478 0000000002a32684
0x000000002bf38340:   00000000f7c934e8 000000002bf38348
0x000000002bf38350:   00000000171715fa 000000002bf383d8
0x000000002bf38360:   0000000017174bc8 0000000018672b40
0x000000002bf38370:   0000000017171640 0000000000000000
0x000000002bf38380:   000000002bf383e0 000000002bf38478
0x000000002bf38390:   0000000002e23c44 00000000fdd9a710
0x000000002bf383a0:   00000000fdd9a710 00000000f4233d48
0x000000002bf383b0:   00000000f7c710c8 00000000f6d54998
0x000000002bf383c0:   0000000100000000 00000000f7c935e8
0x000000002bf383d0:   0000000000000000 00000000f7c74eb0 

Instructions: (pc=0x0000000004a2af2a)
0x0000000004a2af0a:   bb 00 be 4d 2d 00 00 00 00 81 8b c0 01 00 00 00
0x0000000004a2af1a:   01 00 00 e9 e7 00 00 00 41 8b 79 08 48 c1 e7 03
0x0000000004a2af2a:   8b 58 08 48 c1 e3 03 48 8b bf f0 00 00 00 48 3b
0x0000000004a2af3a:   df 0f 84 2a 00 00 00 44 8b 5f 0c 4a 3b 3c 1b 0f 


Register to memory mapping:

RAX=0x000000002000de84 is an unknown value
RBX=0x0000000000000060 is an unknown value
RCX=0x00000000f7c935f8 is an oop

[error occurred during error reporting (printing register info), id 0xc0000005]

Stack: [0x000000002be40000,0x000000002bf40000],  sp=0x000000002bf382e0,  free space=992k
Native frames: (J=compiled Java code, j=interpreted, Vv=VM code, C=native code)
C  0x0000000004a2af2a


---------------  P R O C E S S  ---------------

Java Threads: ( => current thread )
=>0x000000001be26000 JavaThread "localhost-startStop-2" daemon [_thread_in_Java, id=7672, stack(0x000000002be40000,0x000000002bf40000)]
  0x000000001be22000 JavaThread "Tomcat-startStop-2" daemon [_thread_blocked, id=8972, stack(0x0000000022be0000,0x0000000022ce0000)]
  0x000000001be18800 JavaThread "http-bio-8080-exec-10" daemon [_thread_blocked, id=7776, stack(0x000000001f560000,0x000000001f660000)]
  0x000000001bdf4800 JavaThread "http-bio-8080-exec-9" daemon [_thread_in_native, id=8428, stack(0x000000001f460000,0x000000001f560000)]
  0x000000001bdf4000 JavaThread "http-bio-8080-exec-8" daemon [_thread_blocked, id=8360, stack(0x000000001e4a0000,0x000000001e5a0000)]
  0x000000001bdf5800 JavaThread "http-bio-8080-exec-7" daemon [_thread_blocked, id=7452, stack(0x000000001a660000,0x000000001a760000)]
  0x000000001bdf0000 JavaThread "http-bio-8080-exec-6" daemon [_thread_blocked, id=7212, stack(0x000000001a560000,0x000000001a660000)]
  0x000000001bdf3000 JavaThread "Thread-10" daemon [_thread_in_native, id=3604, stack(0x000000002ca50000,0x000000002cb50000)]
  0x000000001bdf1000 JavaThread "http-bio-8080-exec-5" daemon [_thread_blocked, id=7900, stack(0x000000002c950000,0x000000002ca50000)]
  0x000000001bdef800 JavaThread "http-bio-8080-exec-4" daemon [_thread_in_native, id=7124, stack(0x000000002c540000,0x000000002c640000)]
  0x000000001bde8000 JavaThread "http-bio-8080-exec-3" daemon [_thread_blocked, id=8816, stack(0x000000002c440000,0x000000002c540000)]
  0x000000001bdf1800 JavaThread "DestroyJavaVM" [_thread_blocked, id=8504, stack(0x0000000002570000,0x0000000002670000)]
  0x000000001bdec800 JavaThread "Thread-8" [_thread_blocked, id=4176, stack(0x000000002c340000,0x000000002c440000)]
  0x000000001bded000 JavaThread "http-bio-8080-exec-2" daemon [_thread_blocked, id=6672, stack(0x000000002c240000,0x000000002c340000)]
  0x000000001bdee000 JavaThread "http-bio-8080-exec-1" daemon [_thread_in_native, id=7772, stack(0x000000002c140000,0x000000002c240000)]
  0x000000001bde8800 JavaThread "http-bio-8080-AsyncTimeout" daemon [_thread_blocked, id=7144, stack(0x000000002c040000,0x000000002c140000)]
  0x000000001bdeb800 JavaThread "http-bio-8080-Acceptor-0" daemon [_thread_blocked, id=5824, stack(0x000000002bf40000,0x000000002c040000)]
  0x0000000015f98800 JavaThread "FileSystemWatcher: files=#198 cl=groovy.lang.GroovyClassLoader@3e7dd664" daemon [_thread_blocked, id=9496, stack(0x000000001a960000,0x000000001aa60000)]
  0x00000000199b1000 JavaThread "Thread-3" [_thread_blocked, id=96, stack(0x00000000199f0000,0x0000000019af0000)]
  0x0000000016adf000 JavaThread "Thread-2" [_thread_blocked, id=9584, stack(0x0000000018860000,0x0000000018960000)]
  0x0000000016927800 JavaThread "NonBlockingInputStreamThread" daemon [_thread_blocked, id=1724, stack(0x0000000017590000,0x0000000017690000)]
  0x0000000015e86800 JavaThread "Service Thread" daemon [_thread_blocked, id=9760, stack(0x00000000162c0000,0x00000000163c0000)]
  0x0000000015d1b000 JavaThread "C1 CompilerThread2" daemon [_thread_blocked, id=8604, stack(0x00000000161c0000,0x00000000162c0000)]
  0x0000000015d1f800 JavaThread "C2 CompilerThread1" daemon [_thread_in_native, id=10152, stack(0x00000000160c0000,0x00000000161c0000)]
  0x0000000015d29000 JavaThread "C2 CompilerThread0" daemon [_thread_blocked, id=3428, stack(0x0000000015fc0000,0x00000000160c0000)]
  0x000000001466e800 JavaThread "Attach Listener" daemon [_thread_blocked, id=5060, stack(0x0000000015ac0000,0x0000000015bc0000)]
  0x000000001466d800 JavaThread "Signal Dispatcher" daemon [_thread_blocked, id=5076, stack(0x00000000159c0000,0x0000000015ac0000)]
  0x00000000028f7800 JavaThread "Finalizer" daemon [_thread_blocked, id=8416, stack(0x00000000158c0000,0x00000000159c0000)]
  0x00000000028ec800 JavaThread "Reference Handler" daemon [_thread_blocked, id=7740, stack(0x00000000157c0000,0x00000000158c0000)]

Other Threads:
  0x0000000014635800 VMThread [stack: 0x00000000156c0000,0x00000000157c0000] [id=7972]
  0x0000000015e88000 WatcherThread [stack: 0x00000000163c0000,0x00000000164c0000] [id=3120]

VM state:not at safepoint (normal execution)

VM Mutex/Monitor currently owned by a thread: None

Heap:
 PSYoungGen      total 225280K, used 149247K [0x00000000f0000000, 0x00000000fff00000, 0x0000000100000000)
  eden space 190464K, 67% used [0x00000000f0000000,0x00000000f7caa268,0x00000000fba00000)
  from space 34816K, 62% used [0x00000000fdd00000,0x00000000ff215c38,0x00000000fff00000)
  to   space 35328K, 0% used [0x00000000fba00000,0x00000000fba00000,0x00000000fdc80000)
 ParOldGen       total 168448K, used 122759K [0x00000000d0000000, 0x00000000da480000, 0x00000000f0000000)
  object space 168448K, 72% used [0x00000000d0000000,0x00000000d77e1c90,0x00000000da480000)
 Metaspace       used 83496K, capacity 86560K, committed 86860K, reserved 1126400K
  class space    used 9317K, capacity 10219K, committed 10316K, reserved 1048576K

Card table byte_map: [0x0000000011cc0000,0x0000000011e50000] byte_map_base: 0x0000000011640000

Marking Bits: (ParMarkBitMap*) 0x000000007330d490
 Begin Bits: [0x0000000012350000, 0x0000000012f50000)
 End Bits:   [0x0000000012f50000, 0x0000000013b50000)

Polling page: 0x0000000000e20000

CodeCache: size=245760Kb used=33809Kb max_used=33861Kb free=211951Kb
 bounds [0x0000000002900000, 0x0000000004a50000, 0x0000000011900000]
 total_blobs=9276 nmethods=8499 adapters=689
 compilation: enabled

Compilation events (10 events):
Event: 289.601 Thread 0x0000000015d29000 nmethod 10888 0x0000000002d92dd0 code [0x0000000002d92f20, 0x0000000002d93128]
Event: 289.603 Thread 0x0000000015d29000 10890       4       java.io.ObjectOutputStream$HandleTable::insert (39 bytes)
Event: 289.605 Thread 0x0000000015d1b000 10892   !   3       java.io.ObjectOutputStream::writeOrdinaryObject (175 bytes)
Event: 289.607 Thread 0x0000000015d29000 nmethod 10890 0x0000000003c75cd0 code [0x0000000003c75e20, 0x0000000003c76008]
Event: 289.607 Thread 0x0000000015d29000 10891       4       java.io.ObjectOutputStream$BlockDataOutputStream::writeByte (33 bytes)
Event: 289.607 Thread 0x0000000015d1b000 nmethod 10892 0x00000000042d8e50 code [0x00000000042d9060, 0x00000000042d9838]
Event: 289.609 Thread 0x0000000015d29000 nmethod 10891 0x0000000004118a10 code [0x0000000004118b60, 0x0000000004118c48]
Event: 289.612 Thread 0x0000000015d1b000 10893       3       java.io.ObjectStreamClass$EntryFuture::<init> (5 bytes)
Event: 289.613 Thread 0x0000000015d1b000 nmethod 10893 0x0000000003f183d0 code [0x0000000003f18540, 0x0000000003f18790]
Event: 289.613 Thread 0x0000000015d1b000 10894       3       java.io.ObjectStreamClass$EntryFuture::<init> (19 bytes)

GC Heap History (10 events):
Event: 213.046 GC heap before
{Heap before GC invocations=58 (full 4):
 PSYoungGen      total 222720K, used 206344K [0x00000000f0000000, 0x0000000100000000, 0x0000000100000000)
  eden space 185344K, 100% used [0x00000000f0000000,0x00000000fb500000,0x00000000fb500000)
  from space 37376K, 56% used [0x00000000fb500000,0x00000000fc982178,0x00000000fd980000)
  to   space 37376K, 0% used [0x00000000fdb80000,0x00000000fdb80000,0x0000000100000000)
 ParOldGen       total 168448K, used 122727K [0x00000000d0000000, 0x00000000da480000, 0x00000000f0000000)
  object space 168448K, 72% used [0x00000000d0000000,0x00000000d77d9c90,0x00000000da480000)
 Metaspace       used 81029K, capacity 83630K, committed 83916K, reserved 1124352K
  class space    used 9103K, capacity 9854K, committed 9932K, reserved 1048576K
Event: 213.090 GC heap after
Heap after GC invocations=58 (full 4):
 PSYoungGen      total 222720K, used 20315K [0x00000000f0000000, 0x00000000ffe00000, 0x0000000100000000)
  eden space 187392K, 0% used [0x00000000f0000000,0x00000000f0000000,0x00000000fb700000)
  from space 35328K, 57% used [0x00000000fdb80000,0x00000000fef56e48,0x00000000ffe00000)
  to   space 36352K, 0% used [0x00000000fb700000,0x00000000fb700000,0x00000000fda80000)
 ParOldGen       total 168448K, used 122735K [0x00000000d0000000, 0x00000000da480000, 0x00000000f0000000)
  object space 168448K, 72% used [0x00000000d0000000,0x00000000d77dbc90,0x00000000da480000)
 Metaspace       used 81029K, capacity 83630K, committed 83916K, reserved 1124352K
  class space    used 9103K, capacity 9854K, committed 9932K, reserved 1048576K
}
Event: 214.972 GC heap before
{Heap before GC invocations=59 (full 4):
 PSYoungGen      total 222720K, used 207707K [0x00000000f0000000, 0x00000000ffe00000, 0x0000000100000000)
  eden space 187392K, 100% used [0x00000000f0000000,0x00000000fb700000,0x00000000fb700000)
  from space 35328K, 57% used [0x00000000fdb80000,0x00000000fef56e48,0x00000000ffe00000)
  to   space 36352K, 0% used [0x00000000fb700000,0x00000000fb700000,0x00000000fda80000)
 ParOldGen       total 168448K, used 122735K [0x00000000d0000000, 0x00000000da480000, 0x00000000f0000000)
  object space 168448K, 72% used [0x00000000d0000000,0x00000000d77dbc90,0x00000000da480000)
 Metaspace       used 81244K, capacity 83800K, committed 83916K, reserved 1124352K
  class space    used 9115K, capacity 9861K, committed 9932K, reserved 1048576K
Event: 215.001 GC heap after
Heap after GC invocations=59 (full 4):
 PSYoungGen      total 223744K, used 20131K [0x00000000f0000000, 0x0000000100000000, 0x0000000100000000)
  eden space 187392K, 0% used [0x00000000f0000000,0x00000000f0000000,0x00000000fb700000)
  from space 36352K, 55% used [0x00000000fb700000,0x00000000fcaa8ef8,0x00000000fda80000)
  to   space 35840K, 0% used [0x00000000fdd00000,0x00000000fdd00000,0x0000000100000000)
 ParOldGen       total 168448K, used 122743K [0x00000000d0000000, 0x00000000da480000, 0x00000000f0000000)
  object space 168448K, 72% used [0x00000000d0000000,0x00000000d77ddc90,0x00000000da480000)
 Metaspace       used 81244K, capacity 83800K, committed 83916K, reserved 1124352K
  class space    used 9115K, capacity 9861K, committed 9932K, reserved 1048576K
}
Event: 230.864 GC heap before
{Heap before GC invocations=60 (full 4):
 PSYoungGen      total 223744K, used 207523K [0x00000000f0000000, 0x0000000100000000, 0x0000000100000000)
  eden space 187392K, 100% used [0x00000000f0000000,0x00000000fb700000,0x00000000fb700000)
  from space 36352K, 55% used [0x00000000fb700000,0x00000000fcaa8ef8,0x00000000fda80000)
  to   space 35840K, 0% used [0x00000000fdd00000,0x00000000fdd00000,0x0000000100000000)
 ParOldGen       total 168448K, used 122743K [0x00000000d0000000, 0x00000000da480000, 0x00000000f0000000)
  object space 168448K, 72% used [0x00000000d0000000,0x00000000d77ddc90,0x00000000da480000)
 Metaspace       used 81564K, capacity 84194K, committed 84428K, reserved 1124352K
  class space    used 9133K, capacity 9910K, committed 9932K, reserved 1048576K
Event: 230.906 GC heap after
Heap after GC invocations=60 (full 4):
 PSYoungGen      total 225280K, used 22941K [0x00000000f0000000, 0x00000000fff80000, 0x0000000100000000)
  eden space 189952K, 0% used [0x00000000f0000000,0x00000000f0000000,0x00000000fb980000)
  from space 35328K, 64% used [0x00000000fdd00000,0x00000000ff3677d8,0x00000000fff80000)
  to   space 35840K, 0% used [0x00000000fb980000,0x00000000fb980000,0x00000000fdc80000)
 ParOldGen       total 168448K, used 122751K [0x00000000d0000000, 0x00000000da480000, 0x00000000f0000000)
  object space 168448K, 72% used [0x00000000d0000000,0x00000000d77dfc90,0x00000000da480000)
 Metaspace       used 81564K, capacity 84194K, committed 84428K, reserved 1124352K
  class space    used 9133K, capacity 9910K, committed 9932K, reserved 1048576K
}
Event: 258.209 GC heap before
{Heap before GC invocations=61 (full 4):
 PSYoungGen      total 225280K, used 212893K [0x00000000f0000000, 0x00000000fff80000, 0x0000000100000000)
  eden space 189952K, 100% used [0x00000000f0000000,0x00000000fb980000,0x00000000fb980000)
  from space 35328K, 64% used [0x00000000fdd00000,0x00000000ff3677d8,0x00000000fff80000)
  to   space 35840K, 0% used [0x00000000fb980000,0x00000000fb980000,0x00000000fdc80000)
 ParOldGen       total 168448K, used 122751K [0x00000000d0000000, 0x00000000da480000, 0x00000000f0000000)
  object space 168448K, 72% used [0x00000000d0000000,0x00000000d77dfc90,0x00000000da480000)
 Metaspace       used 82107K, capacity 84666K, committed 84812K, reserved 1124352K
  class space    used 9177K, capacity 9956K, committed 10060K, reserved 1048576K
Event: 258.250 GC heap after
Heap after GC invocations=61 (full 4):
 PSYoungGen      total 225792K, used 21633K [0x00000000f0000000, 0x0000000100000000, 0x0000000100000000)
  eden space 189952K, 0% used [0x00000000f0000000,0x00000000f0000000,0x00000000fb980000)
  from space 35840K, 60% used [0x00000000fb980000,0x00000000fcea04f0,0x00000000fdc80000)
  to   space 35840K, 0% used [0x00000000fdd00000,0x00000000fdd00000,0x0000000100000000)
 ParOldGen       total 168448K, used 122751K [0x00000000d0000000, 0x00000000da480000, 0x00000000f0000000)
  object space 168448K, 72% used [0x00000000d0000000,0x00000000d77dfc90,0x00000000da480000)
 Metaspace       used 82107K, capacity 84666K, committed 84812K, reserved 1124352K
  class space    used 9177K, capacity 9956K, committed 10060K, reserved 1048576K
}
Event: 261.066 GC heap before
{Heap before GC invocations=62 (full 4):
 PSYoungGen      total 225792K, used 211585K [0x00000000f0000000, 0x0000000100000000, 0x0000000100000000)
  eden space 189952K, 100% used [0x00000000f0000000,0x00000000fb980000,0x00000000fb980000)
  from space 35840K, 60% used [0x00000000fb980000,0x00000000fcea04f0,0x00000000fdc80000)
  to   space 35840K, 0% used [0x00000000fdd00000,0x00000000fdd00000,0x0000000100000000)
 ParOldGen       total 168448K, used 122751K [0x00000000d0000000, 0x00000000da480000, 0x00000000f0000000)
  object space 168448K, 72% used [0x00000000d0000000,0x00000000d77dfc90,0x00000000da480000)
 Metaspace       used 82124K, capacity 84666K, committed 84812K, reserved 1124352K
  class space    used 9177K, capacity 9956K, committed 10060K, reserved 1048576K
Event: 261.104 GC heap after
Heap after GC invocations=62 (full 4):
 PSYoungGen      total 225280K, used 21591K [0x00000000f0000000, 0x00000000fff00000, 0x0000000100000000)
  eden space 190464K, 0% used [0x00000000f0000000,0x00000000f0000000,0x00000000fba00000)
  from space 34816K, 62% used [0x00000000fdd00000,0x00000000ff215c38,0x00000000fff00000)
  to   space 35328K, 0% used [0x00000000fba00000,0x00000000fba00000,0x00000000fdc80000)
 ParOldGen       total 168448K, used 122759K [0x00000000d0000000, 0x00000000da480000, 0x00000000f0000000)
  object space 168448K, 72% used [0x00000000d0000000,0x00000000d77e1c90,0x00000000da480000)
 Metaspace       used 82124K, capacity 84666K, committed 84812K, reserved 1124352K
  class space    used 9177K, capacity 9956K, committed 10060K, reserved 1048576K
}

Deoptimization events (10 events):
Event: 289.110 Thread 0x000000001be26000 Uncommon trap: reason=predicate action=maybe_recompile pc=0x0000000003fa4cd0 method=java.util.TimSort.binarySort([Ljava/lang/Object;IIILjava/util/Comparator;)V @ 37
Event: 289.157 Thread 0x000000001be26000 Uncommon trap: reason=array_check action=maybe_recompile pc=0x00000000038b443c method=java.util.TimSort.binarySort([Ljava/lang/Object;IIILjava/util/Comparator;)V @ 215
Event: 289.162 Thread 0x000000001be26000 Uncommon trap: reason=array_check action=maybe_recompile pc=0x00000000038b443c method=java.util.TimSort.binarySort([Ljava/lang/Object;IIILjava/util/Comparator;)V @ 215
Event: 289.163 Thread 0x000000001be26000 Uncommon trap: reason=array_check action=maybe_recompile pc=0x00000000038b44f0 method=java.util.TimSort.binarySort([Ljava/lang/Object;IIILjava/util/Comparator;)V @ 193
Event: 289.163 Thread 0x000000001be26000 Uncommon trap: reason=array_check action=maybe_recompile pc=0x00000000038b45a8 method=java.util.TimSort.binarySort([Ljava/lang/Object;IIILjava/util/Comparator;)V @ 183
Event: 289.164 Thread 0x000000001be26000 Uncommon trap: reason=array_check action=maybe_recompile pc=0x00000000038b44f0 method=java.util.TimSort.binarySort([Ljava/lang/Object;IIILjava/util/Comparator;)V @ 193
Event: 289.594 Thread 0x000000001be26000 Uncommon trap: reason=class_check action=maybe_recompile pc=0x00000000036c3e9c method=java.io.DataOutputStream.writeInt(I)V @ 12
Event: 289.595 Thread 0x000000001be26000 Uncommon trap: reason=class_check action=maybe_recompile pc=0x00000000036c3e9c method=java.io.DataOutputStream.writeInt(I)V @ 12
Event: 289.595 Thread 0x000000001be26000 Uncommon trap: reason=class_check action=maybe_recompile pc=0x00000000036c3e9c method=java.io.DataOutputStream.writeInt(I)V @ 12
Event: 289.595 Thread 0x000000001be26000 Uncommon trap: reason=class_check action=maybe_recompile pc=0x00000000036c3e9c method=java.io.DataOutputStream.writeInt(I)V @ 12

Internal exceptions (10 events):
Event: 289.493 Thread 0x000000001be26000 Exception <a 'java/lang/NoSuchMethodError': <clinit>> (0x00000000f7b0e790) thrown at [D:\re\workspace\8-2-build-windows-amd64-cygwin\jdk8u25\1677\hotspot\src\share\vm\prims\jni.cpp, line 1603]
Event: 289.501 Thread 0x000000001be26000 Exception <a 'java/lang/NoSuchMethodError': <clinit>> (0x00000000f7b21b50) thrown at [D:\re\workspace\8-2-build-windows-amd64-cygwin\jdk8u25\1677\hotspot\src\share\vm\prims\jni.cpp, line 1603]
Event: 289.502 Thread 0x000000001be26000 Exception <a 'java/security/PrivilegedActionException'> (0x00000000f7b296e0) thrown at [D:\re\workspace\8-2-build-windows-amd64-cygwin\jdk8u25\1677\hotspot\src\share\vm\prims\jvm.cpp, line 1312]
Event: 289.502 Thread 0x000000001be26000 Exception <a 'java/security/PrivilegedActionException'> (0x00000000f7b2e828) thrown at [D:\re\workspace\8-2-build-windows-amd64-cygwin\jdk8u25\1677\hotspot\src\share\vm\prims\jvm.cpp, line 1312]
Event: 289.504 Thread 0x000000001be26000 Exception <a 'java/lang/NoSuchMethodError': <clinit>> (0x00000000f7b491f8) thrown at [D:\re\workspace\8-2-build-windows-amd64-cygwin\jdk8u25\1677\hotspot\src\share\vm\prims\jni.cpp, line 1603]
Event: 289.512 Thread 0x000000001be26000 Exception <a 'java/lang/NoSuchMethodError': <clinit>> (0x00000000f7b751d0) thrown at [D:\re\workspace\8-2-build-windows-amd64-cygwin\jdk8u25\1677\hotspot\src\share\vm\prims\jni.cpp, line 1603]
Event: 289.512 Thread 0x000000001be26000 Exception <a 'java/lang/NoSuchMethodError': <clinit>> (0x00000000f7b77590) thrown at [D:\re\workspace\8-2-build-windows-amd64-cygwin\jdk8u25\1677\hotspot\src\share\vm\prims\jni.cpp, line 1603]
Event: 289.516 Thread 0x000000001be26000 Exception <a 'java/lang/NoSuchMethodError': <clinit>> (0x00000000f7b9ac58) thrown at [D:\re\workspace\8-2-build-windows-amd64-cygwin\jdk8u25\1677\hotspot\src\share\vm\prims\jni.cpp, line 1603]
Event: 289.552 Thread 0x000000001be26000 Exception <a 'java/lang/NoSuchMethodError': <clinit>> (0x00000000f7baece0) thrown at [D:\re\workspace\8-2-build-windows-amd64-cygwin\jdk8u25\1677\hotspot\src\share\vm\prims\jni.cpp, line 1603]
Event: 289.593 Thread 0x000000001be26000 Exception <a 'java/lang/NoSuchMethodError': <clinit>> (0x00000000f7c59938) thrown at [D:\re\workspace\8-2-build-windows-amd64-cygwin\jdk8u25\1677\hotspot\src\share\vm\prims\jni.cpp, line 1603]

Events (10 events):
Event: 289.594 Thread 0x000000001be26000 DEOPT UNPACKING pc=0x000000000294556a sp=0x000000002bf386a0 mode 2
Event: 289.595 Thread 0x000000001be26000 Uncommon trap: trap_request=0xffffffde fr.pc=0x00000000036c3e9c
Event: 289.595 Thread 0x000000001be26000 DEOPT PACKING pc=0x00000000036c3e9c sp=0x000000002bf386a0
Event: 289.595 Thread 0x000000001be26000 DEOPT UNPACKING pc=0x000000000294556a sp=0x000000002bf386a0 mode 2
Event: 289.595 Thread 0x000000001be26000 Uncommon trap: trap_request=0xffffffde fr.pc=0x00000000036c3e9c
Event: 289.595 Thread 0x000000001be26000 DEOPT PACKING pc=0x00000000036c3e9c sp=0x000000002bf38760
Event: 289.595 Thread 0x000000001be26000 DEOPT UNPACKING pc=0x000000000294556a sp=0x000000002bf38760 mode 2
Event: 289.595 Thread 0x000000001be26000 Uncommon trap: trap_request=0xffffffde fr.pc=0x00000000036c3e9c
Event: 289.595 Thread 0x000000001be26000 DEOPT PACKING pc=0x00000000036c3e9c sp=0x000000002bf38760
Event: 289.595 Thread 0x000000001be26000 DEOPT UNPACKING pc=0x000000000294556a sp=0x000000002bf38760 mode 2


Dynamic libraries:
0x00007ff720f60000 - 0x00007ff720f94000 	C:\Program Files\Java\jdk1.8.0_25\bin\java.exe
0x00007ffa43f30000 - 0x00007ffa440dc000 	C:\WINDOWS\SYSTEM32\ntdll.dll
0x00007ffa42130000 - 0x00007ffa4226e000 	C:\WINDOWS\system32\KERNEL32.DLL
0x00007ffa41330000 - 0x00007ffa41445000 	C:\WINDOWS\system32\KERNELBASE.dll
0x00007ffa3fa60000 - 0x00007ffa3faee000 	C:\WINDOWS\system32\apphelp.dll
0x00007ffa3c760000 - 0x00007ffa3c7b3000 	C:\WINDOWS\AppPatch\AppPatch64\AcGenral.DLL
0x00007ffa41610000 - 0x00007ffa416ba000 	C:\WINDOWS\system32\msvcrt.dll
0x00007ffa40e50000 - 0x00007ffa40e7e000 	C:\WINDOWS\SYSTEM32\SspiCli.dll
0x00007ffa43cd0000 - 0x00007ffa43d24000 	C:\WINDOWS\system32\SHLWAPI.dll
0x00007ffa416c0000 - 0x00007ffa41837000 	C:\WINDOWS\system32\USER32.dll
0x00007ffa43d30000 - 0x00007ffa43ec4000 	C:\WINDOWS\system32\ole32.dll
0x00007ffa427b0000 - 0x00007ffa43cc8000 	C:\WINDOWS\system32\SHELL32.dll
0x00007ffa40620000 - 0x00007ffa40641000 	C:\WINDOWS\SYSTEM32\USERENV.dll
0x00007ffa42270000 - 0x00007ffa4231a000 	C:\WINDOWS\system32\ADVAPI32.dll
0x00007ffa38780000 - 0x00007ffa3879e000 	C:\WINDOWS\SYSTEM32\MPR.dll
0x00007ffa42480000 - 0x00007ffa425c1000 	C:\WINDOWS\system32\RPCRT4.dll
0x00007ffa415b0000 - 0x00007ffa41609000 	C:\WINDOWS\SYSTEM32\sechost.dll
0x00007ffa41840000 - 0x00007ffa41a51000 	C:\WINDOWS\SYSTEM32\combase.dll
0x00007ffa42320000 - 0x00007ffa42471000 	C:\WINDOWS\system32\GDI32.dll
0x00007ffa41080000 - 0x00007ffa41095000 	C:\WINDOWS\SYSTEM32\profapi.dll
0x00007ffa3f390000 - 0x00007ffa3f442000 	C:\WINDOWS\SYSTEM32\SHCORE.dll
0x00007ffa41a70000 - 0x00007ffa41aa6000 	C:\WINDOWS\system32\IMM32.DLL
0x00007ffa41b90000 - 0x00007ffa41ce1000 	C:\WINDOWS\system32\MSCTF.dll
0x00007ffa3ec80000 - 0x00007ffa3eefb000 	C:\WINDOWS\WinSxS\amd64_microsoft.windows.common-controls_6595b64144ccf1df_6.0.9600.17415_none_6240486fecbd8abb\COMCTL32.dll
0x0000000073390000 - 0x0000000073462000 	C:\Program Files\Java\jdk1.8.0_25\jre\bin\msvcr100.dll
0x0000000072b30000 - 0x000000007338a000 	C:\Program Files\Java\jdk1.8.0_25\jre\bin\server\jvm.dll
0x00007ffa38610000 - 0x00007ffa38619000 	C:\WINDOWS\SYSTEM32\WSOCK32.dll
0x00007ffa3b7c0000 - 0x00007ffa3b7e2000 	C:\WINDOWS\SYSTEM32\WINMM.dll
0x00007ffa41ab0000 - 0x00007ffa41ab7000 	C:\WINDOWS\system32\PSAPI.DLL
0x00007ffa42060000 - 0x00007ffa420ba000 	C:\WINDOWS\system32\WS2_32.dll
0x00007ffa3b790000 - 0x00007ffa3b7ba000 	C:\WINDOWS\SYSTEM32\WINMMBASE.dll
0x00007ffa41db0000 - 0x00007ffa41db9000 	C:\WINDOWS\system32\NSI.dll
0x00007ffa41500000 - 0x00007ffa4154f000 	C:\WINDOWS\SYSTEM32\cfgmgr32.dll
0x00007ffa3fe70000 - 0x00007ffa3fe98000 	C:\WINDOWS\SYSTEM32\DEVOBJ.dll
0x0000000072b20000 - 0x0000000072b2f000 	C:\Program Files\Java\jdk1.8.0_25\jre\bin\verify.dll
0x0000000072af0000 - 0x0000000072b18000 	C:\Program Files\Java\jdk1.8.0_25\jre\bin\java.dll
0x0000000072ac0000 - 0x0000000072ae3000 	C:\Program Files\Java\jdk1.8.0_25\jre\bin\instrument.dll
0x0000000072aa0000 - 0x0000000072ab6000 	C:\Program Files\Java\jdk1.8.0_25\jre\bin\zip.dll
0x00007ffa408f0000 - 0x00007ffa40910000 	C:\WINDOWS\SYSTEM32\CRYPTSP.dll
0x00007ffa40510000 - 0x00007ffa40546000 	C:\WINDOWS\system32\rsaenh.dll
0x00007ffa40b40000 - 0x00007ffa40b66000 	C:\WINDOWS\SYSTEM32\bcrypt.dll
0x00007ffa40e80000 - 0x00007ffa40ee3000 	C:\WINDOWS\system32\bcryptprimitives.dll
0x00007ffa40ef0000 - 0x00007ffa40efb000 	C:\WINDOWS\SYSTEM32\CRYPTBASE.dll
0x0000000072a80000 - 0x0000000072a9a000 	C:\Program Files\Java\jdk1.8.0_25\jre\bin\net.dll
0x00007ffa40890000 - 0x00007ffa408e9000 	C:\WINDOWS\system32\mswsock.dll
0x00007ffa3c150000 - 0x00007ffa3c17a000 	C:\WINDOWS\SYSTEM32\IPHLPAPI.DLL
0x00007ffa3c130000 - 0x00007ffa3c13a000 	C:\WINDOWS\SYSTEM32\WINNSI.DLL
0x00007ffa3bd60000 - 0x00007ffa3bd76000 	C:\WINDOWS\SYSTEM32\dhcpcsvc6.DLL
0x00007ffa3bf60000 - 0x00007ffa3bf7a000 	C:\WINDOWS\SYSTEM32\dhcpcsvc.DLL
0x0000000072a60000 - 0x0000000072a71000 	C:\Program Files\Java\jdk1.8.0_25\jre\bin\nio.dll
0x00007ffa3e920000 - 0x00007ffa3e92a000 	C:\Users\Willy\AppData\Local\Temp\jansi-64-5177828895795042106.dll
0x0000000072a10000 - 0x0000000072a1d000 	C:\Program Files\Java\jdk1.8.0_25\jre\bin\management.dll
0x00007ffa40690000 - 0x00007ffa40734000 	C:\WINDOWS\SYSTEM32\DNSAPI.dll
0x00007ffa372f0000 - 0x00007ffa372fa000 	C:\Windows\System32\rasadhlp.dll
0x00007ffa3bd80000 - 0x00007ffa3bdeb000 	C:\WINDOWS\System32\fwpuclnt.dll
0x00007ffa38b50000 - 0x00007ffa38b65000 	C:\WINDOWS\system32\napinsp.dll
0x00007ffa37300000 - 0x00007ffa3731a000 	C:\WINDOWS\system32\pnrpnsp.dll
0x00007ffa3e6e0000 - 0x00007ffa3e6fb000 	C:\WINDOWS\system32\NLAapi.dll
0x00007ffa38ba0000 - 0x00007ffa38bad000 	C:\WINDOWS\System32\winrnr.dll
0x00007ffa36dc0000 - 0x00007ffa36dd4000 	C:\WINDOWS\system32\wshbth.dll
0x00007ffa29960000 - 0x00007ffa29aea000 	C:\WINDOWS\SYSTEM32\dbghelp.dll

VM Arguments:
jvm_args: -Dfile.encoding=UTF-8 -Xmx768M -Xms64M -Dgrails.fork.parent.process.port=55213 -Dgrails.fork.active=true -Dgrails.build.execution.context=C:\Users\Willy\AppData\Local\Temp\latihan6827406973748521036grails-execution-context -Dgrails.home=C:\grails-2.4.4 -javaagent:C:\grails-2.4.4\lib\org.springframework\springloaded\jars\springloaded-1.2.1.RELEASE.jar -Xverify:none -Dspringloaded.synchronize=true -Djdk.reflect.allowGetCallerClass=true -Dspringloaded=profile=grails;cacheDir=C:\Users\Willy\.grails\2.4.4 
java_command: org.grails.plugins.tomcat.fork.ForkedTomcatServer
java_class_path (initial): C:\Program Files\Java\jdk1.8.0_25\lib\tools.jar;C:\grails-2.4.4\lib\org.codehaus.groovy\groovy-all\jars\groovy-all-2.3.7.jar;C:\grails-2.4.4\lib\org.slf4j\jcl-over-slf4j\jars\jcl-over-slf4j-1.7.5.jar;C:\grails-2.4.4\lib\org.codehaus.gant\gant_groovy1.8\jars\gant_groovy1.8-1.9.6.jar;C:\grails-2.4.4\lib\org.apache.tomcat.embed\tomcat-embed-logging-log4j\jars\tomcat-embed-logging-log4j-7.0.50.jar;C:\grails-2.4.4\dist\grails-plugin-log4j-2.4.4.jar;C:\grails-2.4.4\lib\log4j\log4j\jars\log4j-1.2.17.jar;C:\grails-2.4.4\dist\grails-bootstrap-2.4.4.jar;C:\grails-2.4.4\lib\org.slf4j\slf4j-api\jars\slf4j-api-1.7.5.jar;C:\grails-2.4.4\lib\jline\jline\jars\jline-2.12.jar;C:\grails-2.4.4\lib\org.apache.ant\ant\jars\ant-1.8.4.jar;C:\grails-2.4.4\lib\org.apache.ant\ant-launcher\jars\ant-launcher-1.8.4.jar;C:\grails-2.4.4\lib\org.apache.ant\ant-trax\jars\ant-trax-1.7.1.jar;C:\grails-2.4.4\lib\org.apache.ant\ant-junit\jars\ant-junit-1.8.4.jar;C:\grails-2.4.4\lib\org.apache.ivy\ivy\jars\ivy-2.3.0.jar;C:\grails-2.4.4\lib\org.fusesource.jansi\jansi\jars\jansi-1.11.jar;C:\Users\Willy\.m2\repository\org\apache\tomcat\tomcat-catalina-ant\7.0.55\tomcat-catalina-ant-7.0.55.jar;C:\Users\Willy\.m2\repository\org\apache\tomcat\embed\tomcat-embed-jasper\7.0.55\tomcat-embed-jasper-7.0.55.jar;C:\Users\Willy\.m2\repository\org\apache\tomcat\embed\tomcat-embed-el\7.0.55\tomcat-embed-el-7.0.55.jar;C:\Users\Willy\.m2\repository\org\apache\tomcat\embed\tomcat-embed-logging-log4j\7.0.55\tomcat-embed-logging-log4j-7.0.55.jar;C:\Users\Willy\.m2\repository\org\apache\tomcat\embed\tomcat-embed-websocket\7.0.55\tomcat-embed-websocket-7.0.55.jar;C:\Users\Willy\.m2\repository\org\apache\tomcat\embed\tomcat-embed-core\7.0.55\tomcat-embed-core-7.0.55.jar;C:\Users\Willy\.m2\repository\org\eclipse\jdt\core\compiler\ecj\3.7.2\ecj-3.7.2.jar;C:\Users\Willy\workspace\latihan\target\work\plugins\tomcat-7.0.55\grails-plugin-tomcat-7.0.55.jar;;C:\grails-2.4.4\lib\org.springframework\springloa
Launcher Type: SUN_STANDARD

Environment Variables:
JAVA_HOME=C:\Program Files\Java\jdk1.8.0_25
PATH=C:\ProgramData\Oracle\Java\javapath;C:\Program Files (x86)\Intel\iCLS Client\;C:\Program Files\Intel\iCLS Client\;C:\Program Files\Broadcom\Broadcom 802.11 Network Adapter;C:\WINDOWS\system32;C:\WINDOWS;C:\WINDOWS\System32\Wbem;C:\WINDOWS\System32\WindowsPowerShell\v1.0\;C:\Program Files\Intel\Intel(R) Management Engine Components\DAL;C:\Program Files\Intel\Intel(R) Management Engine Components\IPT;C:\Program Files (x86)\Intel\Intel(R) Management Engine Components\DAL;C:\Program Files (x86)\Intel\Intel(R) Management Engine Components\IPT;C:\Program Files\WIDCOMM\Bluetooth Software\;C:\Program Files\WIDCOMM\Bluetooth Software\syswow64;C:\Program Files (x86)\Intel\OpenCL SDK\2.0\bin\x86;C:\Program Files (x86)\Intel\OpenCL SDK\2.0\bin\x64;C:\Program Files\Sony\VAIO Improvement;C:\Program Files (x86)\Sony\VAIO BIOS Data Transfer Utility\;C:\Program Files (x86)\Sony\VAIO Startup Setting Tool;C:\Program Files\Microsoft SQL Server\110\Tools\Binn\;C:\Program Files\TortoiseSVN\bin;C:\Program Files (x86)\Microsoft ASP.NET\ASP.NET Web Pages\v1.0\;C:\Program Files (x86)\Windows Kits\8.0\Windows Performance Toolkit\;c:\Program Files (x86)\Microsoft SQL Server\110\Tools\Binn\;c:\Program Files\Microsoft SQL Server\110\DTS\Binn\;C:\Program Files (x86)\Microsoft SQL Server\110\Tools\Binn\ManagementStudio\;C:\Program Files (x86)\Microsoft SQL Server\110\DTS\Binn\;C:\Program Files\TortoiseGit\bin;C:\Program Files\Microsoft\Web Platform Installer\
USERNAME=Willy
OS=Windows_NT
PROCESSOR_IDENTIFIER=Intel64 Family 6 Model 58 Stepping 9, GenuineIntel



---------------  S Y S T E M  ---------------

OS: Windows 8.1 , 64 bit Build 9600 

CPU:total 4 (2 cores per cpu, 2 threads per core) family 6 model 58 stepping 9, cmov, cx8, fxsr, mmx, sse, sse2, sse3, ssse3, sse4.1, sse4.2, popcnt, avx, clmul, erms, ht, tsc, tscinvbit, tscinv

Memory: 4k page, physical 12458804k(5881836k free), swap 14359348k(5181060k free)

vm_info: Java HotSpot(TM) 64-Bit Server VM (25.25-b02) for windows-amd64 JRE (1.8.0_25-b18), built on Oct  7 2014 14:25:37 by "java_re" with MS VC++ 10.0 (VS2010)

time: Fri Mar 27 17:16:21 2015
elapsed time: 289 seconds (0d 0h 4m 49s)

