#
# A fatal error has been detected by the Java Runtime Environment:
#
#  EXCEPTION_ACCESS_VIOLATION (0xc0000005) at pc=0x0000000004390c6a, pid=7380, tid=9448
#
# JRE version: Java(TM) SE Runtime Environment (8.0_25-b18) (build 1.8.0_25-b18)
# Java VM: Java HotSpot(TM) 64-Bit Server VM (25.25-b02 mixed mode windows-amd64 compressed oops)
# Problematic frame:
# J 13755 C1 java.io.ObjectStreamClass$FieldReflector.getObjFieldValues(Ljava/lang/Object;[Ljava/lang/Object;)V (99 bytes) @ 0x0000000004390c6a [0x0000000004390b40+0x12a]
#
# Failed to write core dump. Minidumps are not enabled by default on client versions of Windows
#
# If you would like to submit a bug report, please visit:
#   http://bugreport.sun.com/bugreport/crash.jsp
#

---------------  T H R E A D  ---------------

Current thread (0x0000000024735000):  JavaThread "localhost-startStop-2" daemon [_thread_in_Java, id=9448, stack(0x000000002cc00000,0x000000002cd00000)]

siginfo: ExceptionCode=0xc0000005, reading address 0x000000002011e202

Registers:
RAX=0x000000002011e1fa, RBX=0x0000000000000060, RCX=0x00000000f76e3500, RDX=0x00000000f76d2dc8
RSP=0x000000002ccf7ab0, RBP=0x000000002ccf82b8, RSI=0x0000000000000000, RDI=0x000000010000f280
R8 =0x00000000f53e9988, R9 =0x00000000f76e34f0, R10=0x00000001001191e8, R11=0x00000000f76c5360
R12=0x0000000000000000, R13=0x00000000f6a88a80, R14=0x000000002ccf7bd8, R15=0x0000000024735000
RIP=0x0000000004390c6a, EFLAGS=0x0000000000010202

Top of Stack: (sp=0x000000002ccf7ab0)
0x000000002ccf7ab0:   00000000f76e34d8 00000000f76c1578
0x000000002ccf7ac0:   00000000f53e9988 00000000f6b6e9d0
0x000000002ccf7ad0:   00000000f6a8a8d8 00000000f6b6e9d0
0x000000002ccf7ae0:   000000002ccfc918 0000000000000000
0x000000002ccf7af0:   00000000200232c0 0000000024735000
0x000000002ccf7b00:   000000002ccf82b8 00000000043dd704
0x000000002ccf7b10:   0000000024735000 00000000000000bd
0x000000002ccf7b20:   000000002ccf7b88 0000000002ae77b0
0x000000002ccf7b30:   0000000002ae77b0 00000000f76e34d8
0x000000002ccf7b40:   00000000f76e33f0 000000002ccf7b48
0x000000002ccf7b50:   00000000198b121a 000000002ccf7bd8
0x000000002ccf7b60:   00000000198b47e8 000000002cb1db40
0x000000002ccf7b70:   00000000198b1260 00000000f53e9988
0x000000002ccf7b80:   00000000f76c1578 00000000f6a88a80
0x000000002ccf7b90:   0000000100000000 00000000f76e34f0
0x000000002ccf7ba0:   0000000000000000 00000000f76c5360 

Instructions: (pc=0x0000000004390c6a)
0x0000000004390c4a:   bb a0 f5 b1 2c 00 00 00 00 81 8b c0 01 00 00 00
0x0000000004390c5a:   01 00 00 e9 e7 00 00 00 41 8b 79 08 48 c1 e7 03
0x0000000004390c6a:   8b 58 08 48 c1 e3 03 48 8b bf f0 00 00 00 48 3b
0x0000000004390c7a:   df 0f 84 2a 00 00 00 44 8b 5f 0c 4a 3b 3c 1b 0f 


Register to memory mapping:

RAX=0x000000002011e1fa is an unknown value
RBX=0x0000000000000060 is an unknown value
RCX=0x00000000f76e3500 is an oop

[error occurred during error reporting (printing register info), id 0xc0000005]

Stack: [0x000000002cc00000,0x000000002cd00000],  sp=0x000000002ccf7ab0,  free space=990k
Native frames: (J=compiled Java code, j=interpreted, Vv=VM code, C=native code)
C  0x0000000004390c6a


---------------  P R O C E S S  ---------------

Java Threads: ( => current thread )
=>0x0000000024735000 JavaThread "localhost-startStop-2" daemon [_thread_in_Java, id=9448, stack(0x000000002cc00000,0x000000002cd00000)]
  0x000000001d6a2800 JavaThread "Tomcat-startStop-2" daemon [_thread_blocked, id=9164, stack(0x000000002a890000,0x000000002a990000)]
  0x000000002473f800 JavaThread "http-bio-8080-exec-10" daemon [_thread_blocked, id=8960, stack(0x000000002b7b0000,0x000000002b8b0000)]
  0x000000002473f000 JavaThread "http-bio-8080-exec-9" daemon [_thread_blocked, id=8508, stack(0x000000002b6b0000,0x000000002b7b0000)]
  0x0000000024739000 JavaThread "http-bio-8080-exec-8" daemon [_thread_blocked, id=6484, stack(0x000000002b5b0000,0x000000002b6b0000)]
  0x000000002473c000 JavaThread "http-bio-8080-exec-7" daemon [_thread_blocked, id=6780, stack(0x000000002b360000,0x000000002b460000)]
  0x000000002473a800 JavaThread "http-bio-8080-exec-6" daemon [_thread_in_native, id=9480, stack(0x000000002a990000,0x000000002aa90000)]
  0x000000002473b000 JavaThread "http-bio-8080-exec-5" daemon [_thread_blocked, id=4120, stack(0x000000001c390000,0x000000001c490000)]
  0x0000000024739800 JavaThread "http-bio-8080-exec-4" daemon [_thread_blocked, id=9652, stack(0x000000001b860000,0x000000001b960000)]
  0x0000000024738000 JavaThread "Thread-10" daemon [_thread_in_native, id=5344, stack(0x000000001e8b0000,0x000000001e9b0000)]
  0x0000000024737800 JavaThread "http-bio-8080-exec-3" daemon [_thread_blocked, id=9520, stack(0x000000002b4b0000,0x000000002b5b0000)]
  0x0000000024736800 JavaThread "DestroyJavaVM" [_thread_blocked, id=6156, stack(0x0000000002700000,0x0000000002800000)]
  0x0000000024734800 JavaThread "Thread-8" [_thread_blocked, id=7524, stack(0x000000002b260000,0x000000002b360000)]
  0x0000000024736000 JavaThread "http-bio-8080-exec-2" daemon [_thread_blocked, id=4108, stack(0x000000002b160000,0x000000002b260000)]
  0x000000001a515000 JavaThread "http-bio-8080-exec-1" daemon [_thread_blocked, id=5076, stack(0x000000002b060000,0x000000002b160000)]
  0x000000001a514000 JavaThread "http-bio-8080-AsyncTimeout" daemon [_thread_blocked, id=9936, stack(0x000000002af60000,0x000000002b060000)]
  0x000000001a513800 JavaThread "http-bio-8080-Acceptor-0" daemon [_thread_blocked, id=6748, stack(0x000000002ae60000,0x000000002af60000)]
  0x0000000018a35000 JavaThread "FileSystemWatcher: files=#215 cl=groovy.lang.GroovyClassLoader@74bada02" daemon [_thread_blocked, id=816, stack(0x000000001bb60000,0x000000001bc60000)]
  0x000000001893d000 JavaThread "Thread-3" [_thread_blocked, id=868, stack(0x000000001b3a0000,0x000000001b4a0000)]
  0x00000000176b0000 JavaThread "Thread-2" [_thread_blocked, id=7076, stack(0x0000000019ca0000,0x0000000019da0000)]
  0x0000000018089800 JavaThread "NonBlockingInputStreamThread" daemon [_thread_blocked, id=7192, stack(0x00000000197a0000,0x00000000198a0000)]
  0x000000001606c000 JavaThread "Service Thread" daemon [_thread_blocked, id=10212, stack(0x00000000164a0000,0x00000000165a0000)]
  0x0000000015f53000 JavaThread "C1 CompilerThread2" daemon [_thread_blocked, id=6128, stack(0x00000000163a0000,0x00000000164a0000)]
  0x0000000015f44000 JavaThread "C2 CompilerThread1" daemon [_thread_in_native, id=5744, stack(0x00000000162a0000,0x00000000163a0000)]
  0x0000000015f09800 JavaThread "C2 CompilerThread0" daemon [_thread_blocked, id=6064, stack(0x00000000161a0000,0x00000000162a0000)]
  0x0000000014851800 JavaThread "Attach Listener" daemon [_thread_blocked, id=5220, stack(0x0000000015ca0000,0x0000000015da0000)]
  0x0000000014850800 JavaThread "Signal Dispatcher" daemon [_thread_blocked, id=3712, stack(0x0000000015ba0000,0x0000000015ca0000)]
  0x0000000002ad9800 JavaThread "Finalizer" daemon [_thread_blocked, id=9964, stack(0x0000000015aa0000,0x0000000015ba0000)]
  0x0000000002ad0000 JavaThread "Reference Handler" daemon [_thread_blocked, id=5064, stack(0x00000000159a0000,0x0000000015aa0000)]

Other Threads:
  0x0000000014815000 VMThread [stack: 0x00000000158a0000,0x00000000159a0000] [id=1924]
  0x0000000016072800 WatcherThread [stack: 0x00000000165a0000,0x00000000166a0000] [id=4092]

VM state:not at safepoint (normal execution)

VM Mutex/Monitor currently owned by a thread: None

Heap:
 PSYoungGen      total 237056K, used 129084K [0x00000000f0000000, 0x0000000100000000, 0x0000000100000000)
  eden space 214016K, 56% used [0x00000000f0000000,0x00000000f76ff390,0x00000000fd100000)
  from space 23040K, 31% used [0x00000000fd100000,0x00000000fd80fd20,0x00000000fe780000)
  to   space 23040K, 0% used [0x00000000fe980000,0x00000000fe980000,0x0000000100000000)
 ParOldGen       total 214016K, used 149736K [0x00000000d0000000, 0x00000000dd100000, 0x00000000f0000000)
  object space 214016K, 69% used [0x00000000d0000000,0x00000000d923a098,0x00000000dd100000)
 Metaspace       used 93025K, capacity 96852K, committed 97152K, reserved 1134592K
  class space    used 9974K, capacity 11070K, committed 11136K, reserved 1048576K

Card table byte_map: [0x0000000011ea0000,0x0000000012030000] byte_map_base: 0x0000000011820000

Marking Bits: (ParMarkBitMap*) 0x000000007329d490
 Begin Bits: [0x0000000012530000, 0x0000000013130000)
 End Bits:   [0x0000000013130000, 0x0000000013d30000)

Polling page: 0x0000000000ea0000

CodeCache: size=245760Kb used=42919Kb max_used=42931Kb free=202840Kb
 bounds [0x0000000002ae0000, 0x0000000005510000, 0x0000000011ae0000]
 total_blobs=11298 nmethods=10524 adapters=685
 compilation: enabled

Compilation events (10 events):
Event: 1124.960 Thread 0x0000000015f53000 nmethod 13771 0x0000000005500850 code [0x0000000005500a60, 0x00000000055015d8]
Event: 1124.962 Thread 0x0000000015f53000 13772   !   3       java.io.ObjectStreamClass::__sljlrmi (40 bytes)
Event: 1124.963 Thread 0x0000000015f53000 nmethod 13772 0x00000000054ffc90 code [0x00000000054ffe40, 0x0000000005500578]
Event: 1124.963 Thread 0x0000000015f53000 13773       3       java.io.SerialCallbackContext::getObj (9 bytes)
Event: 1124.964 Thread 0x0000000015f53000 nmethod 13773 0x00000000054ff750 code [0x00000000054ff8c0, 0x00000000054ffb88]
Event: 1124.965 Thread 0x0000000015f53000 13774   !   3       sun.reflect.BootstrapConstructorAccessorImpl::newInstance (24 bytes)
Event: 1124.966 Thread 0x0000000015f53000 nmethod 13774 0x00000000054ff150 code [0x00000000054ff2c0, 0x00000000054ff618]
Event: 1124.967 Thread 0x0000000015f09800 nmethod 13753% 0x0000000005508710 code [0x0000000005508880, 0x0000000005508b78]
Event: 1124.967 Thread 0x0000000015f09800 13770  s    4       java.io.BufferedOutputStream::write (67 bytes)
Event: 1124.974 Thread 0x0000000015f09800 nmethod 13770 0x0000000005506910 code [0x0000000005506a60, 0x0000000005506fa8]

GC Heap History (10 events):
Event: 898.572 GC heap before
{Heap before GC invocations=81 (full 4):
 PSYoungGen      total 236032K, used 223117K [0x00000000f0000000, 0x00000000ffe00000, 0x0000000100000000)
  eden space 211968K, 100% used [0x00000000f0000000,0x00000000fcf00000,0x00000000fcf00000)
  from space 24064K, 46% used [0x00000000fe680000,0x00000000ff1637c0,0x00000000ffe00000)
  to   space 24064K, 0% used [0x00000000fcf00000,0x00000000fcf00000,0x00000000fe680000)
 ParOldGen       total 214016K, used 143347K [0x00000000d0000000, 0x00000000dd100000, 0x00000000f0000000)
  object space 214016K, 66% used [0x00000000d0000000,0x00000000d8bfcd28,0x00000000dd100000)
 Metaspace       used 90169K, capacity 93566K, committed 93824K, reserved 1132544K
  class space    used 9766K, capacity 10795K, committed 10880K, reserved 1048576K
Event: 898.593 GC heap after
Heap after GC invocations=81 (full 4):
 PSYoungGen      total 236032K, used 9728K [0x00000000f0000000, 0x0000000100000000, 0x0000000100000000)
  eden space 211968K, 0% used [0x00000000f0000000,0x00000000f0000000,0x00000000fcf00000)
  from space 24064K, 40% used [0x00000000fcf00000,0x00000000fd880398,0x00000000fe680000)
  to   space 24064K, 0% used [0x00000000fe880000,0x00000000fe880000,0x0000000100000000)
 ParOldGen       total 214016K, used 148472K [0x00000000d0000000, 0x00000000dd100000, 0x00000000f0000000)
  object space 214016K, 69% used [0x00000000d0000000,0x00000000d90fe008,0x00000000dd100000)
 Metaspace       used 90169K, capacity 93566K, committed 93824K, reserved 1132544K
  class space    used 9766K, capacity 10795K, committed 10880K, reserved 1048576K
}
Event: 963.195 GC heap before
{Heap before GC invocations=82 (full 4):
 PSYoungGen      total 236032K, used 221696K [0x00000000f0000000, 0x0000000100000000, 0x0000000100000000)
  eden space 211968K, 100% used [0x00000000f0000000,0x00000000fcf00000,0x00000000fcf00000)
  from space 24064K, 40% used [0x00000000fcf00000,0x00000000fd880398,0x00000000fe680000)
  to   space 24064K, 0% used [0x00000000fe880000,0x00000000fe880000,0x0000000100000000)
 ParOldGen       total 214016K, used 148472K [0x00000000d0000000, 0x00000000dd100000, 0x00000000f0000000)
  object space 214016K, 69% used [0x00000000d0000000,0x00000000d90fe008,0x00000000dd100000)
 Metaspace       used 90734K, capacity 94150K, committed 94336K, reserved 1132544K
  class space    used 9800K, capacity 10834K, committed 10880K, reserved 1048576K
Event: 963.216 GC heap after
Heap after GC invocations=82 (full 4):
 PSYoungGen      total 238080K, used 7800K [0x00000000f0000000, 0x0000000100000000, 0x0000000100000000)
  eden space 214016K, 0% used [0x00000000f0000000,0x00000000f0000000,0x00000000fd100000)
  from space 24064K, 32% used [0x00000000fe880000,0x00000000ff01e140,0x0000000100000000)
  to   space 24064K, 0% used [0x00000000fd100000,0x00000000fd100000,0x00000000fe880000)
 ParOldGen       total 214016K, used 148736K [0x00000000d0000000, 0x00000000dd100000, 0x00000000f0000000)
  object space 214016K, 69% used [0x00000000d0000000,0x00000000d9140048,0x00000000dd100000)
 Metaspace       used 90734K, capacity 94150K, committed 94336K, reserved 1132544K
  class space    used 9800K, capacity 10834K, committed 10880K, reserved 1048576K
}
Event: 965.723 GC heap before
{Heap before GC invocations=83 (full 4):
 PSYoungGen      total 238080K, used 221816K [0x00000000f0000000, 0x0000000100000000, 0x0000000100000000)
  eden space 214016K, 100% used [0x00000000f0000000,0x00000000fd100000,0x00000000fd100000)
  from space 24064K, 32% used [0x00000000fe880000,0x00000000ff01e140,0x0000000100000000)
  to   space 24064K, 0% used [0x00000000fd100000,0x00000000fd100000,0x00000000fe880000)
 ParOldGen       total 214016K, used 148736K [0x00000000d0000000, 0x00000000dd100000, 0x00000000f0000000)
  object space 214016K, 69% used [0x00000000d0000000,0x00000000d9140048,0x00000000dd100000)
 Metaspace       used 90736K, capacity 94150K, committed 94336K, reserved 1132544K
  class space    used 9800K, capacity 10834K, committed 10880K, reserved 1048576K
Event: 965.746 GC heap after
Heap after GC invocations=83 (full 4):
 PSYoungGen      total 238080K, used 8361K [0x00000000f0000000, 0x0000000100000000, 0x0000000100000000)
  eden space 214016K, 0% used [0x00000000f0000000,0x00000000f0000000,0x00000000fd100000)
  from space 24064K, 34% used [0x00000000fd100000,0x00000000fd92a5b8,0x00000000fe880000)
  to   space 24064K, 0% used [0x00000000fe880000,0x00000000fe880000,0x0000000100000000)
 ParOldGen       total 214016K, used 149112K [0x00000000d0000000, 0x00000000dd100000, 0x00000000f0000000)
  object space 214016K, 69% used [0x00000000d0000000,0x00000000d919e058,0x00000000dd100000)
 Metaspace       used 90736K, capacity 94150K, committed 94336K, reserved 1132544K
  class space    used 9800K, capacity 10834K, committed 10880K, reserved 1048576K
}
Event: 994.302 GC heap before
{Heap before GC invocations=84 (full 4):
 PSYoungGen      total 238080K, used 222377K [0x00000000f0000000, 0x0000000100000000, 0x0000000100000000)
  eden space 214016K, 100% used [0x00000000f0000000,0x00000000fd100000,0x00000000fd100000)
  from space 24064K, 34% used [0x00000000fd100000,0x00000000fd92a5b8,0x00000000fe880000)
  to   space 24064K, 0% used [0x00000000fe880000,0x00000000fe880000,0x0000000100000000)
 ParOldGen       total 214016K, used 149112K [0x00000000d0000000, 0x00000000dd100000, 0x00000000f0000000)
  object space 214016K, 69% used [0x00000000d0000000,0x00000000d919e058,0x00000000dd100000)
 Metaspace       used 91243K, capacity 94598K, committed 94848K, reserved 1132544K
  class space    used 9827K, capacity 10834K, committed 10880K, reserved 1048576K
Event: 994.327 GC heap after
Heap after GC invocations=84 (full 4):
 PSYoungGen      total 236032K, used 10219K [0x00000000f0000000, 0x00000000ffe00000, 0x0000000100000000)
  eden space 214016K, 0% used [0x00000000f0000000,0x00000000f0000000,0x00000000fd100000)
  from space 22016K, 46% used [0x00000000fe880000,0x00000000ff27ad20,0x00000000ffe00000)
  to   space 23040K, 0% used [0x00000000fd100000,0x00000000fd100000,0x00000000fe780000)
 ParOldGen       total 214016K, used 149344K [0x00000000d0000000, 0x00000000dd100000, 0x00000000f0000000)
  object space 214016K, 69% used [0x00000000d0000000,0x00000000d91d8098,0x00000000dd100000)
 Metaspace       used 91243K, capacity 94598K, committed 94848K, reserved 1132544K
  class space    used 9827K, capacity 10834K, committed 10880K, reserved 1048576K
}
Event: 996.056 GC heap before
{Heap before GC invocations=85 (full 4):
 PSYoungGen      total 236032K, used 224235K [0x00000000f0000000, 0x00000000ffe00000, 0x0000000100000000)
  eden space 214016K, 100% used [0x00000000f0000000,0x00000000fd100000,0x00000000fd100000)
  from space 22016K, 46% used [0x00000000fe880000,0x00000000ff27ad20,0x00000000ffe00000)
  to   space 23040K, 0% used [0x00000000fd100000,0x00000000fd100000,0x00000000fe780000)
 ParOldGen       total 214016K, used 149344K [0x00000000d0000000, 0x00000000dd100000, 0x00000000f0000000)
  object space 214016K, 69% used [0x00000000d0000000,0x00000000d91d8098,0x00000000dd100000)
 Metaspace       used 91672K, capacity 95090K, committed 95232K, reserved 1134592K
  class space    used 9856K, capacity 10921K, committed 11008K, reserved 1048576K
Event: 996.070 GC heap after
Heap after GC invocations=85 (full 4):
 PSYoungGen      total 237056K, used 7231K [0x00000000f0000000, 0x0000000100000000, 0x0000000100000000)
  eden space 214016K, 0% used [0x00000000f0000000,0x00000000f0000000,0x00000000fd100000)
  from space 23040K, 31% used [0x00000000fd100000,0x00000000fd80fd20,0x00000000fe780000)
  to   space 23040K, 0% used [0x00000000fe980000,0x00000000fe980000,0x0000000100000000)
 ParOldGen       total 214016K, used 149736K [0x00000000d0000000, 0x00000000dd100000, 0x00000000f0000000)
  object space 214016K, 69% used [0x00000000d0000000,0x00000000d923a098,0x00000000dd100000)
 Metaspace       used 91672K, capacity 95090K, committed 95232K, reserved 1134592K
  class space    used 9856K, capacity 10921K, committed 11008K, reserved 1048576K
}

Deoptimization events (10 events):
Event: 822.436 Thread 0x0000000018a35000 Uncommon trap: reason=array_check action=maybe_recompile pc=0x00000000052830b0 method=java.util.TimSort.binarySort([Ljava/lang/Object;IIILjava/util/Comparator;)V @ 193
Event: 822.436 Thread 0x0000000018a35000 Uncommon trap: reason=array_check action=maybe_recompile pc=0x00000000052830b0 method=java.util.TimSort.binarySort([Ljava/lang/Object;IIILjava/util/Comparator;)V @ 193
Event: 822.436 Thread 0x0000000018a35000 Uncommon trap: reason=array_check action=maybe_recompile pc=0x0000000005282ffc method=java.util.TimSort.binarySort([Ljava/lang/Object;IIILjava/util/Comparator;)V @ 215
Event: 822.436 Thread 0x0000000018a35000 Uncommon trap: reason=array_check action=maybe_recompile pc=0x00000000052830b0 method=java.util.TimSort.binarySort([Ljava/lang/Object;IIILjava/util/Comparator;)V @ 193
Event: 848.280 Thread 0x0000000018a35000 Uncommon trap: reason=array_check action=maybe_recompile pc=0x00000000052d1a60 method=java.util.TimSort.binarySort([Ljava/lang/Object;IIILjava/util/Comparator;)V @ 183
Event: 848.280 Thread 0x0000000018a35000 Uncommon trap: reason=array_check action=maybe_recompile pc=0x00000000052d1a60 method=java.util.TimSort.binarySort([Ljava/lang/Object;IIILjava/util/Comparator;)V @ 183
Event: 1124.416 Thread 0x0000000024735000 Uncommon trap: reason=bimorphic action=maybe_recompile pc=0x0000000002ce0d9c method=java.util.regex.Pattern$CharProperty$1.isSatisfiedBy(I)Z @ 5
Event: 1124.416 Thread 0x0000000024735000 Uncommon trap: reason=bimorphic action=maybe_recompile pc=0x0000000002ce0d9c method=java.util.regex.Pattern$CharProperty$1.isSatisfiedBy(I)Z @ 5
Event: 1124.416 Thread 0x0000000024735000 Uncommon trap: reason=bimorphic action=maybe_recompile pc=0x0000000002ce0d9c method=java.util.regex.Pattern$CharProperty$1.isSatisfiedBy(I)Z @ 5
Event: 1124.416 Thread 0x0000000024735000 Uncommon trap: reason=bimorphic action=maybe_recompile pc=0x0000000002ce0d9c method=java.util.regex.Pattern$CharProperty$1.isSatisfiedBy(I)Z @ 5

Internal exceptions (10 events):
Event: 1124.931 Thread 0x0000000024735000 Exception <a 'java/lang/NoSuchMethodError': <clinit>> (0x00000000f75a1620) thrown at [D:\re\workspace\8-2-build-windows-amd64-cygwin\jdk8u25\1677\hotspot\src\share\vm\prims\jni.cpp, line 1603]
Event: 1124.935 Thread 0x0000000024735000 Exception <a 'java/security/PrivilegedActionException'> (0x00000000f75cce78) thrown at [D:\re\workspace\8-2-build-windows-amd64-cygwin\jdk8u25\1677\hotspot\src\share\vm\prims\jvm.cpp, line 1312]
Event: 1124.936 Thread 0x0000000024735000 Exception <a 'java/security/PrivilegedActionException'> (0x00000000f75d1740) thrown at [D:\re\workspace\8-2-build-windows-amd64-cygwin\jdk8u25\1677\hotspot\src\share\vm\prims\jvm.cpp, line 1312]
Event: 1124.947 Thread 0x0000000024735000 Exception <a 'java/lang/NoSuchMethodError': <clinit>> (0x00000000f761e878) thrown at [D:\re\workspace\8-2-build-windows-amd64-cygwin\jdk8u25\1677\hotspot\src\share\vm\prims\jni.cpp, line 1603]
Event: 1124.947 Thread 0x0000000024735000 Exception <a 'java/lang/NoSuchMethodError': <clinit>> (0x00000000f762bdd0) thrown at [D:\re\workspace\8-2-build-windows-amd64-cygwin\jdk8u25\1677\hotspot\src\share\vm\prims\jni.cpp, line 1603]
Event: 1124.948 Thread 0x0000000024735000 Exception <a 'java/lang/NoSuchMethodError': <clinit>> (0x00000000f7648140) thrown at [D:\re\workspace\8-2-build-windows-amd64-cygwin\jdk8u25\1677\hotspot\src\share\vm\prims\jni.cpp, line 1603]
Event: 1124.949 Thread 0x0000000024735000 Exception <a 'java/lang/NoSuchMethodError': <clinit>> (0x00000000f76601d8) thrown at [D:\re\workspace\8-2-build-windows-amd64-cygwin\jdk8u25\1677\hotspot\src\share\vm\prims\jni.cpp, line 1603]
Event: 1124.952 Thread 0x0000000024735000 Exception <a 'java/lang/NoSuchMethodError': <clinit>> (0x00000000f7683808) thrown at [D:\re\workspace\8-2-build-windows-amd64-cygwin\jdk8u25\1677\hotspot\src\share\vm\prims\jni.cpp, line 1603]
Event: 1124.954 Thread 0x0000000024735000 Exception <a 'java/lang/NoSuchMethodError': <clinit>> (0x00000000f769a4a8) thrown at [D:\re\workspace\8-2-build-windows-amd64-cygwin\jdk8u25\1677\hotspot\src\share\vm\prims\jni.cpp, line 1603]
Event: 1124.956 Thread 0x0000000024735000 Exception <a 'java/lang/NoSuchMethodError': <clinit>> (0x00000000f76ac3f8) thrown at [D:\re\workspace\8-2-build-windows-amd64-cygwin\jdk8u25\1677\hotspot\src\share\vm\prims\jni.cpp, line 1603]

Events (10 events):
Event: 1124.817 loading class com/vaadin/shared/ui/dd/DragEventType
Event: 1124.817 loading class com/vaadin/shared/ui/dd/DragEventType done
Event: 1124.828 Executing VM operation: RevokeBias
Event: 1124.828 Executing VM operation: RevokeBias done
Event: 1124.832 loading class com/vaadin/server/ServerRpcManager$RpcInvocationException
Event: 1124.832 loading class com/vaadin/server/ServerRpcManager$RpcInvocationException done
Event: 1124.875 Thread 0x0000000024735000 DEOPT PACKING pc=0x0000000003719b2d sp=0x000000002ccfc160
Event: 1124.875 Thread 0x0000000024735000 DEOPT UNPACKING pc=0x0000000002b275bf sp=0x000000002ccfbec8 mode 0
Event: 1124.935 loading class com/vaadin/data/util/IndexedContainer$IndexedContainerProperty
Event: 1124.935 loading class com/vaadin/data/util/IndexedContainer$IndexedContainerProperty done


Dynamic libraries:
0x00007ff7cc8e0000 - 0x00007ff7cc914000 	C:\Program Files\Java\jdk1.8.0_25\bin\java.exe
0x00007ffa43f30000 - 0x00007ffa440dc000 	C:\WINDOWS\SYSTEM32\ntdll.dll
0x00007ffa42130000 - 0x00007ffa4226e000 	C:\WINDOWS\system32\KERNEL32.DLL
0x00007ffa41330000 - 0x00007ffa41445000 	C:\WINDOWS\system32\KERNELBASE.dll
0x00007ffa3fa60000 - 0x00007ffa3faee000 	C:\WINDOWS\system32\apphelp.dll
0x00007ffa3a840000 - 0x00007ffa3a893000 	C:\WINDOWS\AppPatch\AppPatch64\AcGenral.DLL
0x00007ffa41610000 - 0x00007ffa416ba000 	C:\WINDOWS\system32\msvcrt.dll
0x00007ffa40e50000 - 0x00007ffa40e7e000 	C:\WINDOWS\SYSTEM32\SspiCli.dll
0x00007ffa43cd0000 - 0x00007ffa43d24000 	C:\WINDOWS\system32\SHLWAPI.dll
0x00007ffa416c0000 - 0x00007ffa41837000 	C:\WINDOWS\system32\USER32.dll
0x00007ffa43d30000 - 0x00007ffa43ec4000 	C:\WINDOWS\system32\ole32.dll
0x00007ffa427b0000 - 0x00007ffa43cc8000 	C:\WINDOWS\system32\SHELL32.dll
0x00007ffa40620000 - 0x00007ffa40641000 	C:\WINDOWS\SYSTEM32\USERENV.dll
0x00007ffa42270000 - 0x00007ffa4231a000 	C:\WINDOWS\system32\ADVAPI32.dll
0x00007ffa38780000 - 0x00007ffa3879e000 	C:\WINDOWS\SYSTEM32\MPR.dll
0x00007ffa42480000 - 0x00007ffa425c1000 	C:\WINDOWS\system32\RPCRT4.dll
0x00007ffa415b0000 - 0x00007ffa41609000 	C:\WINDOWS\SYSTEM32\sechost.dll
0x00007ffa41840000 - 0x00007ffa41a51000 	C:\WINDOWS\SYSTEM32\combase.dll
0x00007ffa42320000 - 0x00007ffa42471000 	C:\WINDOWS\system32\GDI32.dll
0x00007ffa41080000 - 0x00007ffa41095000 	C:\WINDOWS\SYSTEM32\profapi.dll
0x00007ffa3f390000 - 0x00007ffa3f442000 	C:\WINDOWS\SYSTEM32\SHCORE.dll
0x00007ffa41a70000 - 0x00007ffa41aa6000 	C:\WINDOWS\system32\IMM32.DLL
0x00007ffa41b90000 - 0x00007ffa41ce1000 	C:\WINDOWS\system32\MSCTF.dll
0x00007ffa3ec80000 - 0x00007ffa3eefb000 	C:\WINDOWS\WinSxS\amd64_microsoft.windows.common-controls_6595b64144ccf1df_6.0.9600.17415_none_6240486fecbd8abb\COMCTL32.dll
0x0000000073320000 - 0x00000000733f2000 	C:\Program Files\Java\jdk1.8.0_25\jre\bin\msvcr100.dll
0x0000000072ac0000 - 0x000000007331a000 	C:\Program Files\Java\jdk1.8.0_25\jre\bin\server\jvm.dll
0x00007ffa38610000 - 0x00007ffa38619000 	C:\WINDOWS\SYSTEM32\WSOCK32.dll
0x00007ffa3b7c0000 - 0x00007ffa3b7e2000 	C:\WINDOWS\SYSTEM32\WINMM.dll
0x00007ffa41ab0000 - 0x00007ffa41ab7000 	C:\WINDOWS\system32\PSAPI.DLL
0x00007ffa42060000 - 0x00007ffa420ba000 	C:\WINDOWS\system32\WS2_32.dll
0x00007ffa3b790000 - 0x00007ffa3b7ba000 	C:\WINDOWS\SYSTEM32\WINMMBASE.dll
0x00007ffa41db0000 - 0x00007ffa41db9000 	C:\WINDOWS\system32\NSI.dll
0x00007ffa41500000 - 0x00007ffa4154f000 	C:\WINDOWS\SYSTEM32\cfgmgr32.dll
0x00007ffa3fe70000 - 0x00007ffa3fe98000 	C:\WINDOWS\SYSTEM32\DEVOBJ.dll
0x0000000072ab0000 - 0x0000000072abf000 	C:\Program Files\Java\jdk1.8.0_25\jre\bin\verify.dll
0x0000000072a80000 - 0x0000000072aa8000 	C:\Program Files\Java\jdk1.8.0_25\jre\bin\java.dll
0x0000000072a50000 - 0x0000000072a73000 	C:\Program Files\Java\jdk1.8.0_25\jre\bin\instrument.dll
0x0000000072a30000 - 0x0000000072a46000 	C:\Program Files\Java\jdk1.8.0_25\jre\bin\zip.dll
0x00007ffa408f0000 - 0x00007ffa40910000 	C:\WINDOWS\SYSTEM32\CRYPTSP.dll
0x00007ffa40510000 - 0x00007ffa40546000 	C:\WINDOWS\system32\rsaenh.dll
0x00007ffa40b40000 - 0x00007ffa40b66000 	C:\WINDOWS\SYSTEM32\bcrypt.dll
0x00007ffa40e80000 - 0x00007ffa40ee3000 	C:\WINDOWS\system32\bcryptprimitives.dll
0x00007ffa40ef0000 - 0x00007ffa40efb000 	C:\WINDOWS\SYSTEM32\CRYPTBASE.dll
0x0000000072a10000 - 0x0000000072a2a000 	C:\Program Files\Java\jdk1.8.0_25\jre\bin\net.dll
0x00007ffa40890000 - 0x00007ffa408e9000 	C:\WINDOWS\system32\mswsock.dll
0x00007ffa3c150000 - 0x00007ffa3c17a000 	C:\WINDOWS\SYSTEM32\IPHLPAPI.DLL
0x00007ffa3c130000 - 0x00007ffa3c13a000 	C:\WINDOWS\SYSTEM32\WINNSI.DLL
0x00007ffa3bd60000 - 0x00007ffa3bd76000 	C:\WINDOWS\SYSTEM32\dhcpcsvc6.DLL
0x00007ffa3bf60000 - 0x00007ffa3bf7a000 	C:\WINDOWS\SYSTEM32\dhcpcsvc.DLL
0x00000000729f0000 - 0x0000000072a01000 	C:\Program Files\Java\jdk1.8.0_25\jre\bin\nio.dll
0x00007ffa3cb30000 - 0x00007ffa3cb3a000 	C:\Users\Willy\AppData\Local\Temp\jansi-64-923854031225624598.dll
0x00000000729a0000 - 0x00000000729ad000 	C:\Program Files\Java\jdk1.8.0_25\jre\bin\management.dll
0x00007ffa40690000 - 0x00007ffa40734000 	C:\WINDOWS\SYSTEM32\DNSAPI.dll
0x00007ffa372f0000 - 0x00007ffa372fa000 	C:\Windows\System32\rasadhlp.dll
0x00007ffa3bd80000 - 0x00007ffa3bdeb000 	C:\WINDOWS\System32\fwpuclnt.dll
0x00007ffa38b50000 - 0x00007ffa38b65000 	C:\WINDOWS\system32\napinsp.dll
0x00007ffa37300000 - 0x00007ffa3731a000 	C:\WINDOWS\system32\pnrpnsp.dll
0x00007ffa3e6e0000 - 0x00007ffa3e6fb000 	C:\WINDOWS\system32\NLAapi.dll
0x00007ffa38ba0000 - 0x00007ffa38bad000 	C:\WINDOWS\System32\winrnr.dll
0x00007ffa36dc0000 - 0x00007ffa36dd4000 	C:\WINDOWS\system32\wshbth.dll
0x00007ffa29960000 - 0x00007ffa29aea000 	C:\WINDOWS\SYSTEM32\dbghelp.dll

VM Arguments:
jvm_args: -Dfile.encoding=UTF-8 -Xmx768M -Xms64M -Dgrails.fork.parent.process.port=65317 -Dgrails.fork.active=true -Dgrails.build.execution.context=C:\Users\Willy\AppData\Local\Temp\latihan4714871711650219938grails-execution-context -Dgrails.home=C:\grails-2.4.4 -javaagent:C:\grails-2.4.4\lib\org.springframework\springloaded\jars\springloaded-1.2.1.RELEASE.jar -Xverify:none -Dspringloaded.synchronize=true -Djdk.reflect.allowGetCallerClass=true -Dspringloaded=profile=grails;cacheDir=C:\Users\Willy\.grails\2.4.4 
java_command: org.grails.plugins.tomcat.fork.ForkedTomcatServer
java_class_path (initial): C:\Program Files\Java\jdk1.8.0_25\lib\tools.jar;C:\grails-2.4.4\lib\org.codehaus.groovy\groovy-all\jars\groovy-all-2.3.7.jar;C:\grails-2.4.4\lib\org.slf4j\jcl-over-slf4j\jars\jcl-over-slf4j-1.7.5.jar;C:\grails-2.4.4\lib\org.codehaus.gant\gant_groovy1.8\jars\gant_groovy1.8-1.9.6.jar;C:\grails-2.4.4\lib\org.apache.tomcat.embed\tomcat-embed-logging-log4j\jars\tomcat-embed-logging-log4j-7.0.50.jar;C:\grails-2.4.4\dist\grails-plugin-log4j-2.4.4.jar;C:\grails-2.4.4\lib\log4j\log4j\jars\log4j-1.2.17.jar;C:\grails-2.4.4\dist\grails-bootstrap-2.4.4.jar;C:\grails-2.4.4\lib\org.slf4j\slf4j-api\jars\slf4j-api-1.7.5.jar;C:\grails-2.4.4\lib\jline\jline\jars\jline-2.12.jar;C:\grails-2.4.4\lib\org.apache.ant\ant\jars\ant-1.8.4.jar;C:\grails-2.4.4\lib\org.apache.ant\ant-launcher\jars\ant-launcher-1.8.4.jar;C:\grails-2.4.4\lib\org.apache.ant\ant-trax\jars\ant-trax-1.7.1.jar;C:\grails-2.4.4\lib\org.apache.ant\ant-junit\jars\ant-junit-1.8.4.jar;C:\grails-2.4.4\lib\org.apache.ivy\ivy\jars\ivy-2.3.0.jar;C:\grails-2.4.4\lib\org.fusesource.jansi\jansi\jars\jansi-1.11.jar;C:\Users\Willy\.m2\repository\org\apache\tomcat\tomcat-catalina-ant\7.0.55\tomcat-catalina-ant-7.0.55.jar;C:\Users\Willy\.m2\repository\org\apache\tomcat\embed\tomcat-embed-jasper\7.0.55\tomcat-embed-jasper-7.0.55.jar;C:\Users\Willy\.m2\repository\org\apache\tomcat\embed\tomcat-embed-el\7.0.55\tomcat-embed-el-7.0.55.jar;C:\Users\Willy\.m2\repository\org\apache\tomcat\embed\tomcat-embed-logging-log4j\7.0.55\tomcat-embed-logging-log4j-7.0.55.jar;C:\Users\Willy\.m2\repository\org\apache\tomcat\embed\tomcat-embed-websocket\7.0.55\tomcat-embed-websocket-7.0.55.jar;C:\Users\Willy\.m2\repository\org\apache\tomcat\embed\tomcat-embed-core\7.0.55\tomcat-embed-core-7.0.55.jar;C:\Users\Willy\.m2\repository\org\eclipse\jdt\core\compiler\ecj\3.7.2\ecj-3.7.2.jar;C:\Users\Willy\workspace\latihan\target\work\plugins\tomcat-7.0.55\grails-plugin-tomcat-7.0.55.jar;;C:\grails-2.4.4\lib\org.springframework\springloa
Launcher Type: SUN_STANDARD

Environment Variables:
JAVA_HOME=C:\Program Files\Java\jdk1.8.0_25
PATH=C:\ProgramData\Oracle\Java\javapath;C:\Program Files (x86)\Intel\iCLS Client\;C:\Program Files\Intel\iCLS Client\;C:\Program Files\Broadcom\Broadcom 802.11 Network Adapter;C:\WINDOWS\system32;C:\WINDOWS;C:\WINDOWS\System32\Wbem;C:\WINDOWS\System32\WindowsPowerShell\v1.0\;C:\Program Files\Intel\Intel(R) Management Engine Components\DAL;C:\Program Files\Intel\Intel(R) Management Engine Components\IPT;C:\Program Files (x86)\Intel\Intel(R) Management Engine Components\DAL;C:\Program Files (x86)\Intel\Intel(R) Management Engine Components\IPT;C:\Program Files\WIDCOMM\Bluetooth Software\;C:\Program Files\WIDCOMM\Bluetooth Software\syswow64;C:\Program Files (x86)\Intel\OpenCL SDK\2.0\bin\x86;C:\Program Files (x86)\Intel\OpenCL SDK\2.0\bin\x64;C:\Program Files\Sony\VAIO Improvement;C:\Program Files (x86)\Sony\VAIO BIOS Data Transfer Utility\;C:\Program Files (x86)\Sony\VAIO Startup Setting Tool;C:\Program Files\Microsoft SQL Server\110\Tools\Binn\;C:\Program Files\TortoiseSVN\bin;C:\Program Files (x86)\Microsoft ASP.NET\ASP.NET Web Pages\v1.0\;C:\Program Files (x86)\Windows Kits\8.0\Windows Performance Toolkit\;c:\Program Files (x86)\Microsoft SQL Server\110\Tools\Binn\;c:\Program Files\Microsoft SQL Server\110\DTS\Binn\;C:\Program Files (x86)\Microsoft SQL Server\110\Tools\Binn\ManagementStudio\;C:\Program Files (x86)\Microsoft SQL Server\110\DTS\Binn\;C:\Program Files\TortoiseGit\bin;C:\Program Files\Microsoft\Web Platform Installer\
USERNAME=Willy
OS=Windows_NT
PROCESSOR_IDENTIFIER=Intel64 Family 6 Model 58 Stepping 9, GenuineIntel



---------------  S Y S T E M  ---------------

OS: Windows 8.1 , 64 bit Build 9600 

CPU:total 4 (2 cores per cpu, 2 threads per core) family 6 model 58 stepping 9, cmov, cx8, fxsr, mmx, sse, sse2, sse3, ssse3, sse4.1, sse4.2, popcnt, avx, clmul, erms, ht, tsc, tscinvbit, tscinv

Memory: 4k page, physical 12458804k(7488428k free), swap 14359348k(8283728k free)

vm_info: Java HotSpot(TM) 64-Bit Server VM (25.25-b02) for windows-amd64 JRE (1.8.0_25-b18), built on Oct  7 2014 14:25:37 by "java_re" with MS VC++ 10.0 (VS2010)

time: Mon Mar 30 16:52:47 2015
elapsed time: 1124 seconds (0d 0h 18m 44s)

