#
# A fatal error has been detected by the Java Runtime Environment:
#
#  EXCEPTION_ACCESS_VIOLATION (0xc0000005) at pc=0x0000000002cb9694, pid=9060, tid=8980
#
# JRE version: Java(TM) SE Runtime Environment (8.0_25-b18) (build 1.8.0_25-b18)
# Java VM: Java HotSpot(TM) 64-Bit Server VM (25.25-b02 mixed mode windows-amd64 compressed oops)
# Problematic frame:
# j  java.io.ObjectStreamClass$FieldReflector.getObjFieldValues(Ljava/lang/Object;[Ljava/lang/Object;)V+77
#
# Failed to write core dump. Minidumps are not enabled by default on client versions of Windows
#
# If you would like to submit a bug report, please visit:
#   http://bugreport.sun.com/bugreport/crash.jsp
#

---------------  T H R E A D  ---------------

Current thread (0x000000001805c000):  JavaThread "localhost-startStop-2" daemon [_thread_in_Java, id=8980, stack(0x000000002c130000,0x000000002c230000)]

siginfo: ExceptionCode=0xc0000005, reading address 0x000000002000de8c

Registers:
RAX=0x000000002000de84, RBX=0x0000000000000000, RCX=0x0000000000000000, RDX=0x00000000f66d8318
RSP=0x000000002c226a88, RBP=0x000000002c226ae0, RSI=0x0000000000000001, RDI=0x0000000000000001
R8 =0x000000002c226a18, R9 =0x0000000000000060, R10=0x00000000732fe2b0, R11=0x0000000002f63f98
R12=0x0000000000000000, R13=0x000000001724c980, R14=0x000000002c226b08, R15=0x000000001805c000
RIP=0x0000000002cb9694, EFLAGS=0x0000000000010206

Top of Stack: (sp=0x000000002c226a88)
0x000000002c226a88:   000000002000de84 0000000000000000
0x000000002c226a98:   00000000f66d8318 000000002c226aa0
0x000000002c226aa8:   000000001724c97d 000000002c226b08
0x000000002c226ab8:   000000001724cc50 000000002c4cef28
0x000000002c226ac8:   000000001724c9a8 0000000000000000
0x000000002c226ad8:   000000002c226b10 000000002c226fc8
0x000000002c226ae8:   0000000002fbf68c 0000000000000000
0x000000002c226af8:   00000000f66d8318 00000000f423ef58
0x000000002c226b08:   00000000f66c71b0 000000001805c000
0x000000002c226b18:   00000000000000bd 000000002c226b88
0x000000002c226b28:   0000000002ca77b0 0000000002ca77b0
0x000000002c226b38:   00000000f66d8300 00000000f66d8218
0x000000002c226b48:   000000002c226b48 000000001723089a
0x000000002c226b58:   000000002c226bd8 0000000017233e68
0x000000002c226b68:   000000002c47c0b0 00000000172308e0
0x000000002c226b78:   00000000f423ef58 00000000f66b74c0 

Instructions: (pc=0x0000000002cb9694)
0x0000000002cb9674:   8b 4c 24 08 48 8b 54 24 10 48 63 c9 3b 4a 0c 8b
0x0000000002cb9684:   d9 0f 83 35 73 ff ff 48 85 c0 0f 84 2b 01 00 00
0x0000000002cb9694:   8b 58 08 48 c1 e3 03 8b 42 08 48 c1 e0 03 48 8b
0x0000000002cb96a4:   80 f0 00 00 00 48 8d 54 8a 10 48 8b 4d e0 48 85 


Register to memory mapping:

RAX=0x000000002000de84 is an unknown value
RBX=0x0000000000000000 is an unknown value
RCX=0x0000000000000000 is an unknown value
RDX=0x00000000f66d8318 is an oop
[Ljava.lang.Object; 
 - klass: 'java/lang/Object'[]
 - length: 1
RSP=0x000000002c226a88 is pointing into the stack for thread: 0x000000001805c000
RBP=0x000000002c226ae0 is pointing into the stack for thread: 0x000000001805c000
RSI=0x0000000000000001 is an unknown value
RDI=0x0000000000000001 is an unknown value
R8 =0x000000002c226a18 is pointing into the stack for thread: 0x000000001805c000
R9 =0x0000000000000060 is an unknown value
R10=0x00000000732fe2b0 is an unknown value
R11=0x0000000002f63f98 is at entry_point+24 in (nmethod*)0x0000000002f63e10
R12=0x0000000000000000 is an unknown value
R13=0x000000001724c980 is pointing into metadata
R14=0x000000002c226b08 is pointing into the stack for thread: 0x000000001805c000
R15=0x000000001805c000 is a thread


Stack: [0x000000002c130000,0x000000002c230000],  sp=0x000000002c226a88,  free space=986k
Native frames: (J=compiled Java code, j=interpreted, Vv=VM code, C=native code)
C  0x0000000002cb9694


---------------  P R O C E S S  ---------------

Java Threads: ( => current thread )
=>0x000000001805c000 JavaThread "localhost-startStop-2" daemon [_thread_in_Java, id=8980, stack(0x000000002c130000,0x000000002c230000)]
  0x000000001805f000 JavaThread "Tomcat-startStop-2" daemon [_thread_blocked, id=4476, stack(0x000000002b130000,0x000000002b230000)]
  0x0000000018055800 JavaThread "http-bio-8080-exec-10" daemon [_thread_blocked, id=9204, stack(0x000000002bc30000,0x000000002bd30000)]
  0x0000000018051800 JavaThread "http-bio-8080-exec-9" daemon [_thread_blocked, id=7720, stack(0x000000002bb30000,0x000000002bc30000)]
  0x0000000018053000 JavaThread "http-bio-8080-exec-8" daemon [_thread_in_native, id=4956, stack(0x000000002ba30000,0x000000002bb30000)]
  0x0000000018054800 JavaThread "http-bio-8080-exec-7" daemon [_thread_in_native, id=7308, stack(0x0000000024f40000,0x0000000025040000)]
  0x0000000018051000 JavaThread "http-bio-8080-exec-6" daemon [_thread_blocked, id=8804, stack(0x0000000024e40000,0x0000000024f40000)]
  0x0000000018054000 JavaThread "http-bio-8080-exec-5" daemon [_thread_in_native, id=5920, stack(0x0000000020210000,0x0000000020310000)]
  0x0000000017031000 JavaThread "http-bio-8080-exec-4" daemon [_thread_blocked, id=7872, stack(0x000000001fe00000,0x000000001ff00000)]
  0x0000000029010800 JavaThread "Thread-10" daemon [_thread_in_native, id=9048, stack(0x000000001b8b0000,0x000000001b9b0000)]
  0x000000002900c800 JavaThread "http-bio-8080-exec-3" daemon [_thread_in_native, id=2236, stack(0x000000002b730000,0x000000002b830000)]
  0x000000002900f000 JavaThread "DestroyJavaVM" [_thread_blocked, id=9576, stack(0x00000000028a0000,0x00000000029a0000)]
  0x000000002900a800 JavaThread "Thread-8" [_thread_blocked, id=1304, stack(0x000000002b630000,0x000000002b730000)]
  0x000000002900c000 JavaThread "http-bio-8080-exec-2" daemon [_thread_in_native, id=4464, stack(0x000000002b530000,0x000000002b630000)]
  0x000000002900d800 JavaThread "http-bio-8080-exec-1" daemon [_thread_in_native, id=5352, stack(0x000000002b430000,0x000000002b530000)]
  0x000000002900b000 JavaThread "http-bio-8080-AsyncTimeout" daemon [_thread_blocked, id=10204, stack(0x000000002b330000,0x000000002b430000)]
  0x000000001702f000 JavaThread "http-bio-8080-Acceptor-0" daemon [_thread_blocked, id=8536, stack(0x000000002b230000,0x000000002b330000)]
  0x0000000016f4e800 JavaThread "FileSystemWatcher: files=#199 cl=groovy.lang.GroovyClassLoader@1b835480" daemon [_thread_blocked, id=7060, stack(0x000000001bcb0000,0x000000001bdb0000)]
  0x00000000194ee800 JavaThread "Thread-3" [_thread_blocked, id=7988, stack(0x0000000019160000,0x0000000019260000)]
  0x00000000183c9000 JavaThread "Thread-2" [_thread_blocked, id=9712, stack(0x0000000017c30000,0x0000000017d30000)]
  0x0000000016f46800 JavaThread "NonBlockingInputStreamThread" daemon [_thread_blocked, id=5228, stack(0x0000000017930000,0x0000000017a30000)]
  0x0000000016223800 JavaThread "Service Thread" daemon [_thread_blocked, id=4140, stack(0x0000000016660000,0x0000000016760000)]
  0x00000000160b7800 JavaThread "C1 CompilerThread2" daemon [_thread_in_vm, id=6452, stack(0x0000000016560000,0x0000000016660000)]
  0x00000000160bd000 JavaThread "C2 CompilerThread1" daemon [_thread_in_native, id=4524, stack(0x0000000016460000,0x0000000016560000)]
  0x00000000160bc000 JavaThread "C2 CompilerThread0" daemon [_thread_in_native, id=9476, stack(0x0000000016360000,0x0000000016460000)]
  0x0000000014a0e800 JavaThread "Attach Listener" daemon [_thread_blocked, id=8160, stack(0x0000000015e60000,0x0000000015f60000)]
  0x0000000014a0d800 JavaThread "Signal Dispatcher" daemon [_thread_blocked, id=8656, stack(0x0000000015d60000,0x0000000015e60000)]
  0x0000000002c96800 JavaThread "Finalizer" daemon [_thread_blocked, id=1924, stack(0x0000000015c60000,0x0000000015d60000)]
  0x0000000002c8c800 JavaThread "Reference Handler" daemon [_thread_blocked, id=9892, stack(0x0000000015b60000,0x0000000015c60000)]

Other Threads:
  0x00000000149d5800 VMThread [stack: 0x0000000015a60000,0x0000000015b60000] [id=6964]
  0x0000000016227800 WatcherThread [stack: 0x0000000016760000,0x0000000016860000] [id=8460]

VM state:not at safepoint (normal execution)

VM Mutex/Monitor currently owned by a thread:  ([mutex/lock_event])
[0x0000000002a9a5b0] CodeCache_lock - owner thread: 0x0000000000000000

Heap:
 PSYoungGen      total 213504K, used 130171K [0x00000000f0000000, 0x00000000ffc00000, 0x0000000100000000)
  eden space 171008K, 61% used [0x00000000f0000000,0x00000000f670ab40,0x00000000fa700000)
  from space 42496K, 58% used [0x00000000fa700000,0x00000000fbf14160,0x00000000fd080000)
  to   space 40960K, 0% used [0x00000000fd400000,0x00000000fd400000,0x00000000ffc00000)
 ParOldGen       total 186368K, used 120486K [0x00000000d0000000, 0x00000000db600000, 0x00000000f0000000)
  object space 186368K, 64% used [0x00000000d0000000,0x00000000d75a98d0,0x00000000db600000)
 Metaspace       used 81139K, capacity 84069K, committed 84300K, reserved 1124352K
  class space    used 9210K, capacity 10045K, committed 10060K, reserved 1048576K

Card table byte_map: [0x0000000012060000,0x00000000121f0000] byte_map_base: 0x00000000119e0000

Marking Bits: (ParMarkBitMap*) 0x000000007330d490
 Begin Bits: [0x00000000126f0000, 0x00000000132f0000)
 End Bits:   [0x00000000132f0000, 0x0000000013ef0000)

Polling page: 0x0000000002850000

CodeCache: size=245760Kb used=28652Kb max_used=29912Kb free=217107Kb
 bounds [0x0000000002ca0000, 0x0000000004a00000, 0x0000000011ca0000]
 total_blobs=8305 nmethods=7530 adapters=685
 compilation: enabled

Compilation events (10 events):
Event: 289.209 Thread 0x00000000160b7800 nmethod 9552 0x000000000369f210 code [0x000000000369f3e0, 0x000000000369f9f8]
Event: 289.215 Thread 0x00000000160b7800 9553       2       sun.reflect.MethodAccessorGenerator::numNonPrimitiveParameterTypes (36 bytes)
Event: 289.215 Thread 0x00000000160b7800 nmethod 9553 0x0000000003644690 code [0x0000000003644800, 0x0000000003644a28]
Event: 289.216 Thread 0x00000000160b7800 9555       2       sun.reflect.MethodAccessorGenerator::buildInternalSignature (72 bytes)
Event: 289.217 Thread 0x00000000160b7800 nmethod 9555 0x0000000003556190 code [0x0000000003556360, 0x0000000003556dc8]
Event: 289.217 Thread 0x00000000160b7800 9554  s    2       sun.reflect.MethodAccessorGenerator::generateName (98 bytes)
Event: 289.218 Thread 0x00000000160b7800 nmethod 9554 0x000000000451d610 code [0x000000000451d800, 0x000000000451e148]
Event: 289.221 Thread 0x00000000160b7800 9556       2       sun.reflect.AccessorGenerator::emitCommonConstantPoolEntries (573 bytes)
Event: 289.233 Thread 0x00000000160b7800 nmethod 9556 0x000000000363b910 code [0x000000000363c240, 0x000000000363f9b8]
Event: 289.233 Thread 0x00000000160b7800 9557       2       sun.reflect.MethodAccessorGenerator::emitInvoke (1033 bytes)

GC Heap History (10 events):
Event: 181.244 GC heap before
{Heap before GC invocations=57 (full 4):
 PSYoungGen      total 212480K, used 196848K [0x00000000f0000000, 0x00000000fff00000, 0x0000000100000000)
  eden space 167936K, 99% used [0x00000000f0000000,0x00000000fa3ff820,0x00000000fa400000)
  from space 44544K, 64% used [0x00000000fd080000,0x00000000fecbc8c0,0x00000000ffc00000)
  to   space 45568K, 0% used [0x00000000fa400000,0x00000000fa400000,0x00000000fd080000)
 ParOldGen       total 186368K, used 112954K [0x00000000d0000000, 0x00000000db600000, 0x00000000f0000000)
  object space 186368K, 60% used [0x00000000d0000000,0x00000000d6e4e9e0,0x00000000db600000)
 Metaspace       used 78791K, capacity 81279K, committed 81484K, reserved 1120256K
  class space    used 9023K, capacity 9759K, committed 9804K, reserved 1048576K
Event: 181.308 GC heap after
Heap after GC invocations=57 (full 4):
 PSYoungGen      total 213504K, used 29852K [0x00000000f0000000, 0x0000000100000000, 0x0000000100000000)
  eden space 167936K, 0% used [0x00000000f0000000,0x00000000f0000000,0x00000000fa400000)
  from space 45568K, 65% used [0x00000000fa400000,0x00000000fc127320,0x00000000fd080000)
  to   space 46080K, 0% used [0x00000000fd300000,0x00000000fd300000,0x0000000100000000)
 ParOldGen       total 186368K, used 113130K [0x00000000d0000000, 0x00000000db600000, 0x00000000f0000000)
  object space 186368K, 60% used [0x00000000d0000000,0x00000000d6e7a9f0,0x00000000db600000)
 Metaspace       used 78791K, capacity 81279K, committed 81484K, reserved 1120256K
  class space    used 9023K, capacity 9759K, committed 9804K, reserved 1048576K
}
Event: 196.911 GC heap before
{Heap before GC invocations=58 (full 4):
 PSYoungGen      total 213504K, used 197788K [0x00000000f0000000, 0x0000000100000000, 0x0000000100000000)
  eden space 167936K, 100% used [0x00000000f0000000,0x00000000fa400000,0x00000000fa400000)
  from space 45568K, 65% used [0x00000000fa400000,0x00000000fc127320,0x00000000fd080000)
  to   space 46080K, 0% used [0x00000000fd300000,0x00000000fd300000,0x0000000100000000)
 ParOldGen       total 186368K, used 113130K [0x00000000d0000000, 0x00000000db600000, 0x00000000f0000000)
  object space 186368K, 60% used [0x00000000d0000000,0x00000000d6e7a9f0,0x00000000db600000)
 Metaspace       used 79468K, capacity 81981K, committed 82124K, reserved 1122304K
  class space    used 9059K, capacity 9836K, committed 9932K, reserved 1048576K
Event: 196.975 GC heap after
Heap after GC invocations=58 (full 4):
 PSYoungGen      total 216064K, used 27635K [0x00000000f0000000, 0x0000000100000000, 0x0000000100000000)
  eden space 169984K, 0% used [0x00000000f0000000,0x00000000f0000000,0x00000000fa600000)
  from space 46080K, 59% used [0x00000000fd300000,0x00000000fedfccb0,0x0000000100000000)
  to   space 46080K, 0% used [0x00000000fa600000,0x00000000fa600000,0x00000000fd300000)
 ParOldGen       total 186368K, used 118023K [0x00000000d0000000, 0x00000000db600000, 0x00000000f0000000)
  object space 186368K, 63% used [0x00000000d0000000,0x00000000d7341da0,0x00000000db600000)
 Metaspace       used 79468K, capacity 81981K, committed 82124K, reserved 1122304K
  class space    used 9059K, capacity 9836K, committed 9932K, reserved 1048576K
}
Event: 199.385 GC heap before
{Heap before GC invocations=59 (full 4):
 PSYoungGen      total 216064K, used 197619K [0x00000000f0000000, 0x0000000100000000, 0x0000000100000000)
  eden space 169984K, 100% used [0x00000000f0000000,0x00000000fa600000,0x00000000fa600000)
  from space 46080K, 59% used [0x00000000fd300000,0x00000000fedfccb0,0x0000000100000000)
  to   space 46080K, 0% used [0x00000000fa600000,0x00000000fa600000,0x00000000fd300000)
 ParOldGen       total 186368K, used 118023K [0x00000000d0000000, 0x00000000db600000, 0x00000000f0000000)
  object space 186368K, 63% used [0x00000000d0000000,0x00000000d7341da0,0x00000000db600000)
 Metaspace       used 79845K, capacity 82389K, committed 82636K, reserved 1122304K
  class space    used 9075K, capacity 9840K, committed 9932K, reserved 1048576K
Event: 199.428 GC heap after
Heap after GC invocations=59 (full 4):
 PSYoungGen      total 193024K, used 22585K [0x00000000f0000000, 0x00000000ffb00000, 0x0000000100000000)
  eden space 169984K, 0% used [0x00000000f0000000,0x00000000f0000000,0x00000000fa600000)
  from space 23040K, 98% used [0x00000000fa600000,0x00000000fbc0e660,0x00000000fbc80000)
  to   space 43520K, 0% used [0x00000000fd080000,0x00000000fd080000,0x00000000ffb00000)
 ParOldGen       total 186368K, used 120038K [0x00000000d0000000, 0x00000000db600000, 0x00000000f0000000)
  object space 186368K, 64% used [0x00000000d0000000,0x00000000d75398d0,0x00000000db600000)
 Metaspace       used 79845K, capacity 82389K, committed 82636K, reserved 1122304K
  class space    used 9075K, capacity 9840K, committed 9932K, reserved 1048576K
}
Event: 206.803 GC heap before
{Heap before GC invocations=60 (full 4):
 PSYoungGen      total 193024K, used 192569K [0x00000000f0000000, 0x00000000ffb00000, 0x0000000100000000)
  eden space 169984K, 100% used [0x00000000f0000000,0x00000000fa600000,0x00000000fa600000)
  from space 23040K, 98% used [0x00000000fa600000,0x00000000fbc0e660,0x00000000fbc80000)
  to   space 43520K, 0% used [0x00000000fd080000,0x00000000fd080000,0x00000000ffb00000)
 ParOldGen       total 186368K, used 120038K [0x00000000d0000000, 0x00000000db600000, 0x00000000f0000000)
  object space 186368K, 64% used [0x00000000d0000000,0x00000000d75398d0,0x00000000db600000)
 Metaspace       used 79873K, capacity 82401K, committed 82636K, reserved 1122304K
  class space    used 9077K, capacity 9842K, committed 9932K, reserved 1048576K
Event: 206.846 GC heap after
Heap after GC invocations=60 (full 4):
 PSYoungGen      total 214528K, used 24816K [0x00000000f0000000, 0x00000000fff80000, 0x0000000100000000)
  eden space 171008K, 0% used [0x00000000f0000000,0x00000000f0000000,0x00000000fa700000)
  from space 43520K, 57% used [0x00000000fd080000,0x00000000fe8bc068,0x00000000ffb00000)
  to   space 42496K, 0% used [0x00000000fa700000,0x00000000fa700000,0x00000000fd080000)
 ParOldGen       total 186368K, used 120454K [0x00000000d0000000, 0x00000000db600000, 0x00000000f0000000)
  object space 186368K, 64% used [0x00000000d0000000,0x00000000d75a18d0,0x00000000db600000)
 Metaspace       used 79873K, capacity 82401K, committed 82636K, reserved 1122304K
  class space    used 9077K, capacity 9842K, committed 9932K, reserved 1048576K
}
Event: 249.648 GC heap before
{Heap before GC invocations=61 (full 4):
 PSYoungGen      total 214528K, used 195824K [0x00000000f0000000, 0x00000000fff80000, 0x0000000100000000)
  eden space 171008K, 100% used [0x00000000f0000000,0x00000000fa700000,0x00000000fa700000)
  from space 43520K, 57% used [0x00000000fd080000,0x00000000fe8bc068,0x00000000ffb00000)
  to   space 42496K, 0% used [0x00000000fa700000,0x00000000fa700000,0x00000000fd080000)
 ParOldGen       total 186368K, used 120454K [0x00000000d0000000, 0x00000000db600000, 0x00000000f0000000)
  object space 186368K, 64% used [0x00000000d0000000,0x00000000d75a18d0,0x00000000db600000)
 Metaspace       used 80183K, capacity 82725K, committed 82892K, reserved 1122304K
  class space    used 9090K, capacity 9880K, committed 9932K, reserved 1048576K
Event: 249.690 GC heap after
Heap after GC invocations=61 (full 4):
 PSYoungGen      total 213504K, used 24656K [0x00000000f0000000, 0x00000000ffc00000, 0x0000000100000000)
  eden space 171008K, 0% used [0x00000000f0000000,0x00000000f0000000,0x00000000fa700000)
  from space 42496K, 58% used [0x00000000fa700000,0x00000000fbf14160,0x00000000fd080000)
  to   space 40960K, 0% used [0x00000000fd400000,0x00000000fd400000,0x00000000ffc00000)
 ParOldGen       total 186368K, used 120486K [0x00000000d0000000, 0x00000000db600000, 0x00000000f0000000)
  object space 186368K, 64% used [0x00000000d0000000,0x00000000d75a98d0,0x00000000db600000)
 Metaspace       used 80183K, capacity 82725K, committed 82892K, reserved 1122304K
  class space    used 9090K, capacity 9880K, committed 9932K, reserved 1048576K
}

Deoptimization events (10 events):
Event: 250.699 Thread 0x0000000016f4e800 Uncommon trap: reason=class_check action=maybe_recompile pc=0x00000000045fc998 method=java.util.regex.Pattern$Curly.match1(Ljava/util/regex/Matcher;IILjava/lang/CharSequence;)Z @ 8
Event: 250.702 Thread 0x0000000016f4e800 Uncommon trap: reason=class_check action=maybe_recompile pc=0x00000000045fc998 method=java.util.regex.Pattern$Curly.match1(Ljava/util/regex/Matcher;IILjava/lang/CharSequence;)Z @ 8
Event: 280.995 Thread 0x0000000018054000 Uncommon trap: reason=unreached action=reinterpret pc=0x000000000395b93c method=org.springsource.loaded.ri.ReflectiveInterceptor.asAccessibleMethod(Lorg/springsource/loaded/ReloadableType;Ljava/lang/reflect/Method;Ljava/lang/Object;Z)Ljava/lang/reflect/Metﬂ
Event: 281.132 Thread 0x000000002900d800 Uncommon trap: reason=unreached action=reinterpret pc=0x0000000004395208 method=org.springsource.loaded.ri.ReflectiveInterceptor.jlrConstructorNewInstance(Ljava/lang/reflect/Constructor;[Ljava/lang/Object;)Ljava/lang/Object; @ 11
Event: 281.132 Thread 0x000000002900d800 Uncommon trap: reason=unreached action=reinterpret pc=0x0000000003212758 method=org.springsource.loaded.ri.ReflectiveInterceptor.isDeleted(Ljava/lang/reflect/Constructor;)Z @ 9
Event: 281.142 Thread 0x000000002900d800 Uncommon trap: reason=null_check action=make_not_entrant pc=0x000000000341a394 method=org.codehaus.groovy.util.AbstractConcurrentMap$Segment.getOrPut(Ljava/lang/Object;ILjava/lang/Object;)Lorg/codehaus/groovy/util/AbstractConcurrentMap$Entry; @ 82
Event: 281.194 Thread 0x000000002900d800 Uncommon trap: reason=null_assert action=make_not_entrant pc=0x000000000425bda8 method=org.springsource.loaded.ri.ReflectiveInterceptor.jlClassGetDeclaredAnnotations(Ljava/lang/Class;)[Ljava/lang/annotation/Annotation; @ 29
Event: 288.793 Thread 0x000000001805c000 Uncommon trap: reason=bimorphic action=maybe_recompile pc=0x0000000002dfdca4 method=java.util.Hashtable.put(Ljava/lang/Object;Ljava/lang/Object;)Ljava/lang/Object; @ 60
Event: 288.794 Thread 0x000000001805c000 Uncommon trap: reason=bimorphic action=maybe_recompile pc=0x0000000002dfdca4 method=java.util.Hashtable.put(Ljava/lang/Object;Ljava/lang/Object;)Ljava/lang/Object; @ 60
Event: 288.953 Thread 0x000000001805c000 Uncommon trap: reason=unreached action=reinterpret pc=0x000000000484c258 method=groovy.lang.MetaClassImpl.invokeMethod(Ljava/lang/Class;Ljava/lang/Object;Ljava/lang/String;[Ljava/lang/Object;ZZ)Ljava/lang/Object; @ 789

Internal exceptions (10 events):
Event: 289.214 Thread 0x000000001805c000 Exception <a 'java/lang/NoSuchMethodError': <clinit>> (0x00000000f65c9920) thrown at [D:\re\workspace\8-2-build-windows-amd64-cygwin\jdk8u25\1677\hotspot\src\share\vm\prims\jni.cpp, line 1603]
Event: 289.218 Thread 0x000000001805c000 Exception <a 'java/lang/NoSuchMethodError': <clinit>> (0x00000000f65e8620) thrown at [D:\re\workspace\8-2-build-windows-amd64-cygwin\jdk8u25\1677\hotspot\src\share\vm\prims\jni.cpp, line 1603]
Event: 289.220 Thread 0x000000001805c000 Exception <a 'java/lang/NoSuchMethodError': <clinit>> (0x00000000f65fa950) thrown at [D:\re\workspace\8-2-build-windows-amd64-cygwin\jdk8u25\1677\hotspot\src\share\vm\prims\jni.cpp, line 1603]
Event: 289.234 Thread 0x000000001805c000 Exception <a 'java/lang/NoSuchMethodError': <clinit>> (0x00000000f66196b0) thrown at [D:\re\workspace\8-2-build-windows-amd64-cygwin\jdk8u25\1677\hotspot\src\share\vm\prims\jni.cpp, line 1603]
Event: 289.236 Thread 0x000000001805c000 Exception <a 'java/lang/NoSuchMethodError': <clinit>> (0x00000000f662bb90) thrown at [D:\re\workspace\8-2-build-windows-amd64-cygwin\jdk8u25\1677\hotspot\src\share\vm\prims\jni.cpp, line 1603]
Event: 289.240 Thread 0x000000001805c000 Exception <a 'java/lang/NoSuchMethodError': <clinit>> (0x00000000f664bc30) thrown at [D:\re\workspace\8-2-build-windows-amd64-cygwin\jdk8u25\1677\hotspot\src\share\vm\prims\jni.cpp, line 1603]
Event: 289.243 Thread 0x000000001805c000 Exception <a 'java/lang/NoSuchMethodError': <clinit>> (0x00000000f665f898) thrown at [D:\re\workspace\8-2-build-windows-amd64-cygwin\jdk8u25\1677\hotspot\src\share\vm\prims\jni.cpp, line 1603]
Event: 289.246 Thread 0x000000001805c000 Exception <a 'java/lang/NoSuchMethodError': <clinit>> (0x00000000f6683a10) thrown at [D:\re\workspace\8-2-build-windows-amd64-cygwin\jdk8u25\1677\hotspot\src\share\vm\prims\jni.cpp, line 1603]
Event: 289.248 Thread 0x000000001805c000 Exception <a 'java/lang/NoSuchMethodError': <clinit>> (0x00000000f6697dd0) thrown at [D:\re\workspace\8-2-build-windows-amd64-cygwin\jdk8u25\1677\hotspot\src\share\vm\prims\jni.cpp, line 1603]
Event: 289.251 Thread 0x000000001805c000 Exception <a 'java/lang/NoSuchMethodError': <clinit>> (0x00000000f66b6038) thrown at [D:\re\workspace\8-2-build-windows-amd64-cygwin\jdk8u25\1677\hotspot\src\share\vm\prims\jni.cpp, line 1603]

Events (10 events):
Event: 289.123 Executing VM operation: RevokeBias
Event: 289.123 Executing VM operation: RevokeBias done
Event: 289.126 loading class com/vaadin/server/ServerRpcManager$RpcInvocationException
Event: 289.126 loading class com/vaadin/server/ServerRpcManager$RpcInvocationException done
Event: 289.181 loading class com/vaadin/data/Item$PropertySetChangeEvent
Event: 289.181 loading class com/vaadin/data/Item$PropertySetChangeEvent done
Event: 289.188 loading class com/vaadin/data/util/IndexedContainer$IndexedContainerProperty
Event: 289.188 loading class com/vaadin/data/util/IndexedContainer$IndexedContainerProperty done
Event: 289.202 Executing VM operation: RevokeBias
Event: 289.202 Executing VM operation: RevokeBias done


Dynamic libraries:
0x00007ff720f60000 - 0x00007ff720f94000 	C:\Program Files\Java\jdk1.8.0_25\bin\java.exe
0x00007ffa43f30000 - 0x00007ffa440dc000 	C:\WINDOWS\SYSTEM32\ntdll.dll
0x00007ffa42130000 - 0x00007ffa4226e000 	C:\WINDOWS\system32\KERNEL32.DLL
0x00007ffa41330000 - 0x00007ffa41445000 	C:\WINDOWS\system32\KERNELBASE.dll
0x00007ffa3fa60000 - 0x00007ffa3faee000 	C:\WINDOWS\system32\apphelp.dll
0x00007ffa3c760000 - 0x00007ffa3c7b3000 	C:\WINDOWS\AppPatch\AppPatch64\AcGenral.DLL
0x00007ffa41610000 - 0x00007ffa416ba000 	C:\WINDOWS\system32\msvcrt.dll
0x00007ffa40e50000 - 0x00007ffa40e7e000 	C:\WINDOWS\SYSTEM32\SspiCli.dll
0x00007ffa43cd0000 - 0x00007ffa43d24000 	C:\WINDOWS\system32\SHLWAPI.dll
0x00007ffa416c0000 - 0x00007ffa41837000 	C:\WINDOWS\system32\USER32.dll
0x00007ffa43d30000 - 0x00007ffa43ec4000 	C:\WINDOWS\system32\ole32.dll
0x00007ffa427b0000 - 0x00007ffa43cc8000 	C:\WINDOWS\system32\SHELL32.dll
0x00007ffa40620000 - 0x00007ffa40641000 	C:\WINDOWS\SYSTEM32\USERENV.dll
0x00007ffa42270000 - 0x00007ffa4231a000 	C:\WINDOWS\system32\ADVAPI32.dll
0x00007ffa38780000 - 0x00007ffa3879e000 	C:\WINDOWS\SYSTEM32\MPR.dll
0x00007ffa42480000 - 0x00007ffa425c1000 	C:\WINDOWS\system32\RPCRT4.dll
0x00007ffa415b0000 - 0x00007ffa41609000 	C:\WINDOWS\SYSTEM32\sechost.dll
0x00007ffa41840000 - 0x00007ffa41a51000 	C:\WINDOWS\SYSTEM32\combase.dll
0x00007ffa42320000 - 0x00007ffa42471000 	C:\WINDOWS\system32\GDI32.dll
0x00007ffa41080000 - 0x00007ffa41095000 	C:\WINDOWS\SYSTEM32\profapi.dll
0x00007ffa3f390000 - 0x00007ffa3f442000 	C:\WINDOWS\SYSTEM32\SHCORE.dll
0x00007ffa41a70000 - 0x00007ffa41aa6000 	C:\WINDOWS\system32\IMM32.DLL
0x00007ffa41b90000 - 0x00007ffa41ce1000 	C:\WINDOWS\system32\MSCTF.dll
0x00007ffa3ec80000 - 0x00007ffa3eefb000 	C:\WINDOWS\WinSxS\amd64_microsoft.windows.common-controls_6595b64144ccf1df_6.0.9600.17415_none_6240486fecbd8abb\COMCTL32.dll
0x0000000073390000 - 0x0000000073462000 	C:\Program Files\Java\jdk1.8.0_25\jre\bin\msvcr100.dll
0x0000000072b30000 - 0x000000007338a000 	C:\Program Files\Java\jdk1.8.0_25\jre\bin\server\jvm.dll
0x00007ffa38610000 - 0x00007ffa38619000 	C:\WINDOWS\SYSTEM32\WSOCK32.dll
0x00007ffa3b7c0000 - 0x00007ffa3b7e2000 	C:\WINDOWS\SYSTEM32\WINMM.dll
0x00007ffa41ab0000 - 0x00007ffa41ab7000 	C:\WINDOWS\system32\PSAPI.DLL
0x00007ffa42060000 - 0x00007ffa420ba000 	C:\WINDOWS\system32\WS2_32.dll
0x00007ffa3b790000 - 0x00007ffa3b7ba000 	C:\WINDOWS\SYSTEM32\WINMMBASE.dll
0x00007ffa41db0000 - 0x00007ffa41db9000 	C:\WINDOWS\system32\NSI.dll
0x00007ffa41500000 - 0x00007ffa4154f000 	C:\WINDOWS\SYSTEM32\cfgmgr32.dll
0x00007ffa3fe70000 - 0x00007ffa3fe98000 	C:\WINDOWS\SYSTEM32\DEVOBJ.dll
0x0000000072b20000 - 0x0000000072b2f000 	C:\Program Files\Java\jdk1.8.0_25\jre\bin\verify.dll
0x0000000072af0000 - 0x0000000072b18000 	C:\Program Files\Java\jdk1.8.0_25\jre\bin\java.dll
0x0000000072ac0000 - 0x0000000072ae3000 	C:\Program Files\Java\jdk1.8.0_25\jre\bin\instrument.dll
0x0000000072aa0000 - 0x0000000072ab6000 	C:\Program Files\Java\jdk1.8.0_25\jre\bin\zip.dll
0x00007ffa408f0000 - 0x00007ffa40910000 	C:\WINDOWS\SYSTEM32\CRYPTSP.dll
0x00007ffa40510000 - 0x00007ffa40546000 	C:\WINDOWS\system32\rsaenh.dll
0x00007ffa40b40000 - 0x00007ffa40b66000 	C:\WINDOWS\SYSTEM32\bcrypt.dll
0x00007ffa40e80000 - 0x00007ffa40ee3000 	C:\WINDOWS\system32\bcryptprimitives.dll
0x00007ffa40ef0000 - 0x00007ffa40efb000 	C:\WINDOWS\SYSTEM32\CRYPTBASE.dll
0x0000000072a80000 - 0x0000000072a9a000 	C:\Program Files\Java\jdk1.8.0_25\jre\bin\net.dll
0x00007ffa40890000 - 0x00007ffa408e9000 	C:\WINDOWS\system32\mswsock.dll
0x00007ffa3c150000 - 0x00007ffa3c17a000 	C:\WINDOWS\SYSTEM32\IPHLPAPI.DLL
0x00007ffa3c130000 - 0x00007ffa3c13a000 	C:\WINDOWS\SYSTEM32\WINNSI.DLL
0x00007ffa3bd60000 - 0x00007ffa3bd76000 	C:\WINDOWS\SYSTEM32\dhcpcsvc6.DLL
0x00007ffa3bf60000 - 0x00007ffa3bf7a000 	C:\WINDOWS\SYSTEM32\dhcpcsvc.DLL
0x0000000072a60000 - 0x0000000072a71000 	C:\Program Files\Java\jdk1.8.0_25\jre\bin\nio.dll
0x00007ffa3e920000 - 0x00007ffa3e92a000 	C:\Users\Willy\AppData\Local\Temp\jansi-64-2562722649524498196.dll
0x0000000072a10000 - 0x0000000072a1d000 	C:\Program Files\Java\jdk1.8.0_25\jre\bin\management.dll
0x00007ffa40690000 - 0x00007ffa40734000 	C:\WINDOWS\SYSTEM32\DNSAPI.dll
0x00007ffa372f0000 - 0x00007ffa372fa000 	C:\Windows\System32\rasadhlp.dll
0x00007ffa3bd80000 - 0x00007ffa3bdeb000 	C:\WINDOWS\System32\fwpuclnt.dll
0x00007ffa38b50000 - 0x00007ffa38b65000 	C:\WINDOWS\system32\napinsp.dll
0x00007ffa37300000 - 0x00007ffa3731a000 	C:\WINDOWS\system32\pnrpnsp.dll
0x00007ffa3e6e0000 - 0x00007ffa3e6fb000 	C:\WINDOWS\system32\NLAapi.dll
0x00007ffa38ba0000 - 0x00007ffa38bad000 	C:\WINDOWS\System32\winrnr.dll
0x00007ffa36dc0000 - 0x00007ffa36dd4000 	C:\WINDOWS\system32\wshbth.dll
0x00007ffa29960000 - 0x00007ffa29aea000 	C:\WINDOWS\SYSTEM32\dbghelp.dll

VM Arguments:
jvm_args: -Dfile.encoding=UTF-8 -Xmx768M -Xms64M -Dgrails.fork.parent.process.port=54942 -Dgrails.fork.active=true -Dgrails.build.execution.context=C:\Users\Willy\AppData\Local\Temp\latihan5047121155518594567grails-execution-context -Dgrails.home=C:\grails-2.4.4 -javaagent:C:\grails-2.4.4\lib\org.springframework\springloaded\jars\springloaded-1.2.1.RELEASE.jar -Xverify:none -Dspringloaded.synchronize=true -Djdk.reflect.allowGetCallerClass=true -Dspringloaded=profile=grails;cacheDir=C:\Users\Willy\.grails\2.4.4 
java_command: org.grails.plugins.tomcat.fork.ForkedTomcatServer
java_class_path (initial): C:\Program Files\Java\jdk1.8.0_25\lib\tools.jar;C:\grails-2.4.4\lib\org.codehaus.groovy\groovy-all\jars\groovy-all-2.3.7.jar;C:\grails-2.4.4\lib\org.slf4j\jcl-over-slf4j\jars\jcl-over-slf4j-1.7.5.jar;C:\grails-2.4.4\lib\org.codehaus.gant\gant_groovy1.8\jars\gant_groovy1.8-1.9.6.jar;C:\grails-2.4.4\lib\org.apache.tomcat.embed\tomcat-embed-logging-log4j\jars\tomcat-embed-logging-log4j-7.0.50.jar;C:\grails-2.4.4\dist\grails-plugin-log4j-2.4.4.jar;C:\grails-2.4.4\lib\log4j\log4j\jars\log4j-1.2.17.jar;C:\grails-2.4.4\dist\grails-bootstrap-2.4.4.jar;C:\grails-2.4.4\lib\org.slf4j\slf4j-api\jars\slf4j-api-1.7.5.jar;C:\grails-2.4.4\lib\jline\jline\jars\jline-2.12.jar;C:\grails-2.4.4\lib\org.apache.ant\ant\jars\ant-1.8.4.jar;C:\grails-2.4.4\lib\org.apache.ant\ant-launcher\jars\ant-launcher-1.8.4.jar;C:\grails-2.4.4\lib\org.apache.ant\ant-trax\jars\ant-trax-1.7.1.jar;C:\grails-2.4.4\lib\org.apache.ant\ant-junit\jars\ant-junit-1.8.4.jar;C:\grails-2.4.4\lib\org.apache.ivy\ivy\jars\ivy-2.3.0.jar;C:\grails-2.4.4\lib\org.fusesource.jansi\jansi\jars\jansi-1.11.jar;C:\Users\Willy\.m2\repository\org\apache\tomcat\tomcat-catalina-ant\7.0.55\tomcat-catalina-ant-7.0.55.jar;C:\Users\Willy\.m2\repository\org\apache\tomcat\embed\tomcat-embed-jasper\7.0.55\tomcat-embed-jasper-7.0.55.jar;C:\Users\Willy\.m2\repository\org\apache\tomcat\embed\tomcat-embed-el\7.0.55\tomcat-embed-el-7.0.55.jar;C:\Users\Willy\.m2\repository\org\apache\tomcat\embed\tomcat-embed-logging-log4j\7.0.55\tomcat-embed-logging-log4j-7.0.55.jar;C:\Users\Willy\.m2\repository\org\apache\tomcat\embed\tomcat-embed-websocket\7.0.55\tomcat-embed-websocket-7.0.55.jar;C:\Users\Willy\.m2\repository\org\apache\tomcat\embed\tomcat-embed-core\7.0.55\tomcat-embed-core-7.0.55.jar;C:\Users\Willy\.m2\repository\org\eclipse\jdt\core\compiler\ecj\3.7.2\ecj-3.7.2.jar;C:\Users\Willy\workspace\latihan\target\work\plugins\tomcat-7.0.55\grails-plugin-tomcat-7.0.55.jar;;C:\grails-2.4.4\lib\org.springframework\springloa
Launcher Type: SUN_STANDARD

Environment Variables:
JAVA_HOME=C:\Program Files\Java\jdk1.8.0_25
PATH=C:\ProgramData\Oracle\Java\javapath;C:\Program Files (x86)\Intel\iCLS Client\;C:\Program Files\Intel\iCLS Client\;C:\Program Files\Broadcom\Broadcom 802.11 Network Adapter;C:\WINDOWS\system32;C:\WINDOWS;C:\WINDOWS\System32\Wbem;C:\WINDOWS\System32\WindowsPowerShell\v1.0\;C:\Program Files\Intel\Intel(R) Management Engine Components\DAL;C:\Program Files\Intel\Intel(R) Management Engine Components\IPT;C:\Program Files (x86)\Intel\Intel(R) Management Engine Components\DAL;C:\Program Files (x86)\Intel\Intel(R) Management Engine Components\IPT;C:\Program Files\WIDCOMM\Bluetooth Software\;C:\Program Files\WIDCOMM\Bluetooth Software\syswow64;C:\Program Files (x86)\Intel\OpenCL SDK\2.0\bin\x86;C:\Program Files (x86)\Intel\OpenCL SDK\2.0\bin\x64;C:\Program Files\Sony\VAIO Improvement;C:\Program Files (x86)\Sony\VAIO BIOS Data Transfer Utility\;C:\Program Files (x86)\Sony\VAIO Startup Setting Tool;C:\Program Files\Microsoft SQL Server\110\Tools\Binn\;C:\Program Files\TortoiseSVN\bin;C:\Program Files (x86)\Microsoft ASP.NET\ASP.NET Web Pages\v1.0\;C:\Program Files (x86)\Windows Kits\8.0\Windows Performance Toolkit\;c:\Program Files (x86)\Microsoft SQL Server\110\Tools\Binn\;c:\Program Files\Microsoft SQL Server\110\DTS\Binn\;C:\Program Files (x86)\Microsoft SQL Server\110\Tools\Binn\ManagementStudio\;C:\Program Files (x86)\Microsoft SQL Server\110\DTS\Binn\;C:\Program Files\TortoiseGit\bin;C:\Program Files\Microsoft\Web Platform Installer\
USERNAME=Willy
OS=Windows_NT
PROCESSOR_IDENTIFIER=Intel64 Family 6 Model 58 Stepping 9, GenuineIntel



---------------  S Y S T E M  ---------------

OS: Windows 8.1 , 64 bit Build 9600 

CPU:total 4 (2 cores per cpu, 2 threads per core) family 6 model 58 stepping 9, cmov, cx8, fxsr, mmx, sse, sse2, sse3, ssse3, sse4.1, sse4.2, popcnt, avx, clmul, erms, ht, tsc, tscinvbit, tscinv

Memory: 4k page, physical 12458804k(5837888k free), swap 14359348k(5308988k free)

vm_info: Java HotSpot(TM) 64-Bit Server VM (25.25-b02) for windows-amd64 JRE (1.8.0_25-b18), built on Oct  7 2014 14:25:37 by "java_re" with MS VC++ 10.0 (VS2010)

time: Fri Mar 27 16:58:52 2015
elapsed time: 289 seconds (0d 0h 4m 49s)

